Wed Nov 13 12:43:48 BRST 2013
minSim: 0.5 #menor similaridade a ser considerada para os titulos. os titulos que possuirem similaridade menor do que esta não serao considerados na comparacao.
maxSim: 1.0 #maior similaridade a ser considerada para os titulos. os titulos que possuirem similaridade maior do que esta não serao considerados na comparacao.
minSimIfAcronEqual: 0.5 # caso os veículos possuam siglas iguais, entao o valor minSim é atualizado para esse valor.
Os dados foram limpos.
Verificacão manual.
<setId>
    <pub-venue>
       <id>87</id>
       <idClass>2050</idClass>
       <acronym>IPDPS(IPPS)</acronym>
       <title>International Parallel and Distributed Processing Symposium/International Parallel Processing Symposium</title>
       <pub-type>C</pub-type>
    </pub-venue>
    <pub-venue>
       <id>2004</id>
       <idClass>2050</idClass>
       <acronym>IPDPS</acronym>
       <title>IEEE International Parallel and Distributed Processing Symposium</title>
       <merge-of-title>IEEE Symposium on Parallel and Distributed Processing</merge-of-title>
       <merge-of-title>International Parallel Processing Symposium</merge-of-title>
       <merge-of-acronym>SPDP</merge-of-acronym>
       <merge-of-acronym>IPPS</merge-of-acronym>
       <pub-type>C</pub-type>
       <qualis-estrato>A2</qualis-estrato>
    </pub-venue>
</setId>
<setId>
    <pub-venue>
       <id>92</id>
       <idClass>20219</idClass>
       <acronym>ICME(ICMCS)</acronym>
       <title>International Conference on Multimedia Computing and Systems/International Conference on Multimedia and Expo</title>
       <pub-type>C</pub-type>
    </pub-venue>
    <pub-venue>
       <id>2176</id>
       <idClass>20219</idClass>
       <entity>IEEE</entity>
       <acronym>ICME</acronym>
       <title>International Conference on Multimedia and Expo</title>
       <title-formerly>International Conference on Multimedia Computing and Systems</title-formerly>
       <title-formerly>IEEE International Conference on Multimedia Computing and Systems</title-formerly>
       <acronym-formerly>ICMCS</acronym-formerly>
       <pub-type>C</pub-type>
       <qualis-estrato>B2</qualis-estrato>
    </pub-venue>
</setId>
<setId>
    <pub-venue>
       <id>120</id>
       <idClass>203324</idClass>
       <acronym>UbiComp(HUC)</acronym>
       <title>Ubiquitous Computing/Handheld and Ubiquitous Computing</title>
       <pub-type>C</pub-type>
    </pub-venue>
    <pub-venue>
       <id>5223</id>
       <idClass>203324</idClass>
       <acronym>IWUC</acronym>
       <title>International Workshop on Ubiquitous Computing</title>
       <pub-type>W</pub-type>
    </pub-venue>
</setId>
<setId>
    <pub-venue>
       <id>144</id>
       <idClass>20182</idClass>
       <acronym>ATAL</acronym>
       <title>Autonomous Agents &amp; Multiagent Systems/Agent Theories, Architectures, and Languages</title>
       <pub-type>C</pub-type>
    </pub-venue>
    <pub-venue>
       <id>2139</id>
       <idClass>20182</idClass>
       <entity>ACM</entity>
       <entity>IFAAMAS</entity>
       <acronym>AAMAS</acronym>
       <title>International Joint Conference on Autonomous Agents and Multiagents Systems</title>
       <title>International Joint Conference on Autonomous Agents and Multiagent Systems</title>
       <title>International Conference on Autonomous Agents and Multiagent Systems</title>
       <title-formerly>international conference on Advanced Agent Technology</title-formerly>
       <merge-of-title>International Conference on Multiagent Systems</merge-of-title>
       <merge-of-title>Workshop on Agent Theories, Architectures, and Languages</merge-of-title>
       <merge-of-title>International Workshop on Agent Theories, Architectures, and Languages</merge-of-title>
       <merge-of-title>International Conference on Autonomous Agents</merge-of-title>
       <merge-of-acronym>AGENTS</merge-of-acronym>
       <merge-of-acronym>AA</merge-of-acronym>
       <merge-of-acronym>ATAL</merge-of-acronym>
       <merge-of-acronym>ICMAS</merge-of-acronym>
       <pub-type>W</pub-type>
       <qualis-estrato>A2</qualis-estrato>
    </pub-venue>
</setId>
<setId>
    <pub-venue>
       <id>160</id>
       <idClass>2086</idClass>
       <acronym>HotOS(WWOS)</acronym>
       <title>Workshop on Workstation Operating Systems (now HotOS)/Workshop on Hot Topics in Operating Systems</title>
       <pub-type>W</pub-type>
    </pub-venue>
    <pub-venue>
       <id>2040</id>
       <idClass>2086</idClass>
       <acronym>HotOS</acronym>
       <title>Workshop on Hot Topics in Operating Systems</title>
       <title>USENIX Workshop on Hot Topics in Operating Systems</title>
       <pub-type>W</pub-type>
       <qualis-estrato>B3</qualis-estrato>
    </pub-venue>
</setId>
<setId>
    <pub-venue>
       <id>189</id>
       <idClass>20999</idClass>
       <acronym>DISC(WDAG)</acronym>
       <title>Workshop on Distributed Algorithms/International Symposium on Distributed Computing</title>
       <pub-type>W</pub-type>
    </pub-venue>
    <pub-venue>
       <id>2959</id>
       <idClass>20999</idClass>
       <acronym>WDAG</acronym>
       <title>Workshop on Distributed Algorithms</title>
       <pub-type>W</pub-type>
       <qualis-estrato>B5</qualis-estrato>
    </pub-venue>
</setId>
<setId>
    <pub-venue>
       <id>195</id>
       <idClass>20183</idClass>
       <acronym>ICAPS(AIPS)</acronym>
       <title>International Conference on Automated Planning and Scheduling/Artificial Intelligence Planning Systems</title>
       <pub-type>C</pub-type>
    </pub-venue>
    <pub-venue>
       <id>2140</id>
       <idClass>20183</idClass>
       <acronym>ICAPS</acronym>
       <title>International Conference on Automated Planning and Scheduling</title>
       <merge-of-title>Conference on Artificial Intelligence Planning Systems</merge-of-title>
       <merge-of-title>European Conference on Planning</merge-of-title>
       <merge-of-acronym>ECP</merge-of-acronym>
       <merge-of-acronym>AIPS</merge-of-acronym>
       <pub-type>C</pub-type>
       <qualis-estrato>B1</qualis-estrato>
    </pub-venue>
</setId>
<setId>
    <pub-venue>
       <id>258</id>
       <idClass>20643</idClass>
       <title>DIMACS Series in Discrete Mathematics and Theoretical Computer Science</title>
       <pub-type>C</pub-type>
    </pub-venue>
    <pub-venue>
       <id>2602</id>
       <idClass>20643</idClass>
       <acronym>DMTCS</acronym>
       <title>International Conference on Discrete Mathematics and Theoretical Computer Science</title>
       <pub-type>C</pub-type>
       <qualis-estrato>B5</qualis-estrato>
    </pub-venue>
</setId>
<setId>
    <pub-venue>
       <id>265</id>
       <idClass>201316</idClass>
       <title>SIGOPS European Workshop</title>
       <pub-type>W</pub-type>
    </pub-venue>
    <pub-venue>
       <id>3275</id>
       <idClass>201316</idClass>
       <entity>ACM</entity>
       <acronym>EW</acronym>
       <acronym>SIGOPS</acronym>
       <title>ACM SIGOPS European workshop</title>
       <title-formerly>workshop on Making distributed systems work</title-formerly>
       <title-formerly>ACM SIGOPS European workshop on Support for composing distributed applications</title-formerly>
       <title-formerly>workshop on Operating systems in computer networks</title-formerly>
       <pub-type>W</pub-type>
    </pub-venue>
</setId>
<setId>
    <pub-venue>
       <id>274</id>
       <idClass>20234</idClass>
       <acronym>HCC(VL)</acronym>
       <title>Visual Languages/Human-Centric Computing Languages and Environments</title>
       <pub-type>C</pub-type>
    </pub-venue>
    <pub-venue>
       <id>2192</id>
       <idClass>20234</idClass>
       <entity>IEEE</entity>
       <acronym>VL/HCC</acronym>
       <acronym>VLHCC</acronym>
       <title>IEEE Symposium on Visual Languages and Human-Centric Computing</title>
       <title>IEEE CS International Symposium on Human-Centric Computing Languages and Environments</title>
       <title-formerly>IEEE Symposium on Human Centric Computing Languages and Environments</title-formerly>
       <title-formerly>IEEE Symposium on Visual Languages</title-formerly>
       <acronym-formerly>VL</acronym-formerly>
       <acronym-formerly>HCC</acronym-formerly>
       <pub-type>C</pub-type>
       <qualis-estrato>B2</qualis-estrato>
    </pub-venue>
</setId>
<setId>
    <pub-venue>
       <id>310</id>
       <idClass>20246</idClass>
       <acronym>ICDCS(Workshop)</acronym>
       <title>International Conference on Distributed Computing Systems</title>
       <pub-type>C</pub-type>
    </pub-venue>
    <pub-venue>
       <id>2204</id>
       <idClass>20246</idClass>
       <entity>IEEE</entity>
       <acronym>ICDCS</acronym>
       <title>IEEE International Conference on Distributed Computing Systems</title>
       <pub-type>C</pub-type>
       <qualis-estrato>B1</qualis-estrato>
    </pub-venue>
</setId>
<setId>
    <pub-venue>
       <id>372</id>
       <idClass>203652</idClass>
       <title>DAGM Symposium Symposium for Pattern Recognition</title>
       <pub-type>C</pub-type>
    </pub-venue>
    <pub-venue>
       <id>5538</id>
       <idClass>203652</idClass>
       <acronym>DAGM</acronym>
       <title>Symposium for Pattern Recognition</title>
       <pub-type>C</pub-type>
    </pub-venue>
</setId>
<setId>
    <pub-venue>
       <id>398</id>
       <idClass>20196</idClass>
       <acronym>LPAR(RCLP)</acronym>
       <title>Logic Programming and Automated Reasoning/Russian Conference on Logic Programming</title>
       <pub-type>C</pub-type>
    </pub-venue>
    <pub-venue>
       <id>2153</id>
       <idClass>20196</idClass>
       <acronym>LPAR</acronym>
       <title>International Conference on Logic for Programming, Artificial Intelligence and Reasoning</title>
       <title>International Conference on Logic for Programming, Artificial Intelligence, and Reasoning</title>
       <title>Logic Programming and Automated Reasoning</title>
       <title-formerly>International Conference on Logic Programming and Automated Reasoning</title-formerly>
       <title-formerly>Russian Conference on Logic Programming</title-formerly>
       <acronym-formerly>RCLP</acronym-formerly>
       <pub-type>C</pub-type>
       <qualis-estrato>B1</qualis-estrato>
    </pub-venue>
</setId>
<setId>
    <pub-venue>
       <id>402</id>
       <idClass>20942</idClass>
       <acronym>SPLC</acronym>
       <title>Software Product Lines</title>
       <pub-type>C</pub-type>
    </pub-venue>
    <pub-venue>
       <id>2903</id>
       <idClass>20942</idClass>
       <acronym>SPLC</acronym>
       <title>International Software Product Line Conference</title>
       <title>Software Product Line Conference</title>
       <pub-type>C</pub-type>
       <qualis-estrato>B2</qualis-estrato>
    </pub-venue>
</setId>
<setId>
    <pub-venue>
       <id>408</id>
       <idClass>202594</idClass>
       <title>Petri Nets and Performance Models</title>
       <pub-type>C</pub-type>
    </pub-venue>
    <pub-venue>
       <id>4527</id>
       <idClass>202594</idClass>
       <entity>IEEE</entity>
       <acronym>PNPM</acronym>
       <title>IEEE International Workshop on Petri Nets and Performance Models</title>
       <pub-type>W</pub-type>
    </pub-venue>
</setId>
<setId>
    <pub-venue>
       <id>445</id>
       <idClass>201455</idClass>
       <acronym>ISMIS</acronym>
       <title>International Syposium on Methodologies for Intelligent Systems</title>
       <pub-type>C</pub-type>
    </pub-venue>
    <pub-venue>
       <id>3414</id>
       <idClass>201455</idClass>
       <entity>ACM</entity>
       <acronym>ISMIS</acronym>
       <title>ACM SIGART international symposium on Methodologies for intelligent systems</title>
       <pub-type>C</pub-type>
    </pub-venue>
</setId>
<setId>
    <pub-venue>
       <id>449</id>
       <idClass>20553</idClass>
       <acronym>VLSI</acronym>
       <title>Very Large Scale Integration</title>
       <pub-type>C</pub-type>
    </pub-venue>
    <pub-venue>
       <id>2513</id>
       <idClass>20553</idClass>
       <acronym>VLSI-SOC</acronym>
       <title>IFIP International Conference on Very Large Scale Integration</title>
       <pub-type>C</pub-type>
       <qualis-estrato>B3</qualis-estrato>
    </pub-venue>
</setId>
<setId>
    <pub-venue>
       <id>450</id>
       <idClass>202980</idClass>
       <acronym>DBSEC</acronym>
       <title>IFIP Workshop on Database Security</title>
       <pub-type>W</pub-type>
    </pub-venue>
    <pub-venue>
       <id>4896</id>
       <idClass>202980</idClass>
       <title>Conference on Database Security</title>
       <pub-type>C</pub-type>
    </pub-venue>
</setId>
<setId>
    <pub-venue>
       <id>462</id>
       <idClass>202839</idClass>
       <title>Natural Language Processing</title>
       <pub-type>C</pub-type>
    </pub-venue>
    <pub-venue>
       <id>4760</id>
       <idClass>202839</idClass>
       <acronym>ANLP</acronym>
       <title>Applied Natural Language Processing Conference</title>
       <pub-type>C</pub-type>
    </pub-venue>
</setId>
<setId>
    <pub-venue>
       <id>489</id>
       <idClass>202710</idClass>
       <acronym>VIZ</acronym>
       <title>Visualisation, VIS, 2008 International Conference</title>
       <pub-type>C</pub-type>
    </pub-venue>
    <pub-venue>
       <id>4639</id>
       <idClass>202710</idClass>
       <acronym>VIZ</acronym>
       <title>International Conference in Visualisation</title>
       <pub-type>C</pub-type>
    </pub-venue>
</setId>
<setId>
    <pub-venue>
       <id>498</id>
       <idClass>203310</idClass>
       <acronym>IWDOM/OODBS</acronym>
       <title>International Workshop on Distributed Object Management/Workshop on Object-Oriented Database Systems</title>
       <pub-type>W</pub-type>
    </pub-venue>
    <pub-venue>
       <id>5209</id>
       <idClass>203310</idClass>
       <title>International Symposium on Object-Oriented Database Systems</title>
       <pub-type>C</pub-type>
    </pub-venue>
</setId>
<setId>
    <pub-venue>
       <id>511</id>
       <idClass>20776</idClass>
       <acronym>IDEAS</acronym>
       <title>International Database Engineering and Application Symposium</title>
       <pub-type>C</pub-type>
    </pub-venue>
    <pub-venue>
       <id>2739</id>
       <idClass>20776</idClass>
       <entity>ACM</entity>
       <acronym>IDEAS</acronym>
       <title>International Database Engineering and Applications Symposium</title>
       <title>Symposium on International Database Engineering and Applications</title>
       <pub-type>C</pub-type>
       <qualis-estrato>B3</qualis-estrato>
    </pub-venue>
</setId>
<setId>
    <pub-venue>
       <id>548</id>
       <idClass>20555</idClass>
       <acronym>Performance</acronym>
       <title>International Symposium on Computer Performance, Modeling, Measurements and Evaluation</title>
       <pub-type>C</pub-type>
    </pub-venue>
    <pub-venue>
       <id>2515</id>
       <idClass>20555</idClass>
       <acronym>PERFOMANCE</acronym>
       <title>IFIP WG 7.3 International Symposium on Computer Performance Modeling Measurements and Evaluation</title>
       <pub-type>C</pub-type>
       <qualis-estrato>B5</qualis-estrato>
    </pub-venue>
</setId>
<setId>
    <pub-venue>
       <id>552</id>
       <idClass>20984</idClass>
       <acronym>ALENEX</acronym>
       <title>Algorithm Engineering and Experimentation</title>
       <pub-type>C</pub-type>
    </pub-venue>
    <pub-venue>
       <id>2945</id>
       <idClass>20984</idClass>
       <acronym>ALENEX</acronym>
       <title>Workshop on Algorithm Engineering and Experiments</title>
       <pub-type>W</pub-type>
       <qualis-estrato>B2</qualis-estrato>
    </pub-venue>
</setId>
<setId>
    <pub-venue>
       <id>556</id>
       <idClass>201478</idClass>
       <acronym>IWSSD</acronym>
       <title>International Workshop on Software Specifications &amp; Design</title>
       <pub-type>W</pub-type>
    </pub-venue>
    <pub-venue>
       <id>3437</id>
       <idClass>201478</idClass>
       <entity>ACM</entity>
       <acronym>IWSSD</acronym>
       <title>International Workshop on Software Specification and Design</title>
       <pub-type>W</pub-type>
    </pub-venue>
</setId>
<setId>
    <pub-venue>
       <id>579</id>
       <idClass>202998</idClass>
       <acronym>DS</acronym>
       <title>IFIP Working Conference on Database Semantics</title>
       <pub-type>C</pub-type>
    </pub-venue>
    <pub-venue>
       <id>4913</id>
       <idClass>202998</idClass>
       <title>Conference on Database Semantics</title>
       <pub-type>C</pub-type>
    </pub-venue>
</setId>
<setId>
    <pub-venue>
       <id>611</id>
       <idClass>2072</idClass>
       <title>IEEE International Conference on Formal Engineering Methods</title>
       <pub-type>C</pub-type>
    </pub-venue>
    <pub-venue>
       <id>2026</id>
       <idClass>2072</idClass>
       <acronym>ICFEM</acronym>
       <title>International Conference on Formal Engineering Methods</title>
       <pub-type>C</pub-type>
       <qualis-estrato>B2</qualis-estrato>
    </pub-venue>
</setId>
<setId>
    <pub-venue>
       <id>631</id>
       <idClass>20189</idClass>
       <title>Artificial Intelligence and the Simulation of Behaviour</title>
       <pub-type>C</pub-type>
    </pub-venue>
    <pub-venue>
       <id>2146</id>
       <idClass>20189</idClass>
       <acronym>AISB</acronym>
       <title>Annual Convention of The Society for the Study of Artificial Intelligence and Simulation of Behaviour</title>
       <pub-type>C</pub-type>
    </pub-venue>
</setId>
<setId>
    <pub-venue>
       <id>633</id>
       <idClass>201202</idClass>
       <acronym>NGC</acronym>
       <title>Networked Group Communication</title>
       <pub-type>C</pub-type>
    </pub-venue>
    <pub-venue>
       <id>3162</id>
       <idClass>201202</idClass>
       <entity>ACM</entity>
       <acronym>COMM</acronym>
       <title>NGC on Networked group communication</title>
       <pub-type>C</pub-type>
    </pub-venue>
</setId>
<setId>
    <pub-venue>
       <id>634</id>
       <idClass>20557</idClass>
       <acronym>EHCI</acronym>
       <title>Engineering for Human-Computer Interaction</title>
       <pub-type>C</pub-type>
    </pub-venue>
    <pub-venue>
       <id>2517</id>
       <idClass>20557</idClass>
       <acronym>EHCI-DSVIS</acronym>
       <title>IFIP Working Conference on Engineering for Human-Computer Interaction</title>
       <pub-type>C</pub-type>
       <qualis-estrato>B2</qualis-estrato>
    </pub-venue>
</setId>
<setId>
    <pub-venue>
       <id>663</id>
       <idClass>20979</idClass>
       <acronym>CEC(WECWIS)</acronym>
       <title>Workshop on Advanced Issues of E-Commerce and Web/based Information Systems/Conference on Electronic Commerce</title>
       <pub-type>W</pub-type>
    </pub-venue>
    <pub-venue>
       <id>2940</id>
       <idClass>20979</idClass>
       <acronym>WECWIS</acronym>
       <title>Workshop on Advanced Issues of E-Commerce and Web Based Information Systems</title>
       <title>Workshop on Advanced Issues of E-Commerce and Web/based Information Systems</title>
       <title>International Workshop on Advanced Issues of E-Commerce and Web-Based Information Systems</title>
       <pub-type>W</pub-type>
       <qualis-estrato>B4</qualis-estrato>
    </pub-venue>
</setId>
<setId>
    <pub-venue>
       <id>693</id>
       <idClass>203489</idClass>
       <acronym>RWS formerly RAWCON</acronym>
       <title>IEEE Radio and Wireless Symposium formerly</title>
       <pub-type>C</pub-type>
    </pub-venue>
    <pub-venue>
       <id>5382</id>
       <idClass>203489</idClass>
       <acronym>RWS</acronym>
       <title>Radio and Wireless Symposium</title>
       <pub-type>C</pub-type>
    </pub-venue>
</setId>
<setId>
    <pub-venue>
       <id>696</id>
       <idClass>20233</idClass>
       <acronym>SIGDOC</acronym>
       <title>ACM Special Interest Group for Design of Communication</title>
       <pub-type>C</pub-type>
    </pub-venue>
    <pub-venue>
       <id>2191</id>
       <idClass>20233</idClass>
       <entity>IEEE</entity>
       <entity>ACM</entity>
       <acronym>SIGDOC</acronym>
       <title>ACM International Conference on Design of Communication</title>
       <title-formerly>annual ACM international conference on Design of communication</title-formerly>
       <title-formerly>annual international conference on Systems documentation</title-formerly>
       <title-formerly>annual international conference on Computer documentation</title-formerly>
       <title-formerly>annual international conference on Documentation</title-formerly>
       <title-formerly>annual international conference on Design of communication</title-formerly>
       <pub-type>C</pub-type>
       <qualis-estrato>B3</qualis-estrato>
    </pub-venue>
</setId>
<setId>
    <pub-venue>
       <id>714</id>
       <idClass>20645</idClass>
       <acronym>EC-Web</acronym>
       <title>Electronic Commerce and Web Technologies</title>
       <pub-type>C</pub-type>
    </pub-venue>
    <pub-venue>
       <id>2604</id>
       <idClass>20645</idClass>
       <acronym>ECWeb</acronym>
       <title>International Conference on Electronic Commerce and Web Technology</title>
       <pub-type>C</pub-type>
       <qualis-estrato>B5</qualis-estrato>
    </pub-venue>
</setId>
<setId>
    <pub-venue>
       <id>754</id>
       <idClass>20835</idClass>
       <acronym>IWANN</acronym>
       <title>International Work-Conference on Artificial and NaturalNeural Networks</title>
       <pub-type>C</pub-type>
    </pub-venue>
    <pub-venue>
       <id>2797</id>
       <idClass>20835</idClass>
       <acronym>IWANN</acronym>
       <title>International Work-Conference on Artificial and Natural Neural Networks</title>
       <pub-type>C</pub-type>
       <qualis-estrato>B3</qualis-estrato>
    </pub-venue>
</setId>
<setId>
    <pub-venue>
       <id>758</id>
       <idClass>203275</idClass>
       <title>Intelligence and Security Informatics</title>
       <pub-type>C</pub-type>
    </pub-venue>
    <pub-venue>
       <id>5175</id>
       <idClass>203275</idClass>
       <acronym>ISI</acronym>
       <title>IEEE International Conference on Intelligence and Security Informatics</title>
       <pub-type>C</pub-type>
    </pub-venue>
</setId>
<setId>
    <pub-venue>
       <id>764</id>
       <idClass>2026</idClass>
       <acronym>CIAA(WIA)</acronym>
       <title>Workshop on Implementing Automata/Conference on Implementation and Application of Automata</title>
       <pub-type>W</pub-type>
    </pub-venue>
    <pub-venue>
       <id>1980</id>
       <idClass>2026</idClass>
       <entity>ACM</entity>
       <acronym>CIAA</acronym>
       <title>International Conference on Implementation and Application of Automata</title>
       <title-formerly>Workshop on Implementation of Automata</title-formerly>
       <title-formerly>International Workshop on Implementing Automata</title-formerly>
       <acronym-formerly>WIA</acronym-formerly>
       <pub-type>W</pub-type>
       <qualis-estrato>B2</qualis-estrato>
    </pub-venue>
</setId>
<setId>
    <pub-venue>
       <id>768</id>
       <idClass>202059</idClass>
       <acronym>ACII</acronym>
       <title>Affective Computing and Intelligent Interaction</title>
       <pub-type>C</pub-type>
    </pub-venue>
    <pub-venue>
       <id>4006</id>
       <idClass>202059</idClass>
       <acronym>ASIA</acronym>
       <title>International Asia Symposium on Intelligent Interaction and Affective Computing</title>
       <pub-type>C</pub-type>
    </pub-venue>
</setId>
<setId>
    <pub-venue>
       <id>806</id>
       <idClass>201092</idClass>
       <title>ACM Southeast Regional Conference</title>
       <pub-type>C</pub-type>
    </pub-venue>
    <pub-venue>
       <id>3052</id>
       <idClass>201092</idClass>
       <entity>ACM</entity>
       <acronym>ACM-SE</acronym>
       <title>Annual Southeast Regional Conference</title>
       <pub-type>C</pub-type>
    </pub-venue>
</setId>
<setId>
    <pub-venue>
       <id>824</id>
       <idClass>20480</idClass>
       <acronym>DSRT</acronym>
       <title>Distributed Simulation and Real-Time Applications</title>
       <pub-type>C</pub-type>
    </pub-venue>
    <pub-venue>
       <id>2440</id>
       <idClass>20480</idClass>
       <entity>IEEE</entity>
       <entity>ACM</entity>
       <acronym>DS-RT</acronym>
       <title>IEEE International Symposium on Distributed Simulation and Real Time Applications</title>
       <title>IEEE/ACM International Symposium on Distributed Simulation and Real Time Applications</title>
       <title-formerly>IEEE International Workshop on Distributed Simulation and Real-Time Applications</title-formerly>
       <pub-type>W</pub-type>
       <qualis-estrato>B2</qualis-estrato>
    </pub-venue>
</setId>
<setId>
    <pub-venue>
       <id>825</id>
       <idClass>203471</idClass>
       <title>Ershov Memorial Conference</title>
       <pub-type>C</pub-type>
    </pub-venue>
    <pub-venue>
       <id>5364</id>
       <idClass>203471</idClass>
       <title>International Andrei Ershov Memorial Conference</title>
       <pub-type>C</pub-type>
    </pub-venue>
</setId>
<setId>
    <pub-venue>
       <id>844</id>
       <idClass>203345</idClass>
       <acronym>NMR</acronym>
       <title>Non-Monotonic Reasoning</title>
       <pub-type>C</pub-type>
    </pub-venue>
    <pub-venue>
       <id>5244</id>
       <idClass>203345</idClass>
       <acronym>LA-NMR</acronym>
       <title>Latin-American Workshop on Non-Monotonic Reasoning</title>
       <pub-type>W</pub-type>
    </pub-venue>
</setId>
<setId>
    <pub-venue>
       <id>846</id>
       <idClass>20399</idClass>
       <acronym>DIMVA</acronym>
       <title>Detection of Intrusions and Malware &amp; Vulnerability Assessment</title>
       <pub-type>C</pub-type>
    </pub-venue>
    <pub-venue>
       <id>2357</id>
       <idClass>20399</idClass>
       <acronym>DIMVA</acronym>
       <title>GI International Conference on Detection of Intrusions and Malware and Vulnerability Asessment</title>
       <pub-type>C</pub-type>
       <qualis-estrato>B4</qualis-estrato>
    </pub-venue>
</setId>
<setId>
    <pub-venue>
       <id>848</id>
       <idClass>20852</idClass>
       <title>Databases, Information Systems, and Peer-to-Peer Computing</title>
       <pub-type>C</pub-type>
    </pub-venue>
    <pub-venue>
       <id>2814</id>
       <idClass>20852</idClass>
       <acronym>DBISP2P</acronym>
       <title>International Workshop on Databases Information Systems and Peer- to-Peer Computing</title>
       <pub-type>W</pub-type>
       <qualis-estrato>B3</qualis-estrato>
    </pub-venue>
</setId>
<setId>
    <pub-venue>
       <id>862</id>
       <idClass>203447</idClass>
       <title>IEEE Pacific Rim Conference on Multimedia</title>
       <pub-type>C</pub-type>
    </pub-venue>
    <pub-venue>
       <id>5342</id>
       <idClass>203447</idClass>
       <acronym>PCM</acronym>
       <title>Pacific Rim Conference on Multimedia</title>
       <pub-type>C</pub-type>
    </pub-venue>
</setId>
<setId>
    <pub-venue>
       <id>869</id>
       <idClass>20351</idClass>
       <title>Parallel, Distributed and Network-Based Processing</title>
       <pub-type>C</pub-type>
    </pub-venue>
    <pub-venue>
       <id>2309</id>
       <idClass>20351</idClass>
       <acronym>PDP</acronym>
       <title>Euromicro International Conference on Parallel Distributed and network-based Processing</title>
       <title>Euromicro Conference on Parallel, Distributed, and Network-Based Processing</title>
       <pub-type>C</pub-type>
       <qualis-estrato>B2</qualis-estrato>
    </pub-venue>
</setId>
<setId>
    <pub-venue>
       <id>897</id>
       <idClass>20442</idClass>
       <title>e-Technology, e-Commerce and e-Service</title>
       <pub-type>C</pub-type>
    </pub-venue>
    <pub-venue>
       <id>2400</id>
       <idClass>20442</idClass>
       <entity>IEEE</entity>
       <acronym>EEE</acronym>
       <acronym>CEC</acronym>
       <title>IEEE International Conference on Enterprise Computing, E-Commerce, and E-Services</title>
       <title>IEEE International Conference on e-Technology e-Commerce and e- Service</title>
       <title>IEEE International Conference on E-Commerce Technology</title>
       <title-formerly>IEEE Conference on Commerce and Enterprise Computing</title-formerly>
       <pub-type>C</pub-type>
       <qualis-estrato>B5</qualis-estrato>
    </pub-venue>
</setId>
<setId>
    <pub-venue>
       <id>913</id>
       <idClass>203555</idClass>
       <acronym>TCS</acronym>
       <title>Theoretical Computer Science</title>
       <pub-type>C</pub-type>
    </pub-venue>
    <pub-venue>
       <id>5445</id>
       <idClass>203555</idClass>
       <acronym>IFIP TCS</acronym>
       <title>IFIP International Conference on Theoretical Computer Science</title>
       <pub-type>C</pub-type>
    </pub-venue>
</setId>
<setId>
    <pub-venue>
       <id>934</id>
       <idClass>201975</idClass>
       <acronym>WS</acronym>
       <title>Wireless Security</title>
       <pub-type>C</pub-type>
    </pub-venue>
    <pub-venue>
       <id>3924</id>
       <idClass>201975</idClass>
       <entity>ACM</entity>
       <acronym>WiSe</acronym>
       <title>ACM workshop on Wireless security</title>
       <pub-type>W</pub-type>
    </pub-venue>
</setId>
<setId>
    <pub-venue>
       <id>952</id>
       <idClass>203171</idClass>
       <acronym>IQ</acronym>
       <title>MIT Conference on Information Quality</title>
       <pub-type>C</pub-type>
    </pub-venue>
    <pub-venue>
       <id>5076</id>
       <idClass>203171</idClass>
       <acronym>ICIQ</acronym>
       <title>International Conference on Information Quality</title>
       <pub-type>C</pub-type>
    </pub-venue>
</setId>
<setId>
    <pub-venue>
       <id>953</id>
       <idClass>202538</idClass>
       <acronym>MTDT</acronym>
       <title>Memory Technology, Design and Testing</title>
       <pub-type>C</pub-type>
    </pub-venue>
    <pub-venue>
       <id>4474</id>
       <idClass>202538</idClass>
       <entity>IEEE</entity>
       <acronym>MTDT</acronym>
       <title>IEEE International Workshop on Memory Technology, Design and Testin</title>
       <pub-type>W</pub-type>
    </pub-venue>
</setId>
<setId>
    <pub-venue>
       <id>988</id>
       <idClass>20417</idClass>
       <acronym>VLSI</acronym>
       <title>IEEE Computer Society Workshop on</title>
       <pub-type>W</pub-type>
    </pub-venue>
    <pub-venue>
       <id>2374</id>
       <idClass>20417</idClass>
       <entity>IEEE</entity>
       <acronym>ISVLSI</acronym>
       <title>Annual Symposium on VLSI</title>
       <title>IEEE Computer Society Annual Symposium on VLSI</title>
       <pub-type>C</pub-type>
       <qualis-estrato>B4</qualis-estrato>
    </pub-venue>
</setId>
<setId>
    <pub-venue>
       <id>1011</id>
       <idClass>201772</idClass>
       <acronym>SIGAda</acronym>
       <title>SIGAda Conference</title>
       <pub-type>C</pub-type>
    </pub-venue>
    <pub-venue>
       <id>3724</id>
       <idClass>201772</idClass>
       <entity>ACM</entity>
       <acronym>SIGAda</acronym>
       <title>ACM annual international conference on Ada and related technologies</title>
       <title>annual ACM SIGAda international conference on Ada</title>
       <title>annual ACM international conference on Ada</title>
       <title>ACM annual international conference on SIGAda</title>
       <title>ACM annual international conference on Special interest group on the ada programming language</title>
       <pub-type>C</pub-type>
    </pub-venue>
</setId>
<setId>
    <pub-venue>
       <id>1024</id>
       <idClass>203408</idClass>
       <title>IFIP TC 7</title>
       <pub-type>C</pub-type>
    </pub-venue>
    <pub-venue>
       <id>5303</id>
       <idClass>203408</idClass>
       <title>International IFIP TC 6 Networking Conference</title>
       <pub-type>C</pub-type>
    </pub-venue>
</setId>
<setId>
    <pub-venue>
       <id>1074</id>
       <idClass>20522</idClass>
       <title>Formal Approaches to Agent-Based Systems</title>
       <pub-type>C</pub-type>
    </pub-venue>
    <pub-venue>
       <id>2482</id>
       <idClass>20522</idClass>
       <acronym>FAABS</acronym>
       <title>IEEE Workshop on Formal Approaches to Agent-Based Systems</title>
       <pub-type>W</pub-type>
       <qualis-estrato>B2</qualis-estrato>
    </pub-venue>
</setId>
Wed Nov 13 14:16:38 BRST 2013
minSim: 0.5 #menor similaridade a ser considerada para os titulos. os titulos que possuirem similaridade menor do que esta não serao considerados na comparacao.
maxSim: 1.0 #maior similaridade a ser considerada para os titulos. os titulos que possuirem similaridade maior do que esta não serao considerados na comparacao.
minSimIfAcronEqual: 0.5 # caso os veículos possuam siglas iguais, entao o valor minSim é atualizado para esse valor.
Os dados foram limpos.
Verificacão manual.
Wed Nov 13 14:22:27 BRST 2013
minSim: 0.5 #menor similaridade a ser considerada para os titulos. os titulos que possuirem similaridade menor do que esta não serao considerados na comparacao.
maxSim: 1.0 #maior similaridade a ser considerada para os titulos. os titulos que possuirem similaridade maior do que esta não serao considerados na comparacao.
minSimIfAcronEqual: 0.5 # caso os veículos possuam siglas iguais, entao o valor minSim é atualizado para esse valor.
Os dados foram limpos.
Verificacão manual.
<setId>
    <pub-venue>
       <id>1110</id>
       <idClass>202849</idClass>
       <acronym>ARCS</acronym>
       <title>Architektur von Rechensystemen</title>
       <pub-type>C</pub-type>
    </pub-venue>
    <pub-venue>
       <id>4770</id>
       <idClass>202849</idClass>
       <title>Workshops zur Architektur von Rechensystemen</title>
       <pub-type>W</pub-type>
    </pub-venue>
</setId>
<setId>
    <pub-venue>
       <id>1136</id>
       <idClass>202783</idClass>
       <acronym>WADT(ADT)</acronym>
       <title>Specification of Abstract Data Type Workshops/Workshop on Algebraic Development Techniques</title>
       <pub-type>W</pub-type>
    </pub-venue>
    <pub-venue>
       <id>4706</id>
       <idClass>202783</idClass>
       <acronym>ADT</acronym>
       <title>Workshop on Specification of Abstract Data Type</title>
       <pub-type>W</pub-type>
    </pub-venue>
</setId>
<setId>
    <pub-venue>
       <id>1159</id>
       <idClass>202728</idClass>
       <title>LITP Spring School on Theoretical Computer Science</title>
       <pub-type>C</pub-type>
    </pub-venue>
    <pub-venue>
       <id>4656</id>
       <idClass>202728</idClass>
       <acronym>WEIT</acronym>
       <title>Workshop-School on Theoretical Computer Science</title>
       <pub-type>W</pub-type>
    </pub-venue>
</setId>
<setId>
    <pub-venue>
       <id>1173</id>
       <idClass>202722</idClass>
       <acronym>BIA</acronym>
       <title>IEEE Workshop on Biomedical Image Analysis</title>
       <pub-type>W</pub-type>
    </pub-venue>
    <pub-venue>
       <id>4650</id>
       <idClass>202722</idClass>
       <acronym>WBIA</acronym>
       <title>Workshop on Biomedical Image Analysis</title>
       <pub-type>W</pub-type>
    </pub-venue>
</setId>
<setId>
    <pub-venue>
       <id>1179</id>
       <idClass>202928</idClass>
       <acronym>WMC/WMP</acronym>
       <title>Workshop on Membrane Computing/Workshop on Multiset Processing</title>
       <pub-type>W</pub-type>
    </pub-venue>
    <pub-venue>
       <id>4847</id>
       <idClass>202928</idClass>
       <acronym>CMC</acronym>
       <title>International Conference on Membrane Computing</title>
       <title-formerly>International Workshop on Membrane Computing</title-formerly>
       <acronym-formerly>WMC</acronym-formerly>
       <pub-type>W</pub-type>
    </pub-venue>
</setId>
<setId>
    <pub-venue>
       <id>1222</id>
       <idClass>203411</idClass>
       <acronym>NGI</acronym>
       <title>Conference on Next Generation Internet Networks</title>
       <pub-type>C</pub-type>
    </pub-venue>
    <pub-venue>
       <id>5306</id>
       <idClass>203411</idClass>
       <acronym>NGI</acronym>
       <title>Euro-NF Conference on Next Generation Internet</title>
       <title>Euro-NGI Conference on Next Generation Internet</title>
       <pub-type>C</pub-type>
    </pub-venue>
</setId>
<setId>
    <pub-venue>
       <id>1249</id>
       <idClass>203491</idClass>
       <acronym>SAGA</acronym>
       <title>Stochastic Algorithms</title>
       <pub-type>C</pub-type>
    </pub-venue>
    <pub-venue>
       <id>5384</id>
       <idClass>203491</idClass>
       <acronym>SAGA</acronym>
       <title>Symposium on Stochastic Algorithms: Foundations and Applications</title>
       <pub-type>C</pub-type>
    </pub-venue>
</setId>
<setId>
    <pub-venue>
       <id>1263</id>
       <idClass>202474</idClass>
       <acronym>IW-MMDBBS</acronym>
       <title>Int. Workshop on Multi-Media Data Base Management Systems</title>
       <pub-type>W</pub-type>
    </pub-venue>
    <pub-venue>
       <id>4412</id>
       <idClass>202474</idClass>
       <acronym>IW-MMDBMS</acronym>
       <title>International Workshop on Multimedia Database Management Systems</title>
       <title>International Workshop on Multi-Media Database Management Systems</title>
       <pub-type>W</pub-type>
    </pub-venue>
</setId>
<setId>
    <pub-venue>
       <id>1305</id>
       <idClass>202304</idClass>
       <acronym>CIS</acronym>
       <title>Computational and Information Science</title>
       <pub-type>C</pub-type>
    </pub-venue>
    <pub-venue>
       <id>4241</id>
       <idClass>202304</idClass>
       <acronym>ICCIS</acronym>
       <title>International Conference on Computational and Information Sciences</title>
       <pub-type>C</pub-type>
    </pub-venue>
</setId>
<setId>
    <pub-venue>
       <id>1310</id>
       <idClass>202889</idClass>
       <acronym>CACSD-CCA-ISIC</acronym>
       <title>IEEE Computer Aided Control System Design, IEEE International Conference on Control Applications, IEEE International Symposium on Intelligent Control</title>
       <pub-type>C</pub-type>
    </pub-venue>
    <pub-venue>
       <id>4810</id>
       <idClass>202889</idClass>
       <acronym>CACSD</acronym>
       <title>Symposium on Computer-Aided Control System Design</title>
       <pub-type>C</pub-type>
    </pub-venue>
</setId>
<setId>
    <pub-venue>
       <id>1312</id>
       <idClass>20540</idClass>
       <title>E-Commerce, E-Business, and E-Government</title>
       <pub-type>C</pub-type>
    </pub-venue>
    <pub-venue>
       <id>2501</id>
       <idClass>20540</idClass>
       <acronym>I3E</acronym>
       <title>IFIP Conference on e-Commerce e-Business and e-Government</title>
       <pub-type>C</pub-type>
       <qualis-estrato>B4</qualis-estrato>
    </pub-venue>
</setId>
Wed Nov 13 16:53:18 BRST 2013
minSim: 0.5 #menor similaridade a ser considerada para os titulos. os titulos que possuirem similaridade menor do que esta não serao considerados na comparacao.
maxSim: 1.0 #maior similaridade a ser considerada para os titulos. os titulos que possuirem similaridade maior do que esta não serao considerados na comparacao.
minSimIfAcronEqual: 0.5 # caso os veículos possuam siglas iguais, entao o valor minSim é atualizado para esse valor.
Os dados foram limpos.
Verificacão manual.
<setId>
    <pub-venue>
       <id>1342</id>
       <idClass>20371</idClass>
       <title>GAME-ON</title>
       <pub-type>C</pub-type>
    </pub-venue>
    <pub-venue>
       <id>2329</id>
       <idClass>20371</idClass>
       <acronym>GAME-ON</acronym>
       <title>European GAME-ON Conference</title>
       <pub-type>C</pub-type>
       <qualis-estrato>B2</qualis-estrato>
    </pub-venue>
</setId>
Wed Nov 13 17:38:29 BRST 2013
minSim: 0.5 #menor similaridade a ser considerada para os titulos. os titulos que possuirem similaridade menor do que esta não serao considerados na comparacao.
maxSim: 1.0 #maior similaridade a ser considerada para os titulos. os titulos que possuirem similaridade maior do que esta não serao considerados na comparacao.
minSimIfAcronEqual: 0.5 # caso os veículos possuam siglas iguais, entao o valor minSim é atualizado para esse valor.
Os dados foram limpos.
Verificacão manual.
<setId>
    <pub-venue>
       <id>1388</id>
       <idClass>202457</idClass>
       <acronym>MVL</acronym>
       <title>Multiple-Valued Logic</title>
       <pub-type>C</pub-type>
    </pub-venue>
    <pub-venue>
       <id>4396</id>
       <idClass>202457</idClass>
       <entity>IEEE</entity>
       <acronym>ISMVL</acronym>
       <title>IEEE International Symposium on Multiple-Valued Logic</title>
       <pub-type>C</pub-type>
    </pub-venue>
</setId>
<setId>
    <pub-venue>
       <id>1405</id>
       <idClass>201236</idClass>
       <title>Designing Augmented Reality Environments</title>
       <pub-type>C</pub-type>
    </pub-venue>
    <pub-venue>
       <id>3196</id>
       <idClass>201236</idClass>
       <entity>ACM</entity>
       <acronym>DARE</acronym>
       <title>DARE on Designing augmented reality environments</title>
       <pub-type>C</pub-type>
    </pub-venue>
</setId>
<setId>
    <pub-venue>
       <id>1411</id>
       <idClass>20362</idClass>
       <acronym>MDAFA</acronym>
       <title>Model Driven Architecture Foundations and Applications</title>
       <pub-type>C</pub-type>
    </pub-venue>
    <pub-venue>
       <id>2320</id>
       <idClass>20362</idClass>
       <acronym>ECMFA</acronym>
       <acronym>ECMDA</acronym>
       <title>European Conference on Model Driven Architecture Foundations and Applications</title>
       <title>European Conference on Modelling Foundations and Applications</title>
       <title-formerly>European Conference on Model Driven Architecture - Foundations and Applications</title-formerly>
       <acronym-formerly>ECMDA-FA</acronym-formerly>
       <pub-type>C</pub-type>
       <qualis-estrato>B3</qualis-estrato>
    </pub-venue>
</setId>
<setId>
    <pub-venue>
       <id>1481</id>
       <idClass>203504</idClass>
       <acronym>IASTEDSEA</acronym>
       <title>Software Engineering and Applications</title>
       <pub-type>C</pub-type>
    </pub-venue>
    <pub-venue>
       <id>5396</id>
       <idClass>203504</idClass>
       <title>IASTED Conference on Software Engineering and Applications</title>
       <pub-type>C</pub-type>
    </pub-venue>
</setId>
<setId>
    <pub-venue>
       <id>1491</id>
       <idClass>202925</idClass>
       <acronym>CLIN</acronym>
       <title>Computational Linguistics in the Netherlands</title>
       <pub-type>C</pub-type>
    </pub-venue>
    <pub-venue>
       <id>4844</id>
       <idClass>202925</idClass>
       <title>Meeting of Computational Linguistics in the Netherlands</title>
       <pub-type>C</pub-type>
    </pub-venue>
</setId>
<setId>
    <pub-venue>
       <id>1551</id>
       <idClass>201003</idClass>
       <title>IEEE Workshop on Embedded Networked Sensors, EmNetS-II</title>
       <pub-type>W</pub-type>
    </pub-venue>
    <pub-venue>
       <id>2963</id>
       <idClass>201003</idClass>
       <entity>IEEE</entity>
       <entity>ACM</entity>
       <acronym>Emnets</acronym>
       <title>IEEE workshop on Embedded networked sensors</title>
       <title>Workshop on Embedded Networked Sensors</title>
       <pub-type>W</pub-type>
       <qualis-estrato>B2</qualis-estrato>
    </pub-venue>
</setId>
<setId>
    <pub-venue>
       <id>1568</id>
       <idClass>202717</idClass>
       <acronym>ICCV</acronym>
       <title>Proceedings IEEE Workshop on Representation of Visual Scenes, In Conjuction with</title>
       <pub-type>W</pub-type>
    </pub-venue>
    <pub-venue>
       <id>4645</id>
       <idClass>202717</idClass>
       <entity>IEEE</entity>
       <acronym>VSR</acronym>
       <title>IEEE Workshop on Representation of Visual Scenes</title>
       <pub-type>W</pub-type>
    </pub-venue>
</setId>
<setId>
    <pub-venue>
       <id>1569</id>
       <idClass>201781</idClass>
       <title>SIGUCCS Conference on User Services</title>
       <pub-type>C</pub-type>
    </pub-venue>
    <pub-venue>
       <id>3733</id>
       <idClass>201781</idClass>
       <entity>ACM</entity>
       <acronym>SIGUCCS</acronym>
       <title>ACM annual conference on SIGUCCS</title>
       <title>ACM SIGUCCS Annual Conference</title>
       <title>ACM SIGUCCS Fall Conference on User Services</title>
       <title-formerly>annual ACM symposium on The administration and management of small-college computing centers</title-formerly>
       <title-formerly>annual ACM conference on User services</title-formerly>
       <pub-type>C</pub-type>
    </pub-venue>
</setId>
<setId>
    <pub-venue>
       <id>1659</id>
       <idClass>203359</idClass>
       <acronym>AICS</acronym>
       <title>Artificial Intelligence and Cognitive Science</title>
       <pub-type>C</pub-type>
    </pub-venue>
    <pub-venue>
       <id>5258</id>
       <idClass>203359</idClass>
       <acronym>MAICS</acronym>
       <title>Midwest Artificial Intelligence and Cognitive Science Conference</title>
       <pub-type>C</pub-type>
    </pub-venue>
</setId>
<setId>
    <pub-venue>
       <id>1695</id>
       <idClass>201552</idClass>
       <acronym>ML</acronym>
       <title>Workshop on ML</title>
       <pub-type>W</pub-type>
    </pub-venue>
    <pub-venue>
       <id>3509</id>
       <idClass>201552</idClass>
       <entity>ACM</entity>
       <acronym>ML</acronym>
       <title>ACM SIGPLAN workshop on ML</title>
       <pub-type>W</pub-type>
    </pub-venue>
</setId>
Wed Nov 13 17:48:31 BRST 2013
minSim: 0.5 #menor similaridade a ser considerada para os titulos. os titulos que possuirem similaridade menor do que esta não serao considerados na comparacao.
maxSim: 1.0 #maior similaridade a ser considerada para os titulos. os titulos que possuirem similaridade maior do que esta não serao considerados na comparacao.
minSimIfAcronEqual: 0.5 # caso os veículos possuam siglas iguais, entao o valor minSim é atualizado para esse valor.
Os dados foram limpos.
Verificacão manual.
Thu Nov 14 15:01:13 BRST 2013
minSim: 0.5 #menor similaridade a ser considerada para os titulos. os titulos que possuirem similaridade menor do que esta não serao considerados na comparacao.
maxSim: 1.0 #maior similaridade a ser considerada para os titulos. os titulos que possuirem similaridade maior do que esta não serao considerados na comparacao.
minSimIfAcronEqual: 0.5 # caso os veículos possuam siglas iguais, entao o valor minSim é atualizado para esse valor.
Os dados foram limpos.
Verificacão manual.
<setId>
    <pub-venue>
       <id>1806</id>
       <idClass>202860</idClass>
       <acronym>ATM Networks</acronym>
       <title>Modelling and Evaluation of ATM Networks</title>
       <pub-type>C</pub-type>
    </pub-venue>
    <pub-venue>
       <id>4781</id>
       <idClass>202860</idClass>
       <title>International Workshop on Performance Modelling and Evaluation of ATM Networks</title>
       <pub-type>W</pub-type>
    </pub-venue>
</setId>
<setId>
    <pub-venue>
       <id>1807</id>
       <idClass>20415</idClass>
       <acronym>CSBW</acronym>
       <title>IEEE Computational Systems Bioinformatics Conference, CSB, Workshops and Poster Abstracts</title>
       <pub-type>W</pub-type>
    </pub-venue>
    <pub-venue>
       <id>2373</id>
       <idClass>20415</idClass>
       <entity>IEEE</entity>
       <acronym>CSB</acronym>
       <title>IEEE Computational Systems Bioinformatics Conference</title>
       <pub-type>C</pub-type>
       <qualis-estrato>B1</qualis-estrato>
    </pub-venue>
</setId>
<setId>
    <pub-venue>
       <id>1856</id>
       <idClass>203653</idClass>
       <acronym>TNC</acronym>
       <title>TERENA Networking Conference</title>
       <pub-type>C</pub-type>
    </pub-venue>
    <pub-venue>
       <id>5539</id>
       <idClass>203653</idClass>
       <acronym>TERENA</acronym>
       <title>Networking Conference</title>
       <title>Trans European Research and Education Networking Conference</title>
       <pub-type>C</pub-type>
    </pub-venue>
</setId>
<setId>
    <pub-venue>
       <id>1865</id>
       <idClass>203432</idClass>
       <title>Eurographics Workshop on Programming Paradigms in Graphics / Object-Oriented Graphics</title>
       <pub-type>W</pub-type>
    </pub-venue>
    <pub-venue>
       <id>5327</id>
       <idClass>203432</idClass>
       <acronym>OO-Graphics</acronym>
       <title>Eurographics Workshop on Programming Paradigms in Graphics</title>
       <title-formerly>Eurographics Workshop on Object-Oriented Programming for Graphics</title-formerly>
       <pub-type>W</pub-type>
    </pub-venue>
</setId>
<setId>
    <pub-venue>
       <id>1875</id>
       <idClass>202790</idClass>
       <acronym>ACOM</acronym>
       <title>Agent Communication</title>
       <pub-type>C</pub-type>
    </pub-venue>
    <pub-venue>
       <id>4713</id>
       <idClass>202790</idClass>
       <title>International Workshops on Agent Communication</title>
       <pub-type>W</pub-type>
    </pub-venue>
</setId>
<setId>
    <pub-venue>
       <id>1887</id>
       <idClass>20557</idClass>
       <title>Engineering for Human-Computer Interaction</title>
       <pub-type>C</pub-type>
    </pub-venue>
    <pub-venue>
       <id>2517</id>
       <idClass>20557</idClass>
       <acronym>EHCI-DSVIS</acronym>
       <title>IFIP Working Conference on Engineering for Human-Computer Interaction</title>
       <pub-type>C</pub-type>
       <qualis-estrato>B2</qualis-estrato>
    </pub-venue>
</setId>
<setId>
    <pub-venue>
       <id>1964</id>
       <idClass>20830</idClass>
       <acronym>SoCC</acronym>
       <title>IEEE International System-on-Chip (SoC) Conference</title>
       <pub-type>C</pub-type>
    </pub-venue>
    <pub-venue>
       <id>2792</id>
       <idClass>20830</idClass>
       <acronym>SOC</acronym>
       <title>International Symposium on System-on-Chip</title>
       <title>IEEE International System-on-Chip Conference</title>
       <pub-type>C</pub-type>
       <qualis-estrato>B4</qualis-estrato>
    </pub-venue>
</setId>
<setId>
    <pub-venue>
       <id>2013</id>
       <idClass>202499</idClass>
       <title>Kyoto International Conference on Digital Libraries</title>
       <pub-type>C</pub-type>
    </pub-venue>
    <pub-venue>
       <id>4437</id>
       <idClass>202499</idClass>
       <acronym>KYOTODL</acronym>
       <title>Kyoto International Conference on Digital Libraries: Research and Practice</title>
       <pub-type>C</pub-type>
    </pub-venue>
</setId>
Thu Nov 14 15:44:55 BRST 2013
minSim: 0.5 #menor similaridade a ser considerada para os titulos. os titulos que possuirem similaridade menor do que esta não serao considerados na comparacao.
maxSim: 1.0 #maior similaridade a ser considerada para os titulos. os titulos que possuirem similaridade maior do que esta não serao considerados na comparacao.
minSimIfAcronEqual: 0.5 # caso os veículos possuam siglas iguais, entao o valor minSim é atualizado para esse valor.
Os dados foram limpos.
Verificacão manual.
<setId>
    <pub-venue>
       <id>2157</id>
       <idClass>203453</idClass>
       <acronym>PervasiveHealth</acronym>
       <title>International Conference on Pervasive Computing Technologies for Healthcare, PervasiveHealth</title>
       <pub-type>C</pub-type>
    </pub-venue>
    <pub-venue>
       <id>5348</id>
       <idClass>203453</idClass>
       <title>International Conference on Pervasive Computing Technologies for Healthcare</title>
       <pub-type>C</pub-type>
    </pub-venue>
</setId>
<setId>
    <pub-venue>
       <id>2167</id>
       <idClass>201049</idClass>
       <title>Processing of the Portuguese Language</title>
       <pub-type>C</pub-type>
    </pub-venue>
    <pub-venue>
       <id>3008</id>
       <idClass>201049</idClass>
       <acronym>PROPOR</acronym>
       <title>Workshop on Computational Processing of the Portuguese Language</title>
       <pub-type>W</pub-type>
       <qualis-estrato>B5</qualis-estrato>
    </pub-venue>
</setId>
<setId>
    <pub-venue>
       <id>2181</id>
       <idClass>202201</idClass>
       <acronym>MEMS/MOEMS</acronym>
       <title>Symposium on Design, Test, Integration and Packaging of</title>
       <pub-type>C</pub-type>
    </pub-venue>
    <pub-venue>
       <id>4144</id>
       <idClass>202201</idClass>
       <acronym>DTIP</acronym>
       <title>Symposium on Design, Test, Integration and Packaging of MEMS/MOEMS</title>
       <pub-type>C</pub-type>
    </pub-venue>
</setId>
<setId>
    <pub-venue>
       <id>2194</id>
       <idClass>20135</idClass>
       <acronym>SAHCNW</acronym>
       <title>SECON Workshops IEEE Annual Communications Society Conference on Sensor, Mesh and Ad Hoc Communications and Networks Workshops</title>
       <pub-type>W</pub-type>
    </pub-venue>
    <pub-venue>
       <id>2089</id>
       <idClass>20135</idClass>
       <acronym>SECON</acronym>
       <title>IEEE Conference on Sensor Mesh and Ad Hoc Communications and Networks</title>
       <title>Annual IEEE Communications Society Conference on Sensor, Mesh and Ad Hoc Communications and Networks</title>
       <pub-type>C</pub-type>
       <qualis-estrato>B2</qualis-estrato>
    </pub-venue>
</setId>
<setId>
    <pub-venue>
       <id>2199</id>
       <idClass>203475</idClass>
       <acronym>QoMEX</acronym>
       <title>International Workshop on Quality of Multimedia Experience, QoMEx</title>
       <pub-type>W</pub-type>
    </pub-venue>
    <pub-venue>
       <id>5368</id>
       <idClass>203475</idClass>
       <title>International Workshop on Quality of Multimedia Experience</title>
       <pub-type>W</pub-type>
    </pub-venue>
</setId>
<setId>
    <pub-venue>
       <id>2228</id>
       <idClass>201303</idClass>
       <acronym>ERLANG</acronym>
       <title>Erlang Workshop</title>
       <pub-type>W</pub-type>
    </pub-venue>
    <pub-venue>
       <id>3263</id>
       <idClass>201303</idClass>
       <entity>ACM</entity>
       <acronym>Erlang</acronym>
       <title>ACM SIGPLAN workshop on Erlang</title>
       <pub-type>W</pub-type>
    </pub-venue>
</setId>
<setId>
    <pub-venue>
       <id>2286</id>
       <idClass>2044</idClass>
       <title>Parallel Algorithms and Architectures</title>
       <pub-type>C</pub-type>
    </pub-venue>
    <pub-venue>
       <id>1998</id>
       <idClass>2044</idClass>
       <entity>ACM</entity>
       <acronym>SPAA</acronym>
       <title>ACM Symposium on Parallel Algorithms and Architectures</title>
       <title>ACM Symposium on Parallelism in Algorithms and Architectures</title>
       <title>annual ACM symposium on Parallelism in algorithms and architectures</title>
       <title>annual symposium on Parallelism in algorithms and architectures</title>
       <title-formerly>annual ACM symposium on Parallel algorithms and architectures</title-formerly>
       <pub-type>C</pub-type>
       <qualis-estrato>B3</qualis-estrato>
    </pub-venue>
</setId>
Mon Nov 18 10:55:25 BRST 2013
minSim: 0.5 #menor similaridade a ser considerada para os titulos. os titulos que possuirem similaridade menor do que esta não serao considerados na comparacao.
maxSim: 1.0 #maior similaridade a ser considerada para os titulos. os titulos que possuirem similaridade maior do que esta não serao considerados na comparacao.
minSimIfAcronEqual: 0.5 # caso os veículos possuam siglas iguais, entao o valor minSim é atualizado para esse valor.
Os dados foram limpos.
Verificacão manual.
<setId>
    <pub-venue>
       <id>2344</id>
       <idClass>201647</idClass>
       <acronym>IRP2PN</acronym>
       <title>Information Retrieval In Peer-To-Peer Networks</title>
       <pub-type>C</pub-type>
    </pub-venue>
    <pub-venue>
       <id>3603</id>
       <idClass>201647</idClass>
       <entity>ACM</entity>
       <acronym>P2PIR</acronym>
       <title>ACM international workshop on Information retrieval in peer-to-peer networks</title>
       <pub-type>W</pub-type>
    </pub-venue>
</setId>
<setId>
    <pub-venue>
       <id>2350</id>
       <idClass>201749</idClass>
       <acronym>SESPSDE</acronym>
       <title>Software Engineering Symposium on Practical Software Development Environments</title>
       <pub-type>C</pub-type>
    </pub-venue>
    <pub-venue>
       <id>3702</id>
       <idClass>201749</idClass>
       <entity>ACM</entity>
       <acronym>SDE</acronym>
       <title>ACM SIGSOFT symposium on Software development environments</title>
       <title>ACM SIGSOFT Symposium on Software Development Environment</title>
       <title-formerly>ACM SIGSOFT/SIGPLAN software engineering symposium on Practical software development environments</title-formerly>
       <pub-type>C</pub-type>
    </pub-venue>
</setId>
<setId>
    <pub-venue>
       <id>2388</id>
       <idClass>202505</idClass>
       <acronym>IEEE/NLM</acronym>
       <title>IEEE/NIH Life Science Systems and Applications Workshop</title>
       <pub-type>W</pub-type>
    </pub-venue>
    <pub-venue>
       <id>4443</id>
       <idClass>202505</idClass>
       <acronym>LSSA</acronym>
       <title>Life Science Systems and Applications Workshop</title>
       <pub-type>W</pub-type>
    </pub-venue>
</setId>
<setId>
    <pub-venue>
       <id>2430</id>
       <idClass>202882</idClass>
       <acronym>BPSC</acronym>
       <title>Business Process and Services Computing</title>
       <pub-type>C</pub-type>
    </pub-venue>
    <pub-venue>
       <id>4803</id>
       <idClass>202882</idClass>
       <title>International Working Conference on Business Process and Services Computing</title>
       <pub-type>C</pub-type>
    </pub-venue>
</setId>
<setId>
    <pub-venue>
       <id>2445</id>
       <idClass>202481</idClass>
       <title>Critical Infrastructure Protection</title>
       <pub-type>C</pub-type>
    </pub-venue>
    <pub-venue>
       <id>4419</id>
       <idClass>202481</idClass>
       <entity>IEEE</entity>
       <acronym>IWCIP</acronym>
       <title>IEEE International Workshop on Critical Infrastructure Protection</title>
       <pub-type>W</pub-type>
    </pub-venue>
</setId>
<setId>
    <pub-venue>
       <id>2467</id>
       <idClass>202178</idClass>
       <acronym>D2H</acronym>
       <title>#Series: Distributed Diagnosis and Home Healthcare D2H2 Transdisciplinary Conference on</title>
       <pub-type>C</pub-type>
    </pub-venue>
    <pub-venue>
       <id>4121</id>
       <idClass>202178</idClass>
       <acronym>DDHH</acronym>
       <title>Distributed Diagnosis and Home Healthcare</title>
       <pub-type>C</pub-type>
    </pub-venue>
</setId>
<setId>
    <pub-venue>
       <id>2483</id>
       <idClass>203011</idClass>
       <title>Mobile Robots</title>
       <pub-type>C</pub-type>
    </pub-venue>
    <pub-venue>
       <id>4923</id>
       <idClass>203011</idClass>
       <acronym>ECMR</acronym>
       <title>European Conference on Mobile Robots</title>
       <pub-type>C</pub-type>
    </pub-venue>
</setId>
<setId>
    <pub-venue>
       <id>2528</id>
       <idClass>203089</idClass>
       <acronym>GWEM</acronym>
       <title>German Workshop on Experience Management</title>
       <pub-type>W</pub-type>
    </pub-venue>
    <pub-venue>
       <id>4998</id>
       <idClass>203089</idClass>
       <title>Workshop on Experience Management</title>
       <pub-type>W</pub-type>
    </pub-venue>
</setId>
<setId>
    <pub-venue>
       <id>2560</id>
       <idClass>203065</idClass>
       <acronym>EXPDB</acronym>
       <title>Evaluation of Data Management Systems</title>
       <pub-type>C</pub-type>
    </pub-venue>
    <pub-venue>
       <id>4975</id>
       <idClass>203065</idClass>
       <title>International Workshop on Performance and Evaluation of Data Management Systems</title>
       <pub-type>W</pub-type>
    </pub-venue>
</setId>
<setId>
    <pub-venue>
       <id>2568</id>
       <idClass>202669</idClass>
       <acronym>ISIU</acronym>
       <title>Integration of Speech and Image Understanding, Proceedings</title>
       <pub-type>C</pub-type>
    </pub-venue>
    <pub-venue>
       <id>4600</id>
       <idClass>202669</idClass>
       <acronym>SPELMG</acronym>
       <title>ICCV Workshop on Integration of Speech and Image Understanding</title>
       <pub-type>W</pub-type>
    </pub-venue>
</setId>
<setId>
    <pub-venue>
       <id>2592</id>
       <idClass>203209</idClass>
       <acronym>ICUMT</acronym>
       <title>Ultra Modern Telecommunications</title>
       <pub-type>C</pub-type>
    </pub-venue>
    <pub-venue>
       <id>5109</id>
       <idClass>203209</idClass>
       <acronym>ICUMT</acronym>
       <title>International Congress on Ultra Modern Telecommunications and Control Systems</title>
       <pub-type>C</pub-type>
    </pub-venue>
</setId>
<setId>
    <pub-venue>
       <id>2623</id>
       <idClass>203294</idClass>
       <acronym>ITEE</acronym>
       <title>Information Technologies in Environmental Engineering</title>
       <pub-type>C</pub-type>
    </pub-venue>
    <pub-venue>
       <id>5193</id>
       <idClass>203294</idClass>
       <title>International ICSC Symposium on Information Technologies in Environmental Engineering</title>
       <pub-type>C</pub-type>
    </pub-venue>
</setId>
<setId>
    <pub-venue>
       <id>2648</id>
       <idClass>202330</idClass>
       <title>International Conference on Embedded Software and Systems Symposia, ICESS Symposia</title>
       <pub-type>C</pub-type>
    </pub-venue>
    <pub-venue>
       <id>4269</id>
       <idClass>202330</idClass>
       <acronym>ICESS</acronym>
       <title>International Conference on Embedded Software and Systems</title>
       <pub-type>C</pub-type>
    </pub-venue>
</setId>
<setId>
    <pub-venue>
       <id>2693</id>
       <idClass>201541</idClass>
       <title>Mardi Gras Conference</title>
       <pub-type>C</pub-type>
    </pub-venue>
    <pub-venue>
       <id>3499</id>
       <idClass>201541</idClass>
       <entity>ACM</entity>
       <acronym>MG</acronym>
       <title>ACM Mardi Gras conference</title>
       <pub-type>C</pub-type>
    </pub-venue>
</setId>
<setId>
    <pub-venue>
       <id>2699</id>
       <idClass>201139</idClass>
       <acronym>ACCESSNETS</acronym>
       <title>AccessNets International Conference on Access Networks &amp; Workshops</title>
       <pub-type>W</pub-type>
    </pub-venue>
    <pub-venue>
       <id>3099</id>
       <idClass>201139</idClass>
       <entity>ACM</entity>
       <acronym>AccessNets</acronym>
       <acronym>AcessNets</acronym>
       <title>international conference on Access networks</title>
       <title>Conference on Access Networks</title>
       <pub-type>C</pub-type>
    </pub-venue>
</setId>
<setId>
    <pub-venue>
       <id>2710</id>
       <idClass>203275</idClass>
       <acronym>WISI</acronym>
       <title>Intelligence and Security Informatics</title>
       <pub-type>C</pub-type>
    </pub-venue>
    <pub-venue>
       <id>5175</id>
       <idClass>203275</idClass>
       <acronym>ISI</acronym>
       <title>IEEE International Conference on Intelligence and Security Informatics</title>
       <pub-type>C</pub-type>
    </pub-venue>
</setId>
<setId>
    <pub-venue>
       <id>2802</id>
       <idClass>203482</idClass>
       <title>Reason Maintenance</title>
       <pub-type>C</pub-type>
    </pub-venue>
    <pub-venue>
       <id>5375</id>
       <idClass>203482</idClass>
       <title>Workshop über Reason Maintenance</title>
       <pub-type>W</pub-type>
    </pub-venue>
</setId>
<setId>
    <pub-venue>
       <id>2910</id>
       <idClass>201561</idClass>
       <acronym>MMS</acronym>
       <title>Multimedia Systems</title>
       <pub-type>C</pub-type>
    </pub-venue>
    <pub-venue>
       <id>3518</id>
       <idClass>201561</idClass>
       <entity>ACM</entity>
       <acronym>MMSys</acronym>
       <title>annual ACM SIGMM conference on Multimedia systems</title>
       <title>ACM conference on Multimedia systems</title>
       <title>ACM SIGMM Conference on Multimedia Systems</title>
       <pub-type>C</pub-type>
    </pub-venue>
</setId>
<setId>
    <pub-venue>
       <id>2928</id>
       <idClass>202336</idClass>
       <acronym>ICFIN</acronym>
       <title>International Conference on Future Information Networks</title>
       <pub-type>C</pub-type>
    </pub-venue>
    <pub-venue>
       <id>4275</id>
       <idClass>202336</idClass>
       <acronym>ICFN</acronym>
       <title>International Conference on Future Networks</title>
       <pub-type>C</pub-type>
    </pub-venue>
</setId>
<setId>
    <pub-venue>
       <id>2951</id>
       <idClass>20677</idClass>
       <acronym>ICIAPW</acronym>
       <title>International Conference on Image Analysis and Processing Workshops</title>
       <pub-type>W</pub-type>
    </pub-venue>
    <pub-venue>
       <id>2637</id>
       <idClass>20677</idClass>
       <acronym>ICIAP</acronym>
       <title>International Conference on Image Analysis and Processing</title>
       <pub-type>C</pub-type>
       <qualis-estrato>B2</qualis-estrato>
    </pub-venue>
</setId>
Mon Nov 18 13:10:25 BRST 2013
minSim: 0.5 #menor similaridade a ser considerada para os titulos. os titulos que possuirem similaridade menor do que esta não serao considerados na comparacao.
maxSim: 1.0 #maior similaridade a ser considerada para os titulos. os titulos que possuirem similaridade maior do que esta não serao considerados na comparacao.
minSimIfAcronEqual: 0.5 # caso os veículos possuam siglas iguais, entao o valor minSim é atualizado para esse valor.
Os dados foram limpos.
Verificacão manual.
<setId>
    <pub-venue>
       <id>3100</id>
       <idClass>2046</idClass>
       <acronym>DSN-W</acronym>
       <title>International Conference on Dependable Systems and Networks Workshops</title>
       <pub-type>W</pub-type>
    </pub-venue>
    <pub-venue>
       <id>2000</id>
       <idClass>2046</idClass>
       <entity>IEEE</entity>
       <entity>IFIP</entity>
       <acronym>DSN</acronym>
       <title>IEEE/IFIP International Conference on Dependable Systems and Networks</title>
       <title>International Conference on Dependable Systems and Networks</title>
       <pub-type>C</pub-type>
       <qualis-estrato>A2</qualis-estrato>
    </pub-venue>
</setId>
<setId>
    <pub-venue>
       <id>3122</id>
       <idClass>202170</idClass>
       <acronym>DBKDA</acronym>
       <title>International Conference on Advances in Databases, Knowledge, and Data Applications</title>
       <pub-type>C</pub-type>
    </pub-venue>
    <pub-venue>
       <id>4113</id>
       <idClass>202170</idClass>
       <acronym>DBKDA</acronym>
       <title>International Conference on Advances in Databases</title>
       <pub-type>C</pub-type>
    </pub-venue>
</setId>
<setId>
    <pub-venue>
       <id>3157</id>
       <idClass>2063</idClass>
       <acronym>CLUSTER WORKSHOPS</acronym>
       <title>IEEE International Conference on Cluster Computing Workshops and Posters</title>
       <pub-type>W</pub-type>
    </pub-venue>
    <pub-venue>
       <id>2017</id>
       <idClass>2063</idClass>
       <entity>IEEE</entity>
       <acronym>CLUSTER</acronym>
       <title>International Conference on Cluster Computing</title>
       <title>IEEE International Conference on Cluster Computing</title>
       <title>Cluster Computing Conference</title>
       <title-formerly>IEEE International Workshop on Cluster Computing</title-formerly>
       <acronym-formerly>IWCC</acronym-formerly>
       <pub-type>W</pub-type>
       <qualis-estrato>B5</qualis-estrato>
    </pub-venue>
</setId>
<setId>
    <pub-venue>
       <id>3185</id>
       <idClass>203402</idClass>
       <acronym>ATW</acronym>
       <title>The Annual Atlantic Test Workshop</title>
       <pub-type>W</pub-type>
    </pub-venue>
    <pub-venue>
       <id>5297</id>
       <idClass>203402</idClass>
       <acronym>NATW</acronym>
       <title>IEEE North Atlantic Test Workshop</title>
       <pub-type>W</pub-type>
    </pub-venue>
</setId>
<setId>
    <pub-venue>
       <id>3294</id>
       <idClass>202419</idClass>
       <acronym>MVIP</acronym>
       <title>Iranian Conference on Machine Vision and Image Processing</title>
       <pub-type>C</pub-type>
    </pub-venue>
    <pub-venue>
       <id>4359</id>
       <idClass>202419</idClass>
       <acronym>IMVIP</acronym>
       <title>International Machine Vision and Image Processing Conference</title>
       <pub-type>C</pub-type>
    </pub-venue>
</setId>
<setId>
    <pub-venue>
       <id>3303</id>
       <idClass>203575</idClass>
       <acronym>EUVIP</acronym>
       <title>European Workshop on Visual Information Processing</title>
       <pub-type>W</pub-type>
    </pub-venue>
    <pub-venue>
       <id>5464</id>
       <idClass>203575</idClass>
       <title>Workshop on Visual Information Processing</title>
       <pub-type>W</pub-type>
    </pub-venue>
</setId>
<setId>
    <pub-venue>
       <id>3325</id>
       <idClass>20822</idClass>
       <acronym>ISPAW</acronym>
       <title>IEEE International Symposium on Parallel and Distributed Processing with Applications Workshops</title>
       <pub-type>W</pub-type>
    </pub-venue>
    <pub-venue>
       <id>2784</id>
       <idClass>20822</idClass>
       <entity>ACM</entity>
       <acronym>ISPA</acronym>
       <title>international conference on Parallel and Distributed Processing and Applications</title>
       <title>International Symposium on Parallel and Distributed Processing and Applications</title>
       <pub-type>C</pub-type>
       <qualis-estrato>B5</qualis-estrato>
    </pub-venue>
</setId>
<setId>
    <pub-venue>
       <id>3370</id>
       <idClass>203384</idClass>
       <title>Mobiles Computing in der Medizin</title>
       <pub-type>C</pub-type>
    </pub-venue>
    <pub-venue>
       <id>5281</id>
       <idClass>203384</idClass>
       <title>Workshop der Projektgruppe Mobiles Computing in der Medizin</title>
       <pub-type>W</pub-type>
    </pub-venue>
</setId>
<setId>
    <pub-venue>
       <id>3372</id>
       <idClass>202588</idClass>
       <acronym>PCMDLS</acronym>
       <title>International Workshop on Physics and Computer Modeling of Devices Based on Low-Dimensional Structures</title>
       <pub-type>W</pub-type>
    </pub-venue>
    <pub-venue>
       <id>4521</id>
       <idClass>202588</idClass>
       <acronym>PHYSICS</acronym>
       <title>Workshop on Physics and Modeling of Devices Based on Low-Dimensional Structures</title>
       <pub-type>W</pub-type>
    </pub-venue>
</setId>
<setId>
    <pub-venue>
       <id>3383</id>
       <idClass>20247</idClass>
       <acronym>DCOSSW</acronym>
       <title>IEEE International Conference on Distributed Computing in Sensor Systems Workshops</title>
       <pub-type>W</pub-type>
    </pub-venue>
    <pub-venue>
       <id>2205</id>
       <idClass>20247</idClass>
       <entity>IEEE</entity>
       <entity>ACM</entity>
       <acronym>DCOSS</acronym>
       <title>IEEE International Conference on Distributed Computing in Sensor Systems</title>
       <title>International Conference on Distributed Computing in Sensor Systems</title>
       <pub-type>C</pub-type>
    </pub-venue>
</setId>
<setId>
    <pub-venue>
       <id>3403</id>
       <idClass>201027</idClass>
       <acronym>SBAC-PADW</acronym>
       <title>International Symposium on Computer Architecture and High Performance Computing Workshops</title>
       <pub-type>W</pub-type>
    </pub-venue>
    <pub-venue>
       <id>2987</id>
       <idClass>201027</idClass>
       <acronym>SBAC-PAD</acronym>
       <title>IEEE International Symposium on Computer Architecture and High Performance Computing</title>
       <title>Symposium on Computer Architecture and High Performance Computing</title>
       <title>International Symposium on Computer Architecture and High Performance</title>
       <pub-type>C</pub-type>
       <qualis-estrato>B3</qualis-estrato>
    </pub-venue>
</setId>
<setId>
    <pub-venue>
       <id>3412</id>
       <idClass>201036</idClass>
       <acronym>SIBGRAPI TUTORIALS</acronym>
       <title>Tutorials of the XXII Brazilian Symposium on Computer Graphics and Image Processing</title>
       <pub-type>C</pub-type>
    </pub-venue>
    <pub-venue>
       <id>2995</id>
       <idClass>201036</idClass>
       <acronym>SIBGRAPI</acronym>
       <title>SIBGRAPI Conference on Graphics, Patterns and Images</title>
       <title-formerly>Brazilian Symposium on Computer Graphics and Image Processing</title-formerly>
       <pub-type>C</pub-type>
       <qualis-estrato>B3</qualis-estrato>
    </pub-venue>
</setId>
Mon Nov 18 14:49:54 BRST 2013
minSim: 0.5 #menor similaridade a ser considerada para os titulos. os titulos que possuirem similaridade menor do que esta não serao considerados na comparacao.
maxSim: 1.0 #maior similaridade a ser considerada para os titulos. os titulos que possuirem similaridade maior do que esta não serao considerados na comparacao.
minSimIfAcronEqual: 0.5 # caso os veículos possuam siglas iguais, entao o valor minSim é atualizado para esse valor.
Os dados foram limpos.
Verificacão manual.
Mon Nov 18 14:57:59 BRST 2013
minSim: 0.5 #menor similaridade a ser considerada para os titulos. os titulos que possuirem similaridade menor do que esta não serao considerados na comparacao.
maxSim: 1.0 #maior similaridade a ser considerada para os titulos. os titulos que possuirem similaridade maior do que esta não serao considerados na comparacao.
minSimIfAcronEqual: 0.5 # caso os veículos possuam siglas iguais, entao o valor minSim é atualizado para esse valor.
Os dados foram limpos.
Verificacão manual.
<setId>
    <pub-venue>
       <id>3485</id>
       <idClass>20921</idClass>
       <acronym>LADCW</acronym>
       <title>Latin-American Symposium on Dependable Computing Workshops</title>
       <pub-type>W</pub-type>
    </pub-venue>
    <pub-venue>
       <id>2883</id>
       <idClass>20921</idClass>
       <acronym>LADC</acronym>
       <title>Latin-American Symposium on Dependable Computing</title>
       <pub-type>C</pub-type>
       <qualis-estrato>B3</qualis-estrato>
    </pub-venue>
</setId>
<setId>
    <pub-venue>
       <id>3525</id>
       <idClass>10358</idClass>
       <acronym>SIGPLAN</acronym>
       <title>Sigplan Notices</title>
       <pub-type>J</pub-type>
    </pub-venue>
    <pub-venue>
       <id>357</id>
       <idClass>10358</idClass>
       <entity>ACM</entity>
       <issn>1523-2867</issn>
       <issn>1558-1160</issn>
       <issn>0362-1340</issn>
       <title>ACM SIGPLAN NOTICES</title>
       <title-abrev>ACM Sigplan Not.</title-abrev>
       <publisher>ASSOC COMPUTING MACHINERY</publisher>
       <pub-type>J</pub-type>
       <language>ENGLISH</language>
       <subject>COMPUTER SCIENCE, SOFTWARE ENGINEERING</subject>
       <impact-factor-2010>0.150</impact-factor-2010>
       <impact-factor-5-years>0.249</impact-factor-5-years>
       <qualis-estrato>B1</qualis-estrato>
       <site>http://www.cs.hamilton.edu/sigplan/</site>
    </pub-venue>
</setId>
<setId>
    <pub-venue>
       <id>3526</id>
       <idClass>10520</idClass>
       <acronym>BIOINFORMATICS</acronym>
       <title>Bioinformatics/computer Applications in The Biosciences</title>
       <pub-type>J</pub-type>
    </pub-venue>
    <pub-venue>
       <id>519</id>
       <idClass>10520</idClass>
       <issn>1367-4803</issn>
       <issn>1367-4811</issn>
       <acronym>CABIOS</acronym>
       <title>Bioinformatics</title>
       <title-formerly>Computer Applications in the Biosciences</title-formerly>
       <pub-type>J</pub-type>
       <qualis-estrato>A1</qualis-estrato>
       <site>http://bioinformatics.oxfordjournals.org/</site>
    </pub-venue>
</setId>
<setId>
    <pub-venue>
       <id>3536</id>
       <idClass>101310</idClass>
       <title>ACM Siggraph Computer Graphics</title>
       <pub-type>J</pub-type>
    </pub-venue>
    <pub-venue>
       <id>1308</id>
       <idClass>101310</idClass>
       <title>Computer Graphics</title>
       <pub-type>J</pub-type>
    </pub-venue>
</setId>
<setId>
    <pub-venue>
       <id>3551</id>
       <idClass>101808</idClass>
       <title>ACM Sigarch Computer Architecture News</title>
       <pub-type>J</pub-type>
    </pub-venue>
    <pub-venue>
       <id>1804</id>
       <idClass>101808</idClass>
       <title>SIGARCH Computer Architecture News</title>
       <pub-type>J</pub-type>
       <site>http://dl.acm.org/citation.cfm?id=J89</site>
    </pub-venue>
</setId>
<setId>
    <pub-venue>
       <id>3561</id>
       <idClass>10428</idClass>
       <acronym>IANDC</acronym>
       <title>Information and Computation/information and Control</title>
       <pub-type>J</pub-type>
    </pub-venue>
    <pub-venue>
       <id>427</id>
       <idClass>10428</idClass>
       <entity>ELSEVIER</entity>
       <issn>1090-2651</issn>
       <issn>0890-5401</issn>
       <title>INFORMATION AND COMPUTATION</title>
       <title-abrev>INFORM COMPUT</title-abrev>
       <title-abrev>Inf. Comput.</title-abrev>
       <title-formerly>Information and Control</title-formerly>
       <publisher>ACADEMIC PRESS INC ELSEVIER SCIENCE</publisher>
       <pub-type>J</pub-type>
       <language>ENGLISH</language>
       <subject>MATHEMATICS, APPLIED</subject>
       <subject>COMPUTER SCIENCE, THEORY AND METHODS</subject>
       <impact-factor-2010>0.825</impact-factor-2010>
       <impact-factor-5-years>1.238</impact-factor-5-years>
       <qualis-estrato>A2</qualis-estrato>
       <site>http://www.sciencedirect.com/science/journal/08905401</site>
    </pub-venue>
</setId>
<setId>
    <pub-venue>
       <id>3612</id>
       <idClass>1040</idClass>
       <acronym>EXPERT</acronym>
       <title>IEEE Expert / IEEE Intelligent Systems</title>
       <pub-type>J</pub-type>
    </pub-venue>
    <pub-venue>
       <id>39</id>
       <idClass>1040</idClass>
       <entity>IEEE</entity>
       <issn>1541-1672</issn>
       <title>IEEE INTELLIGENT SYSTEMS</title>
       <title-abrev>IEEE INTELL SYST</title-abrev>
       <title-abrev>IEEE Intell. Syst.</title-abrev>
       <title-formerly>IEEE Intelligent Systems and their Applications</title-formerly>
       <title-formerly>IEEE Expert</title-formerly>
       <publisher>IEEE COMPUTER SOC</publisher>
       <pub-type>J</pub-type>
       <language>ENGLISH</language>
       <subject>COMPUTER SCIENCE, ARTIFICIAL INTELLIGENCE</subject>
       <subject>ENGINEERING, ELECTRICAL AND ELECTRONIC</subject>
       <impact-factor-2010>2.570</impact-factor-2010>
       <impact-factor-5-years>2.632</impact-factor-5-years>
       <qualis-estrato>A1</qualis-estrato>
       <site>http://ieeexplore.ieee.org/xpl/RecentIssue.jsp?punumber=64</site>
       <site>http://www.computer.org/portal/web/intelligent/home</site>
    </pub-venue>
</setId>
<setId>
    <pub-venue>
       <id>3635</id>
       <idClass>10125</idClass>
       <acronym>Presence</acronym>
       <title>Teleoperators and Virtual Environments</title>
       <pub-type>J</pub-type>
    </pub-venue>
    <pub-venue>
       <id>124</id>
       <idClass>10125</idClass>
       <entity>MIT</entity>
       <issn>1054-7460</issn>
       <issn>1531-3263</issn>
       <title>PRESENCE-TELEOPERATORS AND VIRTUAL ENVIRONMENTS</title>
       <title>Presence: Teleoperators and Virtual Environments</title>
       <title>Presence</title>
       <title-abrev>PRESENCE-TELEOP VIRT</title-abrev>
       <title-abrev>Presence-Teleoper. Virtual Env.</title-abrev>
       <publisher>MIT PRESS</publisher>
       <pub-type>J</pub-type>
       <language>ENGLISH</language>
       <subject>COMPUTER SCIENCE, CYBERNETICS</subject>
       <subject>COMPUTER SCIENCE, SOFTWARE ENGINEERING</subject>
       <impact-factor-2010>1.097</impact-factor-2010>
       <impact-factor-5-years>1.468</impact-factor-5-years>
       <qualis-estrato>B2</qualis-estrato>
       <site>http://www.mitpressjournals.org/loi/pres</site>
    </pub-venue>
</setId>
<setId>
    <pub-venue>
       <id>3699</id>
       <idClass>10456</idClass>
       <acronym>MST</acronym>
       <title>Theory of Computing Systems / Mathematical Systems Theory</title>
       <pub-type>J</pub-type>
    </pub-venue>
    <pub-venue>
       <id>455</id>
       <idClass>10456</idClass>
       <entity>SPRINGER</entity>
       <issn>1432-4350</issn>
       <title>THEORY OF COMPUTING SYSTEMS</title>
       <title-abrev>Theor. Comput. Syst.</title-abrev>
       <title-abrev>THEOR COMPUT SYST</title-abrev>
       <title-formerly>Mathematical Systems Theory</title-formerly>
       <publisher>SPRINGER</publisher>
       <pub-type>J</pub-type>
       <language>ENGLISH</language>
       <subject>COMPUTER SCIENCE, THEORY AND METHODS</subject>
       <subject>MATHEMATICS</subject>
       <impact-factor-2010>0.600</impact-factor-2010>
       <impact-factor-5-years>0.732</impact-factor-5-years>
       <qualis-estrato>B2</qualis-estrato>
       <site>http://www.springerlink.com/content/1433-0490/</site>
    </pub-venue>
</setId>
<setId>
    <pub-venue>
       <id>3707</id>
       <idClass>101634</idClass>
       <acronym>DEBU</acronym>
       <title>IEEE Data(base) Engineering Bulletin</title>
       <pub-type>J</pub-type>
    </pub-venue>
    <pub-venue>
       <id>1630</id>
       <idClass>101634</idClass>
       <title>IEEE Data Engineering Bulletin</title>
       <pub-type>J</pub-type>
       <site>http://tab.computer.org/tcde/</site>
    </pub-venue>
</setId>
<setId>
    <pub-venue>
       <id>3775</id>
       <idClass>101806</idClass>
       <acronym>SIGACT</acronym>
       <title>Sigact News</title>
       <pub-type>J</pub-type>
    </pub-venue>
    <pub-venue>
       <id>1802</id>
       <idClass>101806</idClass>
       <title>ACM SIGACT News</title>
       <pub-type>J</pub-type>
       <site>http://dl.acm.org/citation.cfm?id=J697</site>
    </pub-venue>
</setId>
Mon Nov 18 15:06:44 BRST 2013
minSim: 0.5 #menor similaridade a ser considerada para os titulos. os titulos que possuirem similaridade menor do que esta não serao considerados na comparacao.
maxSim: 1.0 #maior similaridade a ser considerada para os titulos. os titulos que possuirem similaridade maior do que esta não serao considerados na comparacao.
minSimIfAcronEqual: 0.5 # caso os veículos possuam siglas iguais, entao o valor minSim é atualizado para esse valor.
Os dados foram limpos.
Verificacão manual.
<setId>
    <pub-venue>
       <id>3786</id>
       <idClass>10252</idClass>
       <acronym>J VLSI SIGNAL PROCESS SYST S</acronym>
       <title>Journal of Vlsi Signal Processing Systems for Signal Image and Video Technology</title>
       <pub-type>J</pub-type>
    </pub-venue>
    <pub-venue>
       <id>251</id>
       <idClass>10252</idClass>
       <entity>SPRINGER</entity>
       <issn>1939-8018</issn>
       <issn>1939-8115</issn>
       <title>Journal of Signal Processing Systems for Signal Image and Video Technology</title>
       <title-abrev>J. Signal Process. Syst. Signal Image Video Technol.</title-abrev>
       <title-abrev>J SIGNAL PROCESS SYS</title-abrev>
       <publisher>SPRINGER</publisher>
       <pub-type>J</pub-type>
       <language>ENGLISH</language>
       <subject>ENGINEERING, ELECTRICAL AND ELECTRONIC</subject>
       <subject>COMPUTER SCIENCE, INFORMATION SYSTEMS</subject>
       <impact-factor-2010>0.623</impact-factor-2010>
       <impact-factor-5-years>0.667</impact-factor-5-years>
       <qualis-estrato>B1</qualis-estrato>
    </pub-venue>
</setId>
<setId>
    <pub-venue>
       <id>3794</id>
       <idClass>101809</idClass>
       <acronym>SIGART</acronym>
       <title>Intelligence/sigart Bulletin</title>
       <pub-type>J</pub-type>
    </pub-venue>
    <pub-venue>
       <id>1805</id>
       <idClass>101809</idClass>
       <title>ACM SIGART Bulletin</title>
       <title-formerly>Intelligence</title-formerly>
       <title-formerly>SIGART Bulletin</title-formerly>
       <title-formerly>SIGART Newsletter</title-formerly>
       <pub-type>J</pub-type>
       <site>http://sigart.acm.org</site>
    </pub-venue>
</setId>
<setId>
    <pub-venue>
       <id>3807</id>
       <idClass>10286</idClass>
       <acronym>CANDC</acronym>
       <title>Computational Biology and Chemistry / Computers &amp; Chemistry</title>
       <pub-type>J</pub-type>
    </pub-venue>
    <pub-venue>
       <id>285</id>
       <idClass>10286</idClass>
       <entity>ELSEVIER</entity>
       <issn>1476-9271</issn>
       <title>COMPUTATIONAL BIOLOGY AND CHEMISTRY</title>
       <title-abrev>Comput. Biol. Chem.</title-abrev>
       <title-abrev>COMPUT BIOL CHEM</title-abrev>
       <title-formerly>Computers and Chemistry</title-formerly>
       <publisher>ELSEVIER SCI LTD</publisher>
       <pub-type>J</pub-type>
       <language>ENGLISH</language>
       <subject>BIOLOGY</subject>
       <subject>COMPUTER SCIENCE, INTERDISCIPLINARY APPLICATIONS</subject>
       <impact-factor-2010>1.281</impact-factor-2010>
       <impact-factor-5-years>1.476</impact-factor-5-years>
       <qualis-estrato>A2</qualis-estrato>
       <site>http://www.sciencedirect.com/science/journal/14769271</site>
    </pub-venue>
</setId>
<setId>
    <pub-venue>
       <id>3815</id>
       <idClass>101316</idClass>
       <title>Higher-order and Symbolic Computation / Lisp and Symbolic Computation</title>
       <pub-type>J</pub-type>
    </pub-venue>
    <pub-venue>
       <id>1314</id>
       <idClass>101316</idClass>
       <title>Higher-Order and Symbolic Computation</title>
       <pub-type>J</pub-type>
       <site>http://www.springer.com/computer/theoretical+computer+science/journal/10990</site>
       <site>http://www.springerlink.com/content/1573-0557/</site>
    </pub-venue>
</setId>
<setId>
    <pub-venue>
       <id>3917</id>
       <idClass>10333</idClass>
       <title>Journal of Molecular Graphics</title>
       <pub-type>J</pub-type>
    </pub-venue>
    <pub-venue>
       <id>332</id>
       <idClass>10333</idClass>
       <entity>ELSEVIER</entity>
       <issn>1093-3263</issn>
       <title>JOURNAL OF MOLECULAR GRAPHICS AND MODELLING</title>
       <title-abrev>J. Mol. Graph.</title-abrev>
       <title-abrev>J MOL GRAPH MODEL</title-abrev>
       <publisher>ELSEVIER SCIENCE INC</publisher>
       <pub-type>J</pub-type>
       <language>ENGLISH</language>
       <subject>MATHEMATICAL AND COMPUTATIONAL BIOLOGY</subject>
       <subject>COMPUTER SCIENCE, INTERDISCIPLINARY APPLICATIONS</subject>
       <subject>CRYSTALLOGRAPHY</subject>
       <subject>BIOCHEMICAL RESEARCH METHODS</subject>
       <subject>BIOCHEMISTRY AND MOLECULAR BIOLOGY</subject>
       <impact-factor-2010>2.038</impact-factor-2010>
       <impact-factor-5-years>2.271</impact-factor-5-years>
       <qualis-estrato>A2</qualis-estrato>
    </pub-venue>
</setId>
<setId>
    <pub-venue>
       <id>3935</id>
       <idClass>10269</idClass>
       <acronym>ITA</acronym>
       <title>Theoretical Informatics and Applications</title>
       <pub-type>J</pub-type>
    </pub-venue>
    <pub-venue>
       <id>268</id>
       <idClass>10269</idClass>
       <entity>EDP SCIENCES S A</entity>
       <issn>0988-3754</issn>
       <title>RAIRO - Theoretical Informatics and Applications</title>
       <title>Informatique Théorique et Applications</title>
       <title>RAIRO-THEORETICAL INFORMATICS AND APPLICATIONS</title>
       <title-abrev>RAIRO-THEOR INF APPL</title-abrev>
       <title-abrev>Rairo-Theor. Inform. Appl.</title-abrev>
       <publisher>EDP SCIENCES S A</publisher>
       <pub-type>J</pub-type>
       <language>ENGLISH</language>
       <subject>COMPUTER SCIENCE, INFORMATION SYSTEMS</subject>
       <impact-factor-2010>0.506</impact-factor-2010>
       <impact-factor-5-years>0.552</impact-factor-5-years>
       <qualis-estrato>B2</qualis-estrato>
       <site>http://journals.cambridge.org/action/displayJournal?jid=ITA</site>
    </pub-venue>
</setId>
<setId>
    <pub-venue>
       <id>3980</id>
       <idClass>101036</idClass>
       <acronym>IGPL</acronym>
       <title>Logic Journal of The Igpl / Bulletin of The Igpl</title>
       <pub-type>J</pub-type>
    </pub-venue>
    <pub-venue>
       <id>1034</id>
       <idClass>101036</idClass>
       <issn>1367-0751</issn>
       <issn>1368-9894</issn>
       <title>Logic Journal of the IGPL</title>
       <title-formerly>Bulletin of the IGPL</title-formerly>
       <pub-type>J</pub-type>
       <qualis-estrato>B3</qualis-estrato>
       <site>http://jigpal.oxfordjournals.org/</site>
    </pub-venue>
</setId>
<setId>
    <pub-venue>
       <id>3993</id>
       <idClass>101721</idClass>
       <acronym>IMA MCI</acronym>
       <title>Ima Journal of Mathematical Control and Information</title>
       <pub-type>J</pub-type>
    </pub-venue>
    <pub-venue>
       <id>1717</id>
       <idClass>101721</idClass>
       <acronym>IMA</acronym>
       <title>Journal of Mathematical Control and Information</title>
       <pub-type>J</pub-type>
       <site>http://imamci.oxfordjournals.org/</site>
    </pub-venue>
</setId>
<setId>
    <pub-venue>
       <id>4050</id>
       <idClass>101511</idClass>
       <acronym>Order</acronym>
       <title>A Journal on The Theory of Ordered Sets and Its Applications</title>
       <pub-type>J</pub-type>
    </pub-venue>
    <pub-venue>
       <id>1508</id>
       <idClass>101511</idClass>
       <title>Order - A Journal on the Theory of Ordered Sets and its Applications</title>
       <title>Order</title>
       <pub-type>J</pub-type>
       <site>http://www.springerlink.com/content/1572-9273/</site>
    </pub-venue>
</setId>
<setId>
    <pub-venue>
       <id>4103</id>
       <idClass>10724</idClass>
       <acronym>TOCE/JERIC</acronym>
       <title>ACM Transactions on Computing Education / ACM Journal of Educational Resources in Computing</title>
       <pub-type>J</pub-type>
    </pub-venue>
    <pub-venue>
       <id>723</id>
       <idClass>10724</idClass>
       <entity>ACM</entity>
       <acronym>TOCE</acronym>
       <title>ACM Transactions on Computing Education</title>
       <title-formerly>ACM Journal of Educational Resources in Computing</title-formerly>
       <acronym-formerly>JERIC</acronym-formerly>
       <pub-type>J</pub-type>
       <site>http://toce.acm.org/</site>
       <site>http://toce.acm.org</site>
    </pub-venue>
</setId>
<setId>
    <pub-venue>
       <id>4116</id>
       <idClass>101693</idClass>
       <acronym>EIK</acronym>
       <title>Journal of Information Processing and Cybernetics / Elektronische Informationsverarbeitung Und Kybernetik</title>
       <pub-type>J</pub-type>
    </pub-venue>
    <pub-venue>
       <id>1689</id>
       <idClass>101693</idClass>
       <title>Journal of Information Processing and Cybernetics</title>
       <title>Elektronische Informationsverarbeitung und Kybernetik</title>
       <pub-type>J</pub-type>
       <site>http://dl.acm.org/citation.cfm?id=J260</site>
    </pub-venue>
</setId>
<setId>
    <pub-venue>
       <id>4161</id>
       <idClass>101445</idClass>
       <acronym>WI</acronym>
       <title>Wirtschaftsinformatik / Angewandte Informatik</title>
       <pub-type>J</pub-type>
    </pub-venue>
    <pub-venue>
       <id>1442</id>
       <idClass>101445</idClass>
       <title>Angewandte Informatik</title>
       <pub-type>J</pub-type>
       <site>http://www.wirtschaftsinformatik.de/</site>
    </pub-venue>
</setId>
<setId>
    <pub-venue>
       <id>4175</id>
       <idClass>101359</idClass>
       <acronym>4OR</acronym>
       <title>A Quarterly Journal of Operations Research</title>
       <pub-type>J</pub-type>
    </pub-venue>
    <pub-venue>
       <id>1356</id>
       <idClass>101359</idClass>
       <acronym>4OR</acronym>
       <title>Quarterly Journal of the Belgian, French and Italian Operations Research Societies</title>
       <pub-type>J</pub-type>
       <site>http://www.springerlink.com/content/1614-2411/</site>
    </pub-venue>
</setId>
<setId>
    <pub-venue>
       <id>4210</id>
       <idClass>101686</idClass>
       <title>Ieice Electronic Express</title>
       <pub-type>J</pub-type>
    </pub-venue>
    <pub-venue>
       <id>1682</id>
       <idClass>101686</idClass>
       <acronym>IEICE</acronym>
       <title>Electronic Express</title>
       <pub-type>J</pub-type>
       <site>http://www.elex.ieice.org/archives.html</site>
    </pub-venue>
</setId>
<setId>
    <pub-venue>
       <id>4242</id>
       <idClass>101859</idClass>
       <title>ACM Sigdoc Asterisk Journal of Computer Documentation</title>
       <pub-type>J</pub-type>
    </pub-venue>
    <pub-venue>
       <id>1855</id>
       <idClass>101859</idClass>
       <acronym>JCD</acronym>
       <title>ACM Journal of Computer Documentation</title>
       <pub-type>J</pub-type>
       <site>http://dl.acm.org/toc.cfm?id=J24</site>
    </pub-venue>
</setId>
<setId>
    <pub-venue>
       <id>4306</id>
       <idClass>101810</idClass>
       <title>ACM Sigbed Review</title>
       <pub-type>J</pub-type>
    </pub-venue>
    <pub-venue>
       <id>1806</id>
       <idClass>101810</idClass>
       <title>SIGBED Review</title>
       <pub-type>J</pub-type>
       <site>http://sigbed.seas.upenn.edu/</site>
    </pub-venue>
</setId>
<setId>
    <pub-venue>
       <id>4314</id>
       <idClass>101397</idClass>
       <acronym>HMD</acronym>
       <title>Praxis Der Wirtschaftsinformatik</title>
       <pub-type>J</pub-type>
    </pub-venue>
    <pub-venue>
       <id>1394</id>
       <idClass>101397</idClass>
       <title>HMD - Praxis der Wirtschaftsinformatik</title>
       <pub-type>J</pub-type>
       <site>http://hmd.dpunkt.de/</site>
    </pub-venue>
</setId>
<setId>
    <pub-venue>
       <id>4420</id>
       <idClass>101490</idClass>
       <title>Frontiers of Computer Science in China</title>
       <pub-type>J</pub-type>
    </pub-venue>
    <pub-venue>
       <id>1487</id>
       <idClass>101490</idClass>
       <title>Frontiers of Computer Science</title>
       <pub-type>J</pub-type>
       <site>http://www.springerlink.com/content/2095-2228/</site>
    </pub-venue>
</setId>
<setId>
    <pub-venue>
       <id>4477</id>
       <idClass>10144</idClass>
       <acronym>Computer Science</acronym>
       <title>Research and Development</title>
       <pub-type>J</pub-type>
    </pub-venue>
    <pub-venue>
       <id>143</id>
       <idClass>10144</idClass>
       <entity>IBM</entity>
       <issn>0018-8646</issn>
       <title>IBM JOURNAL OF RESEARCH AND DEVELOPMENT</title>
       <title-abrev>IBM J RES DEV</title-abrev>
       <title-abrev>IBM J. Res. Dev.</title-abrev>
       <publisher>IBM CORP</publisher>
       <pub-type>J</pub-type>
       <language>ENGLISH</language>
       <subject>COMPUTER SCIENCE, HARDWARE AND ARCHITECTURE</subject>
       <subject>COMPUTER SCIENCE, THEORY AND METHODS</subject>
       <subject>COMPUTER SCIENCE, SOFTWARE ENGINEERING</subject>
       <subject>COMPUTER SCIENCE, INFORMATION SYSTEMS</subject>
       <impact-factor-2010>5.216</impact-factor-2010>
       <impact-factor-5-years>3.819</impact-factor-5-years>
       <qualis-estrato>A1</qualis-estrato>
       <site>http://www.almaden.ibm.com/journal/</site>
    </pub-venue>
</setId>
<setId>
    <pub-venue>
       <id>4559</id>
       <idClass>101584</idClass>
       <acronym>RCC</acronym>
       <title>Revista Colombiana De Computacion / Colombian Journal of Computation</title>
       <pub-type>J</pub-type>
    </pub-venue>
    <pub-venue>
       <id>1580</id>
       <idClass>101584</idClass>
       <title>Revista Colombiana de Computación</title>
       <title>Colombian Journal of Computation</title>
       <pub-type>J</pub-type>
       <site>http://revistas.unab.edu.co/index.php?journal=rcc</site>
    </pub-venue>
</setId>
Mon Nov 18 16:39:29 BRST 2013
minSim: 0.5 #menor similaridade a ser considerada para os titulos. os titulos que possuirem similaridade menor do que esta não serao considerados na comparacao.
maxSim: 1.0 #maior similaridade a ser considerada para os titulos. os titulos que possuirem similaridade maior do que esta não serao considerados na comparacao.
minSimIfAcronEqual: 0.5 # caso os veículos possuam siglas iguais, entao o valor minSim é atualizado para esse valor.
Os dados foram limpos.
Verificacão manual.
<setId>
    <pub-venue>
       <id>4588</id>
       <idClass>10118</idClass>
       <acronym>TSMCA</acronym>
       <title>IEEE Transactions on Systems, Man and Cybernetics, Part A: Systems and Humans</title>
       <pub-type>J</pub-type>
    </pub-venue>
    <pub-venue>
       <id>117</id>
       <idClass>10118</idClass>
       <entity>IEEE</entity>
       <issn>1083-4427</issn>
       <title>IEEE TRANSACTIONS ON SYSTEMS MAN AND CYBERNETICS PART A-SYSTEMS AND HUMANS</title>
       <title-abrev>IEEE T SYST MAN CY A</title-abrev>
       <title-abrev>IEEE Trans. Syst. Man Cybern. Paart A-Syst. Hum.</title-abrev>
       <publisher>IEEE-INST ELECTRICAL ELECTRONICS ENGINEERS INC</publisher>
       <pub-type>J</pub-type>
       <language>ENGLISH</language>
       <subject>COMPUTER SCIENCE, THEORY AND METHODS</subject>
       <subject>COMPUTER SCIENCE, CYBERNETICS</subject>
       <impact-factor-2010>2.093</impact-factor-2010>
       <impact-factor-5-years>2.210</impact-factor-5-years>
       <qualis-estrato>A1</qualis-estrato>
    </pub-venue>
</setId>
<setId>
    <pub-venue>
       <id>4815</id>
       <idClass>10582</idClass>
       <title>Srx Computer Science</title>
       <pub-type>J</pub-type>
    </pub-venue>
    <pub-venue>
       <id>581</id>
       <idClass>10582</idClass>
       <issn>1865-2034</issn>
       <issn>1865-2042</issn>
       <title>Computer Science</title>
       <title>Informatik - Forschung und Entwicklung</title>
       <title>Computer Science - Research and Development</title>
       <pub-type>J</pub-type>
       <qualis-estrato>B4</qualis-estrato>
       <site>http://www.springerlink.com/content/1865-2042/</site>
    </pub-venue>
</setId>
Mon Nov 18 16:58:02 BRST 2013
minSim: 0.5 #menor similaridade a ser considerada para os titulos. os titulos que possuirem similaridade menor do que esta não serao considerados na comparacao.
maxSim: 1.0 #maior similaridade a ser considerada para os titulos. os titulos que possuirem similaridade maior do que esta não serao considerados na comparacao.
minSimIfAcronEqual: 0.5 # caso os veículos possuam siglas iguais, entao o valor minSim é atualizado para esse valor.
Os dados foram limpos.
Verificacão manual.
