file microsoft
#removidos














************************************************************************
************************************************************************
************************************************************************
************************************************************************
************************************************************************
************************************************************************
************************************************************************
************************************************************************
************************************************************************
************************************************************************
************************************************************************
************************************************************************
file venue




************************************************************************
************************************************************************
************************************************************************
************************************************************************
************************************************************************
************************************************************************
************************************************************************
************************************************************************
************************************************************************
************************************************************************
************************************************************************
************************************************************************
file collection















