<info>
      <id>2</id>
      <acron></acron>
      <title>ADAPTIVE BEHAVIOR</title>
      <id>10</id>
      <acron></acron>
      <title>Adaptive Behavior</title>
</info>
<info>
      <id>12</id>
      <acron></acron>
      <title>ARTIFICIAL INTELLIGENCE</title>
      <id>14</id>
      <acron></acron>
      <title>Artificial Intelligence</title>
</info>
<info>
      <id>16</id>
      <acron></acron>
      <title>AUTONOMOUS AGENTS AND MULTI-AGENT SYSTEMS</title>
      <id>15</id>
      <acron></acron>
      <title>Autonomous Agents and Multi-Agent Systems</title>
</info>
<info>
      <id>19</id>
      <acron></acron>
      <title>Cognitive Systems Research</title>
      <id>17</id>
      <acron></acron>
      <title>Cognitive Systems Research</title>
</info>
<info>
      <id>21</id>
      <acron></acron>
      <title>COMPUTATIONAL INTELLIGENCE</title>
      <id>21</id>
      <acron></acron>
      <title>Computational Intelligence</title>
</info>
<info>
      <id>30</id>
      <acron></acron>
      <title>DATA MINING AND KNOWLEDGE DISCOVERY</title>
      <id>32</id>
      <acron></acron>
      <title>Data Mining and Knowledge Discovery</title>
</info>
<info>
      <id>33</id>
      <acron></acron>
      <title>EVOLUTIONARY COMPUTATION</title>
      <id>38</id>
      <acron></acron>
      <title>Evolutionary Computation</title>
</info>
<info>
      <id>40</id>
      <acron></acron>
      <title>IEEE INTELLIGENT SYSTEMS</title>
      <id>49</id>
      <acron></acron>
      <title>IEEE Intelligent Systems</title>
</info>
<info>
      <id>41</id>
      <acron></acron>
      <title>IEEE TRANSACTIONS ON EVOLUTIONARY COMPUTATION</title>
      <id>53</id>
      <acron></acron>
      <title>IEEE Transactions on Evolutionary Computation</title>
</info>
<info>
      <id>46</id>
      <acron></acron>
      <title>IEEE TRANSACTIONS ON PATTERN ANALYSIS AND MACHINE INTELLIGENCE</title>
      <id>57</id>
      <acron></acron>
      <title>IEEE Transactions on Pattern Analysis and Machine Intelligence</title>
</info>
<info>
      <id>54</id>
      <acron></acron>
      <title>International Journal of Applied Mathematics and Computer Science</title>
      <id>67</id>
      <acron></acron>
      <title>International Journal of Applied Mathematics and Computer Science</title>
</info>
<info>
      <id>56</id>
      <acron></acron>
      <title>International Journal on Artificial Intelligence Tools</title>
      <id>90</id>
      <acron></acron>
      <title>International Journal on Artificial Intelligence Tools</title>
</info>
<info>
      <id>61</id>
      <acron></acron>
      <title>INTERNATIONAL JOURNAL OF INFORMATION TECHNOLOGY AND DECISION MAKING</title>
      <id>80</id>
      <acron></acron>
      <title>International Journal of Information Technology and Decision Making</title>
</info>
<info>
      <id>65</id>
      <acron></acron>
      <title>INTERNATIONAL JOURNAL OF PATTERN RECOGNITION AND ARTIFICIAL INTELLIGENCE</title>
      <id>82</id>
      <acron></acron>
      <title>International Journal of Pattern Recognition and Artificial Intelligence</title>
</info>
<info>
      <id>68</id>
      <acron></acron>
      <title>INTERNATIONAL JOURNAL OF UNCERTAINTY FUZZINESS AND KNOWLEDGE-BASED SYSTEMS</title>
      <id>87</id>
      <acron></acron>
      <title>International Journal of Uncertainty, Fuzziness and Knowledge-Based Systems</title>
</info>
<info>
      <id>67</id>
      <acron></acron>
      <title>INTERNATIONAL JOURNAL OF SOFTWARE ENGINEERING AND KNOWLEDGE ENGINEERING</title>
      <id>86</id>
      <acron></acron>
      <title>International Journal of Software Engineering and Knowledge Engineering</title>
</info>
<info>
      <id>73</id>
      <acron></acron>
      <title>JOURNAL OF ARTIFICIAL INTELLIGENCE RESEARCH</title>
      <id>92</id>
      <acron></acron>
      <title>Journal of Artificial Intelligence Research</title>
</info>
<info>
      <id>74</id>
      <acron></acron>
      <title>JOURNAL OF AUTOMATED REASONING</title>
      <id>94</id>
      <acron></acron>
      <title>Journal of Automated Reasoning</title>
</info>
<info>
      <id>83</id>
      <acron></acron>
      <title>JOURNAL OF MACHINE LEARNING RESEARCH</title>
      <id>112</id>
      <acron></acron>
      <title>Journal of Machine Learning Research</title>
</info>
<info>
      <id>87</id>
      <acron></acron>
      <title>Journal of Web Semantics</title>
      <id>121</id>
      <acron></acron>
      <title>Journal of Web Semantics</title>
</info>
<info>
      <id>91</id>
      <acron></acron>
      <title>MACHINE LEARNING</title>
      <id>124</id>
      <acron></acron>
      <title>Machine Learning</title>
</info>
<info>
      <id>96</id>
      <acron></acron>
      <title>MINDS AND MACHINES</title>
      <id>125</id>
      <acron></acron>
      <title>Minds and Machines</title>
</info>
<info>
      <id>103</id>
      <acron></acron>
      <title>NEUROCOMPUTING</title>
      <id>128</id>
      <acron></acron>
      <title>Neurocomputing</title>
</info>
<info>
      <id>106</id>
      <acron></acron>
      <title>PATTERN RECOGNITION LETTERS</title>
      <id>130</id>
      <acron></acron>
      <title>Pattern Recognition Letters</title>
</info>
<info>
      <id>112</id>
      <acron>TOCHI</acron>
      <title>ACM Transactions on Computer-Human Interaction</title>
      <id>4</id>
      <acron></acron>
      <title>ACM Transactions on Computer-Human Interaction</title>
</info>
<info>
      <id>125</id>
      <acron></acron>
      <title>PRESENCE-TELEOPERATORS AND VIRTUAL ENVIRONMENTS</title>
      <id>133</id>
      <acron></acron>
      <title>Presence: Teleoperators and Virtual Environments</title>
</info>
<info>
      <id>134</id>
      <acron>CACM</acron>
      <title>COMMUNICATIONS OF THE ACM</title>
      <id>19</id>
      <acron></acron>
      <title>Communications of the ACM</title>
</info>
<info>
      <id>136</id>
      <acron></acron>
      <title>COMPUTER JOURNAL</title>
      <id>25</id>
      <acron></acron>
      <title>The Computer Journal</title>
</info>
<info>
      <id>137</id>
      <acron></acron>
      <title>Computer Networks</title>
      <id>27</id>
      <acron></acron>
      <title>Computer Networks</title>
</info>
<info>
      <id>145</id>
      <acron>TON</acron>
      <title>IEEE/ACM Transactions on Networking</title>
      <id>60</id>
      <acron></acron>
      <title>IEEE/ACM Transactions on Networking</title>
</info>
<info>
      <id>150</id>
      <acron></acron>
      <title>IEEE TRANSACTIONS ON COMPUTERS</title>
      <id>51</id>
      <acron></acron>
      <title>IEEE Transactions on Computers</title>
</info>
<info>
      <id>158</id>
      <acron></acron>
      <title>INTERNATIONAL JOURNAL OF HIGH PERFORMANCE COMPUTING APPLICATIONS</title>
      <id>76</id>
      <acron></acron>
      <title>International Journal of High Performance Computing Applications</title>
</info>
<info>
      <id>160</id>
      <acron>JACM</acron>
      <title>JOURNAL OF THE ACM</title>
      <id>120</id>
      <acron></acron>
      <title>Journal of the ACM</title>
</info>
<info>
      <id>161</id>
      <acron></acron>
      <title>JOURNAL OF CIRCUITS SYSTEMS AND COMPUTERS</title>
      <id>98</id>
      <acron></acron>
      <title>Journal of Circuits, Systems, and Computers</title>
</info>
<info>
      <id>163</id>
      <acron></acron>
      <title>JOURNAL OF COMPUTER AND SYSTEM SCIENCES</title>
      <id>101</id>
      <acron></acron>
      <title>Journal of Computer and System Sciences</title>
</info>
<info>
      <id>167</id>
      <acron></acron>
      <title>THE JOURNAL OF SUPERCOMPUTING</title>
      <id>117</id>
      <acron></acron>
      <title>The Journal of Supercomputing</title>
</info>
<info>
      <id>173</id>
      <acron></acron>
      <title>PERFORMANCE EVALUATION</title>
      <id>131</id>
      <acron></acron>
      <title>Performance Evaluation</title>
</info>
<info>
      <id>175</id>
      <acron>TODS</acron>
      <title>ACM TRANSACTIONS ON DATABASE SYSTEMS</title>
      <id>5</id>
      <acron></acron>
      <title>ACM Transactions on Database Systems</title>
</info>
<info>
      <id>180</id>
      <acron>TOMCCAP</acron>
      <title>ACM Transactions on Multimedia Computing, Communications, and Applications</title>
      <id>7</id>
      <acron></acron>
      <title>ACM Transactions on Multimedia Computing, Communications, and Applications</title>
</info>
<info>
      <id>183</id>
      <acron></acron>
      <title>ACTA INFORMATICA</title>
      <id>9</id>
      <acron></acron>
      <title>Acta Informatica</title>
</info>
<info>
      <id>190</id>
      <acron></acron>
      <title>Cluster Computing-The Journal of Networks Software Tools and Applications</title>
      <id>16</id>
      <acron></acron>
      <title>Cluster Computing</title>
</info>
<info>
      <id>207</id>
      <acron></acron>
      <title>IEEE TRANSACTIONS ON INFORMATION THEORY</title>
      <id>54</id>
      <acron></acron>
      <title>IEEE Transactions on Information Theory</title>
</info>
<info>
      <id>208</id>
      <acron></acron>
      <title>IEEE TRANSACTIONS ON MOBILE COMPUTING</title>
      <id>55</id>
      <acron></acron>
      <title>IEEE Transactions on Mobile Computing</title>
</info>
<info>
      <id>209</id>
      <acron></acron>
      <title>IEEE TRANSACTIONS ON MULTIMEDIA</title>
      <id>56</id>
      <acron></acron>
      <title>IEEE Transactions on Multimedia</title>
</info>
<info>
      <id>214</id>
      <acron></acron>
      <title>INFORMATION PROCESSING LETTERS</title>
      <id>63</id>
      <acron></acron>
      <title>Information Processing Letters</title>
</info>
<info>
      <id>226</id>
      <acron></acron>
      <title>INTERNATIONAL JOURNAL OF COOPERATIVE INFORMATION SYSTEMS</title>
      <id>74</id>
      <acron></acron>
      <title>International Journal of Cooperative Information Systems</title>
</info>
<info>
      <id>238</id>
      <acron></acron>
      <title>Journal of Chemical Information and Modeling</title>
      <id>96</id>
      <acron></acron>
      <title>Journal of Chemical Information and Modeling</title>
</info>
<info>
      <id>239</id>
      <acron></acron>
      <title>JOURNAL OF COMMUNICATIONS AND NETWORKS</title>
      <id>99</id>
      <acron></acron>
      <title>Journal of Communications and Networks</title>
</info>
<info>
      <id>242</id>
      <acron></acron>
      <title>Journal of Grid Computing</title>
      <id>107</id>
      <acron></acron>
      <title>Journal of Grid Computing</title>
</info>
<info>
      <id>245</id>
      <acron></acron>
      <title>JOURNAL OF INFORMATION TECHNOLOGY</title>
      <id>79</id>
      <acron></acron>
      <title>International Journal of Information Technology</title>
</info>
<info>
      <id>266</id>
      <acron></acron>
      <title>Personal and Ubiquitous Computing</title>
      <id>132</id>
      <acron></acron>
      <title>Personal and Ubiquitous Computing</title>
</info>
<info>
      <id>268</id>
      <acron></acron>
      <title>PROGRAM-ELECTRONIC LIBRARY AND INFORMATION SYSTEMS</title>
      <id>134</id>
      <acron></acron>
      <title>Program: Electronic Library and Information Systems</title>
</info>
<info>
      <id>281</id>
      <acron></acron>
      <title>ARCHIVES OF COMPUTATIONAL METHODS IN ENGINEERING</title>
      <id>13</id>
      <acron></acron>
      <title>Archives of Computational Methods in Engineering</title>
</info>
<info>
      <id>298</id>
      <acron></acron>
      <title>Computational and Mathematical Organization Theory</title>
      <id>20</id>
      <acron></acron>
      <title>Computational and Mathematical Organization Theory</title>
</info>
<info>
      <id>316</id>
      <acron>TCBB</acron>
      <title>IEEE/ACM Transactions on Computational Biology and Bioinformatics</title>
      <id>59</id>
      <acron></acron>
      <title>IEEE/ACM Transactions on Computational Biology and Bioinformatics</title>
</info>
<info>
      <id>337</id>
      <acron></acron>
      <title>Journal of Statistical Software</title>
      <id>116</id>
      <acron></acron>
      <title>Journal of Statistical Software</title>
</info>
<info>
      <id>345</id>
      <acron></acron>
      <title>QSAR AND COMBINATORIAL SCIENCE</title>
      <id>135</id>
      <acron></acron>
      <title>QSAR AND Combinatorial Science</title>
</info>
<info>
      <id>360</id>
      <acron>TOG</acron>
      <title>ACM TRANSACTIONS ON GRAPHICS</title>
      <id>6</id>
      <acron></acron>
      <title>ACM Transactions on Graphics</title>
</info>
<info>
      <id>362</id>
      <acron>TOPLAS</acron>
      <title>ACM TRANSACTIONS ON PROGRAMMING LANGUAGES AND SYSTEMS</title>
      <id>8</id>
      <acron></acron>
      <title>ACM Transactions on Programming Languages and Systems</title>
</info>
<info>
      <id>364</id>
      <acron></acron>
      <title>ALGORITHMICA</title>
      <id>12</id>
      <acron></acron>
      <title>Algorithmica</title>
</info>
<info>
      <id>378</id>
      <acron></acron>
      <title>FORMAL ASPECTS OF COMPUTING</title>
      <id>40</id>
      <acron></acron>
      <title>Formal Aspects of Computing</title>
</info>
<info>
      <id>379</id>
      <acron></acron>
      <title>FUNDAMENTA INFORMATICAE</title>
      <id>42</id>
      <acron></acron>
      <title>Fundamenta Informaticae</title>
</info>
<info>
      <id>381</id>
      <acron></acron>
      <title>ICGA JOURNAL</title>
      <id>47</id>
      <acron></acron>
      <title>ICGA Journal</title>
</info>
<info>
      <id>385</id>
      <acron></acron>
      <title>IEEE TRANSACTIONS ON SOFTWARE ENGINEERING</title>
      <id>58</id>
      <acron></acron>
      <title>IEEE Transactions on Software Engineering</title>
</info>
<info>
      <id>390</id>
      <acron></acron>
      <title>International Journal of Wavelets Multiresolution and Information Processing</title>
      <id>88</id>
      <acron></acron>
      <title>International Journal of Wavelets, Multiresolution and Information Processing</title>
</info>
<info>
      <id>391</id>
      <acron></acron>
      <title>JOURNAL OF FUNCTIONAL PROGRAMMING</title>
      <id>105</id>
      <acron></acron>
      <title>Journal of Functional Programming</title>
</info>
<info>
      <id>392</id>
      <acron></acron>
      <title>JOURNAL OF SOFTWARE MAINTENANCE AND EVOLUTION-RESEARCH AND PRACTICE</title>
      <id>115</id>
      <acron></acron>
      <title>Journal of Software Maintenance and Evolution: Research and Practice</title>
</info>
<info>
      <id>393</id>
      <acron></acron>
      <title>JOURNAL OF SYSTEMS AND SOFTWARE</title>
      <id>119</id>
      <acron></acron>
      <title>Journal of Systems and Software</title>
</info>
<info>
      <id>403</id>
      <acron></acron>
      <title>Software and Systems Modeling</title>
      <id>143</id>
      <acron></acron>
      <title>Software and Systems Modeling</title>
</info>
<info>
      <id>404</id>
      <acron></acron>
      <title>SOFTWARE TESTING VERIFICATION AND RELIABILITY</title>
      <id>144</id>
      <acron></acron>
      <title>Software Testing, Verification and Reliability</title>
</info>
<info>
      <id>409</id>
      <acron>CSUR</acron>
      <title>ACM COMPUTING SURVEYS</title>
      <id>2</id>
      <acron></acron>
      <title>ACM Computing Surveys</title>
</info>
<info>
      <id>411</id>
      <acron>TOCL</acron>
      <title>ACM Transactions on Computational Logic</title>
      <id>3</id>
      <acron></acron>
      <title>ACM Transactions on Computational Logic</title>
</info>
<info>
      <id>416</id>
      <acron></acron>
      <title>COMPUTING</title>
      <id>30</id>
      <acron></acron>
      <title>Computing</title>
</info>
<info>
      <id>420</id>
      <acron></acron>
      <title>DISTRIBUTED COMPUTING</title>
      <id>33</id>
      <acron></acron>
      <title>Distributed Computing</title>
</info>
<info>
      <id>424</id>
      <acron></acron>
      <title>FUZZY SETS AND SYSTEMS</title>
      <id>43</id>
      <acron></acron>
      <title>Fuzzy Sets and Systems</title>
</info>
<info>
      <id>425</id>
      <acron></acron>
      <title>IEEE ANNALS OF THE HISTORY OF COMPUTING</title>
      <id>48</id>
      <acron></acron>
      <title>IEEE Annals of the History of Computing</title>
</info>
<info>
      <id>428</id>
      <acron></acron>
      <title>INFORMATION AND COMPUTATION</title>
      <id>62</id>
      <acron></acron>
      <title>Information and Computation</title>
</info>
<info>
      <id>430</id>
      <acron></acron>
      <title>INTERNATIONAL JOURNAL OF FOUNDATIONS OF COMPUTER SCIENCE</title>
      <id>75</id>
      <acron></acron>
      <title>International Journal of Foundations of Computer Science</title>
</info>
<info>
      <id>429</id>
      <acron></acron>
      <title>INTERNATIONAL JOURNAL OF COMPUTATIONAL GEOMETRY AND APPLICATIONS</title>
      <id>69</id>
      <acron></acron>
      <title>International Journal of Computational Geometry and Applications</title>
</info>
<info>
      <id>440</id>
      <acron></acron>
      <title>JOURNAL OF CRYPTOLOGY</title>
      <id>103</id>
      <acron></acron>
      <title>Journal of Cryptology</title>
</info>
<info>
      <id>442</id>
      <acron></acron>
      <title>JOURNAL OF LOGIC AND COMPUTATION</title>
      <id>111</id>
      <acron></acron>
      <title>Journal of Logic and Computation</title>
</info>
<info>
      <id>441</id>
      <acron></acron>
      <title>JOURNAL OF LOGIC AND ALGEBRAIC PROGRAMMING</title>
      <id>110</id>
      <acron></acron>
      <title>The Journal of Logic and Algebraic Programming</title>
</info>
<info>
      <id>444</id>
      <acron></acron>
      <title>JOURNAL OF SYMBOLIC COMPUTATION</title>
      <id>118</id>
      <acron></acron>
      <title>Journal of Symbolic Computation</title>
</info>
<info>
      <id>445</id>
      <acron></acron>
      <title>Logical Methods in Computer Science</title>
      <id>123</id>
      <acron></acron>
      <title>Logical Methods in Computer Science</title>
</info>
<info>
      <id>453</id>
      <acron></acron>
      <title>SIAM JOURNAL ON COMPUTING</title>
      <id>140</id>
      <acron></acron>
      <title>SIAM Journal on Computing</title>
</info>
<info>
      <id>455</id>
      <acron></acron>
      <title>THEORETICAL COMPUTER SCIENCE</title>
      <id>145</id>
      <acron></acron>
      <title>Theoretical Computer Science</title>
</info>
<info>
      <id>578</id>
      <acron></acron>
      <title>Computational Mechanics</title>
      <id>22</id>
      <acron></acron>
      <title>Computational Mechanics</title>
</info>
<info>
      <id>582</id>
      <acron></acron>
      <title>Computer Science</title>
      <id>28</id>
      <acron></acron>
      <title>Computer Science</title>
</info>
<info>
      <id>628</id>
      <acron>ELCVIA</acron>
      <title>Electronic letters on computer vision and image analysis</title>
      <id>34</id>
      <acron></acron>
      <title>Electronic Letters on Computer Vision and Image Analysis</title>
</info>
<info>
      <id>638</id>
      <acron></acron>
      <title>Electronic Notes in Theoretical Computer Science</title>
      <id>35</id>
      <acron></acron>
      <title>Electronic Notes in Theoretical Computer Science</title>
</info>
<info>
      <id>639</id>
      <acron></acron>
      <title>Electronic Proceedings in Theoretical Computer Science</title>
      <id>36</id>
      <acron></acron>
      <title>Electronic Proceedings in Theoretical Computer Science</title>
</info>
<info>
      <id>657</id>
      <acron></acron>
      <title>EURASIP Journal on Advances in Signal Processing</title>
      <id>37</id>
      <acron></acron>
      <title>EURASIP Journal on Advances in Signal Processing</title>
</info>
<info>
      <id>677</id>
      <acron></acron>
      <title>First Monday</title>
      <id>39</id>
      <acron></acron>
      <title>First Monday</title>
</info>
<info>
      <id>766</id>
      <acron></acron>
      <title>Innovations in Systems and Software Engineering</title>
      <id>66</id>
      <acron></acron>
      <title>Innovations in Systems and Software Engineering</title>
</info>
<info>
      <id>799</id>
      <acron></acron>
      <title>International Journal of Computer Assisted Radiology and Surgery</title>
      <id>72</id>
      <acron></acron>
      <title>International Journal of Computer Assisted Radiology and Surgery</title>
</info>
<info>
      <id>832</id>
      <acron></acron>
      <title>International Journal of Image and Graphics</title>
      <id>77</id>
      <acron></acron>
      <title>International Journal of Image and Graphics</title>
</info>
<info>
      <id>866</id>
      <acron></acron>
      <title>International Journal of Semantic Computing</title>
      <id>83</id>
      <acron></acron>
      <title>International Journal of Semantic Computing</title>
</info>
<info>
      <id>880</id>
      <acron></acron>
      <title>International Journal of Wireless Information Networks</title>
      <id>89</id>
      <acron></acron>
      <title>International Journal of Wireless Information Networks</title>
</info>
<info>
      <id>882</id>
      <acron></acron>
      <title>International Journal on Computational Intelligence and Applications</title>
      <id>70</id>
      <acron></acron>
      <title>International Journal of Computational Intelligence and Applications</title>
</info>
<info>
      <id>919</id>
      <acron></acron>
      <title>Journal of Bioinformatics and Computational Biology</title>
      <id>95</id>
      <acron></acron>
      <title>Journal of Bioinformatics and Computational Biology</title>
</info>
<info>
      <id>954</id>
      <acron></acron>
      <title>Journal of Formalized Reasoning</title>
      <id>104</id>
      <acron></acron>
      <title>Journal of Formalized Reasoning</title>
</info>
<info>
      <id>979</id>
      <acron></acron>
      <title>Journal of Multimedia</title>
      <id>113</id>
      <acron></acron>
      <title>Journal of Multimedia</title>
</info>
<info>
      <id>987</id>
      <acron></acron>
      <title>Journal of Object Technology</title>
      <id>114</id>
      <acron></acron>
      <title>The Journal of Object Technology</title>
</info>
<info>
      <id>1008</id>
      <acron></acron>
      <title>Journal of the Brazilian Computer Society </title>
      <id>91</id>
      <acron></acron>
      <title>Journal of the Brazilian Computer Society</title>
</info>
<info>
      <id>1086</id>
      <acron></acron>
      <title>Parallel Processing Letters</title>
      <id>129</id>
      <acron></acron>
      <title>Parallel Processing Letters</title>
</info>
<info>
      <id>1224</id>
      <acron></acron>
      <title>SIAM Journal on Scientific Computing</title>
      <id>141</id>
      <acron></acron>
      <title>SIAM Journal on Scientific Computing</title>
</info>
<info>
      <id>1282</id>
      <acron></acron>
      <title>Transactions on Aspect-Oriented Software Development</title>
      <id>147</id>
      <acron></acron>
      <title>Transactions on Aspect Oriented Software Development</title>
</info>
<info>
      <id>162</id>
      <acron></acron>
      <title>JOURNAL OF COMPUTER SCIENCE AND TECHNOLOGY</title>
      <id>44</id>
      <acron></acron>
      <title>Global Journal of Computer Science and Technology</title>
</info>
Total de fusões: 108