<info>
      <id>1</id>
      <acron></acron>
      <title>ACM Transactions on Autonomous and Adaptive Systems</title>
      <id>9</id>
      <acron></acron>
      <title>ACM Transactions on Autonomous and Adaptive Systems</title>
</info>
<info>
      <id>2</id>
      <acron></acron>
      <title>ADAPTIVE BEHAVIOR</title>
      <id>30</id>
      <acron></acron>
      <title>Adaptive Behavior</title>
</info>
<info>
      <id>4</id>
      <acron></acron>
      <title>ADVANCED ENGINEERING INFORMATICS</title>
      <id>31</id>
      <acron></acron>
      <title>Advanced Engineering Informatics</title>
</info>
<info>
      <id>5</id>
      <acron></acron>
      <title>AI COMMUNICATIONS</title>
      <id>41</id>
      <acron></acron>
      <title>AI Communications</title>
</info>
<info>
      <id>7</id>
      <acron></acron>
      <title>AI MAGAZINE</title>
      <id>1180</id>
      <acron></acron>
      <title>The AI Magazine</title>
</info>
<info>
      <id>8</id>
      <acron></acron>
      <title>ANNALS OF MATHEMATICS AND ARTIFICIAL INTELLIGENCE</title>
      <id>57</id>
      <acron></acron>
      <title>Annals of Mathematics and Artificial Intelligence</title>
</info>
<info>
      <id>9</id>
      <acron></acron>
      <title>APPLIED ARTIFICIAL INTELLIGENCE</title>
      <id>70</id>
      <acron></acron>
      <title>Applied Artificial Intelligence</title>
</info>
<info>
      <id>10</id>
      <acron></acron>
      <title>APPLIED INTELLIGENCE</title>
      <id>72</id>
      <acron></acron>
      <title>Applied Intelligence</title>
</info>
<info>
      <id>11</id>
      <acron></acron>
      <title>APPLIED SOFT COMPUTING</title>
      <id>80</id>
      <acron></acron>
      <title>Applied Soft Computing</title>
</info>
<info>
      <id>12</id>
      <acron></acron>
      <title>ARTIFICIAL INTELLIGENCE</title>
      <id>92</id>
      <acron></acron>
      <title>Artificial Intelligence</title>
</info>
<info>
      <id>13</id>
      <acron></acron>
      <title>ARTIFICIAL INTELLIGENCE IN MEDICINE</title>
      <id>94</id>
      <acron></acron>
      <title>Artificial Intelligence in Medicine</title>
</info>
<info>
      <id>14</id>
      <acron></acron>
      <title>ARTIFICIAL INTELLIGENCE REVIEW</title>
      <id>95</id>
      <acron></acron>
      <title>Artificial Intelligence Review</title>
</info>
<info>
      <id>15</id>
      <acron></acron>
      <title>ARTIFICIAL LIFE</title>
      <id>96</id>
      <acron></acron>
      <title>Artificial Life</title>
</info>
<info>
      <id>16</id>
      <acron></acron>
      <title>AUTONOMOUS AGENTS AND MULTI-AGENT SYSTEMS</title>
      <id>100</id>
      <acron></acron>
      <title>Autonomous Agents and Multi-Agent Systems</title>
</info>
<info>
      <id>17</id>
      <acron></acron>
      <title>AUTONOMOUS ROBOTS</title>
      <id>101</id>
      <acron></acron>
      <title>Autonomous Robots</title>
</info>
<info>
      <id>18</id>
      <acron></acron>
      <title>CHEMOMETRICS AND INTELLIGENT LABORATORY SYSTEMS</title>
      <id>149</id>
      <acron></acron>
      <title>Chemometrics and Intelligent Laboratory Systems</title>
</info>
<info>
      <id>20</id>
      <acron></acron>
      <title>COMPUTING AND INFORMATICS</title>
      <id>228</id>
      <acron></acron>
      <title>Computing and Informatics</title>
</info>
<info>
      <id>22</id>
      <acron></acron>
      <title>COMPUTATIONAL LINGUISTICS</title>
      <id>176</id>
      <acron></acron>
      <title>Computational Linguistics</title>
</info>
<info>
      <id>23</id>
      <acron></acron>
      <title>COMPUTER SPEECH AND LANGUAGE</title>
      <id>201</id>
      <acron></acron>
      <title>Computer Speech and Language</title>
</info>
<info>
      <id>24</id>
      <acron></acron>
      <title>COMPUTER VISION AND IMAGE UNDERSTANDING</title>
      <id>205</id>
      <acron></acron>
      <title>Computer Vision and Image Understanding</title>
</info>
<info>
      <id>26</id>
      <acron></acron>
      <title>CONSTRAINTS</title>
      <id>236</id>
      <acron></acron>
      <title>Constraints</title>
</info>
<info>
      <id>27</id>
      <acron></acron>
      <title>DATA AND KNOWLEDGE ENGINEERING</title>
      <id>251</id>
      <acron></acron>
      <title>Data and Knowledge Engineering</title>
</info>
<info>
      <id>28</id>
      <acron></acron>
      <title>DATA MINING AND KNOWLEDGE DISCOVERY</title>
      <id>252</id>
      <acron></acron>
      <title>Data Mining and Knowledge Discovery</title>
</info>
<info>
      <id>29</id>
      <acron></acron>
      <title>DECISION SUPPORT SYSTEMS</title>
      <id>254</id>
      <acron></acron>
      <title>Decision Support Systems</title>
</info>
<info>
      <id>30</id>
      <acron></acron>
      <title>ENGINEERING APPLICATIONS OF ARTIFICIAL INTELLIGENCE</title>
      <id>307</id>
      <acron></acron>
      <title>Engineering Applications of Artificial Intelligence</title>
</info>
<info>
      <id>31</id>
      <acron></acron>
      <title>EVOLUTIONARY COMPUTATION</title>
      <id>334</id>
      <acron></acron>
      <title>Evolutionary Computation</title>
</info>
<info>
      <id>32</id>
      <acron></acron>
      <title>EXPERT SYSTEMS</title>
      <id>338</id>
      <acron></acron>
      <title>Expert Systems</title>
</info>
<info>
      <id>33</id>
      <acron></acron>
      <title>EXPERT SYSTEMS WITH APPLICATIONS</title>
      <id>339</id>
      <acron></acron>
      <title>Expert Systems with Applications</title>
</info>
<info>
      <id>35</id>
      <acron></acron>
      <title>Genetic Programming and Evolvable Machines</title>
      <id>357</id>
      <acron></acron>
      <title>Genetic Programming and Evolvable Machines</title>
</info>
<info>
      <id>37</id>
      <acron></acron>
      <title>IEEE INTELLIGENT SYSTEMS</title>
      <id>396</id>
      <acron></acron>
      <title>IEEE Intelligent Systems</title>
</info>
<info>
      <id>38</id>
      <acron></acron>
      <title>IEEE TRANSACTIONS ON EVOLUTIONARY COMPUTATION</title>
      <id>423</id>
      <acron></acron>
      <title>IEEE Transactions on Evolutionary Computation</title>
</info>
<info>
      <id>39</id>
      <acron></acron>
      <title>IEEE TRANSACTIONS ON FUZZY SYSTEMS</title>
      <id>424</id>
      <acron></acron>
      <title>IEEE Transactions on Fuzzy Systems</title>
</info>
<info>
      <id>40</id>
      <acron></acron>
      <title>IEEE TRANSACTIONS ON IMAGE PROCESSING</title>
      <id>426</id>
      <acron></acron>
      <title>IEEE Transactions on Image Processing</title>
</info>
<info>
      <id>41</id>
      <acron></acron>
      <title>IEEE TRANSACTIONS ON KNOWLEDGE AND DATA ENGINEERING</title>
      <id>432</id>
      <acron></acron>
      <title>IEEE Transactions on Knowledge and Data Engineering</title>
</info>
<info>
      <id>42</id>
      <acron></acron>
      <title>IEEE TRANSACTIONS ON NEURAL NETWORKS</title>
      <id>438</id>
      <acron></acron>
      <title>IEEE Transactions on Neural Networks</title>
</info>
<info>
      <id>43</id>
      <acron></acron>
      <title>IEEE TRANSACTIONS ON PATTERN ANALYSIS AND MACHINE INTELLIGENCE</title>
      <id>441</id>
      <acron></acron>
      <title>IEEE Transactions on Pattern Analysis and Machine Intelligence</title>
</info>
<info>
      <id>44</id>
      <acron></acron>
      <title>IEEE TRANSACTIONS ON SYSTEMS MAN AND CYBERNETICS PART B-CYBERNETICS</title>
      <id>451</id>
      <acron></acron>
      <title>IEEE Transactions on Systems, Man and Cybernetics - Part B: Cybernetics</title>
</info>
<info>
      <id>45</id>
      <acron></acron>
      <title>IEEE TRANSACTIONS ON SYSTEMS MAN AND CYBERNETICS PART C-APPLICATIONS AND REVIEWS</title>
      <id>452</id>
      <acron></acron>
      <title>IEEE Transactions on Systems, Man and Cybernetics - Part C: Applications and Reviews</title>
</info>
<info>
      <id>47</id>
      <acron></acron>
      <title>IMAGE AND VISION COMPUTING</title>
      <id>476</id>
      <acron></acron>
      <title>Image and Vision Computing</title>
</info>
<info>
      <id>49</id>
      <acron></acron>
      <title>Information Fusion</title>
      <id>488</id>
      <acron></acron>
      <title>Information Fusion</title>
</info>
<info>
      <id>52</id>
      <acron></acron>
      <title>INTERNATIONAL JOURNAL OF APPROXIMATE REASONING</title>
      <id>529</id>
      <acron></acron>
      <title>International Journal of Approximate Reasoning</title>
</info>
<info>
      <id>53</id>
      <acron></acron>
      <title>International Journal on Artificial Intelligence Tools</title>
      <id>655</id>
      <acron></acron>
      <title>International Journal on Artificial Intelligence Tools</title>
</info>
<info>
      <id>55</id>
      <acron></acron>
      <title>INTERNATIONAL JOURNAL OF COMPUTER VISION</title>
      <id>555</id>
      <acron></acron>
      <title>International Journal of Computer Vision</title>
</info>
<info>
      <id>56</id>
      <acron></acron>
      <title>International Journal on Document Analysis and Recognition</title>
      <id>658</id>
      <acron></acron>
      <title>International Journal on Document Analysis and Recognition</title>
</info>
<info>
      <id>59</id>
      <acron></acron>
      <title>International Journal of Innovative Computing Information and Control</title>
      <id>599</id>
      <acron></acron>
      <title>International Journal of Innovative Computing, Information and Control</title>
</info>
<info>
      <id>60</id>
      <acron></acron>
      <title>INTERNATIONAL JOURNAL OF INTELLIGENT SYSTEMS</title>
      <id>603</id>
      <acron></acron>
      <title>International Journal of Intelligent Systems</title>
</info>
<info>
      <id>61</id>
      <acron></acron>
      <title>International Journal of Neural Systems</title>
      <id>619</id>
      <acron></acron>
      <title>International Journal of Neural Systems</title>
</info>
<info>
      <id>62</id>
      <acron></acron>
      <title>INTERNATIONAL JOURNAL OF PATTERN RECOGNITION AND ARTIFICIAL INTELLIGENCE</title>
      <id>623</id>
      <acron></acron>
      <title>International Journal of Pattern Recognition and Artificial Intelligence</title>
</info>
<info>
      <id>64</id>
      <acron></acron>
      <title>INTERNATIONAL JOURNAL OF SOFTWARE ENGINEERING AND KNOWLEDGE ENGINEERING</title>
      <id>639</id>
      <acron></acron>
      <title>International Journal of Software Engineering and Knowledge Engineering</title>
</info>
<info>
      <id>65</id>
      <acron></acron>
      <title>INTERNATIONAL JOURNAL OF UNCERTAINTY FUZZINESS AND KNOWLEDGE-BASED SYSTEMS</title>
      <id>648</id>
      <acron></acron>
      <title>International Journal of Uncertainty, Fuzziness and Knowledge-Based Systems</title>
</info>
<info>
      <id>66</id>
      <acron></acron>
      <title>INTEGRATED COMPUTER-AIDED ENGINEERING</title>
      <id>508</id>
      <acron></acron>
      <title>Integrated Computer-Aided Engineering</title>
</info>
<info>
      <id>67</id>
      <acron></acron>
      <title>INTELLIGENT AUTOMATION AND SOFT COMPUTING</title>
      <id>512</id>
      <acron></acron>
      <title>Intelligent Automation and Soft Computing</title>
</info>
<info>
      <id>68</id>
      <acron></acron>
      <title>Intelligent Data Analysis</title>
      <id>513</id>
      <acron></acron>
      <title>Intelligent Data Analysis</title>
</info>
<info>
      <id>70</id>
      <acron></acron>
      <title>JOURNAL OF ARTIFICIAL INTELLIGENCE RESEARCH</title>
      <id>1194</id>
      <acron></acron>
      <title>The Journal of Artificial Intelligence Research</title>
</info>
<info>
      <id>72</id>
      <acron></acron>
      <title>JOURNAL OF CHEMOMETRICS</title>
      <id>700</id>
      <acron></acron>
      <title>Journal of Chemometrics</title>
</info>
<info>
      <id>73</id>
      <acron></acron>
      <title>JOURNAL OF COMPUTER AND SYSTEMS SCIENCES INTERNATIONAL</title>
      <id>718</id>
      <acron></acron>
      <title>Journal of Computer and Systems Sciences International</title>
</info>
<info>
      <id>74</id>
      <acron></acron>
      <title>JOURNAL OF EXPERIMENTAL AND THEORETICAL ARTIFICIAL INTELLIGENCE</title>
      <id>747</id>
      <acron></acron>
      <title>Journal of Experimental and Theoretical Artificial Intelligence</title>
</info>
<info>
      <id>75</id>
      <acron></acron>
      <title>JOURNAL OF HEURISTICS</title>
      <id>757</id>
      <acron></acron>
      <title>Journal of Heuristics</title>
</info>
<info>
      <id>76</id>
      <acron></acron>
      <title>JOURNAL OF INTELLIGENT AND FUZZY SYSTEMS</title>
      <id>768</id>
      <acron></acron>
      <title>Journal of Intelligent and Fuzzy Systems</title>
</info>
<info>
      <id>77</id>
      <acron></acron>
      <title>JOURNAL OF INTELLIGENT INFORMATION SYSTEMS</title>
      <id>770</id>
      <acron></acron>
      <title>Journal of Intelligent Information Systems</title>
</info>
<info>
      <id>79</id>
      <acron></acron>
      <title>JOURNAL OF INTELLIGENT AND ROBOTIC SYSTEMS</title>
      <id>769</id>
      <acron></acron>
      <title>Journal of Intelligent and Robotic Systems</title>
</info>
<info>
      <id>80</id>
      <acron></acron>
      <title>JOURNAL OF MACHINE LEARNING RESEARCH</title>
      <id>780</id>
      <acron></acron>
      <title>Journal of Machine Learning Research</title>
</info>
<info>
      <id>81</id>
      <acron></acron>
      <title>JOURNAL OF MATHEMATICAL IMAGING AND VISION</title>
      <id>785</id>
      <acron></acron>
      <title>Journal of Mathematical Imaging and Vision</title>
</info>
<info>
      <id>82</id>
      <acron></acron>
      <title>JOURNAL OF MULTIPLE-VALUED LOGIC AND SOFT COMPUTING</title>
      <id>794</id>
      <acron></acron>
      <title>Journal of Multiple-Valued Logic and Soft Computing</title>
</info>
<info>
      <id>84</id>
      <acron></acron>
      <title>Journal of Web Semantics</title>
      <id>856</id>
      <acron></acron>
      <title>Journal of Web Semantics</title>
</info>
<info>
      <id>86</id>
      <acron></acron>
      <title>KNOWLEDGE AND INFORMATION SYSTEMS</title>
      <id>862</id>
      <acron></acron>
      <title>Knowledge and Information Systems</title>
</info>
<info>
      <id>87</id>
      <acron></acron>
      <title>KNOWLEDGE-BASED SYSTEMS</title>
      <id>865</id>
      <acron></acron>
      <title>Knowledge-Based Systems</title>
</info>
<info>
      <id>89</id>
      <acron></acron>
      <title>MACHINE VISION AND APPLICATIONS</title>
      <id>889</id>
      <acron></acron>
      <title>Machine Vision and Applications</title>
</info>
<info>
      <id>91</id>
      <acron></acron>
      <title>MECHATRONICS</title>
      <id>906</id>
      <acron></acron>
      <title>Mechatronics</title>
</info>
<info>
      <id>92</id>
      <acron></acron>
      <title>MEDICAL IMAGE ANALYSIS</title>
      <id>909</id>
      <acron></acron>
      <title>Medical Image Analysis</title>
</info>
<info>
      <id>94</id>
      <acron></acron>
      <title>NETWORK-COMPUTATION IN NEURAL SYSTEMS</title>
      <id>928</id>
      <acron></acron>
      <title>Network: Computation in Neural Systems </title>
</info>
<info>
      <id>95</id>
      <acron></acron>
      <title>NEURAL COMPUTATION</title>
      <id>931</id>
      <acron></acron>
      <title>Neural Computation</title>
</info>
<info>
      <id>96</id>
      <acron></acron>
      <title>NEURAL COMPUTING AND APPLICATIONS</title>
      <id>932</id>
      <acron></acron>
      <title>Neural Computing and Applications</title>
</info>
<info>
      <id>97</id>
      <acron></acron>
      <title>Neural Network World</title>
      <id>933</id>
      <acron></acron>
      <title>Neural Network World</title>
</info>
<info>
      <id>98</id>
      <acron></acron>
      <title>NEURAL NETWORKS</title>
      <id>934</id>
      <acron></acron>
      <title>Neural Networks</title>
</info>
<info>
      <id>99</id>
      <acron></acron>
      <title>NEURAL PROCESSING LETTERS</title>
      <id>935</id>
      <acron></acron>
      <title>Neural Processing Letters</title>
</info>
<info>
      <id>100</id>
      <acron></acron>
      <title>NEUROCOMPUTING</title>
      <id>936</id>
      <acron></acron>
      <title>Neurocomputing</title>
</info>
<info>
      <id>101</id>
      <acron></acron>
      <title>PATTERN ANALYSIS AND APPLICATIONS</title>
      <id>969</id>
      <acron></acron>
      <title>Pattern Analysis and Applications</title>
</info>
<info>
      <id>102</id>
      <acron></acron>
      <title>PATTERN RECOGNITION</title>
      <id>970</id>
      <acron></acron>
      <title>Pattern Recognition</title>
</info>
<info>
      <id>103</id>
      <acron></acron>
      <title>PATTERN RECOGNITION LETTERS</title>
      <id>972</id>
      <acron></acron>
      <title>Pattern Recognition Letters</title>
</info>
<info>
      <id>104</id>
      <acron></acron>
      <title>ROBOTICS AND AUTONOMOUS SYSTEMS</title>
      <id>1107</id>
      <acron></acron>
      <title>Robotics and Autonomous Systems</title>
</info>
<info>
      <id>111</id>
      <acron></acron>
      <title>BIOLOGICAL CYBERNETICS</title>
      <id>110</id>
      <acron></acron>
      <title>Biological Cybernetics</title>
</info>
<info>
      <id>112</id>
      <acron></acron>
      <title>CONTROL AND CYBERNETICS</title>
      <id>239</id>
      <acron></acron>
      <title>Control and Cybernetics</title>
</info>
<info>
      <id>115</id>
      <acron></acron>
      <title>IEEE TRANSACTIONS ON SYSTEMS MAN AND CYBERNETICS PART A-SYSTEMS AND HUMANS</title>
      <id>450</id>
      <acron></acron>
      <title>IEEE Transactions on Systems, Man and Cybernetics - Part A: Systems and Humans</title>
</info>
<info>
      <id>118</id>
      <acron></acron>
      <title>INTERACTING WITH COMPUTERS</title>
      <id>516</id>
      <acron></acron>
      <title>Interacting with Computers</title>
</info>
<info>
      <id>119</id>
      <acron></acron>
      <title>KYBERNETES</title>
      <id>867</id>
      <acron></acron>
      <title>Kybernetes</title>
</info>
<info>
      <id>120</id>
      <acron></acron>
      <title>KYBERNETIKA</title>
      <id>868</id>
      <acron></acron>
      <title>Kybernetika</title>
</info>
<info>
      <id>126</id>
      <acron></acron>
      <title>ACM TRANSACTIONS ON DESIGN AUTOMATION OF ELECTRONIC SYSTEMS</title>
      <id>12</id>
      <acron></acron>
      <title>ACM Transactions on Design Automation of Electronic Systems</title>
</info>
<info>
      <id>127</id>
      <acron></acron>
      <title>ACM Transactions on Embedded Computing Systems</title>
      <id>13</id>
      <acron></acron>
      <title>ACM Transactions on Embedded Computing Systems</title>
</info>
<info>
      <id>128</id>
      <acron></acron>
      <title>Advances In Computers</title>
      <id>34</id>
      <acron></acron>
      <title>Advances in Computers</title>
</info>
<info>
      <id>129</id>
      <acron></acron>
      <title>ANALOG INTEGRATED CIRCUITS AND SIGNAL PROCESSING</title>
      <id>52</id>
      <acron></acron>
      <title>Analog Integrated Circuits and Signal Processing</title>
</info>
<info>
      <id>131</id>
      <acron></acron>
      <title>COMMUNICATIONS OF THE ACM</title>
      <id>167</id>
      <acron></acron>
      <title>Communications of the ACM</title>
</info>
<info>
      <id>132</id>
      <acron></acron>
      <title>COMPUTERS AND ELECTRICAL ENGINEERING</title>
      <id>209</id>
      <acron></acron>
      <title>Computers and Electrical Engineering</title>
</info>
<info>
      <id>133</id>
      <acron></acron>
      <title>COMPUTER JOURNAL</title>
      <id>192</id>
      <acron></acron>
      <title>Computer Journal</title>
</info>
<info>
      <id>134</id>
      <acron></acron>
      <title>Computer Networks</title>
      <id>198</id>
      <acron></acron>
      <title>Computer Networks</title>
</info>
<info>
      <id>135</id>
      <acron></acron>
      <title>COMPUTER STANDARDS AND INTERFACES</title>
      <id>202</id>
      <acron></acron>
      <title>Computer Standards and Interfaces</title>
</info>
<info>
      <id>136</id>
      <acron></acron>
      <title>COMPUTER SYSTEMS SCIENCE AND ENGINEERING</title>
      <id>204</id>
      <acron></acron>
      <title>Computer Systems Science and Engineering</title>
</info>
<info>
      <id>137</id>
      <acron></acron>
      <title>COMPUTER</title>
      <id>183</id>
      <acron></acron>
      <title>Computer</title>
</info>
<info>
      <id>138</id>
      <acron></acron>
      <title>DESIGN AUTOMATION FOR EMBEDDED SYSTEMS</title>
      <id>257</id>
      <acron></acron>
      <title>Design Automation for Embedded Systems</title>
</info>
<info>
      <id>139</id>
      <acron></acron>
      <title>DISPLAYS</title>
      <id>271</id>
      <acron></acron>
      <title>Displays</title>
</info>
<info>
      <id>140</id>
      <acron></acron>
      <title>IBM JOURNAL OF RESEARCH AND DEVELOPMENT</title>
      <id>381</id>
      <acron></acron>
      <title>IBM Journal of Research and Development</title>
</info>
<info>
      <id>141</id>
      <acron></acron>
      <title>IEEE-ACM TRANSACTIONS ON NETWORKING</title>
      <id>460</id>
      <acron></acron>
      <title>IEEE/ACM Transactions on Networking</title>
</info>
<info>
      <id>142</id>
      <acron></acron>
      <title>IEEE DESIGN AND TEST OF COMPUTERS</title>
      <id>391</id>
      <acron></acron>
      <title>IEEE Design and Test of Computers</title>
</info>
<info>
      <id>143</id>
      <acron></acron>
      <title>IEEE MICRO</title>
      <id>400</id>
      <acron></acron>
      <title>IEEE Micro</title>
</info>
<info>
      <id>144</id>
      <acron></acron>
      <title>IEEE MULTIMEDIA</title>
      <id>402</id>
      <acron></acron>
      <title>IEEE Multimedia</title>
</info>
<info>
      <id>145</id>
      <acron></acron>
      <title>IEEE NETWORK</title>
      <id>403</id>
      <acron></acron>
      <title>IEEE Network</title>
</info>
<info>
      <id>146</id>
      <acron></acron>
      <title>IEEE TRANSACTIONS ON COMPUTERS</title>
      <id>417</id>
      <acron></acron>
      <title>IEEE Transactions on Computers</title>
</info>
<info>
      <id>147</id>
      <acron></acron>
      <title>IEEE TRANSACTIONS ON COMPUTER-AIDED DESIGN OF INTEGRATED CIRCUITS AND SYSTEMS</title>
      <id>416</id>
      <acron></acron>
      <title>IEEE Transactions on Computer-Aided Design of Integrated Circuits and Systems</title>
</info>
<info>
      <id>148</id>
      <acron></acron>
      <title>IEEE Transactions on Dependable and Secure Computing</title>
      <id>419</id>
      <acron></acron>
      <title>IEEE Transactions on Dependable and Secure Computing</title>
</info>
<info>
      <id>149</id>
      <acron></acron>
      <title>IEEE TRANSACTIONS ON RELIABILITY</title>
      <id>445</id>
      <acron></acron>
      <title>IEEE Transactions on Reliability</title>
</info>
<info>
      <id>150</id>
      <acron></acron>
      <title>IEEE TRANSACTIONS ON VERY LARGE SCALE INTEGRATION (VLSI) SYSTEMS</title>
      <id>454</id>
      <acron></acron>
      <title>IEEE Transactions on Very Large Scale Integration Systems</title>
</info>
<info>
      <id>151</id>
      <acron></acron>
      <title>IEEE WIRELESS COMMUNICATIONS</title>
      <id>457</id>
      <acron></acron>
      <title>IEEE Wireless Communications</title>
</info>
<info>
      <id>153</id>
      <acron></acron>
      <title>IET Computers and Digital Techniques</title>
      <id>467</id>
      <acron></acron>
      <title>IET Computers and Digital Techniques</title>
</info>
<info>
      <id>154</id>
      <acron></acron>
      <title>INTERNATIONAL JOURNAL OF HIGH PERFORMANCE COMPUTING APPLICATIONS</title>
      <id>1191</id>
      <acron></acron>
      <title>The International Journal of High Performance Computing Applications</title>
</info>
<info>
      <id>155</id>
      <acron></acron>
      <title>INTEGRATION-THE VLSI JOURNAL</title>
      <id>509</id>
      <acron></acron>
      <title>Integration</title>
</info>
<info>
      <id>157</id>
      <acron></acron>
      <title>JOURNAL OF CIRCUITS SYSTEMS AND COMPUTERS</title>
      <id>701</id>
      <acron></acron>
      <title>Journal of Circuits, Systems, and Computers</title>
</info>
<info>
      <id>158</id>
      <acron></acron>
      <title>JOURNAL OF COMPUTER SCIENCE AND TECHNOLOGY</title>
      <id>720</id>
      <acron></acron>
      <title>Journal of Computer Science and Technology</title>
</info>
<info>
      <id>159</id>
      <acron></acron>
      <title>JOURNAL OF COMPUTER AND SYSTEM SCIENCES</title>
      <id>719</id>
      <acron></acron>
      <title>Journal of Computer and System Sciences</title>
</info>
<info>
      <id>160</id>
      <acron></acron>
      <title>JOURNAL OF NETWORK AND COMPUTER APPLICATIONS</title>
      <id>796</id>
      <acron></acron>
      <title>Journal of Network and Computer Applications</title>
</info>
<info>
      <id>161</id>
      <acron></acron>
      <title>Journal of Optical Communications and Networking</title>
      <id>806</id>
      <acron></acron>
      <title>Journal of Optical Communications and Networking</title>
</info>
<info>
      <id>163</id>
      <acron></acron>
      <title>JOURNAL OF SUPERCOMPUTING</title>
      <id>833</id>
      <acron></acron>
      <title>Journal of Supercomputing</title>
</info>
<info>
      <id>164</id>
      <acron></acron>
      <title>JOURNAL OF SYSTEMS ARCHITECTURE</title>
      <id>835</id>
      <acron></acron>
      <title>Journal of Systems Architecture</title>
</info>
<info>
      <id>165</id>
      <acron></acron>
      <title>MICROPROCESSORS AND MICROSYSTEMS</title>
      <id>916</id>
      <acron></acron>
      <title>Microprocessors and Microsystems</title>
</info>
<info>
      <id>167</id>
      <acron></acron>
      <title>NETWORKS</title>
      <id>930</id>
      <acron></acron>
      <title>Networks</title>
</info>
<info>
      <id>168</id>
      <acron></acron>
      <title>NEW GENERATION COMPUTING</title>
      <id>938</id>
      <acron></acron>
      <title>New Generation Computing</title>
</info>
<info>
      <id>169</id>
      <acron></acron>
      <title>PERFORMANCE EVALUATION</title>
      <id>974</id>
      <acron></acron>
      <title>Performance Evaluation</title>
</info>
<info>
      <id>170</id>
      <acron></acron>
      <title>VLDB JOURNAL</title>
      <id>1205</id>
      <acron></acron>
      <title>The VLDB Journal</title>
</info>
<info>
      <id>171</id>
      <acron></acron>
      <title>ACM TRANSACTIONS ON DATABASE SYSTEMS</title>
      <id>11</id>
      <acron></acron>
      <title>ACM Transactions on Database Systems</title>
</info>
<info>
      <id>172</id>
      <acron></acron>
      <title>ACM TRANSACTIONS ON INFORMATION SYSTEMS</title>
      <id>15</id>
      <acron></acron>
      <title>ACM Transactions on Information Systems</title>
</info>
<info>
      <id>175</id>
      <acron></acron>
      <title>ACM Transactions on Multimedia Computing Communications and Applications</title>
      <id>17</id>
      <acron></acron>
      <title>ACM Transactions on Multimedia Computing Communications and Applications</title>
</info>
<info>
      <id>177</id>
      <acron></acron>
      <title>ACM Transactions on the Web</title>
      <id>21</id>
      <acron></acron>
      <title>ACM Transactions on the Web</title>
</info>
<info>
      <id>179</id>
      <acron></acron>
      <title>Ad Hoc Networks</title>
      <id>29</id>
      <acron></acron>
      <title>Ad Hoc Networks</title>
</info>
<info>
      <id>182</id>
      <acron></acron>
      <title>ASLIB PROCEEDINGS</title>
      <id>97</id>
      <acron></acron>
      <title>ASLIB Proceedings</title>
</info>
<info>
      <id>184</id>
      <acron></acron>
      <title>Business AND Information Systems Engineering</title>
      <id>134</id>
      <acron></acron>
      <title>Business and Information Systems Engineering</title>
</info>
<info>
      <id>186</id>
      <acron></acron>
      <title>COMPUTER COMMUNICATIONS</title>
      <id>189</id>
      <acron></acron>
      <title>Computer Communications</title>
</info>
<info>
      <id>187</id>
      <acron></acron>
      <title>COMPUTER COMMUNICATION REVIEW</title>
      <id>188</id>
      <acron></acron>
      <title>Computer Communication Review</title>
</info>
<info>
      <id>189</id>
      <acron></acron>
      <title>COMPUTERS AND SECURITY</title>
      <id>216</id>
      <acron></acron>
      <title>Computers and Security</title>
</info>
<info>
      <id>191</id>
      <acron></acron>
      <title>DISTRIBUTED AND PARALLEL DATABASES</title>
      <id>272</id>
      <acron></acron>
      <title>Distributed and Parallel Databases</title>
</info>
<info>
      <id>192</id>
      <acron></acron>
      <title>Electronic Commerce Research and Applications</title>
      <id>291</id>
      <acron></acron>
      <title>Electronic Commerce Research and Applications</title>
</info>
<info>
      <id>193</id>
      <acron></acron>
      <title>Enterprise Information Systems</title>
      <id>312</id>
      <acron></acron>
      <title>Enterprise Information Systems</title>
</info>
<info>
      <id>195</id>
      <acron></acron>
      <title>GEOINFORMATICA</title>
      <id>364</id>
      <acron></acron>
      <title>Geoinformatica</title>
</info>
<info>
      <id>196</id>
      <acron></acron>
      <title>IBM SYSTEMS JOURNAL</title>
      <id>382</id>
      <acron></acron>
      <title>IBM Systems Journal</title>
</info>
<info>
      <id>197</id>
      <acron></acron>
      <title>IEEE Communications Surveys and Tutorials</title>
      <id>388</id>
      <acron></acron>
      <title>IEEE Communications Surveys and Tutorials</title>
</info>
<info>
      <id>198</id>
      <acron></acron>
      <title>IEEE PERVASIVE COMPUTING</title>
      <id>404</id>
      <acron></acron>
      <title>IEEE Pervasive Computing</title>
</info>
<info>
      <id>199</id>
      <acron></acron>
      <title>IEEE SECURITY AND PRIVACY</title>
      <id>406</id>
      <acron></acron>
      <title>IEEE Security and Privacy</title>
</info>
<info>
      <id>201</id>
      <acron></acron>
      <title>IEEE TRANSACTIONS ON INFORMATION TECHNOLOGY IN BIOMEDICINE</title>
      <id>429</id>
      <acron></acron>
      <title>IEEE Transactions on Information Technology in Biomedicine</title>
</info>
<info>
      <id>202</id>
      <acron></acron>
      <title>IEEE TRANSACTIONS ON INFORMATION THEORY</title>
      <id>430</id>
      <acron></acron>
      <title>IEEE Transactions on Information Theory</title>
</info>
<info>
      <id>204</id>
      <acron></acron>
      <title>IEEE TRANSACTIONS ON MULTIMEDIA</title>
      <id>436</id>
      <acron></acron>
      <title>IEEE Transactions on Multimedia</title>
</info>
<info>
      <id>205</id>
      <acron></acron>
      <title>IEICE TRANSACTIONS ON INFORMATION AND SYSTEMS</title>
      <id>464</id>
      <acron></acron>
      <title>IEICE Transactions on Information and Systems</title>
</info>
<info>
      <id>208</id>
      <acron></acron>
      <title>INFORMATION AND MANAGEMENT</title>
      <id>485</id>
      <acron></acron>
      <title>Information and Management</title>
</info>
<info>
      <id>209</id>
      <acron></acron>
      <title>INFORMATION PROCESSING LETTERS</title>
      <id>492</id>
      <acron></acron>
      <title>Information Processing Letters</title>
</info>
<info>
      <id>210</id>
      <acron></acron>
      <title>INFORMATION PROCESSING AND MANAGEMENT</title>
      <id>491</id>
      <acron></acron>
      <title>Information Processing and Management</title>
</info>
<info>
      <id>211</id>
      <acron></acron>
      <title>INFORMATION RETRIEVAL</title>
      <id>493</id>
      <acron></acron>
      <title>Information Retrieval</title>
</info>
<info>
      <id>212</id>
      <acron></acron>
      <title>INFORMATION SCIENCES</title>
      <id>494</id>
      <acron></acron>
      <title>Information Sciences</title>
</info>
<info>
      <id>213</id>
      <acron></acron>
      <title>INFORMATION AND SOFTWARE TECHNOLOGY</title>
      <id>487</id>
      <acron></acron>
      <title>Information and Software Technology</title>
</info>
<info>
      <id>214</id>
      <acron></acron>
      <title>INFORMATION SYSTEMS</title>
      <id>496</id>
      <acron></acron>
      <title>Information Systems</title>
</info>
<info>
      <id>215</id>
      <acron></acron>
      <title>INFORMATION SYSTEMS FRONTIERS</title>
      <id>497</id>
      <acron></acron>
      <title>Information Systems Frontiers</title>
</info>
<info>
      <id>216</id>
      <acron></acron>
      <title>INFORMATION SYSTEMS MANAGEMENT</title>
      <id>498</id>
      <acron></acron>
      <title>Information Systems Management</title>
</info>
<info>
      <id>217</id>
      <acron></acron>
      <title>INFORMATION TECHNOLOGY AND LIBRARIES</title>
      <id>499</id>
      <acron></acron>
      <title>Information Technology and Libraries</title>
</info>
<info>
      <id>220</id>
      <acron></acron>
      <title>International Journal of Computers Communications AND Control</title>
      <id>557</id>
      <acron></acron>
      <title>International Journal of Computers, Communications and Control</title>
</info>
<info>
      <id>221</id>
      <acron></acron>
      <title>INTERNATIONAL JOURNAL OF COOPERATIVE INFORMATION SYSTEMS</title>
      <id>561</id>
      <acron></acron>
      <title>International Journal of Cooperative Information Systems</title>
</info>
<info>
      <id>223</id>
      <acron></acron>
      <title>INTERNATIONAL JOURNAL OF GEOGRAPHICAL INFORMATION SCIENCE</title>
      <id>579</id>
      <acron></acron>
      <title>International Journal of Geographical Information Science</title>
</info>
<info>
      <id>224</id>
      <acron></acron>
      <title>International Journal of Information Security</title>
      <id>594</id>
      <acron></acron>
      <title>International Journal of Information Security</title>
</info>
<info>
      <id>225</id>
      <acron></acron>
      <title>INTERNATIONAL JOURNAL OF MEDICAL INFORMATICS</title>
      <id>610</id>
      <acron></acron>
      <title>International Journal of Medical Informatics</title>
</info>
<info>
      <id>226</id>
      <acron></acron>
      <title>International Journal of Network Management</title>
      <id>617</id>
      <acron></acron>
      <title>International Journal of Network Management</title>
</info>
<info>
      <id>227</id>
      <acron></acron>
      <title>International Journal of Web and Grid Services</title>
      <id>649</id>
      <acron></acron>
      <title>International Journal of Web and Grid Services</title>
</info>
<info>
      <id>229</id>
      <acron></acron>
      <title>Internet Research</title>
      <id>667</id>
      <acron></acron>
      <title>Internet Research</title>
</info>
<info>
      <id>230</id>
      <acron></acron>
      <title>JOURNAL OF THE AMERICAN MEDICAL INFORMATICS ASSOCIATION</title>
      <id>836</id>
      <acron></acron>
      <title>Journal of the American Medical Informatics Association</title>
</info>
<info>
      <id>231</id>
      <acron></acron>
      <title>JOURNAL OF THE AMERICAN SOCIETY FOR INFORMATION SCIENCE AND TECHNOLOGY</title>
      <id>837</id>
      <acron></acron>
      <title>Journal of The American Society For Information Science and Technology</title>
</info>
<info>
      <id>234</id>
      <acron></acron>
      <title>JOURNAL OF COMMUNICATIONS AND NETWORKS</title>
      <id>710</id>
      <acron></acron>
      <title>Journal of Communications and Networks</title>
</info>
<info>
      <id>235</id>
      <acron></acron>
      <title>JOURNAL OF COMPUTER INFORMATION SYSTEMS</title>
      <id>1196</id>
      <acron></acron>
      <title>The Journal of Computer Information Systems</title>
</info>
<info>
      <id>237</id>
      <acron></acron>
      <title>Journal of Grid Computing</title>
      <id>755</id>
      <acron></acron>
      <title>Journal of Grid Computing</title>
</info>
<info>
      <id>238</id>
      <acron></acron>
      <title>JOURNAL OF INFORMATION SCIENCE</title>
      <id>764</id>
      <acron></acron>
      <title>Journal of Information Science</title>
</info>
<info>
      <id>239</id>
      <acron></acron>
      <title>JOURNAL OF INFORMATION SCIENCE AND ENGINEERING</title>
      <id>765</id>
      <acron></acron>
      <title>Journal of Information Science and Engineering</title>
</info>
<info>
      <id>242</id>
      <acron></acron>
      <title>JOURNAL OF MANAGEMENT INFORMATION SYSTEMS</title>
      <id>781</id>
      <acron></acron>
      <title>Journal of Management Information Systems</title>
</info>
<info>
      <id>243</id>
      <acron></acron>
      <title>Journal of Network and Systems Management</title>
      <id>797</id>
      <acron></acron>
      <title>Journal of Network and Systems Management</title>
</info>
<info>
      <id>245</id>
      <acron></acron>
      <title>JOURNAL OF RESEARCH AND PRACTICE IN INFORMATION TECHNOLOGY</title>
      <id>819</id>
      <acron></acron>
      <title>Journal of Research and Practice in Information Technology</title>
</info>
<info>
      <id>246</id>
      <acron></acron>
      <title>Journal of Signal Processing Systems for Signal Image and Video Technology</title>
      <id>822</id>
      <acron></acron>
      <title>Journal of Signal Processing Systems for Signal, Image, and Video Technology</title>
</info>
<info>
      <id>247</id>
      <acron></acron>
      <title>JOURNAL OF STRATEGIC INFORMATION SYSTEMS</title>
      <id>832</id>
      <acron></acron>
      <title>Journal of Strategic Information Systems</title>
</info>
<info>
      <id>248</id>
      <acron></acron>
      <title>JOURNAL OF VISUAL COMMUNICATION AND IMAGE REPRESENTATION</title>
      <id>852</id>
      <acron></acron>
      <title>Journal of Visual Communication and Image Representation</title>
</info>
<info>
      <id>250</id>
      <acron></acron>
      <title>METHODS OF INFORMATION IN MEDICINE</title>
      <id>912</id>
      <acron></acron>
      <title>Methods of Information in Medicine</title>
</info>
<info>
      <id>253</id>
      <acron></acron>
      <title>MULTIMEDIA TOOLS AND APPLICATIONS</title>
      <id>927</id>
      <acron></acron>
      <title>Multimedia Tools and Applications</title>
</info>
<info>
      <id>254</id>
      <acron></acron>
      <title>MULTIMEDIA SYSTEMS</title>
      <id>926</id>
      <acron></acron>
      <title>Multimedia Systems</title>
</info>
<info>
      <id>255</id>
      <acron></acron>
      <title>New Review of Hypermedia and Multimedia</title>
      <id>940</id>
      <acron></acron>
      <title>New Review of Hypermedia and Multimedia</title>
</info>
<info>
      <id>258</id>
      <acron></acron>
      <title>Optical Switching and Networking</title>
      <id>958</id>
      <acron></acron>
      <title>Optical Switching and Networking</title>
</info>
<info>
      <id>259</id>
      <acron></acron>
      <title>Peer-to-Peer Networking and Applications</title>
      <id>973</id>
      <acron></acron>
      <title>Peer-to-Peer Networking and Applications</title>
</info>
<info>
      <id>260</id>
      <acron></acron>
      <title>Personal and Ubiquitous Computing</title>
      <id>976</id>
      <acron></acron>
      <title>Personal and Ubiquitous Computing</title>
</info>
<info>
      <id>261</id>
      <acron></acron>
      <title>PHOTONIC NETWORK COMMUNICATIONS</title>
      <id>983</id>
      <acron></acron>
      <title>Photonic Network Communications</title>
</info>
<info>
      <id>264</id>
      <acron></acron>
      <title>REQUIREMENTS ENGINEERING</title>
      <id>1042</id>
      <acron></acron>
      <title>Requirements Engineering</title>
</info>
<info>
      <id>266</id>
      <acron></acron>
      <title>SCIENCE IN CHINA SERIES F-INFORMATION SCIENCES</title>
      <id>1113</id>
      <acron></acron>
      <title>Science in China - Series F, Information Sciences</title>
</info>
<info>
      <id>268</id>
      <acron></acron>
      <title>SIGMOD RECORD</title>
      <id>1134</id>
      <acron></acron>
      <title>SIGMOD Record</title>
</info>
<info>
      <id>269</id>
      <acron></acron>
      <title>WIRELESS COMMUNICATIONS AND MOBILE COMPUTING</title>
      <id>1232</id>
      <acron></acron>
      <title>Wireless Communications and Mobile Computing</title>
</info>
<info>
      <id>270</id>
      <acron></acron>
      <title>WIRELESS NETWORKS</title>
      <id>1233</id>
      <acron></acron>
      <title>Wireless Networks</title>
</info>
<info>
      <id>271</id>
      <acron></acron>
      <title>WORLD WIDE WEB-INTERNET AND WEB INFORMATION SYSTEMS</title>
      <id>1236</id>
      <acron></acron>
      <title>World Wide Web</title>
</info>
<info>
      <id>273</id>
      <acron></acron>
      <title>ADVANCES IN ENGINEERING SOFTWARE</title>
      <id>35</id>
      <acron></acron>
      <title>Advances in Engineering Software</title>
</info>
<info>
      <id>275</id>
      <acron></acron>
      <title>ARCHIVES OF COMPUTATIONAL METHODS IN ENGINEERING</title>
      <id>85</id>
      <acron></acron>
      <title>Archives of Computational Methods in Engineering</title>
</info>
<info>
      <id>278</id>
      <acron></acron>
      <title>COMPEL-THE INTERNATIONAL JOURNAL FOR COMPUTATION AND MATHEMATICS IN ELECTRICAL AND ELECTRONIC ENGINEERING</title>
      <id>168</id>
      <acron></acron>
      <title>Compel</title>
</info>
<info>
      <id>279</id>
      <acron></acron>
      <title>COMPUTER APPLICATIONS IN ENGINEERING EDUCATION</title>
      <id>187</id>
      <acron></acron>
      <title>Computer Applications in Engineering Education</title>
</info>
<info>
      <id>280</id>
      <acron></acron>
      <title>COMPUTATIONAL BIOLOGY AND CHEMISTRY</title>
      <id>170</id>
      <acron></acron>
      <title>Computational Biology and Chemistry</title>
</info>
<info>
      <id>281</id>
      <acron></acron>
      <title>COMPUTERS IN BIOLOGY AND MEDICINE</title>
      <id>222</id>
      <acron></acron>
      <title>Computers in Biology and Medicine</title>
</info>
<info>
      <id>282</id>
      <acron></acron>
      <title>COMPUTERS AND CHEMICAL ENGINEERING</title>
      <id>208</id>
      <acron></acron>
      <title>Computers and Chemical Engineering</title>
</info>
<info>
      <id>284</id>
      <acron></acron>
      <title>COMPUTERS AND EDUCATION</title>
      <id>218</id>
      <acron></acron>
      <title>Computers and Education</title>
</info>
<info>
      <id>285</id>
      <acron></acron>
      <title>COMPUTERS AND ELECTRONICS IN AGRICULTURE</title>
      <id>219</id>
      <acron></acron>
      <title>Computers and Electronics in Agriculture</title>
</info>
<info>
      <id>286</id>
      <acron></acron>
      <title>COMPUTERS AND FLUIDS</title>
      <id>210</id>
      <acron></acron>
      <title>Computers and Fluids</title>
</info>
<info>
      <id>287</id>
      <acron></acron>
      <title>COMPUTERS AND GEOSCIENCES</title>
      <id>211</id>
      <acron></acron>
      <title>Computers and Geosciences</title>
</info>
<info>
      <id>288</id>
      <acron></acron>
      <title>COMPUTERS AND GEOTECHNICS</title>
      <id>220</id>
      <acron></acron>
      <title>Computers and Geotechnics</title>
</info>
<info>
      <id>289</id>
      <acron></acron>
      <title>COMPUTERS IN INDUSTRY</title>
      <id>225</id>
      <acron></acron>
      <title>Computers in Industry</title>
</info>
<info>
      <id>290</id>
      <acron></acron>
      <title>COMPUTERS AND INDUSTRIAL ENGINEERING</title>
      <id>213</id>
      <acron></acron>
      <title>Computers and Industrial Engineering</title>
</info>
<info>
      <id>291</id>
      <acron></acron>
      <title>COMPUTERS AND MATHEMATICS WITH APPLICATIONS</title>
      <id>214</id>
      <acron></acron>
      <title>Computers and Mathematics with Applications</title>
</info>
<info>
      <id>293</id>
      <acron></acron>
      <title>COMPUTER METHODS AND PROGRAMS IN BIOMEDICINE</title>
      <id>194</id>
      <acron></acron>
      <title>Computer Methods and Programs in Biomedicine</title>
</info>
<info>
      <id>294</id>
      <acron></acron>
      <title>COMPUTER METHODS IN BIOMECHANICS AND BIOMEDICAL ENGINEERING</title>
      <id>196</id>
      <acron></acron>
      <title>Computer Methods in Biomechanics and Biomedical Engineering</title>
</info>
<info>
      <id>296</id>
      <acron></acron>
      <title>COMPUTERS AND OPERATIONS RESEARCH</title>
      <id>215</id>
      <acron></acron>
      <title>Computers and Operations Research</title>
</info>
<info>
      <id>297</id>
      <acron></acron>
      <title>COMPUTER PHYSICS COMMUNICATIONS</title>
      <id>199</id>
      <acron></acron>
      <title>Computer Physics Communications</title>
</info>
<info>
      <id>298</id>
      <acron></acron>
      <title>COMPUTING IN SCIENCE AND ENGINEERING</title>
      <id>229</id>
      <acron></acron>
      <title>Computing in Science and Engineering</title>
</info>
<info>
      <id>299</id>
      <acron></acron>
      <title>COMPUTATIONAL STATISTICS AND DATA ANALYSIS</title>
      <id>181</id>
      <acron></acron>
      <title>Computational Statistics and Data Analysis</title>
</info>
<info>
      <id>300</id>
      <acron></acron>
      <title>COMPUTERS AND STRUCTURES</title>
      <id>217</id>
      <acron></acron>
      <title>Computers and Structures</title>
</info>
<info>
      <id>303</id>
      <acron></acron>
      <title>COMPUTATIONAL GEOSCIENCES</title>
      <id>174</id>
      <acron></acron>
      <title>Computational Geosciences</title>
</info>
<info>
      <id>304</id>
      <acron></acron>
      <title>CONCURRENT ENGINEERING-RESEARCH AND APPLICATIONS</title>
      <id>232</id>
      <acron></acron>
      <title>Concurrent Engineering: Research and Applications</title>
</info>
<info>
      <id>306</id>
      <acron></acron>
      <title>Earth Science Informatics</title>
      <id>277</id>
      <acron></acron>
      <title>Earth Science Informatics</title>
</info>
<info>
      <id>307</id>
      <acron></acron>
      <title>ENGINEERING WITH COMPUTERS</title>
      <id>310</id>
      <acron></acron>
      <title>Engineering with Computers</title>
</info>
<info>
      <id>308</id>
      <acron></acron>
      <title>ENGINEERING COMPUTATIONS</title>
      <id>308</id>
      <acron></acron>
      <title>Engineering Computations</title>
</info>
<info>
      <id>309</id>
      <acron></acron>
      <title>ENVIRONMENTAL MODELLING AND SOFTWARE</title>
      <id>315</id>
      <acron></acron>
      <title>Environmental Modelling and Software</title>
</info>
<info>
      <id>310</id>
      <acron></acron>
      <title>IEEE-ACM Transactions on Computational Biology and Bioinformatics</title>
      <id>459</id>
      <acron></acron>
      <title>IEEE/ACM Transactions on Computational Biology and Bioinformatics</title>
</info>
<info>
      <id>311</id>
      <acron></acron>
      <title>IEEE Transactions on Industrial Informatics</title>
      <id>428</id>
      <acron></acron>
      <title>IEEE Transactions on Industrial Informatics</title>
</info>
<info>
      <id>312</id>
      <acron></acron>
      <title>IEEE TRANSACTIONS ON MEDICAL IMAGING</title>
      <id>435</id>
      <acron></acron>
      <title>IEEE Transactions on Medical Imaging</title>
</info>
<info>
      <id>314</id>
      <acron></acron>
      <title>INFORMS JOURNAL ON COMPUTING</title>
      <id>504</id>
      <acron></acron>
      <title>INFORMS Journal on Computing</title>
</info>
<info>
      <id>315</id>
      <acron></acron>
      <title>INTERNATIONAL JOURNAL OF COMPUTER INTEGRATED MANUFACTURING</title>
      <id>549</id>
      <acron></acron>
      <title>International Journal of Computer Integrated Manufacturing</title>
</info>
<info>
      <id>316</id>
      <acron></acron>
      <title>INTERNATIONAL JOURNAL OF MODERN PHYSICS C</title>
      <id>615</id>
      <acron></acron>
      <title>International Journal of Modern Physics C</title>
</info>
<info>
      <id>317</id>
      <acron></acron>
      <title>INTERNATIONAL JOURNAL FOR NUMERICAL METHODS IN FLUIDS</title>
      <id>522</id>
      <acron></acron>
      <title>International Journal for Numerical Methods in Fluids</title>
</info>
<info>
      <id>319</id>
      <acron></acron>
      <title>JOURNAL OF BIOMEDICAL INFORMATICS</title>
      <id>698</id>
      <acron></acron>
      <title>Journal of Biomedical Informatics</title>
</info>
<info>
      <id>320</id>
      <acron></acron>
      <title>JOURNAL OF COMBINATORIAL OPTIMIZATION</title>
      <id>706</id>
      <acron></acron>
      <title>Journal of Combinatorial Optimization</title>
</info>
<info>
      <id>322</id>
      <acron></acron>
      <title>JOURNAL OF COMPUTATIONAL BIOLOGY</title>
      <id>713</id>
      <acron></acron>
      <title>Journal of Computational Biology</title>
</info>
<info>
      <id>323</id>
      <acron></acron>
      <title>JOURNAL OF COMPUTING IN CIVIL ENGINEERING</title>
      <id>726</id>
      <acron></acron>
      <title>Journal of Computing in Civil Engineering</title>
</info>
<info>
      <id>324</id>
      <acron></acron>
      <title>JOURNAL OF COMPUTING AND INFORMATION SCIENCE IN ENGINEERING</title>
      <id>725</id>
      <acron></acron>
      <title>Journal of Computing and Information Science in Engineering</title>
</info>
<info>
      <id>325</id>
      <acron></acron>
      <title>JOURNAL OF COMPUTATIONAL PHYSICS</title>
      <id>717</id>
      <acron></acron>
      <title>Journal of Computational Physics</title>
</info>
<info>
      <id>327</id>
      <acron></acron>
      <title>JOURNAL OF MOLECULAR GRAPHICS AND MODELLING</title>
      <id>791</id>
      <acron></acron>
      <title>Journal of Molecular Graphics and Modelling</title>
</info>
<info>
      <id>328</id>
      <acron></acron>
      <title>JOURNAL OF MOLECULAR MODELING</title>
      <id>792</id>
      <acron></acron>
      <title>Journal of Molecular Modeling</title>
</info>
<info>
      <id>329</id>
      <acron></acron>
      <title>JOURNAL OF NEW MUSIC RESEARCH</title>
      <id>800</id>
      <acron></acron>
      <title>Journal of New Music Research</title>
</info>
<info>
      <id>330</id>
      <acron></acron>
      <title>JOURNAL OF STATISTICAL COMPUTATION AND SIMULATION</title>
      <id>827</id>
      <acron></acron>
      <title>Journal of Statistical Computation and Simulation</title>
</info>
<info>
      <id>331</id>
      <acron></acron>
      <title>Journal of Statistical Software</title>
      <id>830</id>
      <acron></acron>
      <title>Journal of statistical software</title>
</info>
<info>
      <id>332</id>
      <acron></acron>
      <title>Language Resources and Evaluation</title>
      <id>870</id>
      <acron></acron>
      <title>Language Resources and Evaluation</title>
</info>
<info>
      <id>334</id>
      <acron></acron>
      <title>MATHEMATICAL AND COMPUTER MODELLING OF DYNAMICAL SYSTEMS</title>
      <id>894</id>
      <acron></acron>
      <title>Mathematical and Computer Modelling of Dynamical Systems</title>
</info>
<info>
      <id>335</id>
      <acron></acron>
      <title>MATHEMATICAL AND COMPUTER MODELLING</title>
      <id>893</id>
      <acron></acron>
      <title>Mathematical and Computer Modelling</title>
</info>
<info>
      <id>336</id>
      <acron></acron>
      <title>MATHEMATICS AND COMPUTERS IN SIMULATION</title>
      <id>901</id>
      <acron></acron>
      <title>Mathematics and Computers in Simulation</title>
</info>
<info>
      <id>337</id>
      <acron></acron>
      <title>MEDICAL AND BIOLOGICAL ENGINEERING AND COMPUTING</title>
      <id>907</id>
      <acron></acron>
      <title>Medical and Biological Engineering and Computing</title>
</info>
<info>
      <id>338</id>
      <acron></acron>
      <title>NEUROINFORMATICS</title>
      <id>937</id>
      <acron></acron>
      <title>Neuroinformatics</title>
</info>
<info>
      <id>339</id>
      <acron></acron>
      <title>QSAR AND COMBINATORIAL SCIENCE</title>
      <id>1017</id>
      <acron></acron>
      <title>QSAR and Combinatorial Science</title>
</info>
<info>
      <id>341</id>
      <acron></acron>
      <title>ROBOTICS AND COMPUTER-INTEGRATED MANUFACTURING</title>
      <id>1108</id>
      <acron></acron>
      <title>Robotics and Computer-Integrated Manufacturing</title>
</info>
<info>
      <id>342</id>
      <acron></acron>
      <title>SAR AND QSAR IN ENVIRONMENTAL RESEARCH</title>
      <id>1111</id>
      <acron></acron>
      <title>SAR and QSAR in Environmental Research</title>
</info>
<info>
      <id>343</id>
      <acron></acron>
      <title>SCIENTOMETRICS</title>
      <id>1118</id>
      <acron></acron>
      <title>Scientometrics</title>
</info>
<info>
      <id>344</id>
      <acron></acron>
      <title>SIMULATION MODELLING PRACTICE AND THEORY</title>
      <id>1138</id>
      <acron></acron>
      <title>Simulation Modelling Practice and Theory</title>
</info>
<info>
      <id>346</id>
      <acron></acron>
      <title>SOCIAL SCIENCE COMPUTER REVIEW</title>
      <id>1141</id>
      <acron></acron>
      <title>Social Science Computer Review</title>
</info>
<info>
      <id>347</id>
      <acron></acron>
      <title>SPEECH COMMUNICATION</title>
      <id>1153</id>
      <acron></acron>
      <title>Speech Communication</title>
</info>
<info>
      <id>348</id>
      <acron></acron>
      <title>STRUCTURAL AND MULTIDISCIPLINARY OPTIMIZATION</title>
      <id>1167</id>
      <acron></acron>
      <title>Structural and Multidisciplinary Optimization</title>
</info>
<info>
      <id>350</id>
      <acron></acron>
      <title>ACM Transactions on Applied Perception</title>
      <id>8</id>
      <acron></acron>
      <title>ACM Transactions on Applied Perception</title>
</info>
<info>
      <id>351</id>
      <acron></acron>
      <title>ACM TRANSACTIONS ON GRAPHICS</title>
      <id>14</id>
      <acron></acron>
      <title>ACM Transactions on Graphics</title>
</info>
<info>
      <id>352</id>
      <acron></acron>
      <title>ACM TRANSACTIONS ON MATHEMATICAL SOFTWARE</title>
      <id>16</id>
      <acron></acron>
      <title>ACM Transactions on Mathematical Software</title>
</info>
<info>
      <id>353</id>
      <acron></acron>
      <title>ACM TRANSACTIONS ON PROGRAMMING LANGUAGES AND SYSTEMS</title>
      <id>18</id>
      <acron></acron>
      <title>ACM Transactions on Programming Languages and Systems</title>
</info>
<info>
      <id>354</id>
      <acron></acron>
      <title>ACM TRANSACTIONS ON SOFTWARE ENGINEERING AND METHODOLOGY</title>
      <id>19</id>
      <acron></acron>
      <title>ACM Transactions on Software Engineering and Methodology</title>
</info>
<info>
      <id>355</id>
      <acron></acron>
      <title>ALGORITHMICA</title>
      <id>44</id>
      <acron></acron>
      <title>Algorithmica</title>
</info>
<info>
      <id>356</id>
      <acron></acron>
      <title>Automated Software Engineering</title>
      <id>98</id>
      <acron></acron>
      <title>Automated Software Engineering</title>
</info>
<info>
      <id>357</id>
      <acron></acron>
      <title>BIT NUMERICAL MATHEMATICS</title>
      <id>114</id>
      <acron></acron>
      <title>BIT Numerical Mathematics</title>
</info>
<info>
      <id>359</id>
      <acron></acron>
      <title>COMPUTER AIDED GEOMETRIC DESIGN</title>
      <id>185</id>
      <acron></acron>
      <title>Computer Aided Geometric Design</title>
</info>
<info>
      <id>360</id>
      <acron></acron>
      <title>COMPUTER ANIMATION AND VIRTUAL WORLDS</title>
      <id>186</id>
      <acron></acron>
      <title>Computer Animation and Virtual Worlds</title>
</info>
<info>
      <id>361</id>
      <acron></acron>
      <title>COMPUTER GRAPHICS FORUM</title>
      <id>190</id>
      <acron></acron>
      <title>Computer Graphics Forum</title>
</info>
<info>
      <id>362</id>
      <acron></acron>
      <title>COMPUTER GRAPHICS WORLD</title>
      <id>191</id>
      <acron></acron>
      <title>Computer Graphics World</title>
</info>
<info>
      <id>364</id>
      <acron></acron>
      <title>COMPUTER LANGUAGES SYSTEMS AND STRUCTURES</title>
      <id>193</id>
      <acron></acron>
      <title>Computer Languages, Systems and Structures</title>
</info>
<info>
      <id>366</id>
      <acron></acron>
      <title>DISCRETE MATHEMATICS AND THEORETICAL COMPUTER SCIENCE</title>
      <id>269</id>
      <acron></acron>
      <title>Discrete Mathematics and Theoretical Computer Science</title>
</info>
<info>
      <id>368</id>
      <acron></acron>
      <title>EMPIRICAL SOFTWARE ENGINEERING</title>
      <id>302</id>
      <acron></acron>
      <title>Empirical Software Engineering</title>
</info>
<info>
      <id>369</id>
      <acron></acron>
      <title>FORMAL ASPECTS OF COMPUTING</title>
      <id>350</id>
      <acron></acron>
      <title>Formal Aspects of Computing</title>
</info>
<info>
      <id>370</id>
      <acron></acron>
      <title>FUNDAMENTA INFORMATICAE</title>
      <id>353</id>
      <acron></acron>
      <title>Fundamenta Informaticae</title>
</info>
<info>
      <id>371</id>
      <acron></acron>
      <title>GRAPHICAL MODELS</title>
      <id>369</id>
      <acron></acron>
      <title>Graphical Models</title>
</info>
<info>
      <id>372</id>
      <acron></acron>
      <title>ICGA JOURNAL</title>
      <id>383</id>
      <acron></acron>
      <title>ICGA Journal</title>
</info>
<info>
      <id>373</id>
      <acron></acron>
      <title>IEEE COMPUTER GRAPHICS AND APPLICATIONS</title>
      <id>390</id>
      <acron></acron>
      <title>IEEE Computer Graphics and Applications</title>
</info>
<info>
      <id>374</id>
      <acron></acron>
      <title>IEEE INTERNET COMPUTING</title>
      <id>397</id>
      <acron></acron>
      <title>IEEE Internet Computing</title>
</info>
<info>
      <id>375</id>
      <acron></acron>
      <title>IEEE SOFTWARE</title>
      <id>409</id>
      <acron></acron>
      <title>IEEE Software</title>
</info>
<info>
      <id>376</id>
      <acron></acron>
      <title>IEEE TRANSACTIONS ON SOFTWARE ENGINEERING</title>
      <id>449</id>
      <acron></acron>
      <title>IEEE Transactions on Software Engineering</title>
</info>
<info>
      <id>377</id>
      <acron></acron>
      <title>IEEE TRANSACTIONS ON VISUALIZATION AND COMPUTER GRAPHICS</title>
      <id>455</id>
      <acron></acron>
      <title>IEEE Transactions on Visualization and Computer Graphics</title>
</info>
<info>
      <id>378</id>
      <acron></acron>
      <title>IET Software</title>
      <id>470</id>
      <acron></acron>
      <title>IET Software</title>
</info>
<info>
      <id>379</id>
      <acron></acron>
      <title>Information Visualization</title>
      <id>502</id>
      <acron></acron>
      <title>Information Visualization</title>
</info>
<info>
      <id>380</id>
      <acron></acron>
      <title>INTERNATIONAL JOURNAL OF ELECTRONIC COMMERCE</title>
      <id>570</id>
      <acron></acron>
      <title>International Journal of Electronic Commerce</title>
</info>
<info>
      <id>384</id>
      <acron></acron>
      <title>JOURNAL OF SYSTEMS AND SOFTWARE</title>
      <id>1203</id>
      <acron></acron>
      <title>The Journal of Systems and Software</title>
</info>
<info>
      <id>385</id>
      <acron></acron>
      <title>JOURNAL OF UNIVERSAL COMPUTER SCIENCE</title>
      <id>851</id>
      <acron></acron>
      <title>Journal of Universal Computer Science</title>
</info>
<info>
      <id>386</id>
      <acron></acron>
      <title>JOURNAL OF VISUAL LANGUAGES AND COMPUTING</title>
      <id>853</id>
      <acron></acron>
      <title>Journal of Visual Languages and Computing</title>
</info>
<info>
      <id>387</id>
      <acron></acron>
      <title>Journal of Web Engineering</title>
      <id>855</id>
      <acron></acron>
      <title>Journal of Web Engineering</title>
</info>
<info>
      <id>388</id>
      <acron></acron>
      <title>MATHEMATICAL PROGRAMMING</title>
      <id>898</id>
      <acron></acron>
      <title>Mathematical Programming</title>
</info>
<info>
      <id>389</id>
      <acron></acron>
      <title>OPTIMIZATION METHODS AND SOFTWARE</title>
      <id>962</id>
      <acron></acron>
      <title>Optimization Methods and Software</title>
</info>
<info>
      <id>391</id>
      <acron></acron>
      <title>RANDOM STRUCTURES AND ALGORITHMS</title>
      <id>1028</id>
      <acron></acron>
      <title>Random Structures and Algorithms</title>
</info>
<info>
      <id>392</id>
      <acron></acron>
      <title>SCIENCE OF COMPUTER PROGRAMMING</title>
      <id>1114</id>
      <acron></acron>
      <title>Science of Computer Programming</title>
</info>
<info>
      <id>394</id>
      <acron></acron>
      <title>Software and Systems Modeling</title>
      <id>1144</id>
      <acron></acron>
      <title>Software and Systems Modeling</title>
</info>
<info>
      <id>395</id>
      <acron></acron>
      <title>SOFTWARE TESTING VERIFICATION AND RELIABILITY</title>
      <id>1148</id>
      <acron></acron>
      <title>Software Testing, Verification and Reliability</title>
</info>
<info>
      <id>396</id>
      <acron></acron>
      <title>SOFTWARE-PRACTICE AND EXPERIENCE</title>
      <id>1149</id>
      <acron></acron>
      <title>Software: Practice and Experience</title>
</info>
<info>
      <id>397</id>
      <acron></acron>
      <title>SOFTWARE QUALITY JOURNAL</title>
      <id>1147</id>
      <acron></acron>
      <title>Software Quality Journal</title>
</info>
<info>
      <id>398</id>
      <acron></acron>
      <title>THEORY AND PRACTICE OF LOGIC PROGRAMMING</title>
      <id>1207</id>
      <acron></acron>
      <title>Theory and Practice of Logic Programming</title>
</info>
<info>
      <id>399</id>
      <acron></acron>
      <title>VISUAL COMPUTER</title>
      <id>1204</id>
      <acron></acron>
      <title>The Visual Computer</title>
</info>
<info>
      <id>400</id>
      <acron></acron>
      <title>ACM COMPUTING SURVEYS</title>
      <id>3</id>
      <acron></acron>
      <title>ACM Computing Surveys</title>
</info>
<info>
      <id>401</id>
      <acron></acron>
      <title>ACM Transactions on Algorithms</title>
      <id>7</id>
      <acron></acron>
      <title>ACM Transactions on Algorithms</title>
</info>
<info>
      <id>403</id>
      <acron></acron>
      <title>ACM TRANSACTIONS ON COMPUTER SYSTEMS</title>
      <id>10</id>
      <acron></acron>
      <title>ACM Transactions on Computer Systems</title>
</info>
<info>
      <id>404</id>
      <acron></acron>
      <title>Advances in Mathematics of Communications</title>
      <id>36</id>
      <acron></acron>
      <title>Advances in Mathematics of Communications</title>
</info>
<info>
      <id>407</id>
      <acron></acron>
      <title>COMPUTING</title>
      <id>227</id>
      <acron></acron>
      <title>Computing</title>
</info>
<info>
      <id>411</id>
      <acron></acron>
      <title>DISTRIBUTED COMPUTING</title>
      <id>273</id>
      <acron></acron>
      <title>Distributed Computing</title>
</info>
<info>
      <id>412</id>
      <acron></acron>
      <title>FORMAL METHODS IN SYSTEM DESIGN</title>
      <id>351</id>
      <acron></acron>
      <title>Formal Methods in System Design</title>
</info>
<info>
      <id>415</id>
      <acron></acron>
      <title>FUZZY SETS AND SYSTEMS</title>
      <id>355</id>
      <acron></acron>
      <title>Fuzzy Sets and Systems</title>
</info>
<info>
      <id>416</id>
      <acron></acron>
      <title>IEEE ANNALS OF THE HISTORY OF COMPUTING</title>
      <id>385</id>
      <acron></acron>
      <title>IEEE Annals of the History of Computing</title>
</info>
<info>
      <id>418</id>
      <acron></acron>
      <title>IEEE TRANSACTIONS ON PARALLEL AND DISTRIBUTED SYSTEMS</title>
      <id>440</id>
      <acron></acron>
      <title>IEEE Transactions on Parallel and Distributed Systems</title>
</info>
<info>
      <id>419</id>
      <acron></acron>
      <title>INFORMATION AND COMPUTATION</title>
      <id>486</id>
      <acron></acron>
      <title>Information and Computation</title>
</info>
<info>
      <id>420</id>
      <acron></acron>
      <title>INTERNATIONAL JOURNAL OF COMPUTATIONAL GEOMETRY AND APPLICATIONS</title>
      <id>544</id>
      <acron></acron>
      <title>International Journal of Computational Geometry and Applications</title>
</info>
<info>
      <id>421</id>
      <acron></acron>
      <title>INTERNATIONAL JOURNAL OF FOUNDATIONS OF COMPUTER SCIENCE</title>
      <id>577</id>
      <acron></acron>
      <title>International Journal of Foundations of Computer Science</title>
</info>
<info>
      <id>423</id>
      <acron></acron>
      <title>INTERNATIONAL JOURNAL OF PARALLEL PROGRAMMING</title>
      <id>621</id>
      <acron></acron>
      <title>International Journal of Parallel Programming</title>
</info>
<info>
      <id>424</id>
      <acron></acron>
      <title>INTERNATIONAL JOURNAL OF QUANTUM INFORMATION</title>
      <id>629</id>
      <acron></acron>
      <title>International Journal of Quantum Information</title>
</info>
<info>
      <id>429</id>
      <acron></acron>
      <title>JOURNAL OF COMPLEXITY</title>
      <id>711</id>
      <acron></acron>
      <title>Journal of Complexity</title>
</info>
<info>
      <id>432</id>
      <acron></acron>
      <title>JOURNAL OF LOGIC AND ALGEBRAIC PROGRAMMING</title>
      <id>775</id>
      <acron></acron>
      <title>Journal of Logic and Algebraic Programming</title>
</info>
<info>
      <id>433</id>
      <acron></acron>
      <title>JOURNAL OF LOGIC AND COMPUTATION</title>
      <id>776</id>
      <acron></acron>
      <title>Journal of Logic and Computation</title>
</info>
<info>
      <id>434</id>
      <acron></acron>
      <title>JOURNAL OF PARALLEL AND DISTRIBUTED COMPUTING</title>
      <id>809</id>
      <acron></acron>
      <title>Journal of Parallel and Distributed Computing</title>
</info>
<info>
      <id>435</id>
      <acron></acron>
      <title>JOURNAL OF SYMBOLIC COMPUTATION</title>
      <id>834</id>
      <acron></acron>
      <title>Journal of Symbolic Computation</title>
</info>
<info>
      <id>438</id>
      <acron></acron>
      <title>MULTIDIMENSIONAL SYSTEMS AND SIGNAL PROCESSING</title>
      <id>925</id>
      <acron></acron>
      <title>Multidimensional Systems and Signal Processing</title>
</info>
<info>
      <id>439</id>
      <acron></acron>
      <title>PARALLEL COMPUTING</title>
      <id>967</id>
      <acron></acron>
      <title>Parallel Computing</title>
</info>
<info>
      <id>441</id>
      <acron></acron>
      <title>QUANTUM INFORMATION AND COMPUTATION</title>
      <id>1019</id>
      <acron></acron>
      <title>Quantum Information and Computation</title>
</info>
<info>
      <id>444</id>
      <acron></acron>
      <title>SIAM JOURNAL ON COMPUTING</title>
      <id>1127</id>
      <acron></acron>
      <title>SIAM Journal on Computing</title>
</info>
<info>
      <id>446</id>
      <acron></acron>
      <title>THEORETICAL COMPUTER SCIENCE</title>
      <id>1206</id>
      <acron></acron>
      <title>Theoretical Computer Science</title>
</info>
<info>
      <id>447</id>
      <acron></acron>
      <title>THEORY OF COMPUTING SYSTEMS</title>
      <id>1208</id>
      <acron></acron>
      <title>Theory of Computing Systems</title>
</info>
Total de fusoes: 321