Juncao dos veículos que possuem jaccard maior que 1.0, sem fazer limpeza dos dados.
Threshold = 1.4
AddIfAcronsIsEqual = 1.0 # Este valor é somado ao valor de similaridade encontrada caso as siglas sejam iguais.
K = 10
Os valores de min e max Threshold são usados quando se deseja avaliar pulicacoes que estão entre uma faixa de similaridade. Muito usado para evitar avaliar publicacões que ja foram avaliadas.
maxThreshold = 0.7 #os valores de similaridades encontrados que sejam maiores do que este sao setados para zero
minThreshold = 0.0 #os valores de similaridades encontrados que sejam menores do que este sao setados para zero
Verificacao manual.
Fazendo limpeza nos títulos.
Total de veículos: 5563
Total de clusters: 5558
Diferenca: 5
<cluster>
   <pub-venue>
      <id>2270</id>
      <idClass>20315</idClass>
      <acronym>CASA</acronym>
      <title>Computer Animation and Social Agents</title>
      <title>International Conference on Computer Animation and Social Agents</title>
      <title-formerly>IEEE Computer Animation Conference</title-formerly>
      <acronym-formerly>CA</acronym-formerly>
      <pub-type>C</pub-type>
      <qualis-estrato>B2</qualis-estrato>
   </pub-venue>
   <pub-venue>
      <id>4032</id>
      <idClass>202092</idClass>
      <acronym>CA</acronym>
      <title>Computer Animation</title>
      <pub-type>C</pub-type>
   </pub-venue>
   <FINAL/>
   <pub-venue>
      <id>0</id>
      <idClass>20315</idClass>
      <acronym>CASA</acronym>
      <title>Computer Animation and Social Agents</title>
      <title>Computer Animation</title>
      <title>International Conference on Computer Animation and Social Agents</title>
      <title-formerly>IEEE Computer Animation Conference</title-formerly>
      <acronym-formerly>CA</acronym-formerly>
      <pub-type>C</pub-type>
      <qualis-estrato>B2</qualis-estrato>
   </pub-venue>
</cluster>
<cluster>
   <pub-venue>
      <id>2353</id>
      <idClass>20398</idClass>
      <acronym>GMP</acronym>
      <title>Geometry Modeling and Processing Conference</title>
      <pub-type>C</pub-type>
      <qualis-estrato>B5</qualis-estrato>
   </pub-venue>
   <pub-venue>
      <id>4195</id>
      <idClass>202259</idClass>
      <acronym>GMP</acronym>
      <title>Geometric Modeling and Processing</title>
      <pub-type>C</pub-type>
   </pub-venue>
   <FINAL/>
   <pub-venue>
      <id>0</id>
      <idClass>20398</idClass>
      <acronym>GMP</acronym>
      <title>Geometric Modeling and Processing</title>
      <title>Geometry Modeling and Processing Conference</title>
      <pub-type>C</pub-type>
      <qualis-estrato>B5</qualis-estrato>
   </pub-venue>
</cluster>
<cluster>
   <pub-venue>
      <id>3036</id>
      <idClass>201082</idClass>
      <entity>ACM</entity>
      <acronym>A2CWiC</acronym>
      <title>Amrita ACM-W Celebration on Women in Computing in India</title>
      <pub-type>C</pub-type>
   </pub-venue>
   <pub-venue>
      <id>4703</id>
      <idClass>202782</idClass>
      <acronym>A2CWiC</acronym>
      <title>Conference of Women in Computing in India</title>
      <pub-type>C</pub-type>
   </pub-venue>
   <FINAL/>
   <pub-venue>
      <id>0</id>
      <idClass>201082</idClass>
      <entity>ACM</entity>
      <acronym>A2CWiC</acronym>
      <title>Conference of Women in Computing in India</title>
      <title>Amrita ACM-W Celebration on Women in Computing in India</title>
      <pub-type>C</pub-type>
   </pub-venue>
</cluster>
<cluster>
   <pub-venue>
      <id>3773</id>
      <idClass>201829</idClass>
      <entity>ACM</entity>
      <acronym>SUITE</acronym>
      <title>International Workshop on Search-Driven Development</title>
      <title>ICSE Workshop on Search-driven Development</title>
      <pub-type>W</pub-type>
   </pub-venue>
   <pub-venue>
      <id>4610</id>
      <idClass>202683</idClass>
      <acronym>SUITE</acronym>
      <title>ICSE Workshop on Search-Driven Development-Users, Infrastructure, Tools and Evaluation</title>
      <pub-type>W</pub-type>
   </pub-venue>
   <FINAL/>
   <pub-venue>
      <id>0</id>
      <idClass>201829</idClass>
      <entity>ACM</entity>
      <acronym>SUITE</acronym>
      <title>ICSE Workshop on Search-Driven Development-Users, Infrastructure, Tools and Evaluation</title>
      <title>International Workshop on Search-Driven Development</title>
      <title>ICSE Workshop on Search-driven Development</title>
      <pub-type>W</pub-type>
   </pub-venue>
</cluster>
<cluster>
   <pub-venue>
      <id>4710</id>
      <idClass>202789</idClass>
      <acronym>ABZ</acronym>
      <acronym>ASM</acronym>
      <title>Workshops on Abstract State Machines</title>
      <pub-type>W</pub-type>
   </pub-venue>
   <pub-venue>
      <id>5535</id>
      <idClass>203646</idClass>
      <acronym>ABZ</acronym>
      <title>International Conference on Abstract State Machines, Alloy, B and Z</title>
      <title-formerly>International Conference of B Users</title-formerly>
      <title-formerly>International B Conference</title-formerly>
      <title-formerly>International Conference of B and Z Users</title-formerly>
      <title-formerly>International Conference of Z Users</title-formerly>
      <title-formerly>Z User Workshop</title-formerly>
      <acronym-formerly>B</acronym-formerly>
      <acronym-formerly>ZUM</acronym-formerly>
      <acronym-formerly>ZB</acronym-formerly>
      <acronym-formerly>Z</acronym-formerly>
      <pub-type>W</pub-type>
   </pub-venue>
   <FINAL/>
   <pub-venue>
      <id>0</id>
      <idClass>202789</idClass>
      <acronym>ABZ</acronym>
      <acronym>ASM</acronym>
      <title>Workshops on Abstract State Machines</title>
      <title>International Conference on Abstract State Machines, Alloy, B and Z</title>
      <title-formerly>International Conference of B Users</title-formerly>
      <title-formerly>International B Conference</title-formerly>
      <title-formerly>International Conference of B and Z Users</title-formerly>
      <title-formerly>International Conference of Z Users</title-formerly>
      <title-formerly>Z User Workshop</title-formerly>
      <acronym-formerly>B</acronym-formerly>
      <acronym-formerly>ZUM</acronym-formerly>
      <acronym-formerly>ZB</acronym-formerly>
      <acronym-formerly>Z</acronym-formerly>
      <pub-type>W</pub-type>
   </pub-venue>
</cluster>
