Juncao dos veículos que possuem jaccard maior que 1.0, sem fazer limpeza dos dados.
Threshold = 0.9
AddIfAcronsIsEqual = 0.0 # Este valor é somado ao valor de similaridade encontrada caso as siglas sejam iguais.
K = 10
Os valores de min e max Threshold são usados quando se deseja avaliar pulicacoes que estão entre uma faixa de similaridade. Muito usado para evitar avaliar publicacões que ja foram avaliadas.
maxThreshold = 1.0 #os valores de similaridades encontrados que sejam maiores do que este sao setados para zero
minThreshold = 0.9 #os valores de similaridades encontrados que sejam menores do que este sao setados para zero
Verificacao manual.
Sem fazer limpeza nos títulos.
Total de veículos: 5567
Total de clusters: 5564
Diferenca: 3
<cluster>
   <pub-venue>
      <id>2317</id>
      <idClass>20362</idClass>
      <acronym>ECMDA</acronym>
      <title>European Conference on Model Driven Architecture Foundations and Applications</title>
      <pub-type>C</pub-type>
      <qualis-estrato>B3</qualis-estrato>
   </pub-venue>
   <pub-venue>
      <id>4922</id>
      <idClass>203010</idClass>
      <acronym>ECMFA</acronym>
      <title>European Conference on Modelling Foundations and Applications</title>
      <title-formerly>European Conference on Model Driven Architecture - Foundations and Applications</title-formerly>
      <acronym-formerly>ECMDA-FA</acronym-formerly>
      <pub-type>C</pub-type>
   </pub-venue>
   <FINAL/>
   <pub-venue>
      <id>0</id>
      <idClass>20362</idClass>
      <acronym>ECMFA</acronym>
      <acronym>ECMDA</acronym>
      <title>European Conference on Modelling Foundations and Applications</title>
      <title>European Conference on Model Driven Architecture Foundations and Applications</title>
      <title-formerly>European Conference on Model Driven Architecture - Foundations and Applications</title-formerly>
      <acronym-formerly>ECMDA-FA</acronym-formerly>
      <pub-type>C</pub-type>
      <qualis-estrato>B3</qualis-estrato>
   </pub-venue>
</cluster>
<cluster>
   <pub-venue>
      <id>3801</id>
      <idClass>201858</idClass>
      <entity>IEEE</entity>
      <entity>ACM</entity>
      <acronym>TAU</acronym>
      <title>ACM/IEEE international workshop on Timing issues in the specification and synthesis of digital systems</title>
      <pub-type>W</pub-type>
   </pub-venue>
   <pub-venue>
      <id>5455</id>
      <idClass>203560</idClass>
      <title>International Workshop on Timing Issues in the Specification and Synthesis of Digital Systems</title>
      <pub-type>W</pub-type>
   </pub-venue>
   <FINAL/>
   <pub-venue>
      <id>0</id>
      <idClass>201858</idClass>
      <entity>IEEE</entity>
      <entity>ACM</entity>
      <acronym>TAU</acronym>
      <title>ACM/IEEE international workshop on Timing issues in the specification and synthesis of digital systems</title>
      <title>International Workshop on Timing Issues in the Specification and Synthesis of Digital Systems</title>
      <pub-type>W</pub-type>
   </pub-venue>
</cluster>
<cluster>
   <pub-venue>
      <id>4618</id>
      <idClass>202692</idClass>
      <acronym>TAIC PART</acronym>
      <acronym>TAIC-PART</acronym>
      <title>Testing: Academic and Industrial Conference - Practice And Research Techniques</title>
      <title>Testing: Academic and Industrial Conference on Practice And Research Techniques</title>
      <title>International Academic and Industrial Conference on Testing - Practice and Research Techniques</title>
      <pub-type>C</pub-type>
   </pub-venue>
   <pub-venue>
      <id>4619</id>
      <idClass>202693</idClass>
      <acronym>TAICPART-MUTATION</acronym>
      <title>Testing: Academic and Industrial Conference Practice and Research Techniques - MUTATION</title>
      <pub-type>C</pub-type>
   </pub-venue>
   <FINAL/>
   <pub-venue>
      <id>0</id>
      <idClass>202692</idClass>
      <acronym>TAIC PART</acronym>
      <acronym>TAIC-PART</acronym>
      <acronym>TAICPART-MUTATION</acronym>
      <title>Testing: Academic and Industrial Conference - Practice And Research Techniques</title>
      <title>Testing: Academic and Industrial Conference Practice and Research Techniques - MUTATION</title>
      <title>Testing: Academic and Industrial Conference on Practice And Research Techniques</title>
      <title>International Academic and Industrial Conference on Testing - Practice and Research Techniques</title>
      <pub-type>C</pub-type>
   </pub-venue>
</cluster>
