Juncao dos veículos que possuem jaccard maior que 1.0, sem fazer limpeza dos dados.
Threshold = 1.7
AddIfAcronsIsEqual = 1.0 # Este valor é somado ao valor de similaridade encontrada caso as siglas sejam iguais.
K = 10
Os valores de min e max Threshold são usados quando se deseja avaliar pulicacoes que estão entre uma faixa de similaridade. Muito usado para evitar avaliar publicacões que ja foram avaliadas.
maxThreshold = 1.0 #os valores de similaridades encontrados que sejam maiores do que este sao setados para zero
minThreshold = 0.0 #os valores de similaridades encontrados que sejam menores do que este sao setados para zero
Verificacao manual.
Fazendo limpeza nos títulos.
Total de veículos: 5564
Total de clusters: 5563
Diferenca: 1
<cluster>
   <pub-venue>
      <id>2956</id>
      <idClass>201002</idClass>
      <entity>ACM</entity>
      <acronym>EA</acronym>
      <title>international workshop on Early aspects</title>
      <title>Workshop on Early Aspects</title>
      <title>ICSE Workshop on Aspect-Oriented Requirements Engineering and Architecture Design</title>
      <title-formerly>Early Aspects at ICSE</title-formerly>
      <title-formerly>international workshop on Early aspects at ICSE</title-formerly>
      <title-formerly>AOSD workshop on Early aspects</title-formerly>
      <acronym-formerly>EARLYASPECTS</acronym-formerly>
      <pub-type>W</pub-type>
      <qualis-estrato>B3</qualis-estrato>
   </pub-venue>
   <pub-venue>
      <id>4141</id>
      <idClass>202203</idClass>
      <acronym>EARLYASPECTS</acronym>
      <title>Early Aspects: Workshop in Aspect-Oriented Requirements Engineering and Architecture Design</title>
      <pub-type>W</pub-type>
   </pub-venue>
   <FINAL/>
   <pub-venue>
      <id>0</id>
      <idClass>201002</idClass>
      <entity>ACM</entity>
      <acronym>EA</acronym>
      <title>international workshop on Early aspects</title>
      <title>Workshop on Early Aspects</title>
      <title>Early Aspects: Workshop in Aspect-Oriented Requirements Engineering and Architecture Design</title>
      <title>ICSE Workshop on Aspect-Oriented Requirements Engineering and Architecture Design</title>
      <title-formerly>international workshop on Early aspects at ICSE</title-formerly>
      <title-formerly>Early Aspects at ICSE</title-formerly>
      <title-formerly>AOSD workshop on Early aspects</title-formerly>
      <acronym-formerly>EARLYASPECTS</acronym-formerly>
      <pub-type>W</pub-type>
      <qualis-estrato>B3</qualis-estrato>
   </pub-venue>
</cluster>
