<info>
      <id>27</id>
      <acron>CIAA</acron>
      <title>International Conference on Implementation and Application of Automata</title>
      <id>132</id>
      <acron>CIAA</acron>
      <title>international conference on Implementation and application of automata</title>
</info>
<info>
      <id>30</id>
      <acron>PLDI</acron>
      <title>ACM SIGPLAN Conference on Programming Language Design and Implementation</title>
      <id>729</id>
      <acron>PLDI</acron>
      <title>ACM SIGPLAN conference on Programming Language Design and Implementation</title>
</info>
<info>
      <id>31</id>
      <acron>ECOOP</acron>
      <title>European Conference on Object-Oriented Programming</title>
      <id>257</id>
      <acron>ECOOP</acron>
      <title>European conference on Object-oriented programming</title>
</info>
<info>
      <id>46</id>
      <acron>PPoPP</acron>
      <title>ACM SIGPLAN Symposium on Principles and Practice of Parallel Programming</title>
      <id>748</id>
      <acron>PPoPP</acron>
      <title>ACM SIGPLAN symposium on Principles and Practice of Parallel Programming</title>
</info>
<info>
      <id>45</id>
      <acron>SPAA</acron>
      <title>ACM Symposium on Parallelism in Algorithms and Architectures</title>
      <id>899</id>
      <acron>SPAA</acron>
      <title>ACM symposium on Parallelism in algorithms and architectures</title>
</info>
<info>
      <id>50</id>
      <acron>PACT</acron>
      <title>International Conference on Parallel Architectures and Compilation Techniques</title>
      <id>701</id>
      <acron>PACT</acron>
      <title>international conference on Parallel architectures and compilation techniques</title>
</info>
<info>
      <id>59</id>
      <acron>SC</acron>
      <title>ACM/IEEE International Conference for High Performance Computing, Networking, Storage, and Analysis</title>
      <id>812</id>
      <acron>SC</acron>
      <title>International Conference for High Performance Computing, Networking, Storage and Analysis</title>
</info>
<info>
      <id>61</id>
      <acron>HPDC</acron>
      <title>International Symposium on High Performance Distributed Computing</title>
      <id>369</id>
      <acron>HPDC</acron>
      <title>international symposium on High-Performance Parallel and Distributed Computing</title>
</info>
<info>
      <id>63</id>
      <acron>Grid</acron>
      <title>IEEE/ACM International Conference on Grid Computing</title>
      <id>346</id>
      <acron>GRID</acron>
      <title>IEEE/ACM International Conference on Grid Computing</title>
</info>
<info>
      <id>65</id>
      <acron>HiPC</acron>
      <title>International Conference on High Performance Computing</title>
      <id>384</id>
      <acron>HiPC</acron>
      <title>international conference on High performance computing</title>
</info>
<info>
      <id>66</id>
      <acron>ICSE</acron>
      <title>International Conference on Software Engineering</title>
      <id>1118</id>
      <acron>ICSE</acron>
      <title>International Conference on Software Engineering</title>
</info>
<info>
      <id>67</id>
      <acron>FSE</acron>
      <title>ACM SIGSOFT Symposium on the Foundations of Software Engineering</title>
      <id>868</id>
      <acron>FSE</acron>
      <title>ACM SIGSOFT international symposium on Foundations of software engineering</title>
</info>
<info>
      <id>70</id>
      <acron>ASE</acron>
      <title>IEEE/ACM International Conference on Automated Software Engineering</title>
      <id>63</id>
      <acron>ASE</acron>
      <title>IEEE/ACM international conference on Automated software engineering</title>
</info>
<info>
      <id>80</id>
      <acron>SAS</acron>
      <title>Static Analysis Symposium</title>
      <id>805</id>
      <acron>SAS</acron>
      <title>international conference on Static analysis</title>
</info>
<info>
      <id>82</id>
      <acron>OSDI</acron>
      <title>USENIX Symposium on Operating Systems Design and Implementation</title>
      <id>695</id>
      <acron>OSDI</acron>
      <title>USENIX conference on Operating systems design and implementation</title>
</info>
<info>
      <id>81</id>
      <acron>SOSP</acron>
      <title>ACM Symposium on Operating Systems Principles</title>
      <id>896</id>
      <acron>SOSP</acron>
      <title>ACM Symposium on Operating Systems Principles</title>
</info>
<info>
      <id>84</id>
      <acron>FAST</acron>
      <title>USENIX Conference on File and Storage Technologies</title>
      <id>300</id>
      <acron>FAST</acron>
      <title>USENIX conference on File and storage technologies</title>
</info>
<info>
      <id>86</id>
      <acron>Middleware</acron>
      <title>ACM/IFIP/USENIX International Middleware Conference</title>
      <id>637</id>
      <acron>Middleware</acron>
      <title>ACM/IFIP/USENIX international conference on Middleware</title>
</info>
<info>
      <id>88</id>
      <acron>NOSSDAV</acron>
      <title>International Workshop on Network and Operating Systems Support for Digital Audio and Video</title>
      <id>671</id>
      <acron>NOSSDAV</acron>
      <title>international workshop on Network and operating systems support for digital audio and video</title>
</info>
<info>
      <id>89</id>
      <acron>ASPLOS</acron>
      <title>International Conference on Architectural Support for Programming Languages and Operating Systems</title>
      <id>68</id>
      <acron>ASPLOS</acron>
      <title>international conference on Architectural Support for Programming Languages and Operating Systems</title>
</info>
<info>
      <id>104</id>
      <acron>CASES</acron>
      <title>International Conference on Compilers, Architecture, and Synthesis for Embedded Systems</title>
      <id>110</id>
      <acron>CASES</acron>
      <title>international conference on Compilers, architecture, and synthesis for embedded systems</title>
</info>
<info>
      <id>107</id>
      <acron>SCOPES</acron>
      <title>International Workshop on Software and Compilers for Embedded Systems</title>
      <id>821</id>
      <acron>SCOPES</acron>
      <title>International Workshop on Software and Compilers for Embedded Systems</title>
</info>
<info>
      <id>112</id>
      <acron>NSDI</acron>
      <title>USENIX Symposium on Networked Systems Design and Implementation</title>
      <id>676</id>
      <acron>NSDI</acron>
      <title>USENIX conference on Networked systems design and implementation</title>
</info>
<info>
      <id>119</id>
      <acron>IWQoS</acron>
      <title>IEEE International Workshop on Quality of Service</title>
      <id>508</id>
      <acron>IWQoS</acron>
      <title>IEEE International Workshop on Quality of Service</title>
</info>
<info>
      <id>126</id>
      <acron>MobiHoc</acron>
      <title>ACM International Symposium on Mobile Ad Hoc Networking and Computing</title>
      <id>652</id>
      <acron>MobiHoc</acron>
      <title>ACM international symposium on Mobile Ad Hoc Networking and Computing</title>
</info>
<info>
      <id>128</id>
      <acron>HotMobile</acron>
      <title>International Workshop on Mobile Computing Systems and Applications</title>
      <id>389</id>
      <acron>HotMobile</acron>
      <title>Workshop on Mobile Computing Systems and Applications</title>
</info>
<info>
      <id>127</id>
      <acron>SenSys</acron>
      <title>ACM Conference on Embedded Networked Sensor Systems</title>
      <id>939</id>
      <acron>SenSys</acron>
      <title>ACM Conference on Embedded Networked Sensor Systems</title>
</info>
<info>
      <id>129</id>
      <acron>IPSN</acron>
      <title>ACM/IEEE International Conference on Information Processing in Sensor Networks</title>
      <id>460</id>
      <acron>IPSN</acron>
      <title>ACM/IEEE international conference on Information Processing in Sensor Networks</title>
</info>
<info>
      <id>130</id>
      <acron>Ubicomp</acron>
      <title>International Conference on Ubiquitous Computing</title>
      <id>988</id>
      <acron>UbiComp</acron>
      <title>international conference on Ubiquitous computing</title>
</info>
<info>
      <id>133</id>
      <acron>MSWiM</acron>
      <title>ACM International Conference on Modeling, Analysis and Simulation of Wireless and Mobile Systems</title>
      <id>619</id>
      <acron>MSWiM</acron>
      <title>ACM international conference on Modeling, analysis and simulation of wireless and mobile systems</title>
</info>
<info>
      <id>141</id>
      <acron>CCS</acron>
      <title>ACM Conference on Computer and Communications Security</title>
      <id>117</id>
      <acron>CCS</acron>
      <title>ACM conference on Computer and communications security</title>
</info>
<info>
      <id>146</id>
      <acron>ASIACCS</acron>
      <title>ACM Symposium on Information, Computer and Communications Security</title>
      <id>64</id>
      <acron>ASIACCS</acron>
      <title>ACM International Symposium on Information, Computer and Communications Security</title>
</info>
<info>
      <id>158</id>
      <acron>SIGMOD</acron>
      <title>ACM SIGMOD International Conference on Management of Data</title>
      <id>865</id>
      <acron>SIGMOD</acron>
      <title>ACM SIGMOD International Conference on Management of Data</title>
</info>
<info>
      <id>159</id>
      <acron>VLDB</acron>
      <title>International Conference on Very Large Data Bases</title>
      <id>1003</id>
      <acron>VLDB</acron>
      <title>international conference on Very large data bases</title>
</info>
<info>
      <id>162</id>
      <acron>WWW</acron>
      <title>World Wide Web Conference</title>
      <id>1085</id>
      <acron>WWW</acron>
      <title>international conference on World Wide Web</title>
</info>
<info>
      <id>163</id>
      <acron>KDD</acron>
      <title>ACM SIGKDD Conference on Knowledge Discovery and Data Mining</title>
      <id>1124</id>
      <acron>KDD</acron>
      <title>ACM SIGKDD international conference on Knowledge discovery and data mining</title>
</info>
<info>
      <id>168</id>
      <acron>EDBT</acron>
      <title>International Conference on Extending Database Technology</title>
      <id>259</id>
      <acron>EDBT</acron>
      <title>International Conference on Extending Database Technology</title>
</info>
<info>
      <id>167</id>
      <acron>ICDT</acron>
      <title>International Conference on Database Theory</title>
      <id>410</id>
      <acron>ICDT</acron>
      <title>International Conference on Database Theory</title>
</info>
<info>
      <id>170</id>
      <acron>CIKM</acron>
      <title>ACM Conference on Information and Knowledge Management</title>
      <id>134</id>
      <acron>CIKM</acron>
      <title>ACM international conference on Information and knowledge management</title>
</info>
<info>
      <id>174</id>
      <acron>WebDB</acron>
      <title>International Workshop on the Web and Databases</title>
      <id>1088</id>
      <acron>WebDB</acron>
      <title>International Workshop on the Web and Databases</title>
</info>
<info>
      <id>183</id>
      <acron>AAMAS</acron>
      <title>International Conference on Autonomous Agents and Multiagent Systems</title>
      <id>8</id>
      <acron>AAMAS</acron>
      <title>International Conference on Autonomous Agents and Multiagent Systems</title>
</info>
<info>
      <id>218</id>
      <acron>ACMMM</acron>
      <title>ACM Multimedia Conference</title>
      <id>1121</id>
      <acron>MM</acron>
      <title>ACM international conference on Multimedia</title>
</info>
<info>
      <id>225</id>
      <acron>SCA</acron>
      <title>ACM SIGGRAPH/Eurographics Symposium on Computer Animation</title>
      <id>813</id>
      <acron>SCA</acron>
      <title>ACM SIGGRAPH/Eurographics Symposium on Computer Animation</title>
</info>
<info>
      <id>227</id>
      <acron>GI</acron>
      <title>Graphics Interface</title>
      <id>337</id>
      <acron>GI</acron>
      <title>Graphics Interface</title>
</info>
<info>
      <id>234</id>
      <acron>SIGDOC</acron>
      <title>ACM International Conference on Design of Communication</title>
      <id>856</id>
      <acron>SIGDOC</acron>
      <title>ACM international conference on Design of communication</title>
</info>
<info>
      <id>233</id>
      <acron>MobileHCI</acron>
      <title>Conference on Human-Computer Interaction with Mobile Devices and Services</title>
      <id>660</id>
      <acron>MobileHCI</acron>
      <title>International Conference on Human Computer Interaction with Mobile Devices and Services</title>
</info>
<info>
      <id>236</id>
      <acron>ASSETS</acron>
      <title>International ACM SIGACCESS Conference on Computers and Accessibility</title>
      <id>76</id>
      <acron>ASSETS</acron>
      <title>international ACM SIGACCESS conference on Computers and accessibility</title>
</info>
<info>
      <id>241</id>
      <acron>SIGCSE</acron>
      <title>ACM Technical Symposium on Computer Science Education</title>
      <id>855</id>
      <acron>SIGCSE</acron>
      <title>ACM technical symposium on Computer Science Education</title>
</info>
<info>
      <id>248</id>
      <acron>DCOSS</acron>
      <title>IEEE International Conference on Distributed Computing in Sensor Systems</title>
      <id>196</id>
      <acron>DCOSS</acron>
      <title>IEEE international conference on Distributed computing in sensor systems</title>
</info>
<info>
      <id>253</id>
      <acron>EC</acron>
      <title>ACM Conference on Electronic Commerce</title>
      <id>250</id>
      <acron>EC</acron>
      <title>ACM Conference on Electronic Commerce</title>
</info>
<info>
      <id>256</id>
      <acron>GLSVLSI</acron>
      <title>ACM Great Lakes Symposium on VLSI</title>
      <id>340</id>
      <acron>GLSVLSI</acron>
      <title>ACM great lakes symposium on VLSI</title>
</info>
<info>
      <id>260</id>
      <acron>CIVR</acron>
      <title>ACM International Conference on Image and Video Retrieval</title>
      <id>137</id>
      <acron>CIVR</acron>
      <title>ACM International Conference on Image and Video Retrieval</title>
</info>
<info>
      <id>259</id>
      <acron>CF</acron>
      <title>ACM International Conference on Computing Frontiers</title>
      <id>122</id>
      <acron>CF</acron>
      <title>ACM International Conference on Computing Frontiers</title>
</info>
<info>
      <id>266</id>
      <acron>VSSN</acron>
      <title>ACM International Workshop on Video Surveillance and Sensor Networks</title>
      <id>1012</id>
      <acron>VSSN</acron>
      <title>ACM international workshop on Video surveillance and sensor networks</title>
</info>
<info>
      <id>265</id>
      <acron>PE-WASUN</acron>
      <title>ACM International Symposium on Performance Evaluation of Wireless Ad Hoc, Sensor, and Ubiquitous Networks</title>
      <id>716</id>
      <acron>PE-WASUN</acron>
      <title>ACM Symposium on Performance evaluation of wireless ad hoc, sensor, and ubiquitous networks</title>
</info>
<info>
      <id>268</id>
      <acron>RecSys</acron>
      <title>ACM Recommender Systems Conference</title>
      <id>789</id>
      <acron>RecSys</acron>
      <title>ACM conference on Recommender systems</title>
</info>
<info>
      <id>273</id>
      <acron>SACMAT</acron>
      <title>ACM Symposium on Access Control Models and Technologies</title>
      <id>795</id>
      <acron>SACMAT</acron>
      <title>ACM symposium on Access Control Models and Technologies</title>
</info>
<info>
      <id>275</id>
      <acron>DocEng</acron>
      <title>ACM Symposium on Document Engineering</title>
      <id>244</id>
      <acron>DocEng</acron>
      <title>ACM symposium on Document engineering</title>
</info>
<info>
      <id>278</id>
      <acron>WORM</acron>
      <title>ACM Workshop on Recurring Malcode</title>
      <id>1062</id>
      <acron>WORM</acron>
      <title>ACM workshop on Recurring malcode</title>
</info>
<info>
      <id>279</id>
      <acron>PPDP</acron>
      <title>ACM-SIGPLAN International Conference on Principles and Practice of Declarative Programming</title>
      <id>744</id>
      <acron>PPDP</acron>
      <title>international ACM SIGPLAN symposium on Principles and practice of declarative programming</title>
</info>
<info>
      <id>292</id>
      <acron>ACSAC</acron>
      <title>Annual Computer Security Applications Conference</title>
      <id>20</id>
      <acron>ACSAC</acron>
      <title>Annual Computer Security Applications Conference</title>
</info>
<info>
      <id>306</id>
      <acron>ANSS</acron>
      <title>Annual Simulation Symposium</title>
      <id>49</id>
      <acron>ANSS</acron>
      <title>Annual Simulation Symposium</title>
</info>
<info>
      <id>317</id>
      <acron>CGI</acron>
      <title>Computer Graphics International Conference</title>
      <id>125</id>
      <acron>CGI</acron>
      <title>International Conference on Computer Graphics</title>
</info>
<info>
      <id>345</id>
      <acron>EATIS</acron>
      <title>Euro American Conference on Telematics and Information Systems</title>
      <id>249</id>
      <acron>EATIS</acron>
      <title>Euro American Conference on Telematics and Information Systems</title>
</info>
<info>
      <id>346</id>
      <acron>SGP</acron>
      <title>Eurographics Symposium on Geometry Processing</title>
      <id>848</id>
      <acron>SGP</acron>
      <title>Eurographics symposium on Geometry processing</title>
</info>
<info>
      <id>366</id>
      <acron>ECSA</acron>
      <title>European Conference on Software Architecture</title>
      <id>258</id>
      <acron>ECSA</acron>
      <title>European Conference on Software Architecture</title>
</info>
<info>
      <id>381</id>
      <acron>ESEC</acron>
      <title>European Software Engineering Conference</title>
      <id>278</id>
      <acron>ESEC/FSE</acron>
      <title>European software engineering conference</title>
</info>
<info>
      <id>393</id>
      <acron>FOAL</acron>
      <title>Foundations of Aspect-Oriented Languages Workshop</title>
      <id>310</id>
      <acron>FOAL</acron>
      <title>international workshop on Foundations of Aspect-Oriented Languages</title>
</info>
<info>
      <id>398</id>
      <acron>GECCO</acron>
      <title>Genetic and Evolutionary Computation Conference</title>
      <id>335</id>
      <acron>GECCO</acron>
      <title>international conference on Genetic and evolutionary computation conference</title>
</info>
<info>
      <id>413</id>
      <acron>COMSWARE</acron>
      <title>ICST International Conference on COMmunication System softWAre and MiddlewaRE</title>
      <id>153</id>
      <acron>COMSWARE</acron>
      <title>International ICST Conference on Communication System Software and Middleware</title>
</info>
<info>
      <id>458</id>
      <acron>SCC</acron>
      <title>IEEE International Conference on Services Computing</title>
      <id>814</id>
      <acron>SCC</acron>
      <title>IEEE International Conference on Services Computing</title>
</info>
<info>
      <id>536</id>
      <acron>WI</acron>
      <title>IEEE/WIC/ACM International Conference on Web Intelligence</title>
      <id>1038</id>
      <acron>WI</acron>
      <title>IEEE/WIC/ACM International Conference on Web Intelligence</title>
</info>
<info>
      <id>585</id>
      <acron>Web3D</acron>
      <title>International Conference on 3D Web Technology</title>
      <id>1087</id>
      <acron>Web3D</acron>
      <title>International Conference on 3D Web Technology</title>
</info>
<info>
      <id>592</id>
      <acron>ACE</acron>
      <title>International Conference on Advances in Computer Entertainment Technology</title>
      <id>11</id>
      <acron>ACE</acron>
      <title>International Conference on Advances in Computer Entertainment Technology</title>
</info>
<info>
      <id>742</id>
      <acron>ICSOC</acron>
      <title>International Conference on Service Oriented Computing</title>
      <id>428</id>
      <acron>ICSOC</acron>
      <title>international conference on Service oriented computing</title>
</info>
<info>
      <id>746</id>
      <acron>SEKE</acron>
      <title>International Conference on Software Engineering and Knowledge Engineering</title>
      <id>1119</id>
      <acron>SEKE</acron>
      <title>international conference on Software engineering and knowledge engineering</title>
</info>
<info>
      <id>756</id>
      <acron>UML</acron>
      <title>International Conference on the Unified Modeling Language</title>
      <id>982</id>
      <acron>UML</acron>
      <title>international conference on the unified modeling language</title>
</info>
<info>
      <id>763</id>
      <acron>VMCAI</acron>
      <title>International Conference on Verification Model Checking and Abstract Interpretation</title>
      <id>1005</id>
      <acron>VMCAI</acron>
      <title>international conference on Verification, model checking, and abstract interpretation</title>
</info>
<info>
      <id>776</id>
      <acron>W4A</acron>
      <title>International Cross-Disciplinary Conference on Web Accessibility</title>
      <id>1018</id>
      <acron>W4A</acron>
      <title>International Cross-Disciplinary Conference on Web Accessibility</title>
</info>
<info>
      <id>777</id>
      <acron>IDEAS</acron>
      <title>International Database Engineering and Applications Symposium</title>
      <id>436</id>
      <acron>IDEAS</acron>
      <title>Symposium on International Database Engineering and Applications</title>
</info>
<info>
      <id>821</id>
      <acron>ISMM</acron>
      <title>International Symposium on Memory Management</title>
      <id>477</id>
      <acron>ISMM</acron>
      <title>international symposium on Memory Management</title>
</info>
<info>
      <id>824</id>
      <acron>ISPA</acron>
      <title>International Symposium on Parallel and Distributed Processing and Applications</title>
      <id>478</id>
      <acron>ISPA</acron>
      <title>international conference on Parallel and Distributed Processing and Applications</title>
</info>
<info>
      <id>839</id>
      <acron>AVI</acron>
      <title>International Working Conference on Advanced Visual Interfaces</title>
      <id>72</id>
      <acron>AVI</acron>
      <title>International Working Conference on Advanced Visual Interfaces</title>
</info>
<info>
      <id>864</id>
      <acron>FMICS</acron>
      <title>International Workshop on Formal Methods for Industrial Critical Systems</title>
      <id>306</id>
      <acron>FMICS</acron>
      <title>international workshop on Formal methods for industrial critical systems</title>
</info>
<info>
      <id>868</id>
      <acron>GSD</acron>
      <title>International Workshop on Global Software Development for the Practitioner</title>
      <id>349</id>
      <acron>GSD</acron>
      <title>international workshop on Global software development for the practitioner</title>
</info>
<info>
      <id>871</id>
      <acron>HLPP</acron>
      <title>International Workshop on High-level Parallel Programming and Applications</title>
      <id>364</id>
      <acron>HLPP</acron>
      <title>international workshop on High-level parallel programming and applications</title>
</info>
<info>
      <id>880</id>
      <acron>MPAC</acron>
      <title>International Workshop on Middleware for Pervasive and Ad-hoc Computing</title>
      <id>607</id>
      <acron>MPAC</acron>
      <title>international workshop on Middleware for pervasive and ad-hoc computing</title>
</info>
<info>
      <id>900</id>
      <acron>SELMAS</acron>
      <title>International Workshop on Software Engineering for Large-Scale Multi- Agent Systems</title>
      <id>836</id>
      <acron>SELMAS</acron>
      <title>international workshop on Software engineering for large-scale multi-agent systems</title>
</info>
<info>
      <id>918</id>
      <acron>CLIHC</acron>
      <title>Latin American Conference on Human-Computer Interaction</title>
      <id>140</id>
      <acron>CLIHC</acron>
      <title>Latin American conference on Human-computer interaction</title>
</info>
<info>
      <id>935</id>
      <acron>PDC</acron>
      <title>Participatory Design Conference</title>
      <id>714</id>
      <acron>PDC</acron>
      <title>Participatory Design Conference</title>
</info>
<info>
      <id>936</id>
      <acron>PLoP</acron>
      <title>Pattern Languages of Programs Conference</title>
      <id>1129</id>
      <acron>PLoP</acron>
      <title>Conference on Pattern Languages of Programs</title>
</info>
<info>
      <id>950</id>
      <acron>SCSC</acron>
      <title>Summer Computer Simulation Conference</title>
      <id>823</id>
      <acron>SCSC</acron>
      <title>Summer Computer Simulation Conference</title>
</info>
<info>
      <id>978</id>
      <acron>WSC</acron>
      <title>Winter Simulation Conference</title>
      <id>1076</id>
      <acron>WSC</acron>
      <title>Winter Simulation Conference</title>
</info>
<info>
      <id>989</id>
      <acron>WADS</acron>
      <title>Workshop on Architecting Dependable Systems</title>
      <id>1021</id>
      <acron>WADS</acron>
      <title>workshop on Architecting dependable systems</title>
</info>
<info>
      <id>993</id>
      <acron>WCAE</acron>
      <title>Workshop on Computer Architecture Education</title>
      <id>1024</id>
      <acron>WCAE</acron>
      <title>workshop on Computer architecture education</title>
</info>
<info>
      <id>1004</id>
      <acron>EA</acron>
      <title>Workshop on Early Aspects</title>
      <id>247</id>
      <acron>EA</acron>
      <title>international workshop on Early aspects</title>
</info>
<info>
      <id>1023</id>
      <acron>SAVCBS</acron>
      <title>Workshop on Specification and Verification of Component-Based Systems</title>
      <id>807</id>
      <acron>SAVCBS</acron>
      <title>international workshop on Specification and verification of component-based systems</title>
</info>
<info>
      <id>1031</id>
      <acron>SBCCI</acron>
      <title>Symposium on Integrated Circuits and Systems Design</title>
      <id>809</id>
      <acron>SBCCI</acron>
      <title>symposium on Integrated circuits and systems design</title>
</info>
<info>
      <id>1039</id>
      <acron>WEBMEDIA</acron>
      <title>Brazilian Symposium on Multimedia and the Web</title>
      <id>1090</id>
      <acron>WebMedia</acron>
      <title>Brazilian Symposium on Multimedia and the Web</title>
</info>
<info>
      <id>161</id>
      <acron>SIGIR</acron>
      <title>Annual International ACM SIGIR Conference</title>
      <id>860</id>
      <acron>SIGIR</acron>
      <title>international ACM SIGIR conference on Research and development in information retrieval</title>
</info>
<info>
      <id>103</id>
      <acron>LCTES</acron>
      <title>ACM SIGPLAN/SIGBED Conference on Languages, Compilers, and Tools for Embedded Systems</title>
      <id>544</id>
      <acron>LCTES</acron>
      <title>ACM SIGPLAN/SIGBED International Conference on Languages, Compilers, Tools and Theory for Embedded Systems</title>
</info>
<info>
      <id>242</id>
      <acron>ITiCSE</acron>
      <title>Integrating Technology into Computer Science Education</title>
      <id>489</id>
      <acron>ITiCSE</acron>
      <title>ACM SIGCSE annual joint conference on Innovation and technology in computer science education</title>
</info>
<info>
      <id>32</id>
      <acron>OOPSLA</acron>
      <title>Conference on Object-Oriented Programming, Systems, Languages, and Applications</title>
      <id>903</id>
      <acron>OOPSLA</acron>
      <title>ACM international conference on Object oriented programming systems languages and applications</title>
</info>
<info>
      <id>98</id>
      <acron>CODES+ISSS</acron>
      <title>International Conference on Hardware Software Codesign</title>
      <id>148</id>
      <acron>CODES+ISSS</acron>
      <title>IEEE/ACM/IFIP international conference on Hardware/software codesign and system synthesis</title>
</info>
<info>
      <id>228</id>
      <acron>CHI</acron>
      <title>ACM Conference on Human Factors in Computing Systems</title>
      <id>129</id>
      <acron>CHI</acron>
      <title>ACM annual conference on Human Factors in Computing Systems</title>
</info>
<info>
      <id>481</id>
      <acron>DS-RT</acron>
      <title>IEEE International Symposium on Distributed Simulation and Real Time Applications</title>
      <id>229</id>
      <acron>DS-RT</acron>
      <title>IEEE/ACM International Symposium on Distributed Simulation and Real Time Applications</title>
</info>
<info>
      <id>110</id>
      <acron>ASP-DAC</acron>
      <title>DAC Asia and South Pacific Design Automation Conference</title>
      <id>67</id>
      <acron>ASPDAC</acron>
      <title>Asia and South Pacific Design Automation Conference</title>
</info>
<info>
      <id>135</id>
      <acron>WoWMoM</acron>
      <title>IEEE International Symposium on a World of Wireless, Mobile and Multimedia Networks</title>
      <id>1067</id>
      <acron>WOWMOM</acron>
      <title>International Symposium on on World of Wireless, Mobile and Multimedia Networks</title>
</info>
<info>
      <id>229</id>
      <acron>CSCW</acron>
      <title>Conference on Computer Supported Cooperative Work</title>
      <id>159</id>
      <acron>CSCW</acron>
      <title>ACM conference on Computer Supported Cooperative Work</title>
</info>
<info>
      <id>230</id>
      <acron>UIST</acron>
      <title>ACM Symposium on User Interface Software and Technology</title>
      <id>980</id>
      <acron>UIST</acron>
      <title>annual ACM symposium on User interface software and technology</title>
</info>
<info>
      <id>529</id>
      <acron>HRI</acron>
      <title>IEEE/ACM International Conference on Human Robot Interaction</title>
      <id>374</id>
      <acron>HRI</acron>
      <title>annual ACM/IEEE international conference on Human-Robot Interaction</title>
</info>
<info>
      <id>564</id>
      <acron>IIWAS</acron>
      <title>Information Integration and Web-based Applications and Services</title>
      <id>1113</id>
      <acron>iiWAS</acron>
      <title>International Conference on Information Integration and Web-based Applications and Services</title>
</info>
<info>
      <id>999</id>
      <acron>MobiDE</acron>
      <title>Workshop on Data Engineering for Wireless and Mobile Access</title>
      <id>649</id>
      <acron>MobiDE</acron>
      <title>ACM International Workshop on Data Engineering for Wireless and Mobile Access</title>
</info>
<info>
      <id>216</id>
      <acron>SIGGRAPH</acron>
      <title>International Conference on Computer Graphics and Interactive Techniques</title>
      <id>858</id>
      <acron>SIGGRAPH</acron>
      <title>ACM international conference on Computer graphics and interactive techniques</title>
</info>
<info>
      <id>262</id>
      <acron>IWCMC</acron>
      <title>ACM International Wireless Communications and Mobile Computing Conference</title>
      <id>497</id>
      <acron>IWCMC</acron>
      <title>International Conference on Wireless Communications and Mobile Computing</title>
</info>
<info>
      <id>267</id>
      <acron>WIDM</acron>
      <title>ACM International Workshop on Web Information and Data Management</title>
      <id>1042</id>
      <acron>WIDM</acron>
      <title>international workshop on Web information and data management</title>
</info>
<info>
      <id>276</id>
      <acron>VRST</acron>
      <title>ACM Virtual Reality Software and Technology</title>
      <id>1011</id>
      <acron>VRST</acron>
      <title>ACM Symposium on Virtual Reality Software and Technology</title>
</info>
<info>
      <id>277</id>
      <acron>DRM</acron>
      <title>ACM Workshop on Digital Rights Management</title>
      <id>228</id>
      <acron>DRM</acron>
      <title>annual ACM workshop on Digital rights management</title>
</info>
<info>
      <id>85</id>
      <acron>EuroSys</acron>
      <title>European Conference on Computer Systems</title>
      <id>297</id>
      <acron>EuroSys</acron>
      <title>ACM european conference on Computer Systems</title>
</info>
<info>
      <id>91</id>
      <acron>MICRO</acron>
      <title>IEEE/ACM International Symposium on Microarchitecture</title>
      <id>583</id>
      <acron>MICRO</acron>
      <title>Annual IEEE/ACM International Symposium on Microarchitecture</title>
</info>
<info>
      <id>93</id>
      <acron>ISPD</acron>
      <title>International Symposium on Physical Design</title>
      <id>479</id>
      <acron>ISPD</acron>
      <title>ACM international symposium on Physical Design</title>
</info>
<info>
      <id>109</id>
      <acron>DATE</acron>
      <title>Design, Automation, and Test in Europe</title>
      <id>192</id>
      <acron>DATE</acron>
      <title>Conference on Design, Automation and Test in Europe</title>
</info>
<info>
      <id>231</id>
      <acron>IUI</acron>
      <title>International Conference on Intelligent User Interfaces</title>
      <id>491</id>
      <acron>IUI</acron>
      <title>ACM international conference on Intelligent User Interfaces</title>
</info>
<info>
      <id>360</id>
      <acron>ECIR</acron>
      <title>European Conference on Information Retrieval</title>
      <id>254</id>
      <acron>ECIR</acron>
      <title>European conference on Advances in Information Retrieval</title>
</info>
<info>
      <id>374</id>
      <acron>EuroITV</acron>
      <title>European Interactive TV Conference</title>
      <id>295</id>
      <acron>EuroiTV</acron>
      <title>European conference on Interactive tv and video</title>
</info>
<info>
      <id>491</id>
      <acron>ISQED</acron>
      <title>IEEE International Symposium on Quality Electronic Design</title>
      <id>481</id>
      <acron>ISQED</acron>
      <title>International Symposium on Quality Electronic Design</title>
</info>
<info>
      <id>853</id>
      <acron>DOLAP</acron>
      <title>International Workshop on Data Warehousing and OLAP</title>
      <id>224</id>
      <acron>DOLAP</acron>
      <title>ACM international workshop on Data Warehousing and OLAP</title>
</info>
<info>
      <id>860</id>
      <acron>DAS</acron>
      <title>International Workshop on Document Analysis Systems</title>
      <id>190</id>
      <acron>DAS</acron>
      <title>IAPR International Workshop on Document Analysis Systems</title>
</info>
<info>
      <id>1005</id>
      <acron>Emnets</acron>
      <title>Workshop on Embedded Networked Sensors</title>
      <id>292</id>
      <acron>EmNets</acron>
      <title>IEEE workshop on Embedded networked sensors</title>
</info>
<info>
      <id>1008</id>
      <acron>GIR</acron>
      <title>Workshop on Geographic Information Retrieval</title>
      <id>338</id>
      <acron>GIR</acron>
      <title>ACM international Workshop on Geographic Information Retrieval</title>
</info>
<info>
      <id>217</id>
      <acron>I3D</acron>
      <title>SI3D, I3DG</title>
      <id>397</id>
      <acron>I3D</acron>
      <title>ACM SIGGRAPH Symposium on Interactive 3D Graphics and Games</title>
</info>
<info>
      <id>2</id>
      <acron>STOC</acron>
      <title>ACM Symposium on Theory of Computing</title>
      <id>920</id>
      <acron>STOC</acron>
      <title>symposium on Theory of Computing</title>
</info>
<info>
      <id>60</id>
      <acron>ICS</acron>
      <title>International Conference on Supercomputing</title>
      <id>427</id>
      <acron>ICS</acron>
      <title>ACM international conference on Supercomputing</title>
</info>
<info>
      <id>90</id>
      <acron>ISCA</acron>
      <title>Annual Symposium on Computer Architecture</title>
      <id>471</id>
      <acron>ISCA</acron>
      <title>International Symposium on Computer Architecture</title>
</info>
<info>
      <id>172</id>
      <acron>ICIS</acron>
      <title>International Conference on Information Systems</title>
      <id>419</id>
      <acron>ICIS</acron>
      <title>International Conference on Interaction Sciences</title>
</info>
<info>
      <id>185</id>
      <acron>ICML</acron>
      <title>International Conference on Machine Learning</title>
      <id>422</id>
      <acron>ICML</acron>
      <title>Annual International Conference on Machine Learning</title>
</info>
<info>
      <id>238</id>
      <acron>RECOMB</acron>
      <title>International Conference on Research in Computational Molecular Biology</title>
      <id>778</id>
      <acron>RECOMB</acron>
      <title>annual international conference on Resaerch in computational molecular biology</title>
</info>
<info>
      <id>258</id>
      <acron>JCDL</acron>
      <title>ACM IEEE Joint Conference on Digital Libraries</title>
      <id>526</id>
      <acron>JCDL</acron>
      <title>annual international ACM/IEEE-CS joint conference on Digital Libraries</title>
</info>
<info>
      <id>269</id>
      <acron>VRCIA</acron>
      <title>ACM SIGGRAPH International Conference on Virtual-Reality Continuum and its Applications in Industry</title>
      <id>1009</id>
      <acron>VRCAI</acron>
      <title>International Conference on Virtual Reality Continuum and Its Applications in Industry</title>
</info>
<info>
      <id>280</id>
      <acron>MODELS</acron>
      <title>ACM/IEEE International Conference on Model-Driven Engineering Languages and Systems</title>
      <id>640</id>
      <acron>MODELS</acron>
      <title>international conference on Model driven engineering languages and systems</title>
</info>
<info>
      <id>349</id>
      <acron>EGVE</acron>
      <title>Eurographics Workshop on Virtual Environments</title>
      <id>269</id>
      <acron>EGVE</acron>
      <title>workshop on Virtual environments</title>
</info>
<info>
      <id>713</id>
      <acron>ICMI</acron>
      <title>International Conference on Multimodal Interfaces</title>
      <id>421</id>
      <acron>ICMI</acron>
      <title>IEEE international conference on multimodal interfaces</title>
</info>
<info>
      <id>43</id>
      <acron>AOSD</acron>
      <title>Aspect-Oriented Software Development</title>
      <id>52</id>
      <acron>AOSD</acron>
      <title>annual international conference on Aspect-oriented Software Development</title>
</info>
<info>
      <id>95</id>
      <acron>ISLPED</acron>
      <title>International Symposium on Low Power Electronics and Design</title>
      <id>474</id>
      <acron>ISLPED</acron>
      <title>ACM/IEEE international symposium on Low power electronics and design</title>
</info>
<info>
      <id>125</id>
      <acron>MobiCom</acron>
      <title>ACM International Conference on Mobile Computing and Networking</title>
      <id>648</id>
      <acron>MobiCom</acron>
      <title>annual ACM/IEEE international conference on Mobile computing and networking</title>
</info>
<info>
      <id>261</id>
      <acron>IAT</acron>
      <title>ACM International Conference on Intelligent Agent Technology</title>
      <id>399</id>
      <acron>IAT</acron>
      <title>IEEE/WIC/ACM International Conference on Intelligent Agent Technology</title>
</info>
<info>
      <id>271</id>
      <acron>Mobisys</acron>
      <title>ACM SIGMOBILE International Conference on Mobile Systems Applications and Services</title>
      <id>656</id>
      <acron>MobiSys</acron>
      <title>international conference on Mobile systems, applications, and services</title>
</info>
<info>
      <id>809</id>
      <acron>ESEM</acron>
      <title>International Symposium on Empirical Software Engineering and Measurement</title>
      <id>279</id>
      <acron>ESEM</acron>
      <title>ACM-IEEE International Symposium on Empirical Software Engineering and Measurement</title>
</info>
<info>
      <id>952</id>
      <acron>APGV</acron>
      <title>Symposium on Applied Perception in Graphics and Visualization</title>
      <id>53</id>
      <acron>APGV</acron>
      <title>ACM SIGGRAPH Symposium on Applied Perception in Graphics and Visualization</title>
</info>
<info>
      <id>16</id>
      <acron>SoCG</acron>
      <title>ACM Symposium on Computational Geometry</title>
      <id>944</id>
      <acron>SoCG</acron>
      <title>symposuim on Computational Geometry</title>
</info>
<info>
      <id>24</id>
      <acron>ISSAC</acron>
      <title>International Symposium on Symbolic and Algebraic Computation</title>
      <id>482</id>
      <acron>ISSAC</acron>
      <title>ACM-SIGSAM international symposium on Symbolic and algebraic computation</title>
</info>
<info>
      <id>75</id>
      <acron>ISSTA</acron>
      <title>International Symposium on Software Testing and Analysis</title>
      <id>484</id>
      <acron>ISSTA</acron>
      <title>ACM SIGSOFT International Symposium on Software Testing and Analysis</title>
</info>
<info>
      <id>97</id>
      <acron>ISSS</acron>
      <title>International Symposium on Systems Synthesis</title>
      <id>483</id>
      <acron>ISSS</acron>
      <title>international symposium on System Synthesis</title>
</info>
<info>
      <id>105</id>
      <acron>EMSOFT</acron>
      <title>International Conference on Embedded Software</title>
      <id>272</id>
      <acron>EMSOFT</acron>
      <title>ACM/IEEE international conference on Embedded software</title>
</info>
<info>
      <id>114</id>
      <acron>SIGMETRICS</acron>
      <title>ACM Conference on Measurement and Modeling of Computer Systems</title>
      <id>863</id>
      <acron>SIGMETRICS</acron>
      <title>ACM SIGMETRICS/PERFORMANCE joint international conference on Measurement and Modeling of Computer Systems</title>
</info>
<info>
      <id>187</id>
      <acron>COLT</acron>
      <title>Conference on Learning Theory</title>
      <id>149</id>
      <acron>COLT</acron>
      <title>annual conference on Computational learning theory</title>
</info>
<info>
      <id>221</id>
      <acron>Vis</acron>
      <title>IEEE Visualization Conference</title>
      <id>1000</id>
      <acron>VIS</acron>
      <title>conference on Visualization</title>
</info>
<info>
      <id>250</id>
      <acron>ICCAD</acron>
      <title>International Conference on Computer-Aided Design</title>
      <id>405</id>
      <acron>ICCAD</acron>
      <title>IEEE/ACM International Conference on Computer-Aided Design</title>
</info>
<info>
      <id>254</id>
      <acron>Hypertext</acron>
      <title>ACM Conference on Hypertext and Hypermedia</title>
      <id>378</id>
      <acron>HT</acron>
      <title>ACM conference on Hypertext and social media</title>
</info>
<info>
      <id>270</id>
      <acron>Sandbox</acron>
      <title>ACM SIGGRAPH Sandbox Symposium on Videogames</title>
      <id>933</id>
      <acron>Sandbox</acron>
      <title>ACM SIGGRAPH Symposium on Video Games</title>
</info>
<info>
      <id>282</id>
      <acron>PADS</acron>
      <title>ACM/IEEE/SCS Workshop on Parallel and Distributed Simulation</title>
      <id>703</id>
      <acron>PADS</acron>
      <title>ACM/IEEE/SCS Workshop on Principles of Advanced and Distributed Simulation</title>
</info>
<info>
      <id>341</id>
      <acron>DSL</acron>
      <title>Domain-Specific Languages for Software Engineering Conference</title>
      <id>231</id>
      <acron>DSL</acron>
      <title>conference on Domain-specific languages</title>
</info>
<info>
      <id>822</id>
      <acron>ISMAR</acron>
      <title>International Symposium on Mixed and Augmented Reality</title>
      <id>475</id>
      <acron>ISMAR</acron>
      <title>IEEE/ACM International Symposium on Mixed and Augmented Reality</title>
</info>
<info>
      <id>879</id>
      <acron>MGC</acron>
      <title>International Workshop on Middleware for Grid Computing</title>
      <id>579</id>
      <acron>MGC</acron>
      <title>International Workshop on Middleware for Grids, Clouds and e-Science</title>
</info>
<info>
      <id>891</id>
      <acron>IWPSE</acron>
      <title>International Workshop on Principles of Software Evolution</title>
      <id>507</id>
      <acron>IWPSE-EVOL</acron>
      <title>joint international and annual ERCIM workshops on Principles of software evolution (IWPSE) and software evolution (Evol)</title>
</info>
<info>
      <id>896</id>
      <acron>RULE</acron>
      <title>International Workshop on Rule-Based Programming</title>
      <id>787</id>
      <acron>RULE</acron>
      <title>ACM SIGPLAN workshop on Rule-based programming</title>
</info>
<info>
      <id>1010</id>
      <acron>HOTNETS</acron>
      <title>Workshop on Hot Topics in Networks</title>
      <id>394</id>
      <acron>HotNets</acron>
      <title>ACM SIGCOMM Workshop on Hot Topics in Networks</title>
</info>
<info>
      <id>1020</id>
      <acron>NetGames</acron>
      <title>Workshop on Network and System Support for Games</title>
      <id>682</id>
      <acron>NetGames</acron>
      <title>Annual Workshop on Network and Systems Support for Games</title>
</info>
<info>
      <id>44</id>
      <acron>PODC</acron>
      <title>ACM Symposium on Principles of Distributed Computing</title>
      <id>738</id>
      <acron>PODC</acron>
      <title>annual ACM SIGACT-SIGOPS symposium on Principles of distributed computing</title>
</info>
<info>
      <id>96</id>
      <acron>FPGA</acron>
      <title>Symposium on Field Programmable Gate Arrays</title>
      <id>318</id>
      <acron>FPGA</acron>
      <title>annual ACM/SIGDA international symposium on Field Programmable Gate Arrays</title>
</info>
<info>
      <id>160</id>
      <acron>PODS</acron>
      <title>ACM Symposium on Principles of Database Systems</title>
      <id>739</id>
      <acron>PODS</acron>
      <title>ACM SIGMOD-SIGACT-SIGART symposium on Principles of database systems</title>
</info>
<info>
      <id>664</id>
      <acron>GPCE</acron>
      <title>International Conference on Generative Programming and Component Engineering</title>
      <id>343</id>
      <acron>GPCE</acron>
      <title>ACM SIGPLAN/SIGSOFT international conference on Generative programming and component engineering</title>
</info>
<info>
      <id>34</id>
      <acron>ICFP</acron>
      <title>International Conference on Functional Programming</title>
      <id>415</id>
      <acron>ICFP</acron>
      <title>ACM SIGPLAN international conference on Functional programming</title>
</info>
<info>
      <id>115</id>
      <acron>IMC</acron>
      <title>Internet Measurement Conference</title>
      <id>450</id>
      <acron>IMC</acron>
      <title>ACM SIGCOMM conference on Internet measurement</title>
</info>
<info>
      <id>257</id>
      <acron>Group</acron>
      <title>ACM Group Conference</title>
      <id>347</id>
      <acron>GROUP</acron>
      <title>ACM international conference on Supporting group work</title>
</info>
<info>
      <id>434</id>
      <acron>ICAC</acron>
      <title>IEEE International Conference on Autonomic Computing</title>
      <id>400</id>
      <acron>ICAC</acron>
      <title>ACM international conference on Autonomic computing</title>
</info>
<info>
      <id>577</id>
      <acron>ICER</acron>
      <title>International Computing Education Reserch Workshop</title>
      <id>414</id>
      <acron>ICER</acron>
      <title>international workshop on Computing education research</title>
</info>
<info>
      <id>1079</id>
      <acron>DIS</acron>
      <title>Designing Interactive Systems</title>
      <id>211</id>
      <acron>DIS</acron>
      <title>ACM Conference on Designing Interactive Systems</title>
</info>
<info>
      <id>35</id>
      <acron>CGO</acron>
      <title>International Symposium on Code Generation and Optimization</title>
      <id>126</id>
      <acron>CGO</acron>
      <title>Annual IEEE/ACM International Symposium on Code Generation and Optimization</title>
</info>
<info>
      <id>905</id>
      <acron>TAMODIA</acron>
      <title>International Workshop on Task Models and Diagrams for User Interface Design</title>
      <id>952</id>
      <acron>TAMODIA</acron>
      <title>international workshop on Task models and diagrams</title>
</info>
<info>
      <id>1058</id>
      <acron>SEAS</acron>
      <title>Workshop on Software Engineering for Agent-Oriented Systems</title>
      <id>830</id>
      <acron>SEAS</acron>
      <title>International Workshop on Software Engineering for Automotive Systems</title>
</info>
<info>
      <id>29</id>
      <acron>POPL</acron>
      <title>Symposium on Principles of Programming Languages</title>
      <id>742</id>
      <acron>POPL</acron>
      <title>annual ACM SIGPLAN-SIGACT symposium on Principles of programming languages</title>
</info>
<info>
      <id>108</id>
      <acron>DAC</acron>
      <title>Design Automation Conference</title>
      <id>186</id>
      <acron>DAC</acron>
      <title>Annual ACM/IEEE Design Automation Conference</title>
</info>
<info>
      <id>255</id>
      <acron>DUX</acron>
      <title>ACM Designing for User Experience Conference</title>
      <id>235</id>
      <acron>DUX</acron>
      <title>conference on Designing for User eXperiences</title>
</info>
<info>
      <id>272</id>
      <acron>SSR</acron>
      <title>ACM SIGSOFT Working Conference on Software Reusability</title>
      <id>917</id>
      <acron>SSR</acron>
      <title>symposium on Software reusability</title>
</info>
<info>
      <id>682</id>
      <acron>IEA/AIE</acron>
      <title>International Conference on Industrial Engineering and Other Applications of Applied Intelligent Systems</title>
      <id>440</id>
      <acron>IEA/AIE</acron>
      <title>international conference on Industrial and engineering applications of artificial intelligence and expert systems</title>
</info>
<info>
      <id>689</id>
      <acron>ISTA</acron>
      <title>International Conference on Information Systems Technology and its</title>
      <id>485</id>
      <acron>ISTA</acron>
      <title>conference on Information Science, Technology and Applications</title>
</info>
<info>
      <id>933</id>
      <acron>NIME</acron>
      <title>New Interfaces for Music Expression</title>
      <id>670</id>
      <acron>NIME</acron>
      <title>international conference on New interfaces for musical expression</title>
</info>
<info>
      <id>1074</id>
      <acron>SIGCOMM</acron>
      <title>ACM SIGCOMM Conference</title>
      <id>853</id>
      <acron>SIGCOMM</acron>
      <title>ACM SIGCOMM conference on Applications, technologies, architectures, and protocols for computer communication</title>
</info>
<info>
      <id>17</id>
      <acron>ACM GIS</acron>
      <title>ACM SIGSPATIAL International Conference on Advances in Geographic Information Systems</title>
      <id>339</id>
      <acron>GIS</acron>
      <title>ACM SIGSPATIAL International Conference on Advances in Geographic Information Systems</title>
</info>
<info>
      <id>140</id>
      <acron>Oakland</acron>
      <title>IEEE Symposium on Security and Privacy</title>
      <id>898</id>
      <acron>SP</acron>
      <title>IEEE Symposium on Security and Privacy</title>
</info>
<info>obs
      <id>223</id>
      <acron></acron>
      <title>ACM SIGGRAPH/Eurographics Conference on Graphics Hardware</title>
      <id>336</id>
      <acron>GH</acron>
      <title>ACM SIGGRAPH/EUROGRAPHICS symposium on Graphics hardware</title>
</info>
<info>obs
      <id>565</id>
      <acron>ISC</acron>
      <title>Information Security Conference</title>
      <id>1122</id>
      <acron>InfoSecu</acron>
      <title>international conference on Information security</title>
</info>
<info>
      <id>600</id>
      <acron>AIL</acron>
      <title>International Conference on Artificial Intelligence and Law</title>
      <id>402</id>
      <acron>ICAIL</acron>
      <title>International Conference on Artificial Intelligence and Law</title>
</info>
<info>obs
      <id>674</id>
      <acron>CHPC</acron>
      <title>International Conference on High Performance Computing</title>
      <id>366</id>
      <acron>HPC</acron>
      <title>Symposium on High Performance Computing</title>
</info>
<info>
      <id>676</id>  ...parei aqui...
      <acron>HCI</acron>
      <title>International Conference on Human-Computer Interaction</title>
      <id>446</id>
      <acron>IHM</acron>
      <title>Conference on Human-Computer Interaction</title>
</info>
<info>obs
      <id>1007</id>
      <acron>FTJP</acron>
      <title>Workshop on Formal Techniques for Java Programs</title>
      <id>323</id>
      <acron>FTfJP</acron>
      <title>International Workshop on Formal Techniques for Java-like Programs</title>
</info>
<info>obs
      <id>224</id>
      <acron>InfoVis</acron>
      <title>IEEE Information Visualization Conference</title>
      <id>757</id>
      <acron>PVGS</acron>
      <title>IEEE symposium on Parallel visualization and graphics</title>
</info>
<info>
      <id>642</id>
      <acron>DGO</acron>
      <title>International Conference on Digital Government Research</title>
      <id>1103</id>
      <acron>dg.o</acron>
      <title>Annual International Conference on Digital Government Research</title>
</info>
<info>obs
      <id>710</id>
      <acron>MDA/MDM</acron>
      <title>International Conference on Mobile Data Access/Management</title>
      <id>549</id>
      <acron>MDM</acron>
      <title>International Conference on Mobile Data Management</title>
</info>
Total de fuses: 200
