<info>
      <id>35</id>
      <acron>CGO</acron>
      <title>International Symposium on Code Generation and Optimization</title>
      <id>137</id>
      <acron>CGO</acron>
      <title>International Symposium on Code Generation and Optimization</title>
</info>
<info>
      <id>50</id>
      <acron>PACT</acron>
      <title>International Conference on Parallel Architectures and Compilation Techniques</title>
      <id>800</id>
      <acron>PACT</acron>
      <title>International Conference on Parallel Architectures and Compilation Techniques</title>
</info>
<info>
      <id>49</id>
      <acron>SRDS</acron>
      <title>IEEE International Symposium on Reliable Distributed Systems</title>
      <id>947</id>
      <acron>SRDS</acron>
      <title>IEEE Symposium on Reliable Distributed Systems</title>
</info>
<info>
      <id>52</id>
      <acron>ICPP</acron>
      <title>International Conference on Parallel Processing</title>
      <id>511</id>
      <acron>ICPP</acron>
      <title>International Conference on Parallel Processing</title>
</info>
<info>
      <id>51</id>
      <acron>IPDPS</acron>
      <title>IEEE International Parallel and Distributed Processing Symposium</title>
      <id>586</id>
      <acron>IPPS</acron>
      <title>International Parallel Processing Symposium</title>
</info>
<info>
      <id>64</id>
      <acron>CLUSTER</acron>
      <title>IEEE International Conference on Cluster Computing</title>
      <id>159</id>
      <acron>CLUSTER</acron>
      <title>IEEE International Conference on Cluster Computing</title>
</info>
<info>
      <id>66</id>
      <acron>ICSE</acron>
      <title>International Conference on Software Engineering</title>
      <id>521</id>
      <acron>ICSE</acron>
      <title>International Conference on Software Engineering</title>
</info>
<info>
      <id>70</id>
      <acron>ASE</acron>
      <title>IEEE/ACM International Conference on Automated Software Engineering</title>
      <id>60</id>
      <acron>ASE</acron>
      <title>International Conference on Automated Software Engineering</title>
</info>
<info>
      <id>71</id>
      <acron>RE</acron>
      <title>IEEE International Requirements Engineering Conference</title>
      <id>517</id>
      <acron>ICRE</acron>
      <title>IEEE International Conference on Requirements Engineering</title>
</info>
<info>
      <id>72</id>
      <acron>ICSR</acron>
      <title>International Conference on Software Reuse</title>
      <id>530</id>
      <acron>ICSR</acron>
      <title>International Conference on Software Reuse</title>
</info>
<info>
      <id>73</id>
      <acron>ICFEM</acron>
      <title>International Conference on Formal Engineering Methods</title>
      <id>448</id>
      <acron>ICFEM</acron>
      <title>International Conference on Formal Engineering Methods</title>
</info>
<info>
      <id>74</id>
      <acron>TASE</acron>
      <title>International Symposium on Theoretical Aspects of Software Engineering</title>
      <id>973</id>
      <acron>TASE</acron>
      <title>International Symposium on Theoretical Aspects of Software Engineering</title>
</info>
<info>
      <id>87</id>
      <acron>HotOS</acron>
      <title>Workshop on Hot Topics in Operating Systems</title>
      <id>360</id>
      <acron>HOTOS</acron>
      <title>Workshop on Hot Topics in Operating Systems</title>
</info>
<info>
      <id>92</id>
      <acron>HPCA</acron>
      <title>International Symposium on High-Performance Computer Architecture</title>
      <id>363</id>
      <acron>HPCA</acron>
      <title>International Symposium on High-Performance Computer Architecture</title>
</info>
<info>
      <id>91</id>
      <acron>MICRO</acron>
      <title>IEEE/ACM International Symposium on Microarchitecture</title>
      <id>724</id>
      <acron>MICRO</acron>
      <title>IEEE/ACM International Symposium on Microarchitecture</title>
</info>
<info>
      <id>95</id>
      <acron>ISLPED</acron>
      <title>International Symposium on Low Power Electronics and Design</title>
      <id>618</id>
      <acron>ISLPED</acron>
      <title>International Symposium on Low Power Electronics and Design</title>
</info>
<info>
      <id>101</id>
      <acron>RTSS</acron>
      <title>IEEE Real-Time Systems Symposium</title>
      <id>856</id>
      <acron>RTSS</acron>
      <title>IEEE Real-Time Systems Symposium</title>
</info>
<info>
      <id>102</id>
      <acron>RTAS</acron>
      <title>IEEE Real-Time and Embedded Technology and Applications Symposium</title>
      <id>851</id>
      <acron>RTAS</acron>
      <title>IEEE Real-Time and Embedded Technology and Applications Symposium</title>
</info>
<info>
      <id>106</id>
      <acron>ECRTS</acron>
      <title>Euromicro Conference on Real-Time Systems</title>
      <id>265</id>
      <acron>ECRTS</acron>
      <title>Euromicro Conference on Real-Time Systems</title>
</info>
<info>
      <id>108</id>
      <acron>DAC</acron>
      <title>Design Automation Conference</title>
      <id>209</id>
      <acron>DAC</acron>
      <title>Design Automation Conference</title>
</info>
<info>
      <id>109</id>
      <acron>DATE</acron>
      <title>Design, Automation, and Test in Europe</title>
      <id>216</id>
      <acron>DATE</acron>
      <title>Design, Automation and Test in Europe</title>
</info>
<info>
      <id>117</id>
      <acron>ICNP</acron>
      <title>IEEE International Conference on Network Protocols</title>
      <id>503</id>
      <acron>ICNP</acron>
      <title>IEEE International Conference on Network Protocols</title>
</info>
<info>
      <id>131</id>
      <acron>PerCom</acron>
      <title>IEEE International Conference on Pervasive Computing and Communications</title>
      <id>813</id>
      <acron>PERCOM</acron>
      <title>IEEE International Conference on Pervasive Computing and Communications</title>
</info>
<info>
      <id>135</id>
      <acron>WoWMoM</acron>
      <title>IEEE International Symposium on a World of Wireless, Mobile and Multimedia Networks</title>
      <id>1060</id>
      <acron>WOWMOM</acron>
      <title>IEEE International Symposium on a World of Wireless Mobile and Multimedia Networks</title>
</info>
<info>
      <id>138</id>
      <acron>MASS</acron>
      <title>IEEE International Conference on Mobile Ad-hoc and Sensor Systems</title>
      <id>707</id>
      <acron>MASS</acron>
      <title>IEEE International Conference on Mobile Ad-Hoc and Sensor Systems</title>
</info>
<info>
      <id>137</id>
      <acron>WiOpt</acron>
      <title>International Symposium on Modeling and Optimization in Mobile, Ad Hoc, and Wireless Networks</title>
      <id>1038</id>
      <acron>WIOPT</acron>
      <title>International Symposium on Modeling and Optimization in Mobile, Ad-Hoc and Wireless Networks</title>
</info>
<info>
      <id>140</id>
      <acron>Oakland</acron>
      <title>IEEE Symposium on Security and Privacy</title>
      <id>941</id>
      <acron>SP</acron>
      <title>IEEE Symposium on Security and Privacy</title>
</info>
<info>
      <id>164</id>
      <acron>ICDE</acron>
      <title>International Conference on Data Engineering</title>
      <id>428</id>
      <acron>ICDE</acron>
      <title>International Conference on Data Engineering</title>
</info>
<info>
      <id>166</id>
      <acron>ICDM</acron>
      <title>IEEE International Conference on Data Mining</title>
      <id>431</id>
      <acron>ICDM</acron>
      <title>IEEE International Conference on Data Mining</title>
</info>
<info>
      <id>175</id>
      <acron>SSDBM</acron>
      <title>International Conference on Scientific and Statistical Database Management</title>
      <id>951</id>
      <acron>SSDBM</acron>
      <title>International Conference on Scientific and Statistical Database Management</title>
</info>
<info>
      <id>203</id>
      <acron>ICPR</acron>
      <title>International Conference on Pattern Recognition</title>
      <id>512</id>
      <acron>ICPR</acron>
      <title>International Conference on Pattern Recognition</title>
</info>
<info>
      <id>207</id>
      <acron>PSIVT</acron>
      <title>Pacific Rim Symposium on Image and Video Technology</title>
      <id>830</id>
      <acron>PSIVT</acron>
      <title>Pacific-Rim Symposium on Image and Video Technology</title>
</info>
<info>
      <id>208</id>
      <acron>SSIAI</acron>
      <title>IEEE Southwest Symposium on Image Analysis and Interpretation</title>
      <id>952</id>
      <acron>SSIAI</acron>
      <title>IEEE Southwest Symposium on Image Analysis and Interpretation</title>
</info>
<info>
      <id>219</id>
      <acron>DCC</acron>
      <title>Data Compression Conference</title>
      <id>221</id>
      <acron>DCC</acron>
      <title>Data Compression Conference</title>
</info>
<info>
      <id>221</id>
      <acron>Vis</acron>
      <title>IEEE Visualization Conference</title>
      <id>550</id>
      <acron>VIS</acron>
      <title>IEEE Visualization Conference</title>
</info>
<info>
      <id>224</id>
      <acron>InfoVis</acron>
      <title>IEEE Information Visualization Conference</title>
      <id>549</id>
      <acron>INFOVIS</acron>
      <title>IEEE Symposium on Information Visualization</title>
</info>
<info>
      <id>247</id>
      <acron>ICDCS</acron>
      <title>IEEE International Conference on Distributed Computing Systems</title>
      <id>427</id>
      <acron>ICDCS</acron>
      <title>IEEE International Conference on Distributed Computing Systems</title>
</info>
<info>
      <id>249</id>
      <acron>ICCD</acron>
      <title>International Conference on Computer Design</title>
      <id>399</id>
      <acron>ICCD</acron>
      <title>International Conference on Computer Design</title>
</info>
<info>
      <id>250</id>
      <acron>ICCAD</acron>
      <title>International Conference on Computer-Aided Design</title>
      <id>394</id>
      <acron>ICCAD</acron>
      <title>International Conference on Computer-Aided Design</title>
</info>
<info>
      <id>258</id>
      <acron>JCDL</acron>
      <title>ACM IEEE Joint Conference on Digital Libraries</title>
      <id>682</id>
      <acron>JCDL</acron>
      <title>ACM / IEEE Joint Conference on Digital Libraries</title>
</info>
<info>
      <id>292</id>
      <acron>ACSAC</acron>
      <title>Annual Computer Security Applications Conference</title>
      <id>9</id>
      <acron>ACSAC</acron>
      <title>Annual Computer Security Applications Conference</title>
</info>
<info>
      <id>303</id>
      <acron>COMPSAC</acron>
      <title>Annual International Computer Software and Applications Conference</title>
      <id>173</id>
      <acron>COMPSAC</acron>
      <title>Annual International Computer Software and Applications Conference</title>
</info>
<info>
      <id>317</id>
      <acron>CGI</acron>
      <title>Computer Graphics International Conference</title>
      <id>135</id>
      <acron>CGI</acron>
      <title>Computer Graphics International Conference</title>
</info>
<info>
      <id>319</id>
      <acron>CAIA</acron>
      <title>Conference on Artificial Intelligence for Applications</title>
      <id>103</id>
      <acron>CAIA</acron>
      <title>Conference on Artificial Intelligence for Applications</title>
</info>
<info>
      <id>352</id>
      <acron>PDP</acron>
      <title>Euromicro International Conference on Parallel Distributed and network-based Processing</title>
      <id>810</id>
      <acron>PDP</acron>
      <title>Euromicro Conference on Parallel, Distributed, and Network-Based Processing</title>
</info>
<info>
      <id>367</id>
      <acron>CSMR</acron>
      <title>European Conference on Software Maintenance and Reengineering</title>
      <id>140</id>
      <acron>CSMR</acron>
      <title>European Conference on Software Maintenance and Reengineering</title>
</info>
<info>
      <id>371</id>
      <acron>EDCC</acron>
      <title>European Dependable Computing Conference</title>
      <id>267</id>
      <acron>EDCC</acron>
      <title>European Dependable Computing Conference</title>
</info>
<info>
      <id>416</id>
      <acron>CSB</acron>
      <title>IEEE Computational Systems Bioinformatics Conference</title>
      <id>183</id>
      <acron>CSB</acron>
      <title>IEEE Computational Systems Bioinformatics Conference</title>
</info>
<info>
      <id>417</id>
      <acron>CSFW</acron>
      <title>IEEE Computer Security Foundations Workshop</title>
      <id>191</id>
      <acron>CSFW</acron>
      <title>IEEE Computer Security Foundations Workshop</title>
</info>
<info>
      <id>418</id>
      <acron>ISVLSI</acron>
      <title>IEEE Computer Society Annual Symposium on VLSI</title>
      <id>643</id>
      <acron>ISVLSI</acron>
      <title>IEEE Computer Society Annual Symposium on VLSI</title>
</info>
<info>
      <id>429</id>
      <acron>ETS</acron>
      <title>IEEE European Test Symposium</title>
      <id>294</id>
      <acron>ETS</acron>
      <title>IEEE European Test Symposium</title>
</info>
<info>
      <id>435</id>
      <acron>ICCI</acron>
      <title>IEEE International Conference on Cognitive Informatics</title>
      <id>405</id>
      <acron>ICCI</acron>
      <title>IEEE International Conference on Cognitive Informatics</title>
</info>
<info>
      <id>446</id>
      <acron>ICECCS</acron>
      <title>IEEE International Conference on Engineering of Complex Computer Systems</title>
      <id>437</id>
      <acron>ICECCS</acron>
      <title>IEEE International Conference on Engineering of Complex Computer Systems</title>
</info>
<info>
      <id>452</id>
      <acron>ICME</acron>
      <title>IEEE International Conference on Multimedia and Expo</title>
      <id>491</id>
      <acron>ICME</acron>
      <title>IEEE International Conference on Multimedia and Expo</title>
</info>
<info>
      <id>454</id>
      <acron>ICON</acron>
      <title>IEEE International Conference on Networks</title>
      <id>507</id>
      <acron>ICON</acron>
      <title>IEEE International Conference on Networks</title>
</info>
<info>
      <id>458</id>
      <acron>SCC</acron>
      <title>IEEE International Conference on Services Computing</title>
      <id>877</id>
      <acron>SCC</acron>
      <title>IEEE International Conference on Services Computing</title>
</info>
<info>
      <id>460</id>
      <acron>SEFM</acron>
      <title>IEEE International Conference on Software Engineering and Formal Methods</title>
      <id>899</id>
      <acron>SEFM</acron>
      <title>IEEE International Conference on Software Engineering and Formal Methods</title>
</info>
<info>
      <id>462</id>
      <acron>ICTAI</acron>
      <title>IEEE International Conference on Tools with Artificial Intelligence</title>
      <id>534</id>
      <acron>ICTAI</acron>
      <title>IEEE International Conference on Tools with Artificial Intelligence</title>
</info>
<info>
      <id>464</id>
      <acron>ICWS</acron>
      <title>IEEE International Conference on Web Services</title>
      <id>542</id>
      <acron>ICWS</acron>
      <title>IEEE International Conference on Web Services</title>
</info>
<info>
      <id>472</id>
      <acron>IOLTS</acron>
      <title>IEEE International On-Line Testing Symposium</title>
      <id>580</id>
      <acron>IOLTS</acron>
      <title>IEEE International On-Line Testing Symposium</title>
</info>
<info>
      <id>475</id>
      <acron>METRICS</acron>
      <title>IEEE International Software Metrics Symposium</title>
      <id>720</id>
      <acron>METRICS</acron>
      <title>IEEE International Symposium on Software Metrics</title>
</info>
<info>
      <id>480</id>
      <acron>CIRA</acron>
      <title>IEEE International Symposium on Computational Intelligence in Robotics and Automation</title>
      <id>149</id>
      <acron>CIRA</acron>
      <title>IEEE International Symposium on Computational Intelligence in Robotics and Automation</title>
</info>
<info>
      <id>487</id>
      <acron>NCA</acron>
      <title>IEEE International Symposium on Network Computing and Applications</title>
      <id>764</id>
      <acron>NCA</acron>
      <title>IEEE International Symposium on Network Computing and Applications</title>
</info>
<info>
      <id>495</id>
      <acron>ISSRE</acron>
      <title>IEEE International Symposium on Software Reliability Engineering</title>
      <id>634</id>
      <acron>ISSRE</acron>
      <title>IEEE International Symposium on Software Reliability Engineering</title>
</info>
<info>
      <id>500</id>
      <acron>WORDS</acron>
      <title>IEEE International Workshop on Object-Oriented Real-Time Dependable Systems</title>
      <id>1056</id>
      <acron>WORDS</acron>
      <title>IEEE International Workshop on Object-Oriented Real-Time Dependable Systems</title>
</info>
<info>
      <id>501</id>
      <acron>POLICY</acron>
      <title>IEEE International Workshop on Policies for Distributed Systems and Networks</title>
      <id>824</id>
      <acron>POLICY</acron>
      <title>IEEE International Workshop on Policies for Distributed Systems and Networks</title>
</info>
<info>
      <id>510</id>
      <acron>CBMS</acron>
      <title>IEEE Symposium on Computer-Based Medical Systems</title>
      <id>115</id>
      <acron>CBMS</acron>
      <title>IEEE International Symposium on Computer-Based Medical Systems</title>
</info>
<info>
      <id>511</id>
      <acron>ISCC</acron>
      <title>IEEE Symposium on Computers and Communications</title>
      <id>598</id>
      <acron>ISCC</acron>
      <title>IEEE Symposium on Computers and Communications</title>
</info>
<info>
      <id>515</id>
      <acron>VR</acron>
      <title>IEEE Virtual Reality Conference</title>
      <id>1002</id>
      <acron>VR</acron>
      <title>IEEE Virtual Reality Conference</title>
</info>
<info>
      <id>516</id>
      <acron>VTS</acron>
      <title>IEEE VLSI Test Symposium</title>
      <id>1009</id>
      <acron>VTS</acron>
      <title>IEEE VLSI Test Symposium</title>
</info>
<info>
      <id>519</id>
      <acron>WACV</acron>
      <title>IEEE Workshop on Applications of Computer Vision</title>
      <id>1011</id>
      <acron>WACV</acron>
      <title>IEEE Workshop on Applications of Computer Vision</title>
</info>
<info>
      <id>548</id>
      <acron>NPC</acron>
      <title>IFIP International Conference on Network and Parallel Computing</title>
      <id>779</id>
      <acron>NPC</acron>
      <title>IFIP International Conference on Network and Parallel Computing</title>
</info>
<info>
      <id>583</id>
      <acron>SCCC</acron>
      <title>International Conference of the Chilean Computer Science Society</title>
      <id>878</id>
      <acron>SCCC</acron>
      <title>International Conference of the Chilean Computer Science Society</title>
</info>
<info>
      <id>588</id>
      <acron>AdCom</acron>
      <title>International Conference on Advanced Computing and Communications</title>
      <id>14</id>
      <acron>ADCOM</acron>
      <title>International Conference on Advanced Computing and Communications</title>
</info>
<info>
      <id>590</id>
      <acron>AINA</acron>
      <title>International Conference on Advanced Information Networking and Applications</title>
      <id>30</id>
      <acron>AINA</acron>
      <title>International Conference on Advanced Information Networking and Applications</title>
</info>
<info>
      <id>598</id>
      <acron>ICA3PP</acron>
      <title>International Conference on Algorithms and Architectures for Parallel Processing</title>
      <id>378</id>
      <acron>ICA3PP</acron>
      <title>International Conference on Algorithms and Architectures for Parallel Processing</title>
</info>
<info>
      <id>603</id>
      <acron>ICAT</acron>
      <title>International Conference on Artificial Reality and Telexistence</title>
      <id>387</id>
      <acron>ICAT</acron>
      <title>International Conference on Artificial Reality and Telexistence</title>
</info>
<info>
      <id>606</id>
      <acron>ARES</acron>
      <title>International Conference on Availability Reliability and Security</title>
      <id>54</id>
      <acron>ARES</acron>
      <title>International Conference on Availability, Reliability and Security</title>
</info>
<info>
      <id>612</id>
      <acron>ICCIMA</acron>
      <title>International Conference on Computational Intelligence and Multimedia Applications</title>
      <id>407</id>
      <acron>ICCIMA</acron>
      <title>International Conference on Computational Intelligence and Multimedia Applications</title>
</info>
<info>
      <id>613</id>
      <acron>CIMCA</acron>
      <title>International Conference on Computational Intelligence for Modelling Control and Automation</title>
      <id>146</id>
      <acron>CIMCA</acron>
      <title>International Conference on Computational Intelligence for Modelling, Control and Automation</title>
</info>
<info>
      <id>616</id>
      <acron>CIT</acron>
      <title>International Conference on Computer and Information Technology</title>
      <id>155</id>
      <acron>CIT</acron>
      <title>International Conference on Computer and Information Technology</title>
</info>
<info>
      <id>615</id>
      <acron>ICCSA</acron>
      <title>International Conference on Computational Science and its Applications</title>
      <id>418</id>
      <acron>ICCSA</acron>
      <title>International Conference on Computational Science and Its Applications</title>
</info>
<info>
      <id>618</id>
      <acron>ICCCN</acron>
      <title>International Conference on Computer Communications and Networks</title>
      <id>397</id>
      <acron>ICCCN</acron>
      <title>International Conference on Computer Communications and Networks</title>
</info>
<info>
      <id>623</id>
      <acron>CSCWD</acron>
      <title>International Conference on Computer Supported Cooperative Work in Design</title>
      <id>185</id>
      <acron>CSCWD</acron>
      <title>International Conference on Computer Supported Cooperative Work in Design</title>
</info>
<info>
      <id>624</id>
      <acron>ICVS</acron>
      <title>International Conference on Computer Vision Systems</title>
      <id>537</id>
      <acron>ICVS</acron>
      <title>International Conference on Computer Vision Systems</title>
</info>
<info>
      <id>629</id>
      <acron>ICCE</acron>
      <title>International Conference on Computers in Education</title>
      <id>400</id>
      <acron>ICCE</acron>
      <title>International Conference on Computers in Education</title>
</info>
<info>
      <id>638</id>
      <acron>CMV</acron>
      <title>International Conference on Coordinated and Multiple Views in Exploratory Visualization</title>
      <id>163</id>
      <acron>CMV</acron>
      <title>International Conference on Coordinated and Multiple Views in Exploratory Visualization</title>
</info>
<info>
      <id>641</id>
      <acron>DASFAA</acron>
      <title>International Conference on Database Systems for Advanced Applications</title>
      <id>215</id>
      <acron>DASFAA</acron>
      <title>International Conference on Database Systems for Advanced Applications</title>
</info>
<info>
      <id>655</id>
      <acron>FPL</acron>
      <title>International Conference on Field-Programmable Logic and Applications</title>
      <id>321</id>
      <acron>FPL</acron>
      <title>International Conference on Field Programmable Logic and Applications</title>
</info>
<info>
      <id>662</id>
      <acron>FSKD</acron>
      <title>International Conference on Fuzzy Systems and Knowledge Discovery</title>
      <id>323</id>
      <acron>FSKD</acron>
      <title>International Conference on Fuzzy Systems and Knowledge Discovery</title>
</info>
<info>
      <id>671</id>
      <acron>GCC</acron>
      <title>International Conference on Grid and Cooperative Computing</title>
      <id>328</id>
      <acron>GCC</acron>
      <title>International Conference on Grid and Cooperative Computing</title>
</info>
<info>
      <id>677</id>
      <acron>HIS</acron>
      <title>International Conference on Hybrid Intelligent Systems</title>
      <id>354</id>
      <acron>HIS</acron>
      <title>International Conference on Hybrid Intelligent Systems</title>
</info>
<info>
      <id>678</id>
      <acron>ICIAP</acron>
      <title>International Conference on Image Analysis and Processing</title>
      <id>457</id>
      <acron>ICIAP</acron>
      <title>International Conference on Image Analysis and Processing</title>
</info>
<info>
      <id>679</id>
      <acron>ICIG</acron>
      <title>International Conference on Image and Graphics</title>
      <id>466</id>
      <acron>ICIG</acron>
      <title>International Conference on Image and Graphics</title>
</info>
<info>
      <id>697</id>
      <acron>ISDA</acron>
      <title>International Conference on Intelligent Systems Design and Applications</title>
      <id>603</id>
      <acron>ISDA</acron>
      <title>International Conference on Intelligent Systems Design and Applications</title>
</info>
<info>
      <id>703</id>
      <acron>ICMLA</acron>
      <title>International Conference on Machine Learning and Applications</title>
      <id>495</id>
      <acron>ICMLA</acron>
      <title>International Conference on Machine Learning and Applications</title>
</info>
<info>
      <id>716</id>
      <acron>ICN</acron>
      <title>International Conference on Networking</title>
      <id>499</id>
      <acron>ICN</acron>
      <title>International Conference on Networking</title>
</info>
<info>
      <id>715</id>
      <acron>ICNC</acron>
      <title>International Conference on Natural Computation</title>
      <id>500</id>
      <acron>ICNC</acron>
      <title>International Conference on Natural Computation</title>
</info>
<info>
      <id>717</id>
      <acron>NWeSP</acron>
      <title>International Conference on Next Generation Web Services Practices</title>
      <id>786</id>
      <acron>NWESP</acron>
      <title>International Conference on Next Generation Web Services Practices</title>
</info>
<info>
      <id>723</id>
      <acron>PDCAT</acron>
      <title>International Conference on Parallel and Distributed Computing Applications and Technologies</title>
      <id>808</id>
      <acron>PDCAT</acron>
      <title>International Conference on Parallel and Distributed Computing Applications and Technologies</title>
</info>
<info>
      <id>724</id>
      <acron>PDIS</acron>
      <title>International Conference on Parallel and Distributed Information Systems</title>
      <id>809</id>
      <acron>PDIS</acron>
      <title>International Conference on Parallel and Distributed Information Systems</title>
</info>
<info>
      <id>735</id>
      <acron>QEST</acron>
      <title>International Conference on Quantitative Evaluation of Systems</title>
      <id>833</id>
      <acron>QEST</acron>
      <title>International Conference on Quantitative Evaluation of Systems</title>
</info>
<info>
      <id>745</id>
      <acron>ICSEA</acron>
      <title>International Conference on Software Engineering Advances</title>
      <id>523</id>
      <acron>ICSEA</acron>
      <title>International Conference on Software Engineering Advances</title>
</info>
<info>
      <id>765</id>
      <acron>VSMM</acron>
      <title>International Conference on Virtual Systems and MultiMedia</title>
      <id>1005</id>
      <acron>VSMM</acron>
      <title>International Conference on Virtual Systems and MultiMedia</title>
</info>
<info>
      <id>768</id>
      <acron>VLSID</acron>
      <title>International Conference on VLSI Design</title>
      <id>999</id>
      <acron>VLSID</acron>
      <title>International Conference on VLSI Design</title>
</info>
<info>
      <id>770</id>
      <acron>WISE</acron>
      <title>International Conference on Web Information Systems Engineering</title>
      <id>1041</id>
      <acron>WISE</acron>
      <title>International Conference on Web Information Systems Engineering</title>
</info>
<info>
      <id>771</id>
      <acron>ICWL</acron>
      <title>International Conference on Web-based Learning</title>
      <id>540</id>
      <acron>ICWL</acron>
      <title>International Conference on Web-based Learning</title>
</info>
<info>
      <id>777</id>
      <acron>IDEAS</acron>
      <title>International Database Engineering and Applications Symposium</title>
      <id>545</id>
      <acron>IDEAS</acron>
      <title>International Database Engineering and Applications Symposium</title>
</info>
<info>
      <id>793</id>
      <acron>QSIC</acron>
      <title>International Quality Software Conference</title>
      <id>835</id>
      <acron>QSIC</acron>
      <title>International Conference on Quality Software</title>
</info>
<info>
      <id>799</id>
      <acron>SAINT</acron>
      <title>International Symposium on Applications and the Internet</title>
      <id>861</id>
      <acron>SAINT</acron>
      <title>International Symposium on Applications and the Internet</title>
</info>
<info>
      <id>803</id>
      <acron>ISADS</acron>
      <title>International Symposium on Autonomous Decentralized Systems</title>
      <id>591</id>
      <acron>ISADS</acron>
      <title>International Symposium on Autonomous Decentralized Systems</title>
</info>
<info>
      <id>808</id>
      <acron>DOA</acron>
      <title>International Symposium on Distributed Objects and Applications</title>
      <id>246</id>
      <acron>DOA</acron>
      <title>International Symposium on Distributed Objects and Applications</title>
</info>
<info>
      <id>809</id>
      <acron>ESEM</acron>
      <title>International Symposium on Empirical Software Engineering and Measurement</title>
      <id>288</id>
      <acron>ESEM</acron>
      <title>International Symposium on Empirical Software Engineering and Measurement</title>
</info>
<info>
      <id>824</id>
      <acron>ISPA</acron>
      <title>International Symposium on Parallel and Distributed Processing and Applications</title>
      <id>626</id>
      <acron>ISPA</acron>
      <title>International Symposium on Parallel and Distributed Processing with Applications</title>
</info>
<info>
      <id>835</id>
      <acron>ITC</acron>
      <title>International Test Conference</title>
      <id>645</id>
      <acron>ITC</acron>
      <title>International Test Conference</title>
</info>
<info>
      <id>848</id>
      <acron>CAMP</acron>
      <title>International Workshop on Computer Architectures for Machine Perception</title>
      <id>105</id>
      <acron>CAMP</acron>
      <title>International Workshop on Computer Architectures for Machine Perception</title>
</info>
<info>
      <id>866</id>
      <acron>IWFHR</acron>
      <title>International Workshop on Frontiers in Handwriting Recognition</title>
      <id>666</id>
      <acron>IWFHR</acron>
      <title>International Workshop on Frontiers in Handwriting Recognition</title>
</info>
<info>
      <id>870</id>
      <acron>CRIWG</acron>
      <title>International Workshop on Groupware</title>
      <id>180</id>
      <acron>CRIWG</acron>
      <title>International Workshop on Groupware</title>
</info>
<info>
      <id>872</id>
      <acron>Hot-P2P</acron>
      <title>International Workshop on Hot Topics in Peer-to-Peer Systems</title>
      <id>358</id>
      <acron>HOT-P2P</acron>
      <title>International Workshop on Hot Topics in Peer-to-Peer Systems</title>
</info>
<info>
      <id>891</id>
      <acron>IWPSE</acron>
      <title>International Workshop on Principles of Software Evolution</title>
      <id>672</id>
      <acron>IWPSE</acron>
      <title>International Workshop on Principles of Software Evolution</title>
</info>
<info>
      <id>895</id>
      <acron>RIDE</acron>
      <title>International Workshop on Research Issues in Data Engineering</title>
      <id>846</id>
      <acron>RIDE</acron>
      <title>International Workshop on Research Issues in Data Engineering</title>
</info>
<info>
      <id>921</id>
      <acron>LA-WEB</acron>
      <title>Latin American Web Congress</title>
      <id>691</id>
      <acron>LA-WEB</acron>
      <title>Latin American Web Congress</title>
</info>
<info>
      <id>923</id>
      <acron>LADC</acron>
      <title>Latin-American Symposium on Dependable Computing</title>
      <id>694</id>
      <acron>LADC</acron>
      <title>Latin-American Symposium on Dependable Computing</title>
</info>
<info>
      <id>944</id>
      <acron>SPLC</acron>
      <title>Software Product Line Conference</title>
      <id>945</id>
      <acron>SPLC</acron>
      <title>International Software Product Line Conference</title>
</info>
<info>
      <id>962</id>
      <acron>SPIRE</acron>
      <title>Symposium on String Processing and Information Retrieval</title>
      <id>944</id>
      <acron>SPIRE</acron>
      <title>International Symposium on String Processing and Information Retrieval</title>
</info>
<info>
      <id>978</id>
      <acron>WSC</acron>
      <title>Winter Simulation Conference</title>
      <id>1063</id>
      <acron>WSC</acron>
      <title>Winter Simulation Conference</title>
</info>
<info>
      <id>979</id>
      <acron>WICSA</acron>
      <title>Working IEEE/IFIP Working Conference on Software Architecture</title>
      <id>1034</id>
      <acron>WICSA</acron>
      <title>Working IEEE/IFIP Conference on Software Architecture</title>
</info>
<info>
      <id>981</id>
      <acron>WECWIS</acron>
      <title>Workshop on Advanced Issues of E-Commerce and Web Based Information Systems</title>
      <id>1024</id>
      <acron>WECWIS</acron>
      <title>International Workshop on Advanced Issues of E-Commerce and Web-Based Information Systems</title>
</info>
<info>
      <id>994</id>
      <acron>CASE</acron>
      <title>Workshop on Computer-Aided Software Engineering</title>
      <id>110</id>
      <acron>CASE</acron>
      <title>International Workshop on Computer-Aided Software Engineering</title>
</info>
<info>
      <id>1039</id>
      <acron>WEBMEDIA</acron>
      <title>Brazilian Symposium on Multimedia and the Web</title>
      <id>692</id>
      <acron>WEBMEDIA</acron>
      <title>Brazilian Symposium on Multimedia and the Web</title>
</info>
<info>
      <id>1078</id>
      <acron>AGILE</acron>
      <title>Agile Conference</title>
      <id>21</id>
      <acron>AGILE</acron>
      <title>AGILE Conference</title>
</info>
<info>
      <id>1077</id>
      <acron>ISWC</acron>
      <title>International Symposium on Wearable Computers</title>
      <id>644</id>
      <acron>ISWC</acron>
      <title>International Symposium on Wearable Computers</title>
</info>
<info>
      <id>1085</id>
      <acron>AAA-IDEA</acron>
      <title>international workshop on Advanced architectures and algorithms for internet delivery and applications</title>
      <id>1</id>
      <acron>AAA-IDEA</acron>
      <title>International Workshop on Advanced Architectures and Algorithms for Internet Delivery and Applications</title>
</info>
<info>
      <id>1098</id>
      <acron>ACoM</acron>
      <title>International Workshop on Assessment of Contemporary Modularization Techniques</title>
      <id>8</id>
      <acron>ACOM</acron>
      <title>International Workshop on Assessment of Contemporary Modularization Techniques</title>
</info>
<info>
      <id>1137</id>
      <acron>AST</acron>
      <title>International Workshop on Automation of Software Test</title>
      <id>67</id>
      <acron>AST</acron>
      <title>International Workshop on Automation of Software Test</title>
</info>
<info>
      <id>1138</id>
      <acron>AUIC</acron>
      <title>Australasian Conference on User Interface</title>
      <id>74</id>
      <acron>AUIC</acron>
      <title>Australasian User Interface Conference</title>
</info>
<info>
      <id>1222</id>
      <acron>CVSM</acron>
      <title>ICSE International Workshop on Comparison and Versioning of Software Models</title>
      <id>205</id>
      <acron>CVSM</acron>
      <title>ICSE Workshop on Comparison and Versioning of Software Models</title>
</info>
<info>
      <id>1295</id>
      <acron>EDTC</acron>
      <title>European conference on Design and Test</title>
      <id>269</id>
      <acron>EDTC</acron>
      <title>European Design and Test Conference</title>
</info>
<info>
      <id>1308</id>
      <acron>ESC</acron>
      <title>International Workshop on The Economics of Software and Computation</title>
      <id>286</id>
      <acron>ESC</acron>
      <title>International Workshop on Economics of Software and Computation</title>
</info>
<info>
      <id>1338</id>
      <acron>FOSE</acron>
      <title>Future of Software Engineering</title>
      <id>319</id>
      <acron>FOSE</acron>
      <title>Future of Software Engineering</title>
</info>
<info>
      <id>1405</id>
      <acron>ICCPS</acron>
      <title>ACM/IEEE International Conference on Cyber-Physical Systems</title>
      <id>415</id>
      <acron>ICCPS</acron>
      <title>IEEE/ACM International Conference on Cyber-Physical Systems</title>
</info>
<info>
      <id>1411</id>
      <acron>ICHIT</acron>
      <title>International Conference on Hybrid Information Technology</title>
      <id>454</id>
      <acron>ICHIT</acron>
      <title>International Conference on Hybrid Information Technology</title>
</info>
<info>
      <id>1422</id>
      <acron>ICWE</acron>
      <title>international conference on Web engineering</title>
      <id>539</id>
      <acron>ICWE</acron>
      <title>International Conference on Web Engineering</title>
</info>
<info>
      <id>1421</id>
      <acron>ICVGIP</acron>
      <title>Indian Conference on Computer Vision, Graphics and Image Processing</title>
      <id>535</id>
      <acron>ICVGIP</acron>
      <title>Indian Conference on Computer Vision, Graphics and Image Processing</title>
</info>
<info>
      <id>1459</id>
      <acron>ISPW</acron>
      <title>International Software Process Workshop</title>
      <id>631</id>
      <acron>ISPW</acron>
      <title>International Software Process Workshop</title>
</info>
<info>
      <id>1480</id>
      <acron>IWSESS</acron>
      <title>ICSE Workshop on Software Engineering for Secure Systems</title>
      <id>674</id>
      <acron>IWSESS</acron>
      <title>ICSE Workshop on Software Engineering for Secure Systems</title>
</info>
<info>
      <id>1481</id>
      <acron>IWSSD</acron>
      <title>International Workshop on Software Specification and Design</title>
      <id>678</id>
      <acron>IWSSD</acron>
      <title>International Workshop on Software Specification and Design</title>
</info>
<info>
      <id>1516</id>
      <acron>LMSA</acron>
      <title>ICSE Workshop on Leadership and Management in Software Architecture</title>
      <id>702</id>
      <acron>LMSA</acron>
      <title>ICSE Workshop on Leadership and Management in Software Architecture</title>
</info>
<info>
      <id>1569</id>
      <acron>MOMPES</acron>
      <title>International Workshop on Model-Based Methodologies for Pervasive and Embedded Software</title>
      <id>740</id>
      <acron>MOMPES</acron>
      <title>International Workshop on Model-Based Methodologies for Pervasive and Embedded Software</title>
</info>
<info>
      <id>1594</id>
      <acron>MetriSec</acron>
      <title>International Workshop on Security Measurements and Metrics</title>
      <id>721</id>
      <acron>METRISEC</acron>
      <title>International Workshop on Security Measurements and Metrics</title>
</info>
<info>
      <id>1601</id>
      <acron>MoDeVVa</acron>
      <title>International Workshop on Model-Driven Engineering, Verification and Validation</title>
      <id>739</id>
      <acron>MODEVVA</acron>
      <title>Workshop on Model-Driven Engineering, Verification, and Validation</title>
</info>
<info>
      <id>1631</id>
      <acron>NSPW</acron>
      <title>workshop on New security paradigms</title>
      <id>782</id>
      <acron>NSPW</acron>
      <title>New Security Paradigms Workshop</title>
</info>
<info>
      <id>1696</id>
      <acron>PVG</acron>
      <title>IEEE Symposium on Parallel and Large-Data Visualization and Graphics</title>
      <id>832</id>
      <acron>PVG</acron>
      <title>IEEE Symposium on Parallel and Large-Data Visualization and Graphics</title>
</info>
<info>
      <id>1716</id>
      <acron>REBSE</acron>
      <title>International Workshop on Realising Evidence-Based Software Engineering</title>
      <id>840</id>
      <acron>REBSE</acron>
      <title>International Workshop on Realising Evidence-Based Software Engineering</title>
</info>
<info>
      <id>1744</id>
      <acron>SCCG</acron>
      <title>Spring Conference on Computer Graphics</title>
      <id>879</id>
      <acron>SCCG</acron>
      <title>Spring Conference on Computer Graphics</title>
</info>
<info>
      <id>1746</id>
      <acron>SCESM</acron>
      <title>International Workshop on Scenarios and State Machines</title>
      <id>880</id>
      <acron>SCESM</acron>
      <title>International Workshop on Scenarios and State Machines</title>
</info>
<info>
      <id>1754</id>
      <acron>SDSOA</acron>
      <title>international workshop on Systems development in SOA environments</title>
      <id>884</id>
      <acron>SDSOA</acron>
      <title>International Workshop on Systems Development in SOA Environments</title>
</info>
<info>
      <id>1753</id>
      <acron>SDG</acron>
      <title>ICSE Workshop on Software Development Governance</title>
      <id>882</id>
      <acron>SDG</acron>
      <title>ICSE Workshop on Software Development Governance</title>
</info>
<info>
      <id>1755</id>
      <acron>SE-HPC</acron>
      <title>International Workshop on Software Engineering for High Performance Computing Applications</title>
      <id>886</id>
      <acron>SE-HPC</acron>
      <title>International Workshop on Software Engineering for High Performance Computing Applications</title>
</info>
<info>
      <id>1760</id>
      <acron>SEEUP</acron>
      <title>ICSE Workshop on Software Engineering Foundations for End User Programming</title>
      <id>898</id>
      <acron>SEEUP</acron>
      <title>ICSE Workshop on Software Engineering Foundations for End User Programming</title>
</info>
<info>
      <id>1765</id>
      <acron>SEPCASE</acron>
      <title>International Workshop on Software Engineering for Pervasive Computing Applications, Systems, and Environments</title>
      <id>905</id>
      <acron>SEPCASE</acron>
      <title>International Workshop on Software Engineering for Pervasive Computing Applications, Systems, and Environments</title>
</info>
<info>
      <id>1770</id>
      <acron>SESS</acron>
      <title>International Workshop on Software Engineering for Secure Systems</title>
      <id>910</id>
      <acron>SESS</acron>
      <title>International Workshop on Software Engineering for Secure Systems</title>
</info>
<info>
      <id>1791</id>
      <acron>SLIP</acron>
      <title>International Workshop on System Level Interconnect Prediction</title>
      <id>921</id>
      <acron>SLIP</acron>
      <title>International Workshop on System Level Interconnect Prediction</title>
</info>
<info>
      <id>1843</id>
      <acron>SecPerU</acron>
      <title>international workshop on Security, privacy and trust in pervasive and ubiquitous computing</title>
      <id>890</id>
      <acron>SECPERU</acron>
      <title>International Workshop on Security, Privacy and Trust in Pervasive and Ubiquitous Computing</title>
</info>
<info>
      <id>1877</id>
      <acron>TridentCom</acron>
      <title>International Conference on Testbeds and research infrastructures for the development of networks and communities</title>
      <id>980</id>
      <acron>TRIDENTCOM</acron>
      <title>International Conference on Testbeds and Research Infrastructures for the Development of Networks and Communities</title>
</info>
<info>
      <id>1931</id>
      <acron>WICON</acron>
      <title>international conference on Wireless internet</title>
      <id>1033</id>
      <acron>WICON</acron>
      <title>International Conference on Wireless Internet</title>
</info>
<info>
      <id>1950</id>
      <acron>WODA</acron>
      <title>International Workshop on Dynamic Analysis</title>
      <id>1052</id>
      <acron>WODA</acron>
      <title>International Workshop on Dynamic Analysis</title>
</info>
<info>
      <id>2002</id>
      <acron>WoSQ</acron>
      <title>international workshop on Software quality</title>
      <id>1059</id>
      <acron>WOSQ</acron>
      <title>International Workshop on Software Quality</title>
</info>
<info>
      <id>2011</id>
      <acron>SEAS</acron>
      <title>International Workshop on Software Engineering for Automotive Systems</title>
      <id>889</id>
      <acron>SEAS</acron>
      <title>International Workshop on Software Engineering for Automotive Systems</title>
</info>
<info>
      <id>488</id>
      <acron>ISORC</acron>
      <title>IEEE International Symposium on Object-Oriented Real-Time Distributed Computing</title>
      <id>625</id>
      <acron>ISORC</acron>
      <title>IEEE International Symposium on Object and Component-Oriented Real-Time Distributed Computing</title>
</info>
<info>
      <id>481</id>
      <acron>DS-RT</acron>
      <title>IEEE International Symposium on Distributed Simulation and Real Time Applications</title>
      <id>248</id>
      <acron>DS-RT</acron>
      <title>IEEE/ACM International Symposium on Distributed Simulation and Real Time Applications</title>
</info>
<info>
      <id>1801</id>
      <acron>SNAPI</acron>
      <title>international workshop on Storage network architecture and parallel I/Os</title>
      <id>929</id>
      <acron>SNAPI</acron>
      <title>IEEE International Workshop on Storage Network Architecture and Parallel I/Os</title>
</info>
<info>
      <id>110</id>
      <acron>ASP-DAC</acron>
      <title>DAC Asia and South Pacific Design Automation Conference</title>
      <id>65</id>
      <acron>ASP-DAC</acron>
      <title>Asia and South Pacific Design Automation Conference</title>
</info>
<info>
      <id>469</id>
      <acron>HLDVT</acron>
      <title>IEEE International High Level Design Validation and Test Workshop</title>
      <id>356</id>
      <acron>HLDVT</acron>
      <title>IEEE International High-Level Design, Validation, and Test Workshop</title>
</info>
<info>
      <id>531</id>
      <acron>PBG</acron>
      <title>IEEE/Eurographics Symposium on Point-Based Graphics</title>
      <id>804</id>
      <acron>PBG</acron>
      <title>Eurographics/IEEE VGTC Symposium Point-Based Graphics</title>
</info>
<info>
      <id>1189</id>
      <acron>CHASE</acron>
      <title>International Workshop on Cooperative and Human Aspects of Software Engineering</title>
      <id>139</id>
      <acron>CHASE</acron>
      <title>ICSE Workshop on Cooperative and Human Aspects on Software Engineering</title>
</info>
<info>
      <id>1196</id>
      <acron>CLADE</acron>
      <title>IEEE international workshop on Challenges of large applications in distributed environments</title>
      <id>156</id>
      <acron>CLADE</acron>
      <title>International Workshop on Challenges of Large Applications in Distributed Environments</title>
</info>
<info>
      <id>1666</id>
      <acron>PESOS</acron>
      <title>International Workshop on Principles of Engineering Service-Oriented Systems</title>
      <id>815</id>
      <acron>PESOS</acron>
      <title>ICSE Workshop on Principles of Engineering Service Oriented Systems</title>
</info>
<info>
      <id>3</id>
      <acron>FOCS</acron>
      <title>IEEE Symposium on Foundations of Computer Science</title>
      <id>318</id>
      <acron>FOCS</acron>
      <title>IEEE Annual Symposium on Foundations of Computer Science</title>
</info>
<info>
      <id>96</id>
      <acron>FPGA</acron>
      <title>Symposium on Field Programmable Gate Arrays</title>
      <id>320</id>
      <acron>FPGA</acron>
      <title>International ACM Symposium on Field-Programmable Gate Arrays</title>
</info>
<info>
      <id>123</id>
      <acron>LCN</acron>
      <title>IEEE Conference on Local Computer Networks</title>
      <id>697</id>
      <acron>LCN</acron>
      <title>Annual IEEE Conference on Local Computer Networks</title>
</info>
<info>
      <id>183</id>
      <acron>AAMAS</acron>
      <title>International Conference on Autonomous Agents and Multiagent Systems</title>
      <id>2</id>
      <acron>AAMAS</acron>
      <title>International Joint Conference on Autonomous Agents and Multiagent Systems</title>
</info>
<info>
      <id>199</id>
      <acron>CVPR</acron>
      <title>Conference on Computer Vision and Pattern Recognition</title>
      <id>204</id>
      <acron>CVPR</acron>
      <title>IEEE Conference on Computer Vision and Pattern Recognition</title>
</info>
<info>
      <id>244</id>
      <acron>ICALT</acron>
      <title>International Conference on Advanced Learning Technologies</title>
      <id>383</id>
      <acron>ICALT</acron>
      <title>IEEE International Conference on Advanced Learning Technologies</title>
</info>
<info>
      <id>482</id>
      <acron>HASE</acron>
      <title>IEEE International Symposium on High Assurance Systems Engineering</title>
      <id>345</id>
      <acron>HASE</acron>
      <title>IEEE International Symposium on High-Assurance Systems Engineering</title>
</info>
<info>
      <id>528</id>
      <acron>ICIS</acron>
      <title>IEEE/ACIS International Conference on Computer and Information</title>
      <id>476</id>
      <acron>ICIS</acron>
      <title>IEEE/ACIS International Conference on Computer and Information Science</title>
</info>
<info>
      <id>530</id>
      <acron>CCGrid</acron>
      <title>IEEE/ACM International Symposium on Cluster Computing and the Grid</title>
      <id>119</id>
      <acron>CCGRID</acron>
      <title>IEEE International Symposium on Cluster Computing and the Grid</title>
</info>
<info>
      <id>546</id>
      <acron>EUC</acron>
      <title>IFIP International Conference on Embedded and Ubiquitous Computing</title>
      <id>298</id>
      <acron>EUC</acron>
      <title>IEEE/IFIP International Conference on Embedded and Ubiquitous Computing</title>
</info>
<info>
      <id>571</id>
      <acron>WAIM</acron>
      <title>Interational Conference on Web Age Information Management</title>
      <id>1012</id>
      <acron>WAIM</acron>
      <title>International Conference on Web-Age Information Management</title>
</info>
<info>
      <id>582</id>
      <acron>I-ESA</acron>
      <title>International Conference Interoperability for Enterprise Software and Applications</title>
      <id>371</id>
      <acron>I-ESA</acron>
      <title>International Conference on Interoperability for Enterprise Software and Applications China</title>
</info>
<info>
      <id>605</id>
      <acron>FG</acron>
      <title>International Conference on Automatic Face and Gesture Recognition</title>
      <id>310</id>
      <acron>FG</acron>
      <title>IEEE International Conference on Automatic Face and Gesture Recognition</title>
</info>
<info>
      <id>815</id>
      <acron>HPCS</acron>
      <title>International Symposium on High Performance Computing Systems and Applications</title>
      <id>367</id>
      <acron>HPCS</acron>
      <title>Annual International Symposium on High Performance Computing Systems and Applications</title>
</info>
<info>
      <id>860</id>
      <acron>DAS</acron>
      <title>International Workshop on Document Analysis Systems</title>
      <id>213</id>
      <acron>DAS</acron>
      <title>IAPR International Workshop on Document Analysis Systems</title>
</info>
<info>
      <id>1005</id>
      <acron>Emnets</acron>
      <title>Workshop on Embedded Networked Sensors</title>
      <id>280</id>
      <acron>EMNETS</acron>
      <title>IEEE Workshop on Embedded Networked Sensors</title>
</info>
<info>
      <id>1443</id>
      <acron>INTERACT</acron>
      <title>Workshop on Interaction between Compilers and Computer Architecture</title>
      <id>578</id>
      <acron>INTERACT</acron>
      <title>Annual Workshop on Interaction between Compilers and Computer Architecture</title>
</info>
<info>
      <id>1476</id>
      <acron>IWMSE</acron>
      <title>International Workshop on Multicore Software Engineering</title>
      <id>669</id>
      <acron>IWMSE</acron>
      <title>ICSE Workshop on Multicore Software Engineering</title>
</info>
<info>
      <id>1758</id>
      <acron>SECSE</acron>
      <title>International Workshop on Software Engineering for Computational Science and Engineering</title>
      <id>891</id>
      <acron>SECSE</acron>
      <title>ICSE Workshop on Software Engineering for Computational Science and Engineering</title>
</info>
<info>
      <id>1761</id>
      <acron>SEHC</acron>
      <title>Workshop on Software Engineering in Health Care</title>
      <id>901</id>
      <acron>SEHC</acron>
      <title>ICSE Workshop on Software Engineering in Health Care</title>
</info>
<info>
      <id>1773</id>
      <acron>SHARK</acron>
      <title>International Workshop on SHAring and Reusing Architectural Knowledge</title>
      <id>913</id>
      <acron>SHARK</acron>
      <title>ICSE Workshop on Sharing and Reusing Architectural Knowledge</title>
</info>
<info>
      <id>1864</id>
      <acron>TEFSE</acron>
      <title>International Workshop on Traceability in Emerging Forms of Software Engineering</title>
      <id>975</id>
      <acron>TEFSE</acron>
      <title>ICSE Workshop on Traceability in Emerging Forms of Software Engineering</title>
</info>
<info>
      <id>1896</id>
      <acron>VAST</acron>
      <title>IEEE Symposium on Visual Analytics Science and Technology</title>
      <id>991</id>
      <acron>VAST</acron>
      <title>Symposium On Visual Analytics Science And Technology</title>
</info>
<info>
      <id>25</id>
      <acron>LICS</acron>
      <title>IEEE Symposium on Logic in Computer Science</title>
      <id>700</id>
      <acron>LICS</acron>
      <title>Symposium on Logic in Computer Science</title>
</info>
<info>
      <id>56</id>
      <acron>ICPADS</acron>
      <title>IEEE International Conference on Parallel and Distributed Systems</title>
      <id>509</id>
      <acron>ICPADS</acron>
      <title>International Conference on Parallel and Distributed Systems</title>
</info>
<info>
      <id>61</id>
      <acron>HPDC</acron>
      <title>International Symposium on High Performance Distributed Computing</title>
      <id>368</id>
      <acron>HPDC</acron>
      <title>International Symposium on High-Performance Distributed Computing</title>
</info>
<info>
      <id>69</id>
      <acron>ICSM</acron>
      <title>International Conference on Software Maintenance</title>
      <id>527</id>
      <acron>ICSM</acron>
      <title>IEEE International Conference on Software Maintenance</title>
</info>
<info>
      <id>134</id>
      <acron>MobiQuitous</acron>
      <title>International Conference on Mobile and Ubiquitous Systems</title>
      <id>737</id>
      <acron>MOBIQUITOUS</acron>
      <title>Annual International Conference on Mobile and Ubiquitous Systems</title>
</info>
<info>
      <id>198</id>
      <acron>ICCV</acron>
      <title>International Conference on Computer Vision</title>
      <id>425</id>
      <acron>ICCV</acron>
      <title>IEEE International Conference on Computer Vision</title>
</info>
<info>
      <id>220</id>
      <acron>ICMCS</acron>
      <title>International Conference on Multimedia Computing and Systems</title>
      <id>490</id>
      <acron>ICMCS</acron>
      <title>IEEE International Conference on Multimedia Computing and Systems</title>
</info>
<info>
      <id>316</id>
      <acron>CASA</acron>
      <title>Computer Animation and Social Agents</title>
      <id>109</id>
      <acron>CASA</acron>
      <title>International Conference on Computer Animation and Social Agents</title>
</info>
<info>
      <id>351</id>
      <acron>DSD</acron>
      <title>EUROMICRO Conference on Digital System Design</title>
      <id>249</id>
      <acron>DSD</acron>
      <title>Euromicro Symposium on Digital Systems Design</title>
</info>
<info>
      <id>428</id>
      <acron>ECOWS</acron>
      <title>IEEE European Conference on Web Services</title>
      <id>264</id>
      <acron>ECOWS</acron>
      <title>European Conference on Web Services</title>
</info>
<info>
      <id>441</id>
      <acron>ICDAR</acron>
      <title>IEEE International Conference on Document Analysis and Recognition</title>
      <id>426</id>
      <acron>ICDAR</acron>
      <title>International Conference on Document Analysis and Recognition</title>
</info>
<info>
      <id>459</id>
      <acron>SMI</acron>
      <title>IEEE International Conference on Shape Modeling and Applications</title>
      <id>922</id>
      <acron>SMI</acron>
      <title>International Conference on Shape Modeling and Applications</title>
</info>
<info>
      <id>471</id>
      <acron>MWSCAS</acron>
      <title>IEEE International Midwest Symposium on Circuits and Systems</title>
      <id>758</id>
      <acron>MWSCAS</acron>
      <title>Midwest Symposium on Circuits and Systems</title>
</info>
<info>
      <id>491</id>
      <acron>ISQED</acron>
      <title>IEEE International Symposium on Quality Electronic Design</title>
      <id>632</id>
      <acron>ISQED</acron>
      <title>International Symposium on Quality Electronic Design</title>
</info>
<info>
      <id>503</id>
      <acron>LATW</acron>
      <title>IEEE Latin American Test Workshop</title>
      <id>696</id>
      <acron>LATW</acron>
      <title>Latin American Test Workshop</title>
</info>
<info>
      <id>518</id>
      <acron>WCRE</acron>
      <title>IEEE Working Conference on Reverse Engineering</title>
      <id>1019</id>
      <acron>WCRE</acron>
      <title>Working Conference on Reverse Engineering</title>
</info>
<info>
      <id>525</id>
      <acron>WCCI</acron>
      <title>IEEE World Congress on Computational Intelligence</title>
      <id>1017</id>
      <acron>WCCI</acron>
      <title>World Congress on Computational Intelligence</title>
</info>
<info>
      <id>637</id>
      <acron>CoopIS</acron>
      <title>International Conference on Cooperative Information Systems</title>
      <id>178</id>
      <acron>COOPIS</acron>
      <title>IFCIS International Conference on Cooperative Information Systems</title>
</info>
<info>
      <id>690</id>
      <acron>ICITA</acron>
      <title>Application International Conference on Information Technology and Applications</title>
      <id>483</id>
      <acron>ICITA</acron>
      <title>International Conference on Information Technology and Applications</title>
</info>
<info>
      <id>713</id>
      <acron>ICMI</acron>
      <title>International Conference on Multimodal Interfaces</title>
      <id>494</id>
      <acron>ICMI</acron>
      <title>IEEE International Conference on Multimodal Interfaces</title>
</info>
<info>
      <id>728</id>
      <acron>P2P</acron>
      <title>International Conference on Peer-to-Peer Computing</title>
      <id>793</id>
      <acron>P2P</acron>
      <title>IEEE International Conference on Peer-to-Peer Computing</title>
</info>
<info>
      <id>954</id>
      <acron>ASYNC</acron>
      <title>Symposium on Asynchronous Circuits and Systems</title>
      <id>71</id>
      <acron>ASYNC</acron>
      <title>IEEE International Symposium on Asynchronous Circuits and Systems</title>
</info>
<info>
      <id>1029</id>
      <acron>SBAC-PAD</acron>
      <title>International Symposium on Computer Architecture and High Performance</title>
      <id>865</id>
      <acron>SBAC-PAD</acron>
      <title>Symposium on Computer Architecture and High Performance Computing</title>
</info>
<info>
      <id>1552</id>
      <acron>MiSE</acron>
      <title>ICSE Workshop on Modeling in Software Engineering</title>
      <id>728</id>
      <acron>MISE</acron>
      <title>International Workshop on Modeling in Software Engineering</title>
</info>
<info>
      <id>1632</id>
      <acron>Nanoarch</acron>
      <title>IEEE/ACM International Symposium on Nanoscale Architectures</title>
      <id>760</id>
      <acron>NANOARCH</acron>
      <title>IEEE International Symposium on Nanoscale Architectures</title>
</info>
<info>
      <id>1694</id>
      <acron>PST</acron>
      <title>International Conference on Privacy, Security and Trust</title>
      <id>831</id>
      <acron>PST</acron>
      <title>Annual International Conference on Privacy, Security and Trust</title>
</info>
<info>
      <id>522</id>
      <acron>ESTIMedia</acron>
      <title>IEEE Workshop on Embedded Systems for Real-Time Multimedia</title>
      <id>291</id>
      <acron>ESTIMEDIA</acron>
      <title>IEEE/ACM/IFIP Workshop on Embedded Systems for Real Time Multimedia</title>
</info>
<info>
      <id>59</id>
      <acron>SC</acron>
      <title>ACM/IEEE International Conference for High Performance Computing, Networking, Storage, and Analysis</title>
      <id>873</id>
      <acron>SC</acron>
      <title>International Conference for High Performance Computing, Networking, Storage and Analysis</title>
</info>
<info>
      <id>65</id>
      <acron>HiPC</acron>
      <title>International Conference on High Performance Computing</title>
      <id>352</id>
      <acron>HIPC</acron>
      <title>International Conference on High-Performance Computing</title>
</info>
<info>
      <id>90</id>
      <acron>ISCA</acron>
      <title>Annual Symposium on Computer Architecture</title>
      <id>597</id>
      <acron>ISCA</acron>
      <title>International Symposium on Computer Architecture</title>
</info>
<info>
      <id>99</id>
      <acron>ARVLSI</acron>
      <title>Advanced Research in VLSI</title>
      <id>57</id>
      <acron>ARVLSI</acron>
      <title>Conference on Advanced Research in VLSI</title>
</info>
<info>
      <id>226</id>
      <acron>ICIP</acron>
      <title>IEEE International Conference on Image Processing</title>
      <id>475</id>
      <acron>ICIP</acron>
      <title>International Conference on Image Processing</title>
</info>
<info>
      <id>256</id>
      <acron>GLSVLSI</acron>
      <title>ACM Great Lakes Symposium on VLSI</title>
      <id>333</id>
      <acron>GLSVLSI</acron>
      <title>Great Lakes Symposium on VLSI</title>
</info>
<info>
      <id>434</id>
      <acron>ICAC</acron>
      <title>IEEE International Conference on Autonomic Computing</title>
      <id>379</id>
      <acron>ICAC</acron>
      <title>International Conference on Autonomic Computing</title>
</info>
<info>
      <id>438</id>
      <acron>ICCL</acron>
      <title>IEEE International Conference on Computer Languages</title>
      <id>410</id>
      <acron>ICCL</acron>
      <title>International Conference on Computer Languages</title>
</info>
<info>
      <id>455</id>
      <acron>ICPC</acron>
      <title>IEEE International Conference on Program Comprehension</title>
      <id>510</id>
      <acron>ICPC</acron>
      <title>International Conference on Program Comprehension</title>
</info>
<info>
      <id>457</id>
      <acron>ICSC</acron>
      <title>IEEE International Conference on Semantic Computing</title>
      <id>520</id>
      <acron>ICSC</acron>
      <title>International Conference on Semantic Computing</title>
</info>
<info>
      <id>496</id>
      <acron>IWCC</acron>
      <title>IEEE International Workshop on Cluster Computing</title>
      <id>660</id>
      <acron>IWCC</acron>
      <title>International Workshop on Cluster Computing</title>
</info>
<info>
      <id>502</id>
      <acron>WETICE</acron>
      <title>IEEE International Workshops on Enabling Technologies: Infrastructure for Collaborative Enterprises</title>
      <id>1028</id>
      <acron>WETICE</acron>
      <title>IEEE International Workshop on Enabling Technologies: Infrastructure for Collaborative Enterprises</title>
</info>
<info>
      <id>893</id>
      <acron>RSP</acron>
      <title>International Workshop on Rapid System Prototyping</title>
      <id>849</id>
      <acron>RSP</acron>
      <title>IEEE International Workshop on Rapid System Prototyping</title>
</info>
<info>
      <id>1038</id>
      <acron>SIBGRAPI</acron>
      <title>Brazilian Symposium on Computer Graphics and Image Processing</title>
      <id>915</id>
      <acron>SIBGRAPI</acron>
      <title>SIBGRAPI Conference on Graphics, Patterns and Images</title>
</info>
<info>
      <id>1329</id>
      <acron>FIT</acron>
      <title>International Conference on Frontiers of Information Technology</title>
      <id>314</id>
      <acron>FIT</acron>
      <title>Frontiers of Information Technology</title>
</info>
<info>
      <id>1692</id>
      <acron>PRS</acron>
      <title>IEEE symposium on Parallel rendering</title>
      <id>829</id>
      <acron>PRS</acron>
      <title>Parallel Rendering Symposium</title>
</info>
<info>
      <id>129</id>
      <acron>IPSN</acron>
      <title>ACM/IEEE International Conference on Information Processing in Sensor Networks</title>
      <id>587</id>
      <acron>IPSN</acron>
      <title>International Conference on Information Processing in Sensor Networks</title>
</info>
<info>
      <id>261</id>
      <acron>IAT</acron>
      <title>ACM International Conference on Intelligent Agent Technology</title>
      <id>375</id>
      <acron>IAT</acron>
      <title>IEEE WIC ACM International Conference on Intelligent Agent Technology</title>
</info>
<info>
      <id>489</id>
      <acron>ISPASS</acron>
      <title>IEEE International Symposium on Performance Analysis of Systems and Software</title>
      <id>628</id>
      <acron>ISPASS</acron>
      <title>IEEE International Symmposium on Performance Analysis of Systems and Software</title>
</info>
<info>
      <id>535</id>
      <acron>IROS</acron>
      <title>IEEE/RJS International Conference on Intelligent Robots and Systems</title>
      <id>589</id>
      <acron>IROS</acron>
      <title>IEEE/RSJ International Conference on Intelligent Robots and Systems</title>
</info>
<info>
      <id>1121</id>
      <acron>ANCS</acron>
      <title>ACM/IEEE Symposium on Architecture for Networking and Communications Systems</title>
      <id>38</id>
      <acron>ANCS</acron>
      <title>Symposium On Architecture For Networking And Communications Systems</title>
</info>
<info>
      <id>1474</id>
      <acron>IWICSS</acron>
      <title>International Workshop on Incorporating COTS Software into Software Systems</title>
      <id>668</id>
      <acron>IWICSS</acron>
      <title>International Workshop on Incorporating COTS Software into Software Systems: Tools and Techniques</title>
</info>
<info>
      <id>1908</id>
      <acron>VTDC</acron>
      <title>international workshop on Virtualization Technologies in Distributed Computing</title>
      <id>1008</id>
      <acron>VTDC</acron>
      <title>International Workshop on Virtualization Technology in Distributed Computing</title>
</info>
<info>
      <id>111</id>
      <acron>INFOCOM</acron>
      <title>IEEE Conference on Computer Communications</title>
      <id>575</id>
      <acron>INFOCOM</acron>
      <title>Annual Joint Conference of the IEEE Computer and Communications Societies</title>
</info>
<info>
      <id>23</id>
      <acron>CCC</acron>
      <title>Conference on Computational Complexity</title>
      <id>117</id>
      <acron>CCC</acron>
      <title>Annual IEEE Conference on Computational Complexity</title>
</info>
<info>
      <id>47</id>
      <acron>DSN</acron>
      <title>International Conference on Dependable Systems and Networks</title>
      <id>251</id>
      <acron>DSN</acron>
      <title>IEEE/IFIP International Conference on Dependable Systems and Networks</title>
</info>
<info>
      <id>97</id>
      <acron>ISSS</acron>
      <title>International Symposium on Systems Synthesis</title>
      <id>635</id>
      <acron>ISSS</acron>
      <title>International Symposium on System Synthesis</title>
</info>
<info>
      <id>263</id>
      <acron>MobiWac</acron>
      <title>ACM International Workshop on Mobility Management and Wireless Access</title>
      <id>738</id>
      <acron>MOBIWAC</acron>
      <title>International Mobility and Wireless Access Workshop</title>
</info>
<info>
      <id>282</id>
      <acron>PADS</acron>
      <title>ACM/IEEE/SCS Workshop on Parallel and Distributed Simulation</title>
      <id>801</id>
      <acron>PADS</acron>
      <title>Workshop on Parallel and Distributed Simulation</title>
</info>
<info>
      <id>386</id>
      <acron>EuroBot</acron>
      <title>European Workshop on Advanced Mobile Robots</title>
      <id>300</id>
      <acron>EUROBOT</acron>
      <title>Euromicro Workshop on Advanced Mobile Robots</title>
</info>
<info>
      <id>465</id>
      <acron>EDOC</acron>
      <title>IEEE International Enterprise Computing Conference</title>
      <id>268</id>
      <acron>EDOC</acron>
      <title>IEEE International Enterprise Distributed Object Computing Conference</title>
</info>
<info>
      <id>486</id>
      <acron>ISM</acron>
      <title>IEEE International Symposium on Multimedia</title>
      <id>619</id>
      <acron>ISM</acron>
      <title>International Symposium on Multimedia</title>
</info>
<info>
      <id>610</id>
      <acron>CIC</acron>
      <title>International Conference on Communications in Computing</title>
      <id>142</id>
      <acron>CIC</acron>
      <title>International Conference on Computing</title>
</info>
<info>
      <id>710</id>
      <acron>MDA/MDM</acron>
      <title>International Conference on Mobile Data Access/Management</title>
      <id>712</id>
      <acron>MDM</acron>
      <title>IEEE International Conference on Mobile Data Management</title>
</info>
<info>
      <id>822</id>
      <acron>ISMAR</acron>
      <title>International Symposium on Mixed and Augmented Reality</title>
      <id>620</id>
      <acron>ISMAR</acron>
      <title>IEEE / ACM International Symposium on Mixed and Augmented Reality</title>
</info>
<info>
      <id>1031</id>
      <acron>SBCCI</acron>
      <title>Symposium on Integrated Circuits and Systems Design</title>
      <id>867</id>
      <acron>SBCCI</acron>
      <title>Symposium on Integrated Circuit Design and System Design</title>
</info>
<info>
      <id>1466</id>
      <acron>IW-SOSWE</acron>
      <title>international workshop on Service-oriented software engineering</title>
      <id>940</id>
      <acron>SOSE</acron>
      <title>IEEE International Workshop on Service-Oriented System Engineering</title>
</info>
<info>
      <id>1542</id>
      <acron>MEMOCODE</acron>
      <title>IEEE/ACM International Conference on Formal Methods and Models for Codesign</title>
      <id>717</id>
      <acron>MEMOCODE</acron>
      <title>ACM/IEEE International Conference on Formal Methods and Models for Co-Design</title>
</info>
<info>
      <id>1648</id>
      <acron>OzCHI</acron>
      <title>Australian Computer-Human Interaction Conference</title>
      <id>792</id>
      <acron>OZCHI</acron>
      <title>Australasian Conference on Computer-Human Interaction</title>
</info>
<info>
      <id>120</id>
      <acron>MASCOTS</acron>
      <title>IEEE/ACM International Symposium on Modelling, Analysis and Simulation of Computer and Telecommunication Systems</title>
      <id>706</id>
      <acron>MASCOTS</acron>
      <title>IEEE International Symposium on Modeling, Analysis and Simulation of Computer and Telecommunication System</title>
</info>
<info>
      <id>1073</id>
      <acron>FCCM</acron>
      <title>Field Programmable Custom Computing Machines</title>
      <id>307</id>
      <acron>FCCM</acron>
      <title>Annual IEEE Symposium on Field-Programmable Custom Computing Machines</title>
</info>
<info>
      <id>143</id>
      <acron>CSF</acron>
      <title>Computer Security Foundations Symposium</title>
      <id>190</id>
      <acron>CSF</acron>
      <title>IEEComputer Security Foundations Symposium</title>
</info>
<info>
      <id>342</id>
      <acron>ROBIO</acron>
      <title>EEE International Conference on Robotics and Biomimetics</title>
      <id>847</id>
      <acron>ROBIO</acron>
      <title>IEEE International Conference on Robotics and Biomimetics</title>
</info>
<info>
      <id>397</id>
      <acron>SCAN</acron>
      <title>GAMM / IMACS International Symposion on Scientific Computing Computer Arithmetic and Validated Numerics</title>
      <id>876</id>
      <acron>SCAN</acron>
      <title>International Symposium on Scientific Computing, Computer Arithmetic and Validated Numerics</title>
</info>
<info>
      <id>419</id>
      <acron>MMBIA</acron>
      <title>IEEE Computer Society Workshops on Mathematical Methods in Biomedical Image Analysis</title>
      <id>729</id>
      <acron>MMBIA</acron>
      <title>IEEE Workshop on Mathematical Methods in Biomedical Image Analysis</title>
</info>
<info>
      <id>479</id>
      <acron>BIBE</acron>
      <title>IEEE International Symposium on Bioinformatics and Bioengineering</title>
      <id>83</id>
      <acron>BIBE</acron>
      <title>IEEE International Symposium on Bioinformatic and Bioengineering</title>
</info>
<info>
      <id>608</id>
      <acron>Broadnets</acron>
      <title>International Conference on Broadband Communications Networks and Systems</title>
      <id>96</id>
      <acron>BROADNETS</acron>
      <title>International Conference on Broadband Networks</title>
</info>
<info>
      <id>705</id>
      <acron>ICMLC</acron>
      <title>International Conference on Machine Learning and Cybernetics</title>
      <id>496</id>
      <acron>ICMLC</acron>
      <title>International Conference on Machine Learning and Computing</title>
</info>
<info>
      <id>788</id>
      <acron>MMM</acron>
      <title>International Multi-Media Modelling Conference</title>
      <id>732</id>
      <acron>MMM</acron>
      <title>International Multi-Media Modeling Conference</title>
</info>
<info>
      <id>833</id>
      <acron>TIME</acron>
      <title>International Symposium on Temporal Representation and Reasoning</title>
      <id>976</id>
      <acron>TIME</acron>
      <title>International Syposium on Temporal Representation and Reasoning</title>
</info>
<info>
      <id>977</id>
      <acron>WCW</acron>
      <title>Web Caching Workshop</title>
      <id>1021</id>
      <acron>WCW</acron>
      <title>International Workshop on Web Content Caching and Distribution</title>
</info>
<info>
      <id>1056</id>
      <acron>SBSC</acron>
      <title>Simpsio Brasileiro de Sistemas Colaborativos</title>
      <id>872</id>
      <acron>SBSC</acron>
      <title>Simpsio Brasilerio de Sistemas Colaborativos</title>
</info>
<info>
      <id>1417</id>
      <acron>ICPS</acron>
      <title>international conference on Pervasive services</title>
      <id>513</id>
      <acron>ICPS</acron>
      <title>IEEE/ACS International Conference on Pervasive Services</title>
</info>
<info>
      <id>307</id>
      <acron>SEW</acron>
      <title>Annual Software Engineering Workshop</title>
      <id>912</id>
      <acron>SEW</acron>
      <title>Annual IEEE/NASA Goddard Software Engineering Workshop</title>
</info>
<info>
      <id>433</id>
      <acron>ICASSP</acron>
      <title>IEEE International Conference on Acoustics Speech and SP</title>
      <id>386</id>
      <acron>ICASSP</acron>
      <title>IEEE International Conference on Acoustics, Speech, and Signal Processing</title>
</info>
<info>
      <id>965</id>
      <acron>TOOLS</acron>
      <title>Technology of Object-Oriented Languages and Systems Conferences</title>
      <id>978</id>
      <acron>TOOLS</acron>
      <title>International Conference on Technology of Object-Oriented Languages</title>
</info>
<info>
      <id>1330</id>
      <acron>FLOSS</acron>
      <title>International Workshop on Emerging Trends in Free/Libre/Open Source Software Research and Development</title>
      <id>316</id>
      <acron>FLOSS</acron>
      <title>International Workshop on Emerging Trends in FLOSS Research and Development</title>
</info>
<info>
      <id>1004</id>
      <acron>EA</acron>
      <title>Workshop on Early Aspects</title>
      <id>255</id>
      <acron>EA</acron>
      <title>ICSE Workshop on Aspect-Oriented Requirements Engineering and Architecture Design</title>
</info>
<info>
      <id>394</id>
      <acron>FIE</acron>
      <title>Frontiers in Education Conference</title>
      <id>312</id>
      <acron>FIE</acron>
      <title>Annual Frontiers in Education</title>
</info>
<info>
      <id>440</id>
      <acron>ICCBSS</acron>
      <title>IEEE International Conference on COTS-Based Software Systems</title>
      <id>396</id>
      <acron>ICCBSS</acron>
      <title>International Conference on Commercial-off-the-Shelf (COTS)-Based Software Systems</title>
</info>
<info>
      <id>592</id>
      <acron>ACE</acron>
      <title>International Conference on Advances in Computer Entertainment Technology</title>
      <id>5</id>
      <acron>ACE</acron>
      <title>International Conference on Advances in Computer Engineering</title>
</info>
<info>
      <id>692</id>
      <acron>IV</acron>
      <title>International Conference on Information Visualization</title>
      <id>652</id>
      <acron>IV</acron>
      <title>International Conference Information Visualisation</title>
</info>
<info>
      <id>1075</id>
      <acron>ASAP</acron>
      <title>Application Specific Systems, Architectures, and Processors</title>
      <id>59</id>
      <acron>ASAP</acron>
      <title>IEEE International Conference on Application-specific Systems Architectures and Processor</title>
</info>
<info>
      <id>1911</id>
      <acron>VizSEC</acron>
      <title>international workshop on Visualization for computer security</title>
      <id>996</id>
      <acron>VIZSEC</acron>
      <title>IEEE Workshops on Visualization for Computer Security</title>
</info>
<info>
      <id>58</id>
      <acron>ICDCN</acron>
      <title>International Conference on Distributed Computing and Networking</title>
      <id>501</id>
      <acron>ICNDC</acron>
      <title>International Conference on Networking and Distributed Computing</title>
</info>
<info>
      <id>142</id>
      <acron>NDSS</acron>
      <title>Network and Distributed System Security Symposium</title>
      <id>930</id>
      <acron>SNDSS</acron>
      <title>Symposium on Network and Distributed System Security</title>
</info>
<info>
      <id>180</id>
      <acron>IJCAI</acron>
      <title>International Joint Conference on Artificial Intelligence</title>
      <id>681</id>
      <acron>JCAI</acron>
      <title>International Joint Conference on Artificial Intelligence</title>
</info>
<info>
      <id>235</id>
      <acron>VL/HCC</acron>
      <title>IEEE Symposium on Visual Languages and Human-Centric Computing</title>
      <id>998</id>
      <acron>VLHCC</acron>
      <title>IEEE Symposium on Visual Languages and Human-Centric Computing</title>
</info>
<info>
      <id>328</id>
      <acron>CSEE&T</acron>
      <title>Conference on Software Engineering Education and Training</title>
      <id>189</id>
      <acron>CSEET</acron>
      <title>Conference on Software Engineering Education and Training</title>
</info>
<info>
      <id>473</id>
      <acron>IPCCC</acron>
      <title>IEEE International Performance Computing and Communications Conference</title>
      <id>365</id>
      <acron>HPCC</acron>
      <title>IEEE International Conference on High Performance Computing and Communications</title>
</info>
<info>
      <id>630</id>
      <acron>ICCI</acron>
      <title>International Conference on Computing and Information</title>
      <id>458</id>
      <acron>ICIC</acron>
      <title>International Conference on Information and Computing</title>
</info>
<info>
      <id>734</id>
      <acron>Qsine</acron>
      <title>International Conference on Quality of Service in Heterogeneous Wired/Wireless Networks</title>
      <id>834</id>
      <acron>QSHINE</acron>
      <title>International Conference on Quality of Service in Heterogeneous Wired/Wireless Networks</title>
</info>
<info>
      <id>748</id>
      <acron>SOFTCOMM</acron>
      <title>International Conference on Software Telecommunications and Computer Networks</title>
      <id>938</id>
      <acron>SOFTCOM</acron>
      <title>International Conference on Software in Telecommunications and Computer Networks</title>
</info>
<info>
      <id>825</id>
      <acron>I-SPAN</acron>
      <title>International Symposium on Parallel Architectures Algorithms and Networks</title>
      <id>627</id>
      <acron>ISPAN</acron>
      <title>International Symposium on Parallel Architectures, Algorithms, and Networks</title>
</info>
<info>
      <id>955</id>
      <acron>Hot Interconnect</acron>
      <title>Symposium on High-Performance Interconnects</title>
      <id>359</id>
      <acron>HOTI</acron>
      <title>Symposium on High-Performance Interconnects</title>
</info>
<info>
      <id>1197</id>
      <acron>CLOUD</acron>
      <title>ICSE Workshop on Software Engineering Challenges of Cloud Computing</title>
      <id>522</id>
      <acron>ICSE-CLOUD</acron>
      <title>ICSE Workshop on Software Engineering Challenges of Cloud Computing</title>
</info>
<info>
      <id>1463</id>
      <acron>IUCS</acron>
      <title>International Universal Communication Symposium</title>
      <id>639</id>
      <acron>ISUC</acron>
      <title>International Symposium on Universal Communication</title>
</info>
<info>
      <id>680</id>
      <acron>CISST/IPCV</acron>
      <title>International Conference on Image Processing Computer Vision and Pattern Recognition</title>
      <id>768</id>
      <acron>NCVPRIPG</acron>
      <title>National Conference on Computer Vision, Pattern Recognition, Image Processing and Graphics</title>
</info>
<info>
      <id>128</id>
      <acron>HotMobile</acron>
      <title>International Workshop on Mobile Computing Systems and Applications</title>
      <id>1045</id>
      <acron>WMCSA</acron>
      <title>IEEE Workshop on Mobile Computing Systems and Applications</title>
</info>
<info>
      <id>304</id>
      <acron>CASCON</acron>
      <title>Annual International Conference on Computer Science and Software Engineering</title>
      <id>195</id>
      <acron>CSSE</acron>
      <title>International Conference on Computer Science and Software Engineering</title>
</info>
<info>
      <id>442</id>
      <acron>eScience</acron>
      <title>IEEE International Conference on e-science and Grid Computing</title>
      <id>254</id>
      <acron>E-SCIENCE</acron>
      <title>International Conference on e-Science and Grid Computing</title>
</info>
<info>
      <id>443</id>
      <acron>EEE</acron>
      <title>IEEE International Conference on e-Technology e-Commerce and e- Service</title>
      <id>125</id>
      <acron>CEC</acron>
      <title>IEEE International Conference on E-Commerce Technology</title>
</info>
<info>
      <id>683</id>  ...parei aqui...
      <acron>ICINCO</acron>
      <title>International Conference on Informatics in Control Automation and Robotics</title>
      <id>108</id>
      <acron>CAR</acron>
      <title>International Asia Conference on Informatics in Control, Automation and Robotics</title>
</info>
<info>
      <id>98</id>
      <acron>CODES+ISSS</acron>
      <title>International Conference on Hardware Software Codesign</title>
      <id>168</id>
      <acron>CODES-ISSS</acron>
      <title>International conference on Hardware/software codesign and system synthesis</title>
</info>
<info>
      <id>141</id>
      <acron>CCS</acron>
      <title>ACM Conference on Computer and Communications Security</title>
      <id>398</id>
      <acron>ICCCS</acron>
      <title>International Conference on Computer and Communications Security</title>
</info>
<info>
      <id>620</id>
      <acron>CGIM</acron>
      <title>International Conference on Computer Graphics and Imaging</title>
      <id>136</id>
      <acron>CGIV</acron>
      <title>International Conference on Computer Graphics, Imaging and Visualization </title>
</info>
<info>
      <id>676</id>
      <acron>HCI</acron>
      <title>International Conference on Human-Computer Interaction</title>
      <id>6</id>
      <acron>ACHI</acron>
      <title>International Conference on Advances in Computer-Human Interaction</title>
</info>
<info>
      <id>722</id>
      <acron>PDCS</acron>
      <title>International Conference on Parallel and Distributed Computing and Systems</title>
      <id>629</id>
      <acron>ISPDC</acron>
      <title>International Symposium on Parallel and Distributed Computing</title>
</info>
<info>
      <id>746</id>
      <acron>SEKE</acron>
      <title>International Conference on Software Engineering and Knowledge Engineering</title>
      <id>685</id>
      <acron>KBSE</acron>
      <title>Knowledge-Based Software Engineering Conference</title>
</info>
<info>
      <id>2012</id>
      <acron>ISTA</acron>
      <title>conference on Information Science, Technology and Applications</title>
      <id>477</id>
      <acron>ICISA</acron>
      <title>International Conference on Information Science and Applications</title>
</info>
Total de fuses: 318
