<info>
      <id>2</id>
      <acron>STOC</acron>
      <title>ACM Symposium on Theory of Computing</title>
      <id>50</id>
      <acron>STOC</acron>
      <title>ACM Symposium on Theory of Computing</title>
</info>
<info>
      <id>3</id>
      <acron>FOCS</acron>
      <title>IEEE Symposium on Foundations of Computer Science</title>
      <id>373</id>
      <acron>FOCS</acron>
      <title>IEEE Symposium on Foundations of Computer Science</title>
</info>
<info>
      <id>4</id>
      <acron>ICALP</acron>
      <title>International Colloquium on Automata, Languages and Programming</title>
      <id>448</id>
      <acron>ICALP</acron>
      <title>International Colloquium on Automata Languages and Programming</title>
</info>
<info>
      <id>5</id>
      <acron>STACS</acron>
      <title>Symposium on Theoretical Aspects of Computer Science</title>
      <id>782</id>
      <acron>STACS</acron>
      <title>International Symposium on Theoretical Aspects of Computer Science</title>
</info>
<info>
      <id>6</id>
      <acron>ISAAC</acron>
      <title>International Symposium on Algorithms and Computation</title>
      <id>733</id>
      <acron>ISAAC</acron>
      <title>International Symposium on Algorithms and Computation</title>
</info>
<info>
      <id>7</id>
      <acron>MFCS</acron>
      <title>International Symposium on Mathematical Foundations of Computer Science</title>
      <id>761</id>
      <acron>MFCS</acron>
      <title>International Symposium on Mathematical Foundations of Computer Science</title>
</info>
<info>
      <id>9</id>
      <acron>COCOON</acron>
      <title>International Computing and Combinatorics Conference</title>
      <id>452</id>
      <acron>COCOON</acron>
      <title>International Computing and Combinatorics Conference</title>
</info>
<info>
      <id>10</id>
      <acron>WoLLIC</acron>
      <title>Workshop on Logic, Language, Information and Computation</title>
      <id>986</id>
      <acron>WoLLIC</acron>
      <title>Workshop on Logic Language Information and Computation</title>
</info>
<info>
      <id>11</id>
      <acron>SODA</acron>
      <title>ACM–SIAM Symposium on Discrete Algorithms</title>
      <id>55</id>
      <acron>SODA</acron>
      <title>ACM-SIAM Symposium on Discrete Algorithms</title>
</info>
<info>
      <id>12</id>
      <acron>ESA</acron>
      <title>European Symposium on Algorithms</title>
      <id>208</id>
      <acron>ESA</acron>
      <title>European Symposium on Algorithms</title>
</info>
<info>
      <id>15</id>
      <acron>WAOA</acron>
      <title>Workshop on Approximation and Online Algorithms</title>
      <id>958</id>
      <acron>WAOA</acron>
      <title>Workshop on Approximation and Online Algorithms</title>
</info>
<info>
      <id>16</id>
      <acron>SoCG</acron>
      <title>ACM Symposium on Computational Geometry</title>
      <id>81</id>
      <acron>SoCG</acron>
      <title>Languages and Applications Annual ACM Symposium on Computational Geometry</title>
</info>
<info>
      <id>17</id>
      <acron>ACM GIS</acron>
      <title>ACM SIGSPATIAL International Conference on Advances in Geographic Information Systems</title>
      <id>21</id>
      <acron>ACM-GIS</acron>
      <title>ACM International Symposium on Advances in Geographic Information Systems</title>
</info>
<info>
      <id>18</id>
      <acron>GD</acron>
      <title>International Symposium on Graph Drawing</title>
      <id>752</id>
      <acron>GD</acron>
      <title>International Symposium on Graph Drawing</title>
</info>
<info>
      <id>19</id>
      <acron>IMR</acron>
      <title>International Meshing Roundtable</title>
      <id>719</id>
      <acron>IMR</acron>
      <title>International Meshing Roundtable Conference</title>
</info>
<info>
      <id>20</id>
      <acron>WAFR</acron>
      <title>Workshop on Algorithmic Foundations of Robotics</title>
      <id>996</id>
      <acron>WAFR</acron>
      <title>Workshop on the Algorithmic Foundations of Robotics</title>
</info>
<info>
      <id>23</id>
      <acron>CCC</acron>
      <title>Conference on Computational Complexity</title>
      <id>250</id>
      <acron>CCC</acron>
      <title>IEEE Conference on Computational Complexity</title>
</info>
<info>
      <id>25</id>
      <acron>LICS</acron>
      <title>IEEE Symposium on Logic in Computer Science</title>
      <id>376</id>
      <acron>LICS</acron>
      <title>IEEE Symposium on Logic in Computer Science</title>
</info>
<info>
      <id>26</id>
      <acron>DLT</acron>
      <title>International Conference on Developments in Language Theory</title>
      <id>538</id>
      <acron>DLT</acron>
      <title>International Conference on Developments in Language Theory</title>
</info>
<info>
      <id>27</id>
      <acron>CIAA</acron>
      <title>International Conference on Implementation and Application of Automata</title>
      <id>584</id>
      <acron>CIAA</acron>
      <title>International Conference on Implementation and Application of Automata</title>
</info>
<info>
      <id>29</id>
      <acron>POPL</acron>
      <title>Symposium on Principles of Programming Languages</title>
      <id>56</id>
      <acron>POPL</acron>
      <title>ACM-SIGACT Symposium on Principles of Programming Languages</title>
</info>
<info>
      <id>30</id>
      <acron>PLDI</acron>
      <title>ACM SIGPLAN Conference on Programming Language Design and Implementation</title>
      <id>59</id>
      <acron>PLDI</acron>
      <title>ACM-SIGPLAN Symposium on Programming Language Design and Implementation</title>
</info>
<info>
      <id>31</id>
      <acron>ECOOP</acron>
      <title>European Conference on Object-Oriented Programming</title>
      <id>183</id>
      <acron>ECOOP</acron>
      <title>European Conference on Object-oriented Programming</title>
</info>
<info>
      <id>32</id>
      <acron>OOPSLA</acron>
      <title>Conference on Object-Oriented Programming, Systems, Languages, and Applications</title>
      <id>80</id>
      <acron>OOPSLA</acron>
      <title>Annual ACM Conference on Object-Oriented Programming Systems</title>
</info>
<info>
      <id>33</id>
      <acron>JICSLP</acron>
      <title>JICSLP Joint International Conference and Symposium on Logic Programming</title>
      <id>611</id>
      <acron>ICLP</acron>
      <title>International Conference on Logic Programming</title>
</info>
<info>
      <id>34</id>
      <acron>ICFP</acron>
      <title>International Conference on Functional Programming</title>
      <id>561</id>
      <acron>ICFP</acron>
      <title>and Computer Engineering International Conference on Functional Programming</title>
</info>
<info>
      <id>36</id>
      <acron>ESOP</acron>
      <title>European Symposium on Programming</title>
      <id>210</id>
      <acron>ESOP</acron>
      <title>European Symposium on Programming (ETAPS)</title>
</info>
<info>
      <id>37</id>
      <acron>FOSSACS</acron>
      <title>Foundations of Software Science and Computation Structures</title>
      <id>222</id>
      <acron>FOSSACS</acron>
      <title>Foundations of Software Science and Computation Structures Conference</title>
</info>
<info>
      <id>38</id>
      <acron>CP</acron>
      <title>International Conference on Principles and Practice of Constraint Programming</title>
      <id>648</id>
      <acron>CP</acron>
      <title>International Conference on Principles and Practice of Constraint Programming</title>
</info>
<info>
      <id>39</id>
      <acron>CC</acron>
      <title>International Conference on Compiler Construction</title>
      <id>497</id>
      <acron>CC</acron>
      <title>International Conference on Compiler Construction</title>
</info>
<info>
      <id>40</id>
      <acron>LOPSTR</acron>
      <title>International Symposium on Logic-based Program Synthesis and Transformation</title>
      <id>759</id>
      <acron>LOPSTR</acron>
      <title>International Symposium on Logic-based Program Synthesis and Transformation</title>
</info>
<info>
      <id>41</id>
      <acron>FLOPS</acron>
      <title>International Symposium on Functional and Logic Programming</title>
      <id>750</id>
      <acron>FLOPS</acron>
      <title>International Symposium on Functional and Logic Programming</title>
</info>
<info>
      <id>43</id>
      <acron>AOSD</acron>
      <title>Aspect-Oriented Software Development</title>
      <id>487</id>
      <acron>AOSD</acron>
      <title>International Conference on Aspect-Oriented Software Development</title>
</info>
<info>
      <id>44</id>
      <acron>PODC</acron>
      <title>ACM Symposium on Principles of Distributed Computing</title>
      <id>49</id>
      <acron>PODC</acron>
      <title>ACM Symposium on Principles of Distributed Computing</title>
</info>
<info>
      <id>45</id>
      <acron>SPAA</acron>
      <title>ACM Symposium on Parallelism in Algorithms and Architectures</title>
      <id>48</id>
      <acron>SPAA</acron>
      <title>ACM Symposium on Parallel Algorithms and Architectures</title>
</info>
<info>
      <id>46</id>
      <acron>PPoPP</acron>
      <title>ACM SIGPLAN Symposium on Principles and Practice of Parallel Programming</title>
      <id>892</id>
      <acron>PPoPP</acron>
      <title>Principles and Practice of Parallel Programming</title>
</info>
<info>
      <id>47</id>
      <acron>DSN</acron>
      <title>International Conference on Dependable Systems and Networks</title>
      <id>537</id>
      <acron>DSN</acron>
      <title>International Conference on Dependable Systems and Networks</title>
</info>
<info>
      <id>48</id>
      <acron>DISC</acron>
      <title>International Symposium on Distributed Computing</title>
      <id>743</id>
      <acron>DISC</acron>
      <title>International Symposium on Distributed Computing</title>
</info>
<info>
      <id>49</id>
      <acron>SRDS</acron>
      <title>IEEE International Symposium on Reliable Distributed Systems</title>
      <id>347</id>
      <acron>SRDS</acron>
      <title>IEEE International Symposium on Reliable Distributed Systems</title>
</info>
<info>
      <id>50</id>
      <acron>PACT</acron>
      <title>International Conference on Parallel Architectures and Compilation Techniques</title>
      <id>640</id>
      <acron>PACT</acron>
      <title>International Conference on Parallel Architectures and Compilation Techniques</title>
</info>
<info>
      <id>51</id>
      <acron>IPDPS</acron>
      <title>IEEE International Parallel and Distributed Processing Symposium</title>
      <id>320</id>
      <acron>IPDPS</acron>
      <title>IEEE International Parallel and Distributed Processing Symposium</title>
</info>
<info>
      <id>52</id>
      <acron>ICPP</acron>
      <title>International Conference on Parallel Processing</title>
      <id>642</id>
      <acron>ICPP</acron>
      <title>International Conference on Parallel Processing</title>
</info>
<info>
      <id>53</id>
      <acron>Euro-Par</acron>
      <title>Euro-Par Conference</title>
      <id>185</id>
      <acron>Euro-Par</acron>
      <title>European Conference on Parallel Computing</title>
</info>
<info>
      <id>54</id>
      <acron>SIROCCO</acron>
      <title>International Colloquium on Structural Information and Communication Complexity</title>
      <id>113</id>
      <acron>SIROCCO</acron>
      <title>Colloquium on Structural Information and Communication Complexity</title>
</info>
<info>
      <id>55</id>
      <acron>OPODIS</acron>
      <title>International Conference on Principles of Distributed Systems</title>
      <id>649</id>
      <acron>OPODIS</acron>
      <title>International Conference on Principles of Distributed Systems</title>
</info>
<info>
      <id>56</id>
      <acron>ICPADS</acron>
      <title>IEEE International Conference on Parallel and Distributed Systems</title>
      <id>639</id>
      <acron>ICPADS</acron>
      <title>International Conference on Parallel and Distributed Systems</title>
</info>
<info>
      <id>58</id>
      <acron>ICDCN</acron>
      <title>International Conference on Distributed Computing and Networking</title>
      <id>280</id>
      <acron>ICDCN</acron>
      <title>IEEE International Conference on Distributed Computing and Networking</title>
</info>
<info>
      <id>59</id>
      <acron>SC</acron>
      <title>ACM/IEEE International Conference for High Performance Computing, Networking, Storage, and Analysis</title>
      <id>60</id>
      <acron>SC</acron>
      <title>ACM/IEEE Conference on High Performance Networking and Computing</title>
</info>
<info>
      <id>60</id>
      <acron>ICS</acron>
      <title>International Conference on Supercomputing</title>
      <id>20</id>
      <acron>ICS</acron>
      <title>ACM International Conference on Supercomputing</title>
</info>
<info>
      <id>61</id>
      <acron>HPDC</acron>
      <title>International Symposium on High Performance Distributed Computing</title>
      <id>335</id>
      <acron>HPDC</acron>
      <title>IEEE International Symposium on High Performance Distributed Computing</title>
</info>
<info>
      <id>62</id>
      <acron>PPSC</acron>
      <title>SIAM Conference on Parallel Processing for Scientific Computing</title>
      <id>898</id>
      <acron>PPSC</acron>
      <title>SIAM Conference on Parallel Processing for Scientific Computing</title>
</info>
<info>
      <id>63</id>
      <acron>Grid</acron>
      <title>IEEE/ACM International Conference on Grid Computing</title>
      <id>396</id>
      <acron>GRID</acron>
      <title>IEEE/ACM International Conference on Grid Computing</title>
</info>
<info>
      <id>64</id>
      <acron>CLUSTER</acron>
      <title>IEEE International Conference on Cluster Computing</title>
      <id>111</id>
      <acron>CLUSTER</acron>
      <title>Cluster Computing Conference</title>
</info>
<info>
      <id>65</id>
      <acron>HiPC</acron>
      <title>International Conference on High Performance Computing</title>
      <id>576</id>
      <acron>HiPC</acron>
      <title>IEEE International Conference on High Performance Computing</title>
</info>
<info>
      <id>66</id>
      <acron>ICSE</acron>
      <title>International Conference on Software Engineering</title>
      <id>63</id>
      <acron>ICSE</acron>
      <title>ACM/IEEE International Conference on Software Engineering</title>
</info>
<info>
      <id>67</id>
      <acron>FSE</acron>
      <title>ACM SIGSOFT Symposium on the Foundations of Software Engineering</title>
      <id>40</id>
      <acron>FSE</acron>
      <title>ACM SIGSOFT Conference on the Foundations of Software Engineering</title>
</info>
<info>
      <id>68</id>
      <acron>RTA</acron>
      <title>International Conference on Rewriting Techniques and Applications</title>
      <id>660</id>
      <acron>RTA</acron>
      <title>International Conference on Rewriting Techniques and Applications</title>
</info>
<info>
      <id>69</id>
      <acron>ICSM</acron>
      <title>International Conference on Software Maintenance</title>
      <id>306</id>
      <acron>ICSM</acron>
      <title>IEEE International Conference on Software Maintenance</title>
</info>
<info>
      <id>70</id>
      <acron>ASE</acron>
      <title>IEEE/ACM International Conference on Automated Software Engineering</title>
      <id>108</id>
      <acron>ASE</acron>
      <title>Automated Software Engineering Conference</title>
</info>
<info>
      <id>71</id>
      <acron>RE</acron>
      <title>IEEE International Requirements Engineering Conference</title>
      <id>322</id>
      <acron>RE</acron>
      <title>IEEE International Requirements Engineering Conference</title>
</info>
<info>
      <id>72</id>
      <acron>ICSR</acron>
      <title>International Conference on Software Reuse</title>
      <id>307</id>
      <acron>ICSR</acron>
      <title>IEEE International Conference on Software Reuse</title>
</info>
<info>
      <id>73</id>
      <acron>ICFEM</acron>
      <title>International Conference on Formal Engineering Methods</title>
      <id>555</id>
      <acron>ICFEM</acron>
      <title>International Conference on Formal Engineering Methods</title>
</info>
<info>
      <id>75</id>
      <acron>ISSTA</acron>
      <title>International Symposium on Software Testing and Analysis</title>
      <id>777</id>
      <acron>ISSTA</acron>
      <title>International Symposium on Software Testing and Analysis</title>
</info>
<info>
      <id>77</id>
      <acron>CAV</acron>
      <title>Computer Aided Verification</title>
      <id>505</id>
      <acron>CAV</acron>
      <title>International Conference on Computer Aided Verification</title>
</info>
<info>
      <id>78</id>
      <acron>FM</acron>
      <title>International Symposium on Formal Methods</title>
      <id>218</id>
      <acron>FM</acron>
      <title>Formal Methods Conference</title>
</info>
<info>
      <id>79</id>
      <acron>FORTE</acron>
      <title>IFIP International Conference on Formal Techniques for Networked and Distributed Systems</title>
      <id>426</id>
      <acron>FORTE</acron>
      <title>IFIP WG 6.1 International Conference on Formal Methods for Networked and Distributed Systems</title>
</info>
<info>
      <id>80</id>
      <acron>SAS</acron>
      <title>Static Analysis Symposium</title>
      <id>728</id>
      <acron>SAS</acron>
      <title>International Static Analysis Symposium</title>
</info>
<info>
      <id>81</id>
      <acron>SOSP</acron>
      <title>ACM Symposium on Operating Systems Principles</title>
      <id>57</id>
      <acron>SOSP</acron>
      <title>ACM-SIGOPS Symposium on Operating Systems Principles</title>
</info>
<info>
      <id>82</id>
      <acron>OSDI</acron>
      <title>USENIX Symposium on Operating Systems Design and Implementation</title>
      <id>943</id>
      <acron>OSDI</acron>
      <title>Usenix Symposium on Operating Systems Design and Implementation</title>
</info>
<info>
      <id>83</id>
      <acron>USENIX</acron>
      <title>USENIX Annual Technical Conference</title>
      <id>938</id>
      <acron>USENIX</acron>
      <title>USENIX Annual Technical Conference</title>
</info>
<info>
      <id>84</id>
      <acron>FAST</acron>
      <title>USENIX Conference on File and Storage Technologies</title>
      <id>939</id>
      <acron>FAST</acron>
      <title>USENIX Conference on File and Storage Technologies</title>
</info>
<info>
      <id>86</id>
      <acron>Middleware</acron>
      <title>ACM/IFIP/USENIX International Middleware Conference</title>
      <id>66</id>
      <acron>Middleware</acron>
      <title>ACM/IFIP/USENIX International Middleware Conference</title>
</info>
<info>
      <id>87</id>
      <acron>HotOS</acron>
      <title>Workshop on Hot Topics in Operating Systems</title>
      <id>944</id>
      <acron>HotOS</acron>
      <title>USENIX Workshop on Hot Topics in Operating Systems</title>
</info>
<info>
      <id>89</id>
      <acron>ASPLOS</acron>
      <title>International Conference on Architectural Support for Programming Languages and Operating Systems</title>
      <id>479</id>
      <acron>ASPLOS</acron>
      <title>International Conference on Architectural Support for Programming Languages and Operating Systems</title>
</info>
<info>
      <id>90</id>
      <acron>ISCA</acron>
      <title>Annual Symposium on Computer Architecture</title>
      <id>22</id>
      <acron>ISCA</acron>
      <title>ACM International Symposium on Computer Architecture</title>
</info>
<info>
      <id>91</id>
      <acron>MICRO</acron>
      <title>IEEE/ACM International Symposium on Microarchitecture</title>
      <id>765</id>
      <acron>MICRO</acron>
      <title>International Symposium on Microarchitecture</title>
</info>
<info>
      <id>92</id>
      <acron>HPCA</acron>
      <title>International Symposium on High-Performance Computer Architecture</title>
      <id>754</id>
      <acron>HPCA</acron>
      <title>International Symposium on High-Performance Computer Architecture</title>
</info>
<info>
      <id>93</id>
      <acron>ISPD</acron>
      <title>International Symposium on Physical Design</title>
      <id>23</id>
      <acron>ISPD</acron>
      <title>ACM International Symposium on Physical Design</title>
</info>
<info>
      <id>95</id>
      <acron>ISLPED</acron>
      <title>International Symposium on Low Power Electronics and Design</title>
      <id>760</id>
      <acron>ISLPED</acron>
      <title>International Symposium on Low Power Electronics and Design</title>
</info>
<info>
      <id>97</id>
      <acron>FPGA</acron>
      <title>Symposium on Field Programmable Gate Arrays</title>
      <id>68</id>
      <acron>FPGA</acron>
      <title>ACM/SIGDA International Symposium on Field-Programmable Gate Arrays</title>
</info>
<info>
      <id>99</id>
      <acron>CODES+ISSS</acron>
      <title>International Conference on Hardware Software Codesign</title>
      <id>574</id>
      <acron>CODES+ISSS</acron>
      <title>International Conference on Hardware/Software Codesign and System Synthesis</title>
</info>
<info>
      <id>100</id>
      <acron>ARVLSI</acron>
      <title>Advanced Research in VLSI</title>
      <id>123</id>
      <acron>ARVLSI</acron>
      <title>Conference on Advanced Research in VLSI</title>
</info>
<info>
      <id>102</id>
      <acron>ISCAS</acron>
      <title>IEEE International Symposium on Circuits and Systems</title>
      <id>331</id>
      <acron>ISCAS</acron>
      <title>IEEE International Symposium on Circuits and Systems</title>
</info>
<info>
      <id>103</id>
      <acron>RTSS</acron>
      <title>IEEE Real-Time Systems Symposium</title>
      <id>893</id>
      <acron>RTSS</acron>
      <title>Real Time Systems Symposium</title>
</info>
<info>
      <id>104</id>
      <acron>RTAS</acron>
      <title>IEEE Real-Time and Embedded Technology and Applications Symposium</title>
      <id>363</id>
      <acron>RTAS</acron>
      <title>IEEE Real-Time and Embedded Technology and Applications Symposium</title>
</info>
<info>
      <id>105</id>
      <acron>LCTES</acron>
      <title>ACM SIGPLAN/SIGBED Conference on Languages, Compilers, and Tools for Embedded Systems</title>
      <id>39</id>
      <acron>LTCES</acron>
      <title>ACM SIGPLAN Conference on Languages Tools and Compilers for Embedded Systems</title>
</info>
<info>
      <id>106</id>
      <acron>CASES</acron>
      <title>International Conference on Compilers, Architecture, and Synthesis for Embedded Systems</title>
      <id>498</id>
      <acron>CASES</acron>
      <title>International Conference on Compilers Architecture and Synthesis for Embedded Systems</title>
</info>
<info>
      <id>107</id>
      <acron>EMSOFT</acron>
      <title>International Conference on Embedded Software</title>
      <id>7</id>
      <acron>EMSOFT</acron>
      <title>ACM Conference on Embedded Software</title>
</info>
<info>
      <id>108</id>
      <acron>ECRTS</acron>
      <title>Euromicro Conference on Real-Time Systems</title>
      <id>165</id>
      <acron>ECRTS</acron>
      <title>Euromicro Conference on Real-Time Systems</title>
</info>
<info>
      <id>110</id>
      <acron>DAC</acron>
      <title>Design Automation Conference</title>
      <id>145</id>
      <acron>DAC</acron>
      <title>Design Automation Conference</title>
</info>
<info>
      <id>111</id>
      <acron>DATE</acron>
      <title>Design, Automation, and Test in Europe</title>
      <id>147</id>
      <acron>DATE</acron>
      <title>Design Automation and Test in Europe Conference and Exhibition</title>
</info>
<info>
      <id>114</id>
      <acron>INFOCOM</acron>
      <title>IEEE Conference on Computer Communications</title>
      <id>101</id>
      <acron>INFOCOM</acron>
      <title>Annual Joint Conference of the IEEE Computer and Communications Societies</title>
</info>
<info>
      <id>115</id>
      <acron>NSDI</acron>
      <title>USENIX Symposium on Networked Systems Design and Implementation</title>
      <id>918</id>
      <acron>NSDI</acron>
      <title>Symposium on Networked Systems Design and Implementation</title>
</info>
<info>
      <id>117</id>
      <acron>SIGMETRICS</acron>
      <title>ACM Conference on Measurement and Modeling of Computer Systems</title>
      <id>9</id>
      <acron>SIGMETRICS</acron>
      <title>ACM Conference on Measurement and Modelling of Computing Systems</title>
</info>
<info>
      <id>118</id>
      <acron>IMC</acron>
      <title>Internet Measurement Conference</title>
      <id>67</id>
      <acron>IMC</acron>
      <title>ACM/SIGCOMM Internet Measurement Conference</title>
</info>
<info>
      <id>119</id>
      <acron>IPTPS</acron>
      <title>International Workshop on Peer-To-Peer Systems</title>
      <id>839</id>
      <acron>IPTPS</acron>
      <title>International Workshop on Peer-to-Peer Systems</title>
</info>
<info>
      <id>120</id>
      <acron>ICNP</acron>
      <title>IEEE International Conference on Network Protocols</title>
      <id>298</id>
      <acron>ICNP</acron>
      <title>IEEE International Conference on Network Protocols</title>
</info>
<info>
      <id>121</id>
      <acron>PAM</acron>
      <title>Passive and Active Measurement Conference</title>
      <id>890</id>
      <acron>PAM</acron>
      <title>Passive and Active Measurement Conference</title>
</info>
<info>
      <id>122</id>
      <acron>IWQoS</acron>
      <title>IEEE International Workshop on Quality of Service</title>
      <id>842</id>
      <acron>IWQoS</acron>
      <title>International Workshop on Quality of Service</title>
</info>
<info>
      <id>123</id>
      <acron>MASCOTS</acron>
      <title>IEEE/ACM International Symposium on Modelling, Analysis and Simulation of Computer and Telecommunication Systems</title>
      <id>340</id>
      <acron>MASCOTS</acron>
      <title>IEEE International Symposium on Modeling Analysis and Simulation of Computer and Telecommunication Systems</title>
</info>
<info>
      <id>124</id>
      <acron>IM</acron>
      <title>IFIP/IEEE International Symposium on Integrated Network Management</title>
      <id>433</id>
      <acron>IM</acron>
      <title>IFIP/IEEE Symposium on Integrated Management</title>
</info>
<info>
      <id>125</id>
      <acron>Networking</acron>
      <title>IFIP International Conference on Networking</title>
      <id>418</id>
      <acron>Networking</acron>
      <title>IFIP International Conference on Networking</title>
</info>
<info>
      <id>126</id>
      <acron>LCN</acron>
      <title>IEEE Conference on Local Computer Networks</title>
      <id>256</id>
      <acron>LCN</acron>
      <title>IEEE Conference on Local Computer Networks</title>
</info>
<info>
      <id>127</id>
      <acron>GlobeCom</acron>
      <title>Global Telecommunications Conference</title>
      <id>263</id>
      <acron>GLOBECOM</acron>
      <title>IEEE Global Telecommunications Conference</title>
</info>
<info>
      <id>128</id>
      <acron>MobiCom</acron>
      <title>ACM International Conference on Mobile Computing and Networking</title>
      <id>19</id>
      <acron>MOBICOM</acron>
      <title>ACM International Conference on Mobile Computing and Networking</title>
</info>
<info>
      <id>129</id>
      <acron>MobiHoc</acron>
      <title>ACM International Symposium on Mobile Ad Hoc Networking and Computing</title>
      <id>43</id>
      <acron>MOBIHOC</acron>
      <title>ACM Symposium of Mobile and Ad-hoc Computing</title>
</info>
<info>
      <id>130</id>
      <acron>SenSys</acron>
      <title>ACM Conference on Embedded Networked Sensor Systems</title>
      <id>6</id>
      <acron>SENSYS</acron>
      <title>ACM Conference on Embedded Networked Sensor Systems</title>
</info>
<info>
      <id>132</id>
      <acron>IPSN</acron>
      <title>ACM/IEEE International Conference on Information Processing in Sensor Networks</title>
      <id>756</id>
      <acron>IPSN</acron>
      <title>International Symposium on Information Processing in Sensor Networks</title>
</info>
<info>
      <id>133</id>
      <acron>Ubicomp</acron>
      <title>International Conference on Ubiquitous Computing</title>
      <id>687</id>
      <acron>UbiComp</acron>
      <title>International Conference on Ubiquitous Computing</title>
</info>
<info>
      <id>134</id>
      <acron>PerCom</acron>
      <title>IEEE International Conference on Pervasive Computing and Communications</title>
      <id>95</id>
      <acron>PerCom</acron>
      <title>Annual IEEE International Conference on Pervasive Computing and Communications</title>
</info>
<info>
      <id>135</id>
      <acron>EWSN</acron>
      <title>European Conference on Wireless Sensor Networks</title>
      <id>192</id>
      <acron>EWSN</acron>
      <title>European conference on Wireless Sensor Networks</title>
</info>
<info>
      <id>137</id>
      <acron>MSWiM</acron>
      <title>ACM International Conference on Modeling, Analysis and Simulation of Wireless and Mobile Systems</title>
      <id>62</id>
      <acron>MSWIM</acron>
      <title>ACM/IEEE International Conference on Modelling Analysis and Simulation of Wireless and Mobile Systems</title>
</info>
<info>
      <id>138</id>
      <acron>MobiQuitous</acron>
      <title>International Conference on Mobile and Ubiquitous Systems</title>
      <id>621</id>
      <acron>Mobiquitous</acron>
      <title>International Conference on Mobile and Ubiquitous Systems: Networks and Services</title>
</info>
<info>
      <id>139</id>
      <acron>WoWMoM</acron>
      <title>IEEE International Symposium on a World of Wireless, Mobile and Multimedia Networks</title>
      <id>327</id>
      <acron>WoWMoM</acron>
      <title>IEEE International Symposium on a World of Wireless Mobile and Multimedia Networks</title>
</info>
<info>
      <id>140</id>
      <acron>SECON</acron>
      <title>Annual IEEE Communications Society Conference on Sensor, Mesh and Ad Hoc Communications and Networks</title>
      <id>257</id>
      <acron>SECON</acron>
      <title>IEEE Conference on Sensor Mesh and Ad Hoc Communications and Networks</title>
</info>
<info>
      <id>141</id>
      <acron>WiOpt</acron>
      <title>International Symposium on Modeling and Optimization in Mobile, Ad Hoc, and Wireless Networks</title>
      <id>767</id>
      <acron>WiOpt</acron>
      <title>International Symposium on Modeling and Optimization in Mobile Ad Hoc and Wireless Networks</title>
</info>
<info>
      <id>142</id>
      <acron>MASS</acron>
      <title>IEEE International Conference on Mobile Ad-hoc and Sensor Systems</title>
      <id>294</id>
      <acron>MASS</acron>
      <title>IEEE International Conference on Mobile Ad-hoc and Sensor Systems</title>
</info>
<info>
      <id>144</id>
      <acron>Oakland</acron>
      <title>IEEE Symposium on Security and Privacy</title>
      <id>377</id>
      <acron>SECPRIV</acron>
      <title>IEEE Symposium on Security and Privacy</title>
</info>
<info>
      <id>145</id>
      <acron>CCS</acron>
      <title>ACM Conference on Computer and Communications Security</title>
      <id>3</id>
      <acron>CCS</acron>
      <title>ACM Conference on Computer and Communications Security</title>
</info>
<info>
      <id>146</id>
      <acron>NDSS</acron>
      <title>Network and Distributed System Security Symposium</title>
      <id>940</id>
      <acron>NDSS</acron>
      <title>Usenix Networked and Distributed System Security Symposium</title>
</info>
<info>
      <id>148</id>
      <acron>ESORICS</acron>
      <title>European Symposium on Research in Computer Security</title>
      <id>211</id>
      <acron>ESORICS</acron>
      <title>European Symposium on Research in Computer Security</title>
</info>
<info>
      <id>149</id>
      <acron>RAID</acron>
      <title>International Symposium on Recent Advances in Intrusion Detection</title>
      <id>773</id>
      <acron>RAID</acron>
      <title>International Symposium on Recent Advances in Intrusion Detection</title>
</info>
<info>
      <id>151</id>
      <acron>CRYPTO</acron>
      <title>International Cryptology Conference</title>
      <id>100</id>
      <acron>CRYPTO</acron>
      <title>Annual International Cryptology Conference</title>
</info>
<info>
      <id>152</id>
      <acron>EUROCRYPT</acron>
      <title>International Conference on the Theory and Applications of Cryptographic Techniques</title>
      <id>680</id>
      <acron>EuroCrypt</acron>
      <title>International Conference on the Theory and Application of Cryptographic Techniques</title>
</info>
<info>
      <id>153</id>
      <acron>ACNS</acron>
      <title>Applied Cryptography and Network Security</title>
      <id>478</id>
      <acron>ACNS</acron>
      <title>International Conference on Applied Cryptography and Network Security</title>
</info>
<info>
      <id>154</id>
      <acron>TCC</acron>
      <title>Theory of Cryptography Conference</title>
      <id>933</id>
      <acron>TCC</acron>
      <title>Theory of Cryptography Conference</title>
</info>
<info>
      <id>157</id>
      <acron>FSE</acron>
      <title>Fast Software Encryption Workshop</title>
      <id>217</id>
      <acron>FSE</acron>
      <title>Fast Software Encryption Workshop</title>
</info>
<info>
      <id>158</id>
      <acron>RSA</acron>
      <title>RSA Conference</title>
      <id>896</id>
      <acron>RSA</acron>
      <title>RSA Conference</title>
</info>
<info>
      <id>160</id>
      <acron>CHES</acron>
      <title>Workshop on Cryptographic Hardware and Embedded Systems</title>
      <id>969</id>
      <acron>CHES</acron>
      <title>Workshop on Cryptographic Hardware and Embedded Systems</title>
</info>
<info>
      <id>163</id>
      <acron>SIGMOD</acron>
      <title>ACM SIGMOD International Conference on Management of Data</title>
      <id>38</id>
      <acron>SIGMOD</acron>
      <title>ACM SIGMOD International Conference on Management of Data Conference</title>
</info>
<info>
      <id>164</id>
      <acron>VLDB</acron>
      <title>International Conference on Very Large Data Bases</title>
      <id>691</id>
      <acron>VLDB</acron>
      <title>International Conference on Very Large Data Bases</title>
</info>
<info>
      <id>165</id>
      <acron>PODS</acron>
      <title>ACM Symposium on Principles of Database Systems</title>
      <id>32</id>
      <acron>PODS</acron>
      <title>ACM SIGACT-SIGMOD-SIGART Symposium on Principles of Database Systems</title>
</info>
<info>
      <id>166</id>
      <acron>SIGIR</acron>
      <title>Annual International ACM SIGIR Conference</title>
      <id>96</id>
      <acron>SIGIR</acron>
      <title>Annual International ACM SIGIR Conference on Research and Development in Information Retrieval</title>
</info>
<info>
      <id>167</id>
      <acron>WWW</acron>
      <title>World Wide Web Conference</title>
      <id>862</id>
      <acron>WWW</acron>
      <title>International World Wide Web Conference</title>
</info>
<info>
      <id>168</id>
      <acron>KDD</acron>
      <title>ACM SIGKDD Conference on Knowledge Discovery and Data Mining</title>
      <id>36</id>
      <acron>KDD</acron>
      <title>ACM SIGKDD Conference on Knowledge Discovery and Data Mining</title>
</info>
<info>
      <id>169</id>
      <acron>ICDE</acron>
      <title>International Conference on Data Engineering</title>
      <id>278</id>
      <acron>ICDE</acron>
      <title>IEEE International Conference on Data Engineering</title>
</info>
<info>
      <id>170</id>
      <acron>CIDR</acron>
      <title>Conference on Innovative Data Systems Research</title>
      <id>109</id>
      <acron>CIDR</acron>
      <title>Biennial Conference on Innovative Data Systems Research</title>
</info>
<info>
      <id>171</id>
      <acron>ICDM</acron>
      <title>IEEE International Conference on Data Mining</title>
      <id>279</id>
      <acron>ICDM</acron>
      <title>IEEE International Conference on Data Mining</title>
</info>
<info>
      <id>172</id>
      <acron>ICDT</acron>
      <title>International Conference on Database Theory</title>
      <id>536</id>
      <acron>ICDT</acron>
      <title>International Conference on Database Theory</title>
</info>
<info>
      <id>173</id>
      <acron>EDBT</acron>
      <title>International Conference on Extending Database Technology</title>
      <id>552</id>
      <acron>EDBT</acron>
      <title>International Conference on Extending Database Technology</title>
</info>
<info>
      <id>174</id>
      <acron>SDM</acron>
      <title>SIAM International Conference on Data Mining</title>
      <id>899</id>
      <acron>SDM</acron>
      <title>SIAM International Conference on Data Mining</title>
</info>
<info>
      <id>175</id>
      <acron>CIKM</acron>
      <title>ACM Conference on Information and Knowledge Management</title>
      <id>590</id>
      <acron>CIKM</acron>
      <title>International Conference on Information and Knowledge Management</title>
</info>
<info>
      <id>176</id>
      <acron>ER</acron>
      <title>International Conference on Conceptual Modeling</title>
      <id>525</id>
      <acron>ER</acron>
      <title>International Conference on Conceptual Modeling</title>
</info>
<info>
      <id>177</id>
      <acron>ICIS</acron>
      <title>International Conference on Information Systems</title>
      <id>594</id>
      <acron>ICIS</acron>
      <title>International Conference on Information Systems</title>
</info>
<info>
      <id>178</id>
      <acron>SSTD</acron>
      <title>Symposium on Spatial and Temporal Databases</title>
      <id>778</id>
      <acron>SSTD</acron>
      <title>International Symposium on Spatial and Temporal Databases</title>
</info>
<info>
      <id>179</id>
      <acron>WebDB</acron>
      <title>International Workshop on the Web and Databases</title>
      <id>857</id>
      <acron>WebDB</acron>
      <title>International Workshop on the Web and Databases</title>
</info>
<info>
      <id>180</id>
      <acron>SSDBM</acron>
      <title>International Conference on Scientific and Statistical Database Management</title>
      <id>661</id>
      <acron>SSDBM</acron>
      <title>International Conference on Scientific and Statistical Database Management</title>
</info>
<info>
      <id>181</id>
      <acron>CAiSE</acron>
      <title>Conference on Advanced Information Systems Engineering</title>
      <id>468</id>
      <acron>CAiSE</acron>
      <title>International Conference on Advanced Information Systems Engineering</title>
</info>
<info>
      <id>182</id>
      <acron>ECIS</acron>
      <title>European Conference on Information Systems</title>
      <id>178</id>
      <acron>ECIS</acron>
      <title>European Conference on Information Systems</title>
</info>
<info>
      <id>184</id>
      <acron>AAAI</acron>
      <title>National Conference of the American Association for Artificial Intelligence</title>
      <id>1</id>
      <acron>AAAI</acron>
      <title>AAAI Conference on Artificial Intelligence</title>
</info>
<info>
      <id>185</id>
      <acron>IJCAI</acron>
      <title>International Joint Conference on Artificial Intelligence</title>
      <id>710</id>
      <acron>IJCAI</acron>
      <title>International Joint Conference on Artificial Intelligence</title>
</info>
<info>
      <id>186</id>
      <acron>KR</acron>
      <title>International Conference on the Principles of Knowledge Representation and Reasoning</title>
      <id>650</id>
      <acron>KR</acron>
      <title>International Conference on Principles of Knowledge Representation and Reasoning</title>
</info>
<info>
      <id>187</id>
      <acron>UAI</acron>
      <title>Conference on Uncertainty in Artificial Intelligence</title>
      <id>121</id>
      <acron>UAI</acron>
      <title>Conference in Uncertainty in Artifical Intelligence</title>
</info>
<info>
      <id>188</id>
      <acron>AAMAS</acron>
      <title>International Conference on Autonomous Agents and Multiagent Systems</title>
      <id>712</id>
      <acron>AAMAS</acron>
      <title>International Joint Conference on Autonomous Agents and Multiagents Systems</title>
</info>
<info>
      <id>189</id>
      <acron>ICAPS</acron>
      <title>International Conference on Automated Planning and Scheduling</title>
      <id>490</id>
      <acron>ICAPS</acron>
      <title>International Conference on Automated Planning and Scheduling</title>
</info>
<info>
      <id>190</id>
      <acron>ICML</acron>
      <title>International Conference on Machine Learning</title>
      <id>613</id>
      <acron>ICML</acron>
      <title>International Conference on Machine Learning</title>
</info>
<info>
      <id>191</id>
      <acron>NIPS</acron>
      <title>Conference on Neural Information Processing Systems</title>
      <id>629</id>
      <acron>ICONIP</acron>
      <title>International Conference on Neural Information Processing</title>
</info>
<info>
      <id>192</id>
      <acron>COLT</acron>
      <title>Conference on Learning Theory</title>
      <id>172</id>
      <acron>EuroCOLT</acron>
      <title>European Conference on Computational Learning Theory</title>
</info>
<info>
      <id>193</id>
      <acron>ECML PKDD</acron>
      <title>European Conference on Machine Learning and Principles and Practice of Knowledge Discovery in Databases</title>
      <id>181</id>
      <acron>ECML</acron>
      <title>European Conference on Machine Learning</title>
</info>
<info>
      <id>194</id>
      <acron>ICANN</acron>
      <title>International Conference on Artificial Neural Networks</title>
      <id>485</id>
      <acron>ICANN</acron>
      <title>International Conference on Artificial Neural Networks</title>
</info>
<info>
      <id>196</id>
      <acron>ECAI</acron>
      <title>European Conference on Artificial Intelligence</title>
      <id>167</id>
      <acron>ECAI</acron>
      <title>European Conference on Artificial Intelligence</title>
</info>
<info>
      <id>199</id>
      <acron>IJCAR</acron>
      <title>International Joint Conference on Automated Reasoning</title>
      <id>711</id>
      <acron>IJCAR</acron>
      <title>International Joint Conference on Automated Reasoning</title>
</info>
<info>
      <id>200</id>
      <acron>CADE</acron>
      <title>Conference on Automated Deduction</title>
      <id>489</id>
      <acron>CADE</acron>
      <title>International Conference on Automated Deduction</title>
</info>
<info>
      <id>201</id>
      <acron>TABLEAUX</acron>
      <title>International Conference on Automated Reasoning with Analytic Tableaux and Related Methods</title>
      <id>683</id>
      <acron>TABLEAUX</acron>
      <title>International Conference on Theorem Proving with Analytic Tableaux and Related Methods</title>
</info>
<info>
      <id>203</id>
      <acron>ICCV</acron>
      <title>International Conference on Computer Vision</title>
      <id>275</id>
      <acron>ICCV</acron>
      <title>IEEE International Conference on Computer Vision</title>
</info>
<info>
      <id>204</id>
      <acron>CVPR</acron>
      <title>Conference on Computer Vision and Pattern Recognition</title>
      <id>251</id>
      <acron>CVPR</acron>
      <title>IEEE Conference on Computer Vision and Pattern Recognition</title>
</info>
<info>
      <id>205</id>
      <acron>ECCV</acron>
      <title>European Conference on Computer Vision</title>
      <id>174</id>
      <acron>ECCV</acron>
      <title>European Conference on Computer Vision</title>
</info>
<info>
      <id>208</id>
      <acron>ICPR</acron>
      <title>International Conference on Pattern Recognition</title>
      <id>644</id>
      <acron>ICPR</acron>
      <title>International Conference on Pattern Recognition</title>
</info>
<info>
      <id>209</id>
      <acron>CAIP</acron>
      <title>Computer Analysis of Images and Patterns</title>
      <id>506</id>
      <acron>CAIP</acron>
      <title>International Conference on Computer Analysis of Images and Patterns</title>
</info>
<info>
      <id>210</id>
      <acron>ISBI</acron>
      <title>International Symposium on Biomedical Imaging</title>
      <id>330</id>
      <acron>ISBI</acron>
      <title>IEEE International Symposium on Biomedical Imaging: From Nano to Macro</title>
</info>
<info>
      <id>214</id>
      <acron>ACL</acron>
      <title>Annual Meeting of the Association for Computational Linguistics</title>
      <id>459</id>
      <acron>ACL</acron>
      <title>International Conference of the Association of Computational Linguistics</title>
</info>
<info>
      <id>215</id>
      <acron>EACL</acron>
      <title>Annual Conference of the European Chapter of the Association for Computational Linguistics</title>
      <id>122</id>
      <acron>EACL</acron>
      <title>Conference of the European Chapter of the Association for Computational Linguistics</title>
</info>
<info>
      <id>216</id>
      <acron>COLING</acron>
      <title>International Conference on Computational Linguistics</title>
      <id>503</id>
      <acron>COLING</acron>
      <title>International Conference on Computational Linguistics</title>
</info>
<info>
      <id>217</id>
      <acron>CICLing</acron>
      <title>International Conference on Intelligent Text Processing and Computational Linguistics</title>
      <id>133</id>
      <acron>CICLING</acron>
      <title>Conference on Intelligent Text Processing and Computational Linguistics</title>
</info>
<info>
      <id>218</id>
      <acron>NAACL</acron>
      <title>Annual Conference of the North American Chapter of the Association for Computational Linguistics</title>
      <id>887</id>
      <acron>NAACL</acron>
      <title>North American Chapter of the Association for Computational Linguistics Annual Meeting</title>
</info>
<info>
      <id>219</id>
      <acron>NLDB</acron>
      <title>International Conference on Applications of Natural Language to Information Systems</title>
      <id>477</id>
      <acron>NLDB</acron>
      <title>International Conference on Applications of Natural Language to Data Bases</title>
</info>
<info>
      <id>220</id>
      <acron>TSD</acron>
      <title>Text, speech and dialogue</title>
      <id>676</id>
      <acron>TSD</acron>
      <title>International Conference on Text Speech and Dialogue</title>
</info>
<info>
      <id>221</id>
      <acron>SIGGRAPH</acron>
      <title>International Conference on Computer Graphics and Interactive Techniques</title>
      <id>14</id>
      <acron>SIGGRAPH</acron>
      <title>ACM International Conference on Computer Graphics and Interactive Techniques</title>
</info>
<info>
      <id>222</id>
      <acron>I3D</acron>
      <title>SI3D, I3DG</title>
      <id>47</id>
      <acron>I3D</acron>
      <title>ACM Symposium on Interactive 3D Graphics and Games</title>
</info>
<info>
      <id>223</id>
      <acron>ACMMM</acron>
      <title>ACM Multimedia Conference</title>
      <id>30</id>
      <acron>ACM-MM</acron>
      <title>ACM Multimedia Conference</title>
</info>
<info>
      <id>224</id>
      <acron>DCC</acron>
      <title>Data Compression Conference</title>
      <id>143</id>
      <acron>DCC</acron>
      <title>Data Compression Conference</title>
</info>
<info>
      <id>225</id>
      <acron>ICMCS</acron>
      <title>ICMCS International Conference on Multimedia Computing and Systems</title>
      <id>295</id>
      <acron>ICME</acron>
      <title>IEEE International Conference on Multimedia and Expo</title>
</info>
<info>
      <id>226</id>
      <acron>Vis</acron>
      <title>IEEE Visualization Conference</title>
      <id>381</id>
      <acron>Vis</acron>
      <title>IEEE Visualization Conference</title>
</info>
<info>
      <id>227</id>
      <acron>Eurographics</acron>
      <title>Annual Conference of the European Association for Computer Graphics</title>
      <id>158</id>
      <acron>EUROGRAPHICS</acron>
      <title>Eurographics Annual Conference of the European Association for Computer Graphics</title>
</info>
<info>
      <id>229</id>
      <acron>InfoVis</acron>
      <title>IEEE Information Visualization Conference</title>
      <id>375</id>
      <acron>InfoVis</acron>
      <title>IEEE Symposium on Information Visualization</title>
</info>
<info>
      <id>230</id>
      <acron>SCA</acron>
      <title>ACM SIGGRAPH/Eurographics Symposium on Computer Animation</title>
      <id>33</id>
      <acron>SCA</acron>
      <title>ACM SIGGRAPH / Eurographics Symposium on Computer Animation</title>
</info>
<info>
      <id>231</id>
      <acron>ICIP</acron>
      <title>IEEE International Conference on Image Processing</title>
      <id>289</id>
      <acron>ICIP</acron>
      <title>IEEE International Conference on Image Processing</title>
</info>
<info>
      <id>233</id>
      <acron>CHI</acron>
      <title>ACM Conference on Human Factors in Computing Systems</title>
      <id>130</id>
      <acron>CHI</acron>
      <title>Conference on Human Factors in Computing Systems</title>
</info>
<info>
      <id>234</id>
      <acron>CSCW</acron>
      <title>Conference on Computer Supported Cooperative Work</title>
      <id>4</id>
      <acron>CSCW</acron>
      <title>ACM Conference on Computer Supported Cooperative Work</title>
</info>
<info>
      <id>235</id>
      <acron>UIST</acron>
      <title>ACM Symposium on User Interface Software and Technology</title>
      <id>51</id>
      <acron>UIST</acron>
      <title>ACM Symposium on User Interface Software and Technology</title>
</info>
<info>
      <id>236</id>
      <acron>IUI</acron>
      <title>International Conference on Intelligent User Interfaces</title>
      <id>606</id>
      <acron>IUI</acron>
      <title>International Conference on Intelligent User Interfaces</title>
</info>
<info>
      <id>238</id>
      <acron>INTERACT</acron>
      <title>IFIP Conference on Human-Computer Interaction</title>
      <id>425</id>
      <acron>INTERACT</acron>
      <title>IFIP TC13 International Conference on Human-Computer Interaction</title>
</info>
<info>
      <id>239</id>
      <acron>MobileHCI</acron>
      <title>Conference on Human-Computer Interaction with Mobile Devices and Services</title>
      <id>579</id>
      <acron>MobileHCI</acron>
      <title>International Conference on Human-Computer Interaction with Mobile Devices and Services</title>
</info>
<info>
      <id>240</id>
      <acron>SIGDOC</acron>
      <title>ACM International Conference on Design of Communication</title>
      <id>16</id>
      <acron>SIGDOC</acron>
      <title>ACM International Conference on Design of Communication</title>
</info>
<info>
      <id>241</id>
      <acron>VL/HCC</acron>
      <title>IEEE Symposium on Visual Languages and Human-Centric Computing</title>
      <id>378</id>
      <acron>VL/HCC</acron>
      <title>IEEE Symposium on Visual Languages and Human-Centric Computing</title>
</info>
<info>
      <id>242</id>
      <acron>ASSETS</acron>
      <title>International ACM SIGACCESS Conference on Computers and Accessibility</title>
      <id>446</id>
      <acron>ASSETS</acron>
      <title>International ACM SIGACCESS Conference on Computers and Accessibility</title>
</info>
<info>
      <id>243</id>
      <acron>ISMB</acron>
      <title>International Conference on Intelligent Systems for Molecular Biology</title>
      <id>442</id>
      <acron>ISMB</acron>
      <title>Intelligent Systems in Molecular Biology</title>
</info>
<info>
      <id>244</id>
      <acron>RECOMB</acron>
      <title>International Conference on Research in Computational Molecular Biology</title>
      <id>99</id>
      <acron>RECOMB</acron>
      <title>Annual International Conference on Research in Computational Molecular Biology</title>
</info>
<info>
      <id>246</id>
      <acron>WABI</acron>
      <title>Workshop on Algorithms in Bioinformatics</title>
      <id>956</id>
      <acron>WABI</acron>
      <title>Workshop on Algorithms in Bioinformatics</title>
</info>
<info>
      <id>247</id>
      <acron>SIGCSE</acron>
      <title>ACM Technical Symposium on Computer Science Education</title>
      <id>926</id>
      <acron>SIGCSE</acron>
      <title>Technical Symposium on Computer Science Education</title>
</info>
<info>
      <id>248</id>
      <acron>ITiCSE</acron>
      <title>Integrating Technology into Computer Science Education</title>
      <id>91</id>
      <acron>ITiCSE</acron>
      <title>Annual Conference on Integrating Technology into Computer Science Education</title>
</info>
<info>
      <id>249</id>
      <acron>ITS</acron>
      <title>International Conference on Intelligent Tutoring Systems</title>
      <id>605</id>
      <acron>ITS</acron>
      <title>International Conference on Intelligent Tutoring Systems</title>
</info>
<info>
      <id>250</id>
      <acron>ICALT</acron>
      <title>International Conference on Advanced Learning Technologies</title>
      <id>268</id>
      <acron>ICALT</acron>
      <title>IEEE International Conference on Advanced Learning Technologies</title>
</info>
<info>
      <id>251</id>
      <acron>AIED</acron>
      <title>International Conference on Artificial Intelligence in Education</title>
      <id>483</id>
      <acron>AIED</acron>
      <title>International Conference on Artificial Intelligence in Education</title>
</info>
<info>
      <id>252</id>
      <acron>CSCL</acron>
      <title>International Conference on Computer Supported Collaborative Learning</title>
      <id>120</id>
      <acron>CSCL</acron>
      <title>Conference in Computer Supported Collaborative Learning</title>
</info>
<info>
      <id>253</id>
      <acron>ICDCS</acron>
      <title>IEEE International Conference on Distributed Computing Systems</title>
      <id>281</id>
      <acron>ICDCS</acron>
      <title>IEEE International Conference on Distributed Computing Systems</title>
</info>
<info>
      <id>255</id>
      <acron>ICCD</acron>
      <title>International Conference on Computer Design</title>
      <id>511</id>
      <acron>ICCD</acron>
      <title>IEEE International Conference on Computer Design</title>
</info>
<info>
      <id>256</id>
      <acron>ICCAD</acron>
      <title>International Conference on Computer-Aided Design</title>
      <id>518</id>
      <acron>ICCAD</acron>
      <title>International Conference on Computer-Aided Design</title>
</info>
Total de fusoes: 208