Tue Aug 13 17:11:39 BRT 2013
Total fusions: 7
minSim: 1.0
maxSim: 1.0
minSimIfAcronEqual: 0.7
toAsk: true

<fusion>
   <pub-venue>
      <id>3114</id>
      <idClass>203139</idClass>
      <acronym>ICASSP</acronym>
      <title>International Conference on Acoustics, Speech, and Signal Processing</title>
      <pub-type>C</pub-type>
   </pub-venue>
   <pub-venue>
      <id>454</id>
      <idClass>20432</idClass>
      <entity>IEEE</entity>
      <acronym>ICASSP</acronym>
      <title>IEEE International Conference on Acoustics Speech and SP</title>
      <title>IEEE International Conference on Acoustics, Speech, and Signal Processing</title>
      <pub-type>C</pub-type>
      <qualis-estrato>B2</qualis-estrato>
   </pub-venue>
<usion>
<fusion>
   <pub-venue>
      <id>2357</id>
      <idClass>202361</idClass>
      <acronym>ICIT</acronym>
      <title>International Conference on Information Technology</title>
      <acronym-formerly>CIT</acronym-formerly>
      <pub-type>C</pub-type>
   </pub-venue>
   <pub-venue>
      <id>635</id>
      <idClass>20615</idClass>
      <acronym>CIT</acronym>
      <title>International Conference on Computer and Information Technology</title>
      <title>Conference on Computer and Information Technology</title>
      <pub-type>C</pub-type>
      <qualis-estrato>B3</qualis-estrato>
   </pub-venue>
<usion>
<fusion>
   <pub-venue>
      <id>3340</id>
      <idClass>203370</idClass>
      <acronym>MEMOCODE</acronym>
      <title>International Conference on Formal Methods and Models for Co-Design</title>
      <pub-type>C</pub-type>
   </pub-venue>
   <pub-venue>
      <id>1546</id>
      <idClass>201539</idClass>
      <entity>ACM</entity>
      <entity>IEEE</entity>
      <acronym>MEMOCODE</acronym>
      <title>IEEE/ACM International Conference on Formal Methods and Models for Codesign</title>
      <title>ACM/IEEE International Conference on Formal Methods and Models for Co-Design</title>
      <pub-type>C</pub-type>
   </pub-venue>
<usion>
<fusion>
   <pub-venue>
      <id>1907</id>
      <idClass>201904</idClass>
      <entity>ACM</entity>
      <acronym>VRML</acronym>
      <title>symposium on Virtual reality modeling language</title>
      <pub-type>C</pub-type>
   </pub-venue>
   <pub-venue>
      <id>604</id>
      <idClass>20584</idClass>
      <entity>ACM</entity>
      <acronym>Web3D</acronym>
      <title>International Conference on 3D Web Technology</title>
      <title>International Symposium on Web3D Technology</title>
      <title-formerly>Symposium on The Virtual Reality Modeling Language</title-formerly>
      <acronym-formerly>VRML</acronym-formerly>
      <pub-type>C</pub-type>
      <qualis-estrato>B3</qualis-estrato>
   </pub-venue>
<usion>
<fusion>
   <pub-venue>
      <id>3173</id>
      <idClass>203201</idClass>
      <acronym>ICSP</acronym>
      <title>International Conference on the Software Process</title>
      <pub-type>C</pub-type>
   </pub-venue>
   <pub-venue>
      <id>1825</id>
      <idClass>201822</idClass>
      <entity>ACM</entity>
      <acronym>ICSSP</acronym>
      <title>International Conference on Software and Systems Process</title>
      <title>International Conference on Software and System Process</title>
      <title-formerly>International Conference on Software Process</title-formerly>
      <title-formerly>International Software Process Workshop</title-formerly>
      <acronym-formerly>ICSP</acronym-formerly>
      <acronym-formerly>ISPW</acronym-formerly>
      <pub-type>C</pub-type>
   </pub-venue>
<usion>
<fusion>
   <pub-venue>
      <id>2568</id>
      <idClass>202575</idClass>
      <entity>IEEE</entity>
      <acronym>PACIFICVIS</acronym>
      <title>IEEE Pacific Visualization Symposium</title>
      <title-formerly>International Asia-Pacific Symposium on Visualization</title-formerly>
      <title-formerly>Asia Pacific Symposium on Information Visualisation</title-formerly>
      <title-formerly>Australasian Symposium on Information Visualisation</title-formerly>
      <acronym-formerly>APVIS</acronym-formerly>
      <acronym-formerly>InVis.au</acronym-formerly>
      <pub-type>C</pub-type>
   </pub-venue>
   <pub-venue>
      <id>2050</id>
      <idClass>202051</idClass>
      <acronym>APVIS</acronym>
      <title>Asia-Pacific Symposium on Visualization</title>
      <pub-type>C</pub-type>
   </pub-venue>
<usion>
<fusion>
   <pub-venue>
      <id>2874</id>
      <idClass>202893</idClass>
      <acronym>CASCON</acronym>
      <title>Conference of the Centre for Advanced Studies on Collaborative Research</title>
      <pub-type>C</pub-type>
   </pub-venue>
   <pub-venue>
      <id>327</id>
      <idClass>20303</idClass>
      <acronym>CASCON</acronym>
      <title>Annual International Conference on Computer Science and Software Engineering</title>
      <title>Conference of the Center for Advanced Studies on Collaborative Research</title>
      <pub-type>C</pub-type>
      <qualis-estrato>B3</qualis-estrato>
   </pub-venue>
<usion>
