Tue Aug 13 17:18:00 BRT 2013
Total fusions: 4
minSim: 0.9
maxSim: 1.0
minSimIfAcronEqual: 1.1
toAsk: true

<fusion>
   <pub-venue>
      <id>3475</id>
      <idClass>203513</idClass>
      <acronym>SEUS</acronym>
      <title>Workshop on Software Technologies for Future Embedded and Ubiquitous Systems</title>
      <pub-type>W</pub-type>
   </pub-venue>
   <pub-venue>
      <id>2635</id>
      <idClass>202647</idClass>
      <entity>IEEE</entity>
      <acronym>WSTFEUS</acronym>
      <title>IEEE Workshop on Software Technologies for Future Embedded and Ubiquitous Systems</title>
      <title>Workshop on Software Technologies for Embedded and Ubiquitous Computing Systems</title>
      <pub-type>W</pub-type>
   </pub-venue>
<usion>
<fusion>
   <pub-venue>
      <id>3522</id>
      <idClass>203560</idClass>
      <title>International Workshop on Timing Issues in the Specification and Synthesis of Digital Systems</title>
      <pub-type>W</pub-type>
   </pub-venue>
   <pub-venue>
      <id>1862</id>
      <idClass>201858</idClass>
      <entity>ACM</entity>
      <entity>IEEE</entity>
      <acronym>TAU</acronym>
      <title>ACM/IEEE international workshop on Timing issues in the specification and synthesis of digital systems</title>
      <pub-type>W</pub-type>
   </pub-venue>
<usion>
<fusion>
   <pub-venue>
      <id>2984</id>
      <idClass>203010</idClass>
      <acronym>ECMFA</acronym>
      <title>European Conference on Modelling Foundations and Applications</title>
      <title-formerly>European Conference on Model Driven Architecture - Foundations and Applications</title-formerly>
      <acronym-formerly>ECMDA-FA</acronym-formerly>
      <pub-type>C</pub-type>
   </pub-venue>
   <pub-venue>
      <id>390</id>
      <idClass>20362</idClass>
      <acronym>ECMDA</acronym>
      <title>European Conference on Model Driven Architecture Foundations and Applications</title>
      <pub-type>C</pub-type>
      <qualis-estrato>B3</qualis-estrato>
   </pub-venue>
<usion>
<fusion>
   <pub-venue>
      <id>2680</id>
      <idClass>202693</idClass>
      <acronym>TAICPART-MUTATION</acronym>
      <title>Testing: Academic and Industrial Conference Practice and Research Techniques - MUTATION</title>
      <pub-type>C</pub-type>
   </pub-venue>
   <pub-venue>
      <id>2679</id>
      <idClass>202692</idClass>
      <acronym>TAIC-PART</acronym>
      <title>Testing: Academic and Industrial Conference on Practice And Research Techniques</title>
      <title>International Academic and Industrial Conference on Testing - Practice and Research Techniques</title>
      <title>Testing: Academic and Industrial Conference - Practice And Research Techniques</title>
      <pub-type>C</pub-type>
   </pub-venue>
<usion>
