Tue Aug 13 17:05:00 BRT 2013
Total fusions: 33
minSim: 1.0
maxSim: 1.0
minSimIfAcronEqual: 1.0
toAsk: false

<fusion>
   <pub-venue>
      <id>1763</id>
      <idClass>201767</idClass>
      <entity>ACM</entity>
      <acronym>SESS</acronym>
      <title>International Workshop on Software Engineering for Secure Systems</title>
      <title>ICSE Workshop on Software Engineering for Secure Systems</title>
      <title>workshop on Software engineering for secure systems</title>
      <pub-type>W</pub-type>
   </pub-venue>
   <pub-venue>
      <id>1473</id>
      <idClass>201477</idClass>
      <entity>ACM</entity>
      <acronym>IWSESS</acronym>
      <title>ICSE Workshop on Software Engineering for Secure Systems</title>
      <pub-type>W</pub-type>
   </pub-venue>
<usion>
<fusion>
   <pub-venue>
      <id>5230</id>
      <idClass>101562</idClass>
      <title>Computers and Graphics</title>
      <pub-type>J</pub-type>
      <site>http://www.sciencedirect.com/science/journal/00978493</site>
   </pub-venue>
   <pub-venue>
      <id>4040</id>
      <idClass>10372</idClass>
      <entity>ELSEVIER</entity>
      <title>COMPUTERS AND GRAPHICS-UK</title>
      <title>Computers and Graphics</title>
      <title-abrev>Comput. Graph.-UK</title-abrev>
      <publisher>PERGAMON-ELSEVIER SCIENCE LTD</publisher>
      <pub-type>J</pub-type>
      <language>ENGLISH</language>
      <subject>COMPUTER SCIENCE, SOFTWARE ENGINEERING</subject>
      <impact-factor-2010>0.735</impact-factor-2010>
      <impact-factor-5-years>0.840</impact-factor-5-years>
      <qualis-estrato>B1</qualis-estrato>
   </pub-venue>
<usion>
<fusion>
   <pub-venue>
      <id>3167</id>
      <idClass>203174</idClass>
      <acronym>ICIS</acronym>
      <title>International Conference on Interaction Sciences</title>
      <pub-type>C</pub-type>
   </pub-venue>
   <pub-venue>
      <id>171</id>
      <idClass>20171</idClass>
      <entity>ACM</entity>
      <entity>IEEE</entity>
      <acronym>ICIS</acronym>
      <title>International Conference on Information Systems</title>
      <title>International Conference on Interaction Sciences</title>
      <title-formerly>IEEE/ACIS International Conference on Computer and Information Science</title-formerly>
      <pub-type>C</pub-type>
      <qualis-estrato>B1</qualis-estrato>
   </pub-venue>
<usion>
<fusion>
   <pub-venue>
      <id>1304</id>
      <idClass>201308</idClass>
      <entity>ACM</entity>
      <entity>IEEE</entity>
      <acronym>ESTMED</acronym>
      <title>IEEE/ACM/IFIP Workshop on Embedded Systems for Real Time Multimedia</title>
      <pub-type>W</pub-type>
   </pub-venue>
   <pub-venue>
      <id>521</id>
      <idClass>20521</idClass>
      <entity>IEEE</entity>
      <entity>ACM</entity>
      <entity>IFIP</entity>
      <acronym>ESTIMedia</acronym>
      <title>IEEE Workshop on Embedded Systems for Real-Time Multimedia</title>
      <title>IEEE/ACM/IFIP Workshop on Embedded Systems for Real Time Multimedia</title>
      <pub-type>W</pub-type>
      <qualis-estrato>B3</qualis-estrato>
   </pub-venue>
<usion>
<fusion>
   <pub-venue>
      <id>3101</id>
      <idClass>203108</idClass>
      <title>International Workshop on Healthcare Information and Knowledge Management</title>
      <pub-type>W</pub-type>
   </pub-venue>
   <pub-venue>
      <id>1366</id>
      <idClass>201370</idClass>
      <entity>ACM</entity>
      <acronym>HIKM</acronym>
      <title>Australasian Workshop on Health Informatics and Knowledge Management</title>
      <title-formerly>international workshop on Healthcare information and knowledge management</title-formerly>
      <pub-type>W</pub-type>
   </pub-venue>
<usion>
<fusion>
   <pub-venue>
      <id>1488</id>
      <idClass>201492</idClass>
      <entity>ACM</entity>
      <acronym>JGI</acronym>
      <title>joint ACM-ISCOPE conference on Java Grande</title>
      <title-formerly>ACM Conference on Java Grande</title-formerly>
      <pub-type>C</pub-type>
   </pub-venue>
   <pub-venue>
      <id>1487</id>
      <idClass>201491</idClass>
      <entity>ACM</entity>
      <acronym>JAVA</acronym>
      <title>ACM conference on Java Grande</title>
      <pub-type>C</pub-type>
   </pub-venue>
<usion>
<fusion>
   <pub-venue>
      <id>1696</id>
      <idClass>201700</idClass>
      <entity>ACM</entity>
      <acronym>QShine</acronym>
      <title>International ICST Conference on Heterogeneous Networking for Quality, Reliability, Security and Robustness</title>
      <title>International Conference on Heterogeneous Networking for Quality, Reliability, Security and Robustness</title>
      <title-formerly>international conference on Quality of service in heterogeneous wired/wireless networks</title-formerly>
      <pub-type>C</pub-type>
   </pub-venue>
   <pub-venue>
      <id>731</id>
      <idClass>20733</idClass>
      <acronym>Qsine</acronym>
      <acronym>QSHINE</acronym>
      <title>International Conference on Quality of Service in Heterogeneous Wired/Wireless Networks</title>
      <pub-type>C</pub-type>
      <qualis-estrato>B5</qualis-estrato>
   </pub-venue>
<usion>
<fusion>
   <pub-venue>
      <id>3283</id>
      <idClass>203290</idClass>
      <acronym>ISW</acronym>
      <title>International Symposium on Wikis</title>
      <pub-type>C</pub-type>
   </pub-venue>
   <pub-venue>
      <id>1974</id>
      <idClass>201978</idClass>
      <entity>ACM</entity>
      <acronym>WikiSym</acronym>
      <title>International Symposium on Wikis and Open Collaboration</title>
      <title-formerly>International Symposium on Wikis</title-formerly>
      <pub-type>C</pub-type>
   </pub-venue>
<usion>
<fusion>
   <pub-venue>
      <id>2806</id>
      <idClass>202812</idClass>
      <acronym>Agents</acronym>
      <title>International Conference on Autonomous Agents</title>
      <pub-type>C</pub-type>
   </pub-venue>
   <pub-venue>
      <id>182</id>
      <idClass>20182</idClass>
      <entity>ACM</entity>
      <entity>IFAAMAS</entity>
      <acronym>AAMAS</acronym>
      <title>International Conference on Autonomous Agents and Multiagent Systems</title>
      <title>International Joint Conference on Autonomous Agents and Multiagents Systems</title>
      <title>International Joint Conference on Autonomous Agents and Multiagent Systems</title>
      <title-formerly>international conference on Advanced Agent Technology</title-formerly>
      <merge-of-title>International Conference on Autonomous Agents</merge-of-title>
      <merge-of-title>Workshop on Agent Theories, Architectures, and Languages</merge-of-title>
      <merge-of-title>International Conference on Multiagent Systems</merge-of-title>
      <merge-of-title>International Workshop on Agent Theories, Architectures, and Languages</merge-of-title>
      <merge-of-acronym>AGENTS</merge-of-acronym>
      <merge-of-acronym>ATAL</merge-of-acronym>
      <merge-of-acronym>ICMAS</merge-of-acronym>
      <merge-of-acronym>AA</merge-of-acronym>
      <pub-type>C</pub-type>
      <qualis-estrato>A2</qualis-estrato>
   </pub-venue>
<usion>
<fusion>
   <pub-venue>
      <id>3005</id>
      <idClass>203012</idClass>
      <acronym>ECP</acronym>
      <title>European Conference on Planning</title>
      <pub-type>C</pub-type>
   </pub-venue>
   <pub-venue>
      <id>183</id>
      <idClass>20183</idClass>
      <acronym>ICAPS</acronym>
      <title>International Conference on Automated Planning and Scheduling</title>
      <merge-of-title>Conference on Artificial Intelligence Planning Systems</merge-of-title>
      <merge-of-title>European Conference on Planning</merge-of-title>
      <merge-of-acronym>AIPS</merge-of-acronym>
      <merge-of-acronym>ECP</merge-of-acronym>
      <pub-type>C</pub-type>
      <qualis-estrato>B1</qualis-estrato>
   </pub-venue>
<usion>
<fusion>
   <pub-venue>
      <id>5540</id>
      <idClass>101872</idClass>
      <title>Journal of Algorithms</title>
      <pub-type>J</pub-type>
      <site>http://www.sciencedirect.com/science/journal/01966774</site>
   </pub-venue>
   <pub-venue>
      <id>4104</id>
      <idClass>10436</idClass>
      <entity>ELSEVIER</entity>
      <title>Journal of Algorithms-Cognition Informatics and Logic</title>
      <title>Journal of Algorithms</title>
      <title-abrev>J. Algorithms</title-abrev>
      <publisher>ACADEMIC PRESS INC ELSEVIER SCIENCE</publisher>
      <pub-type>J</pub-type>
      <language>ENGLISH</language>
      <subject>COMPUTER SCIENCE, THEORY AND METHODS</subject>
      <subject>MATHEMATICS, APPLIED</subject>
      <impact-factor-2010>0.667</impact-factor-2010>
      <impact-factor-5-years>1.374</impact-factor-5-years>
      <qualis-estrato>A2</qualis-estrato>
   </pub-venue>
<usion>
<fusion>
   <pub-venue>
      <id>2463</id>
      <idClass>202467</idClass>
      <acronym>ITCS</acronym>
      <title>International Conference on Information Technology and Computer Science</title>
      <pub-type>C</pub-type>
   </pub-venue>
   <pub-venue>
      <id>2309</id>
      <idClass>202313</idClass>
      <acronym>ICCSIT</acronym>
      <title>International Conference on Computer Science and Information Technology</title>
      <pub-type>C</pub-type>
   </pub-venue>
<usion>
<fusion>
   <pub-venue>
      <id>2520</id>
      <idClass>202524</idClass>
      <acronym>MMIT</acronym>
      <title>International Conference on MultiMedia and Information Technology</title>
      <pub-type>C</pub-type>
   </pub-venue>
   <pub-venue>
      <id>2351</id>
      <idClass>202355</idClass>
      <acronym>ICIMT</acronym>
      <title>International Conference on Information and Multimedia Technology</title>
      <pub-type>C</pub-type>
   </pub-venue>
<usion>
<fusion>
   <pub-venue>
      <id>3623</id>
      <idClass>203630</idClass>
      <acronym>WOSS</acronym>
      <title>Workshop on Self-Healing Systems</title>
      <pub-type>W</pub-type>
   </pub-venue>
   <pub-venue>
      <id>1947</id>
      <idClass>201951</idClass>
      <entity>ACM</entity>
      <acronym>WOSS</acronym>
      <title>ACM SIGSOFT workshop on Self-managed systems</title>
      <title-formerly>workshop on Self-healing systems</title-formerly>
      <pub-type>W</pub-type>
   </pub-venue>
<usion>
<fusion>
   <pub-venue>
      <id>2938</id>
      <idClass>202945</idClass>
      <acronym>COMSNETS</acronym>
      <title>International Conference on COMmunication Systems and NETworkS</title>
      <pub-type>C</pub-type>
   </pub-venue>
   <pub-venue>
      <id>2381</id>
      <idClass>202385</idClass>
      <acronym>ICSNC</acronym>
      <title>International Conference on Systems and Networks Communication</title>
      <title>International Conference on Systems and Networks Communications</title>
      <pub-type>C</pub-type>
   </pub-venue>
<usion>
<fusion>
   <pub-venue>
      <id>3075</id>
      <idClass>203082</idClass>
      <title>Conference on Future Play</title>
      <pub-type>C</pub-type>
   </pub-venue>
   <pub-venue>
      <id>1341</id>
      <idClass>201345</idClass>
      <entity>ACM</entity>
      <acronym>Futureplay</acronym>
      <title>International Academic Conference on the Future of Game Design and Technology</title>
      <title-formerly>Conference on Future Play</title-formerly>
      <pub-type>C</pub-type>
   </pub-venue>
<usion>
<fusion>
   <pub-venue>
      <id>2993</id>
      <idClass>203000</idClass>
      <title>conference on Designing for User Experiences</title>
      <pub-type>C</pub-type>
   </pub-venue>
   <pub-venue>
      <id>254</id>
      <idClass>20254</idClass>
      <entity>ACM</entity>
      <acronym>DUX</acronym>
      <title>ACM Designing for User Experience Conference</title>
      <title>conference on Designing for User eXperiences</title>
      <pub-type>C</pub-type>
      <qualis-estrato>B4</qualis-estrato>
   </pub-venue>
<usion>
<fusion>
   <pub-venue>
      <id>2581</id>
      <idClass>202586</idClass>
      <acronym>PERSER</acronym>
      <title>International Conference on Pervasive Services</title>
      <pub-type>C</pub-type>
   </pub-venue>
   <pub-venue>
      <id>1410</id>
      <idClass>201414</idClass>
      <entity>ACM</entity>
      <entity>IEEE</entity>
      <entity>ACS</entity>
      <acronym>ICPS</acronym>
      <title>international conference on Pervasive services</title>
      <title>IEEE/ACS International Conference on Pervasive Services</title>
      <pub-type>C</pub-type>
   </pub-venue>
<usion>
<fusion>
   <pub-venue>
      <id>3251</id>
      <idClass>203258</idClass>
      <title>International Conference on Information Processing in Sensor Networks</title>
      <pub-type>C</pub-type>
   </pub-venue>
   <pub-venue>
      <id>128</id>
      <idClass>20128</idClass>
      <entity>ACM</entity>
      <entity>IEEE</entity>
      <acronym>IPSN</acronym>
      <title>ACM/IEEE International Conference on Information Processing in Sensor Networks</title>
      <title>International Symposium on Information Processing in Sensor Networks</title>
      <title>International Conference on Information Processing in Sensor Networks</title>
      <pub-type>C</pub-type>
      <qualis-estrato>B1</qualis-estrato>
   </pub-venue>
<usion>
<fusion>
   <pub-venue>
      <id>2643</id>
      <idClass>202648</idClass>
      <acronym>SHARK-ADI</acronym>
      <title>Workshop on SHAring and Reusing architectural Knowledge Architecture, Rationale, and Design Intent</title>
      <pub-type>W</pub-type>
   </pub-venue>
   <pub-venue>
      <id>1766</id>
      <idClass>201770</idClass>
      <entity>ACM</entity>
      <acronym>SHARK</acronym>
      <title>International Workshop on SHAring and Reusing Architectural Knowledge</title>
      <title>ICSE Workshop on Sharing and Reusing Architectural Knowledge</title>
      <title-formerly>Workshop on SHAring and Reusing architectural Knowledge Architecture, Rationale, and Design Intent</title-formerly>
      <acronym-formerly>SHARK-ADI</acronym-formerly>
      <pub-type>W</pub-type>
   </pub-venue>
<usion>
<fusion>
   <pub-venue>
      <id>2007</id>
      <idClass>202011</idClass>
      <entity>IEEE</entity>
      <acronym>VolVis</acronym>
      <title>IEEE Symposium on Volume Visualization and Graphics</title>
      <title-formerly>IEEE symposium on visualization and graphics</title-formerly>
      <title-formerly>Symposium on Volume Visualization</title-formerly>
      <title-formerly>IEEE symposium on visualization</title-formerly>
      <title-formerly>symposium on visualization</title-formerly>
      <title-formerly>workshop on visualization</title-formerly>
      <title-formerly>Chapel Hill workshop on visualization</title-formerly>
      <acronym-formerly>VVS</acronym-formerly>
      <pub-type>C</pub-type>
   </pub-venue>
   <pub-venue>
      <id>349</id>
      <idClass>20349</idClass>
      <acronym>EuroVis</acronym>
      <acronym>VisSym</acronym>
      <title>Eurographics/IEEE-VGTC Symposium on Visualization</title>
      <title>Joint Eurographics - IEEE TCVG Symposium on Visualization</title>
      <title>Symposium on Visualization</title>
      <pub-type>C</pub-type>
      <qualis-estrato>B2</qualis-estrato>
   </pub-venue>
<usion>
<fusion>
   <pub-venue>
      <id>2768</id>
      <idClass>202773</idClass>
      <acronym>ICNDC</acronym>
      <title>International Conference on Networking and Distributed Computing</title>
      <pub-type>C</pub-type>
   </pub-venue>
   <pub-venue>
      <id>57</id>
      <idClass>2057</idClass>
      <acronym>ICDCN</acronym>
      <title>International Conference on Distributed Computing and Networking</title>
      <title>IEEE International Conference on Distributed Computing and Networking</title>
      <pub-type>C</pub-type>
      <qualis-estrato>B4</qualis-estrato>
   </pub-venue>
<usion>
<fusion>
   <pub-venue>
      <id>4985</id>
      <idClass>101317</idClass>
      <title>IEEE MultiMedia</title>
      <pub-type>J</pub-type>
   </pub-venue>
   <pub-venue>
      <id>3816</id>
      <idClass>10148</idClass>
      <entity>IEEE</entity>
      <title>IEEE MULTIMEDIA</title>
      <publisher>IEEE COMPUTER SOC</publisher>
      <pub-type>J</pub-type>
      <language>ENGLISH</language>
      <subject>COMPUTER SCIENCE, HARDWARE AND ARCHITECTURE</subject>
      <subject>COMPUTER SCIENCE, INFORMATION SYSTEMS</subject>
      <subject>COMPUTER SCIENCE, SOFTWARE ENGINEERING</subject>
      <subject>COMPUTER SCIENCE, THEORY AND METHODS</subject>
      <impact-factor-2010>1.066</impact-factor-2010>
      <impact-factor-5-years>1.656</impact-factor-5-years>
      <qualis-estrato>A2</qualis-estrato>
   </pub-venue>
<usion>
<fusion>
   <pub-venue>
      <id>2769</id>
      <idClass>202774</idClass>
      <acronym>JCAI</acronym>
      <title>International Joint Conference on Artificial Intelligence</title>
      <title>IITA International Joint Conference on Artificial Intelligence</title>
      <pub-type>C</pub-type>
   </pub-venue>
   <pub-venue>
      <id>179</id>
      <idClass>20179</idClass>
      <acronym>IJCAI</acronym>
      <title>International Joint Conference on Artificial Intelligence</title>
      <pub-type>C</pub-type>
      <qualis-estrato>A1</qualis-estrato>
   </pub-venue>
<usion>
<fusion>
   <pub-venue>
      <id>2014</id>
      <idClass>202018</idClass>
      <acronym>ADC</acronym>
      <title>Agile Development Conference</title>
      <pub-type>C</pub-type>
   </pub-venue>
   <pub-venue>
      <id>1072</id>
      <idClass>201076</idClass>
      <acronym>AGILE</acronym>
      <title>Agile Conference</title>
      <title>AGILE Conference on Geographic Information Science</title>
      <title>Agile Development Conference</title>
      <pub-type>C</pub-type>
      <qualis-estrato>B2</qualis-estrato>
   </pub-venue>
<usion>
<fusion>
   <pub-venue>
      <id>2706</id>
      <idClass>202711</idClass>
      <entity>IEEE</entity>
      <acronym>VL</acronym>
      <title>IEEE Symposium on Visual Languages</title>
      <pub-type>C</pub-type>
   </pub-venue>
   <pub-venue>
      <id>234</id>
      <idClass>20234</idClass>
      <entity>IEEE</entity>
      <acronym>VL/HCC</acronym>
      <acronym>VLHCC</acronym>
      <title>IEEE Symposium on Visual Languages and Human-Centric Computing</title>
      <title-formerly>IEEE Symposium on Human Centric Computing Languages and Environments</title-formerly>
      <title-formerly>IEEE Symposium on Visual Languages</title-formerly>
      <acronym-formerly>HCC</acronym-formerly>
      <acronym-formerly>VL</acronym-formerly>
      <pub-type>C</pub-type>
      <qualis-estrato>B2</qualis-estrato>
   </pub-venue>
<usion>
<fusion>
   <pub-venue>
      <id>3182</id>
      <idClass>203189</idClass>
      <acronym>ICPC</acronym>
      <acronym>IWPC</acronym>
      <title>International Conference on Program Comprehension</title>
      <title>International Workshop on Program Comprehension</title>
      <pub-type>W</pub-type>
   </pub-venue>
   <pub-venue>
      <id>2748</id>
      <idClass>202753</idClass>
      <acronym>WPC</acronym>
      <title>International Workshop on Program Comprehension</title>
      <pub-type>W</pub-type>
   </pub-venue>
<usion>
<fusion>
   <pub-venue>
      <id>3572</id>
      <idClass>203579</idClass>
      <title>International Conference on Virtual Reality Continuum and its Applications in Industry</title>
      <pub-type>C</pub-type>
   </pub-venue>
   <pub-venue>
      <id>268</id>
      <idClass>20268</idClass>
      <entity>ACM</entity>
      <acronym>VRCIA</acronym>
      <acronym>VRCAI</acronym>
      <title>ACM SIGGRAPH International Conference on Virtual-Reality Continuum and its Applications in Industry</title>
      <title>International Conference on Virtual Reality Continuum and Its Applications in Industry</title>
      <title>ACM SIGGRAPH Conference on Virtual-Reality Continuum and its Applications in Industry</title>
      <title-formerly>ACM international conference on Virtual reality continuum and its applications</title-formerly>
      <pub-type>C</pub-type>
      <qualis-estrato>B5</qualis-estrato>
   </pub-venue>
<usion>
<fusion>
   <pub-venue>
      <id>3384</id>
      <idClass>203391</idClass>
      <title>Workshop on Memory System Performance and Correctness</title>
      <pub-type>W</pub-type>
   </pub-venue>
   <pub-venue>
      <id>1573</id>
      <idClass>201577</idClass>
      <entity>ACM</entity>
      <acronym>MSPC</acronym>
      <title>ACM SIGPLAN Workshop on Memory Systems Performance and Correctness</title>
      <title>workshop on Memory system performance and correctness</title>
      <title-formerly>workshop on Memory system performance</title-formerly>
      <acronym-formerly>MSP</acronym-formerly>
      <pub-type>W</pub-type>
   </pub-venue>
<usion>
<fusion>
   <pub-venue>
      <id>2147</id>
      <idClass>202151</idClass>
      <acronym>CSEE</acronym>
      <title>Conference on Software Engineering Education</title>
      <pub-type>C</pub-type>
   </pub-venue>
   <pub-venue>
      <id>327</id>
      <idClass>20327</idClass>
      <acronym>CSEE&amp;T</acronym>
      <acronym>CSEET</acronym>
      <title>Conference on Software Engineering Education and Training</title>
      <title-formerly>Conference on Software Engineering Education</title-formerly>
      <acronym-formerly>CSEE</acronym-formerly>
      <pub-type>C</pub-type>
      <qualis-estrato>B2</qualis-estrato>
   </pub-venue>
<usion>
<fusion>
   <pub-venue>
      <id>3662</id>
      <idClass>203669</idClass>
      <acronym>SENSORNETS</acronym>
      <title>International Conference on Sensor Networks</title>
      <pub-type>C</pub-type>
   </pub-venue>
   <pub-venue>
      <id>2760</id>
      <idClass>202765</idClass>
      <acronym>SENET</acronym>
      <title>International Conference on Sensor Networks</title>
      <pub-type>C</pub-type>
   </pub-venue>
<usion>
<fusion>
   <pub-venue>
      <id>2832</id>
      <idClass>202838</idClass>
      <title>Symposium on Architecture for Networking and Communications Systems</title>
      <pub-type>C</pub-type>
   </pub-venue>
   <pub-venue>
      <id>1115</id>
      <idClass>201119</idClass>
      <entity>ACM</entity>
      <entity>IEEE</entity>
      <acronym>ANCS</acronym>
      <title>ACM/IEEE Symposium on Architecture for Networking and Communications Systems</title>
      <title>Symposium On Architecture For Networking And Communications Systems</title>
      <title-formerly>ACM symposium on Architecture for networking and communications systems</title-formerly>
      <pub-type>C</pub-type>
   </pub-venue>
<usion>
<fusion>
   <pub-venue>
      <id>4424</id>
      <idClass>10756</idClass>
      <title>Informatica</title>
      <title>Informatica - An International Journal of Computing and Informatics</title>
      <pub-type>J</pub-type>
      <qualis-estrato>B5</qualis-estrato>
   </pub-venue>
   <pub-venue>
      <id>3891</id>
      <idClass>10223</idClass>
      <entity>INST MATHEMATICS AND INFORMATICS</entity>
      <title>INFORMATICA</title>
      <title-abrev>INFORMATICA-LITHUAN</title-abrev>
      <publisher>INST MATHEMATICS AND INFORMATICS</publisher>
      <pub-type>J</pub-type>
      <language>ENGLISH</language>
      <subject>COMPUTER SCIENCE, INFORMATION SYSTEMS</subject>
      <subject>MATHEMATICS, APPLIED</subject>
      <impact-factor-2010>1.786</impact-factor-2010>
      <impact-factor-5-years>1.186</impact-factor-5-years>
   </pub-venue>
<usion>
