Thu Oct 03 14:46:44 BRT 2013
minSim: 1.0
maxSim: 0.3
minSimIfAcronEqual: 0.2
toAsk: true

<setId>
    <pub-venue>
            <id>1</id>
            <idClass>20110</idClass>
            <acronym>INFOCOM</acronym>
            <title>IEEE INFOCOM</title>
            <pub-type>C</pub-type>
    </pub-venue>
    <pub-venue>
            <id>154</id>
            <idClass>20110</idClass>
            <entity>IEEE</entity>
            <acronym>INFOCOM</acronym>
            <title>Annual Joint Conference of the IEEE Computer and Communications Societies</title>
            <title>IEEE Conference on Computer Communications</title>
            <pub-type>C</pub-type>
            <qualis-estrato>A1</qualis-estrato>
    </pub-venue>
</setId>
<setId>
    <pub-venue>
            <id>213</id>
            <idClass>20569</idClass>
            <acronym>IV</acronym>
            <title>Intelligent Vehicle, IEEE Symposium</title>
            <pub-type>C</pub-type>
    </pub-venue>
    <pub-venue>
            <id>598</id>
            <idClass>20569</idClass>
            <acronym>IV</acronym>
            <title>Intelligent Vehicles Symposium</title>
            <title>Intelligent Vehicles Conference</title>
            <pub-type>C</pub-type>
            <qualis-estrato>B5</qualis-estrato>
    </pub-venue>
</setId>
<setId>
    <pub-venue>
            <id>750</id>
            <idClass>20953</idClass>
            <acronym>HOTI</acronym>
            <title>IEEE Hot Interconnects</title>
            <pub-type>C</pub-type>
    </pub-venue>
    <pub-venue>
            <id>977</id>
            <idClass>20953</idClass>
            <acronym>Hot Interconnect</acronym>
            <acronym>HOTI</acronym>
            <title>Symposium on High-Performance Interconnects</title>
            <pub-type>C</pub-type>
            <qualis-estrato>B2</qualis-estrato>
    </pub-venue>
</setId>
<setId>
    <pub-venue>
            <id>2908</id>
            <idClass>202279</idClass>
            <acronym>HPCMP-UGC</acronym>
            <title>DoD High Performance Computing Modernization Program Users Group</title>
            <pub-type>C</pub-type>
    </pub-venue>
    <pub-venue>
            <id>2279</id>
            <idClass>202279</idClass>
            <acronym>HPCMP-UGC</acronym>
            <title>HPCMP Users Group Conference</title>
            <pub-type>C</pub-type>
    </pub-venue>
</setId>
<setId>
    <pub-venue>
            <id>142</id>
            <idClass>202365</idClass>
            <acronym>ICMAS</acronym>
            <title>International Conference on Multiagent Systems</title>
            <pub-type>C</pub-type>
    </pub-venue>
    <pub-venue>
            <id>2362</id>
            <idClass>202365</idClass>
            <acronym>ICMAS</acronym>
            <title>International Conference on Multi-Agent Systems</title>
            <pub-type>C</pub-type>
    </pub-venue>
</setId>
<setId>
    <pub-venue>
            <id>545</id>
            <idClass>203463</idClass>
            <acronym>POS</acronym>
            <title>Workshop on Persistent Object Systems</title>
            <pub-type>W</pub-type>
    </pub-venue>
    <pub-venue>
            <id>3424</id>
            <idClass>203463</idClass>
            <acronym>POS</acronym>
            <title>Workshop on Persistent Objects</title>
            <pub-type>W</pub-type>
    </pub-venue>
</setId>
