Thu Oct 03 16:02:55 BRT 2013
minSim: 1.0
maxSim: 1.0
minSimIfAcronEqual: 0.2
toAsk: true

<setId>
    <pub-venue>
            <id>223</id>
            <idClass>20257</idClass>
            <acronym>DL</acronym>
            <title>Digital Libraries</title>
            <pub-type>C</pub-type>
    </pub-venue>
    <pub-venue>
            <id>294</id>
            <idClass>20257</idClass>
            <entity>IEEE</entity>
            <entity>ACM</entity>
            <acronym>JCDL</acronym>
            <title>annual international ACM/IEEE joint conference on Digital libraries</title>
            <title>ACM/IEEE Joint Conference on Digital Libraries</title>
            <title>annual international ACM/IEEE-CS joint conference on Digital Libraries</title>
            <title-formerly>ACM international conference on Digital libraries</title-formerly>
            <title-formerly>ACM Conference on Digital Libraries</title-formerly>
            <acronym-formerly>DL</acronym-formerly>
            <pub-type>C</pub-type>
            <qualis-estrato>B3</qualis-estrato>
    </pub-venue>
</setId>
<setId>
    <pub-venue>
            <id>316</id>
            <idClass>20712</idClass>
            <acronym>ICMI</acronym>
            <title>International Conference on Multimodal Interaction</title>
            <pub-type>C</pub-type>
    </pub-venue>
    <pub-venue>
            <id>739</id>
            <idClass>20712</idClass>
            <entity>IEEE</entity>
            <entity>ACM</entity>
            <acronym>ICMI</acronym>
            <title>IEEE international conference on multimodal interfaces</title>
            <title>International Conference on Multimodal Interfaces</title>
            <pub-type>C</pub-type>
            <qualis-estrato>B3</qualis-estrato>
    </pub-venue>
</setId>
<setId>
    <pub-venue>
            <id>306</id>
            <idClass>20761</idClass>
            <acronym>UM</acronym>
            <title>User Modeling</title>
            <pub-type>C</pub-type>
    </pub-venue>
    <pub-venue>
            <id>786</id>
            <idClass>20761</idClass>
            <acronym>UM</acronym>
            <title>International Conference on User Modelling</title>
            <pub-type>C</pub-type>
            <qualis-estrato>B4</qualis-estrato>
    </pub-venue>
</setId>
<setId>
    <pub-venue>
            <id>2219</id>
            <idClass>201198</idClass>
            <acronym>CNS</acronym>
            <title>Computer Networking Symposium</title>
            <pub-type>C</pub-type>
    </pub-venue>
    <pub-venue>
            <id>1219</id>
            <idClass>201198</idClass>
            <entity>ACM</entity>
            <acronym>CNS</acronym>
            <title>Communications and Networking Simulation Symposium</title>
            <title-formerly>Communications and Networking Symposium</title-formerly>
            <pub-type>C</pub-type>
    </pub-venue>
</setId>
<setId>
    <pub-venue>
            <id>2229</id>
            <idClass>201303</idClass>
            <acronym>ERLANG</acronym>
            <title>Erlang Workshop</title>
            <pub-type>W</pub-type>
    </pub-venue>
    <pub-venue>
            <id>1324</id>
            <idClass>201303</idClass>
            <entity>ACM</entity>
            <acronym>Erlang</acronym>
            <title>ACM SIGPLAN workshop on Erlang</title>
            <pub-type>W</pub-type>
    </pub-venue>
</setId>
<setId>
    <pub-venue>
            <id>1696</id>
            <idClass>201552</idClass>
            <acronym>ML</acronym>
            <title>Workshop on ML</title>
            <pub-type>W</pub-type>
    </pub-venue>
    <pub-venue>
            <id>1565</id>
            <idClass>201552</idClass>
            <entity>ACM</entity>
            <acronym>ML</acronym>
            <title>ACM SIGPLAN workshop on ML</title>
            <pub-type>W</pub-type>
    </pub-venue>
</setId>
<setId>
    <pub-venue>
            <id>2132</id>
            <idClass>202007</idClass>
            <acronym>IHM</acronym>
            <title>Interaction Homme-Machine</title>
            <pub-type>C</pub-type>
    </pub-venue>
    <pub-venue>
            <id>2011</id>
            <idClass>202007</idClass>
            <entity>ACM</entity>
            <acronym>IHM</acronym>
            <title>Conference on Human-Computer Interaction</title>
            <title-formerly>Conference Internationale Francophone sur I'Interaction Homme-Machine</title-formerly>
            <title-formerly>International Conference on Association Francophone d'Interaction Homme-Machine</title-formerly>
            <pub-type>C</pub-type>
    </pub-venue>
</setId>
<setId>
    <pub-venue>
            <id>1685</id>
            <idClass>202015</idClass>
            <acronym>ACSC</acronym>
            <title>Proceedings Australian Computer Science Conference. ACSC 2001</title>
            <pub-type>C</pub-type>
    </pub-venue>
    <pub-venue>
            <id>2018</id>
            <idClass>202015</idClass>
            <acronym>ACSC</acronym>
            <title>Australasian Computer Science Conference</title>
            <pub-type>C</pub-type>
    </pub-venue>
</setId>
<setId>
    <pub-venue>
            <id>2346</id>
            <idClass>202562</idClass>
            <acronym>NOCS</acronym>
            <title>Networks-on-Chips</title>
            <pub-type>C</pub-type>
    </pub-venue>
    <pub-venue>
            <id>2556</id>
            <idClass>202562</idClass>
            <acronym>NOCS</acronym>
            <title>International Symposium on Networks-on-Chip</title>
            <pub-type>C</pub-type>
    </pub-venue>
</setId>
<setId>
    <pub-venue>
            <id>3393</id>
            <idClass>203214</idClass>
            <acronym>ICWUS</acronym>
            <title>International Conference on Communication in Wireless Environments and Ubiquitous Systems: New Challenges</title>
            <pub-type>C</pub-type>
    </pub-venue>
    <pub-venue>
            <id>3179</id>
            <idClass>203214</idClass>
            <acronym>ICWUS</acronym>
            <title>International Conference on Wireless and Ubiquitous Systems</title>
            <pub-type>C</pub-type>
    </pub-venue>
</setId>
<setId>
    <pub-venue>
            <id>794</id>
            <idClass>203584</idClass>
            <acronym>WAE</acronym>
            <title>Workshop on Algorithmic Engineering</title>
            <pub-type>W</pub-type>
    </pub-venue>
    <pub-venue>
            <id>3542</id>
            <idClass>203584</idClass>
            <acronym>WAE</acronym>
            <title>Workshop on Algorithm Engineering</title>
            <pub-type>W</pub-type>
    </pub-venue>
</setId>
