Thu Oct 03 15:19:26 BRT 2013
minSim: 1.0
maxSim: 0.2
minSimIfAcronEqual: 0.1
toAsk: true

<setId>
    <pub-venue>
            <id>368</id>
            <idClass>2084</idClass>
            <acronym>EUROSYS</acronym>
            <title>EuroSys Conference</title>
            <pub-type>C</pub-type>
    </pub-venue>
    <pub-venue>
            <id>128</id>
            <idClass>2084</idClass>
            <entity>ACM</entity>
            <acronym>EuroSys</acronym>
            <title>ACM european conference on Computer Systems</title>
            <title>European Conference on Computer Systems</title>
            <title>ACM SIGOPS/EuroSys European Conference on Computer Systems</title>
            <pub-type>C</pub-type>
    </pub-venue>
</setId>
<setId>
    <pub-venue>
            <id>1314</id>
            <idClass>201124</idClass>
            <acronym>APL</acronym>
            <title>ACM Conference on Array-Programming Languages</title>
            <pub-type>C</pub-type>
    </pub-venue>
    <pub-venue>
            <id>1145</id>
            <idClass>201124</idClass>
            <entity>ACM</entity>
            <acronym>APL</acronym>
            <title>conference on Array processing language</title>
            <pub-type>C</pub-type>
    </pub-venue>
</setId>
