Thu Oct 03 16:33:50 BRT 2013
minSim: 0.8
maxSim: 1.0
minSimIfAcronEqual: 1.1
toAsk: true

<setId>
    <pub-venue>
            <id>399</id>
            <idClass>20196</idClass>
            <acronym>LPAR(RCLP)</acronym>
            <title>Logic Programming and Automated Reasoning/Russian Conference on Logic Programming</title>
            <pub-type>C</pub-type>
    </pub-venue>
    <pub-venue>
            <id>235</id>
            <idClass>20196</idClass>
            <acronym>LPAR</acronym>
            <title>International Conference on Logic for Programming, Artificial Intelligence and Reasoning</title>
            <title-formerly>International Conference on Logic Programming and Automated Reasoning</title-formerly>
            <title-formerly>Russian Conference on Logic Programming</title-formerly>
            <acronym-formerly>RCLP</acronym-formerly>
            <pub-type>C</pub-type>
    </pub-venue>
</setId>
<setId>
    <pub-venue>
            <id>894</id>
            <idClass>20261</idClass>
            <acronym>WIRLES</acronym>
            <title>International Conference on Wireless Networks, Communications and Mobile Computing</title>
            <pub-type>C</pub-type>
    </pub-venue>
    <pub-venue>
            <id>298</id>
            <idClass>20261</idClass>
            <entity>ACM</entity>
            <acronym>IWCMC</acronym>
            <title>International Conference on Wireless Communications and Mobile Computing</title>
            <title>ACM International Wireless Communications and Mobile Computing Conference</title>
            <pub-type>C</pub-type>
            <qualis-estrato>B4</qualis-estrato>
    </pub-venue>
</setId>
<setId>
    <pub-venue>
            <id>870</id>
            <idClass>20351</idClass>
            <title>Parallel, Distributed and Network-Based Processing</title>
            <pub-type>C</pub-type>
    </pub-venue>
    <pub-venue>
            <id>384</id>
            <idClass>20351</idClass>
            <acronym>PDP</acronym>
            <title>Euromicro International Conference on Parallel Distributed and network-based Processing</title>
            <title>Euromicro Conference on Parallel, Distributed, and Network-Based Processing</title>
            <pub-type>C</pub-type>
            <qualis-estrato>B2</qualis-estrato>
    </pub-venue>
</setId>
<setId>
    <pub-venue>
            <id>450</id>
            <idClass>20553</idClass>
            <acronym>VLSI</acronym>
            <title>Very Large Scale Integration</title>
            <pub-type>C</pub-type>
    </pub-venue>
    <pub-venue>
            <id>582</id>
            <idClass>20553</idClass>
            <acronym>VLSI-SOC</acronym>
            <title>IFIP International Conference on Very Large Scale Integration</title>
            <pub-type>C</pub-type>
            <qualis-estrato>B3</qualis-estrato>
    </pub-venue>
</setId>
<setId>
    <pub-venue>
            <id>259</id>
            <idClass>20643</idClass>
            <title>DIMACS Series in Discrete Mathematics and Theoretical Computer Science</title>
            <pub-type>C</pub-type>
    </pub-venue>
    <pub-venue>
            <id>670</id>
            <idClass>20643</idClass>
            <acronym>DMTCS</acronym>
            <title>International Conference on Discrete Mathematics and Theoretical Computer Science</title>
            <pub-type>C</pub-type>
            <qualis-estrato>B5</qualis-estrato>
    </pub-venue>
</setId>
<setId>
    <pub-venue>
            <id>664</id>
            <idClass>20979</idClass>
            <acronym>CEC(WECWIS)</acronym>
            <title>Workshop on Advanced Issues of E-Commerce and Web/based Information Systems/Conference on Electronic Commerce</title>
            <pub-type>W</pub-type>
    </pub-venue>
    <pub-venue>
            <id>1003</id>
            <idClass>20979</idClass>
            <acronym>WECWIS</acronym>
            <title>Workshop on Advanced Issues of E-Commerce and Web Based Information Systems</title>
            <title>International Workshop on Advanced Issues of E-Commerce and Web-Based Information Systems</title>
            <pub-type>W</pub-type>
            <qualis-estrato>B4</qualis-estrato>
    </pub-venue>
</setId>
<setId>
    <pub-venue>
            <id>1406</id>
            <idClass>201236</idClass>
            <title>Designing Augmented Reality Environments</title>
            <pub-type>C</pub-type>
    </pub-venue>
    <pub-venue>
            <id>1257</id>
            <idClass>201236</idClass>
            <entity>ACM</entity>
            <acronym>DARE</acronym>
            <title>DARE on Designing augmented reality environments</title>
            <pub-type>C</pub-type>
    </pub-venue>
</setId>
<setId>
    <pub-venue>
            <id>769</id>
            <idClass>202059</idClass>
            <acronym>ACII</acronym>
            <title>Affective Computing and Intelligent Interaction</title>
            <pub-type>C</pub-type>
    </pub-venue>
    <pub-venue>
            <id>2060</id>
            <idClass>202059</idClass>
            <acronym>ASIA</acronym>
            <title>International Asia Symposium on Intelligent Interaction and Affective Computing</title>
            <pub-type>C</pub-type>
    </pub-venue>
</setId>
<setId>
    <pub-venue>
            <id>3373</id>
            <idClass>202588</idClass>
            <acronym>PCMDLS</acronym>
            <title>International Workshop on Physics and Computer Modeling of Devices Based on Low-Dimensional Structures</title>
            <pub-type>W</pub-type>
    </pub-venue>
    <pub-venue>
            <id>2579</id>
            <idClass>202588</idClass>
            <acronym>PHYSICS</acronym>
            <title>Workshop on Physics and Modeling of Devices Based on Low-Dimensional Structures</title>
            <pub-type>W</pub-type>
    </pub-venue>
</setId>
<setId>
    <pub-venue>
            <id>1724</id>
            <idClass>202614</idClass>
            <title>Rule Markup Languages for Business Rules on the Semantic Web</title>
            <pub-type>C</pub-type>
    </pub-venue>
    <pub-venue>
            <id>2605</id>
            <idClass>202614</idClass>
            <acronym>RULEML</acronym>
            <title>International Conference on Rules and Rule Markup Languages for the Semantic Web</title>
            <pub-type>C</pub-type>
    </pub-venue>
</setId>
<setId>
    <pub-venue>
            <id>1569</id>
            <idClass>202717</idClass>
            <acronym>ICCV</acronym>
            <title>Proceedings IEEE Workshop on Representation of Visual Scenes, In Conjuction with</title>
            <pub-type>W</pub-type>
    </pub-venue>
    <pub-venue>
            <id>2703</id>
            <idClass>202717</idClass>
            <entity>IEEE</entity>
            <acronym>VSR</acronym>
            <title>IEEE Workshop on Representation of Visual Scenes</title>
            <pub-type>W</pub-type>
    </pub-venue>
</setId>
<setId>
    <pub-venue>
            <id>2431</id>
            <idClass>202882</idClass>
            <acronym>BPSC</acronym>
            <title>Business Process and Services Computing</title>
            <pub-type>C</pub-type>
    </pub-venue>
    <pub-venue>
            <id>2860</id>
            <idClass>202882</idClass>
            <title>International Working Conference on Business Process and Services Computing</title>
            <pub-type>C</pub-type>
    </pub-venue>
</setId>
<setId>
    <pub-venue>
            <id>951</id>
            <idClass>203256</idClass>
            <title>Information Processing and Management of Uncertainty</title>
            <pub-type>C</pub-type>
    </pub-venue>
    <pub-venue>
            <id>3221</id>
            <idClass>203256</idClass>
            <title>International Conference on Information Processing and Management of Uncertainty in Knowledge</title>
            <pub-type>C</pub-type>
    </pub-venue>
</setId>
<setId>
    <pub-venue>
            <id>2624</id>
            <idClass>203294</idClass>
            <acronym>ITEE</acronym>
            <title>Information Technologies in Environmental Engineering</title>
            <pub-type>C</pub-type>
    </pub-venue>
    <pub-venue>
            <id>3257</id>
            <idClass>203294</idClass>
            <title>International ICSC Symposium on Information Technologies in Environmental Engineering</title>
            <pub-type>C</pub-type>
    </pub-venue>
</setId>
<setId>
    <pub-venue>
            <id>1866</id>
            <idClass>203432</idClass>
            <title>Eurographics Workshop on Programming Paradigms in Graphics / Object-Oriented Graphics</title>
            <pub-type>W</pub-type>
    </pub-venue>
    <pub-venue>
            <id>3393</id>
            <idClass>203432</idClass>
            <acronym>OO-Graphics</acronym>
            <title>Eurographics Workshop on Programming Paradigms in Graphics</title>
            <title-formerly>Eurographics Workshop on Object-Oriented Programming for Graphics</title-formerly>
            <pub-type>W</pub-type>
    </pub-venue>
</setId>
<setId>
    <pub-venue>
            <id>2158</id>
            <idClass>203453</idClass>
            <acronym>PervasiveHealth</acronym>
            <title>International Conference on Pervasive Computing Technologies for Healthcare, PervasiveHealth</title>
            <pub-type>C</pub-type>
    </pub-venue>
    <pub-venue>
            <id>3414</id>
            <idClass>203453</idClass>
            <title>International Conference on Pervasive Computing Technologies for Healthcare</title>
            <pub-type>C</pub-type>
    </pub-venue>
</setId>
<setId>
    <pub-venue>
            <id>4213</id>
            <idClass>10236</idClass>
            <title>Bulletin of The American Society for Information Science and Technology</title>
            <pub-type>J</pub-type>
    </pub-venue>
    <pub-venue>
            <id>3865</id>
            <idClass>10236</idClass>
            <entity>WILEY-BLACKWELL</entity>
            <acronym>JASIST</acronym>
            <title>JOURNAL OF THE AMERICAN SOCIETY FOR INFORMATION SCIENCE AND TECHNOLOGY</title>
            <title-formerly>Journal of the American Society for Information Science</title-formerly>
            <acronym-formerly>JASIS</acronym-formerly>
            <publisher>WILEY-BLACKWELL</publisher>
            <pub-type>J</pub-type>
            <language>ENGLISH</language>
            <subject>COMPUTER SCIENCE, INFORMATION SYSTEMS</subject>
            <impact-factor-2010>2.137</impact-factor-2010>
            <qualis-estrato>A1</qualis-estrato>
            <site>http://onlinelibrary.wiley.com/journal/10.1002/%28ISSN%291532-2890</site>
    </pub-venue>
</setId>
<setId>
    <pub-venue>
            <id>3787</id>
            <idClass>10252</idClass>
            <acronym>J VLSI SIGNAL PROCESS SYST S</acronym>
            <title>Journal of Vlsi Signal Processing Systems for Signal Image and Video Technology</title>
            <pub-type>J</pub-type>
    </pub-venue>
    <pub-venue>
            <id>3881</id>
            <idClass>10252</idClass>
            <entity>SPRINGER</entity>
            <title>Journal of Signal Processing Systems for Signal Image and Video Technology</title>
            <publisher>SPRINGER</publisher>
            <pub-type>J</pub-type>
            <language>ENGLISH</language>
            <subject>ENGINEERING, ELECTRICAL AND ELECTRONIC</subject>
            <subject>COMPUTER SCIENCE, INFORMATION SYSTEMS</subject>
            <impact-factor-2010>0.623</impact-factor-2010>
            <qualis-estrato>B1</qualis-estrato>
    </pub-venue>
</setId>
<setId>
    <pub-venue>
            <id>3816</id>
            <idClass>101316</idClass>
            <title>Higher-order and Symbolic Computation / Lisp and Symbolic Computation</title>
            <pub-type>J</pub-type>
    </pub-venue>
    <pub-venue>
            <id>4942</id>
            <idClass>101316</idClass>
            <title>Higher-Order and Symbolic Computation</title>
            <pub-type>J</pub-type>
            <site>http://www.springer.com/computer/theoretical+computer+science/journal/10990</site>
            <site>http://www.springerlink.com/content/1573-0557/</site>
    </pub-venue>
</setId>
<setId>
    <pub-venue>
            <id>4051</id>
            <idClass>101511</idClass>
            <acronym>Order</acronym>
            <title>A Journal on The Theory of Ordered Sets and Its Applications</title>
            <pub-type>J</pub-type>
    </pub-venue>
    <pub-venue>
            <id>5136</id>
            <idClass>101511</idClass>
            <title>Order - A Journal on the Theory of Ordered Sets and its Applications</title>
            <title>Order</title>
            <pub-type>J</pub-type>
            <site>http://www.springerlink.com/content/1572-9273/</site>
    </pub-venue>
</setId>
<setId>
    <pub-venue>
            <id>3708</id>
            <idClass>101634</idClass>
            <acronym>DEBU</acronym>
            <title>IEEE Data(base) Engineering Bulletin</title>
            <pub-type>J</pub-type>
    </pub-venue>
    <pub-venue>
            <id>5258</id>
            <idClass>101634</idClass>
            <title>IEEE Data Engineering Bulletin</title>
            <pub-type>J</pub-type>
            <site>http://tab.computer.org/tcde/</site>
    </pub-venue>
</setId>
<setId>
    <pub-venue>
            <id>3552</id>
            <idClass>101808</idClass>
            <title>ACM Sigarch Computer Architecture News</title>
            <pub-type>J</pub-type>
    </pub-venue>
    <pub-venue>
            <id>5432</id>
            <idClass>101808</idClass>
            <title>SIGARCH Computer Architecture News</title>
            <pub-type>J</pub-type>
            <site>http://dl.acm.org/citation.cfm?id=J89</site>
    </pub-venue>
</setId>
