Log microsoft:
removido a sigla "Percom" de 101520.
removido v.p. 4719.

<idClass>101590</idClass>
<acronym>IJRR</acronym>
<title>International Journal of Robotic Research</title>
modificado para:
<idClass>101270</idClass>
<acronym>IJRR</acronym>
<title>International Journal of Robotic Research</title>

<id>3283</id>
      <idClass>202300</idClass>
      <acronym>ICECE</acronym>
      <title>International Conference on Electrical and Computer Engineering</title>
      <pub-type>C</pub-type>
      modificado para:
      <id>3283</id>
      <idClass>-8</idClass>
      <acronym>ICECE</acronym>
      <title>International Conference on Electrical and Computer Engineering</title>
      <pub-type>C</pub-type>
      
      <id>474</id>
      <idClass>202361</idClass>
      <acronym>ITCC</acronym>
      <title>International Symposium on Information Technology</title>
      <pub-type>C</pub-type>
      modificado para:
      <id>474</id>
      <idClass>202466</idClass>
      <acronym>ITCC</acronym>
      <title>International Symposium on Information Technology</title>
      <pub-type>C</pub-type>
      
      
      <id>343</id>
      <idClass>20777</idClass>
      <acronym>EMSOFT</acronym>
      <title>International Workshop on Embedded Systems</title>
      <pub-type>W</pub-type>
      modificado para:
      <id>343</id>
      <idClass>-8</idClass>
      <acronym>EMSOFT</acronym>
      <title>International Workshop on Embedded Systems</title>
      <pub-type>W</pub-type>
      
      <id>3788</id>
      <idClass>101446</idClass>
      <acronym>WWW</acronym>
      <title>World Wide Web</title>
      <pub-type>J</pub-type>
      modificado para:
      <id>3788</id>
      <idClass>10277</idClass>
      <acronym>WWW</acronym>
      <title>World Wide Web</title>
      <pub-type>J</pub-type>
      
      <id>4853</id>
      <idClass>101446</idClass>
      <acronym>WWWJ</acronym>
      <title>World Wide Web Journal</title>
      <pub-type>J</pub-type>
      modificado para:
      <id>4853</id>
      <idClass>10277</idClass>
      <acronym>WWWJ</acronym>
      <title>World Wide Web Journal</title>
      <pub-type>J</pub-type>


<pub-venue>
      <id>18</id>
      <idClass>202942</idClass>
      <acronym>SIGMOD</acronym>
      <title>International Conference on Management of Data</title>
      <pub-type>C</pub-type>
   </pub-venue>
   modificadoo para
   <pub-venue>
      <id>18</id>
      <idClass>20157</idClass>
      <acronym>SIGMOD</acronym>
      <title>International Conference on Management of Data</title>
      <pub-type>C</pub-type>
   </pub-venue>
   
   
   
   
   

IdClass do vp 
<pub-venue>
      <id>2450</id>
      <idClass>202976</idClass>
      <acronym>Euro-PDS</acronym>
      <title>Parallel and Distributed Systems</title>
      <pub-type>C</pub-type>
   </pub-venue>
foi modificada ara <id>-8</id>

<pub-venue>
      <id>3674</id>
      <idClass>10999</idClass>
      <title>Iet Software/iee Proceedings</title>
      <title>Software</title>
      <pub-type>J</pub-type>
   </pub-venue>
   foi modificado para:
   <pub-venue>
      <id>3674</id>
      <idClass>10387</idClass>
      <title>Iet Software</title>
      <pub-type>J</pub-type>
   </pub-venue>
   


<pub-venue>
      <id>1801</id>
      <idClass>20512</idClass>
      <acronym>ITW</acronym>
      <title>IEEE Information Theory Workshop</title>
      <pub-type>W</pub-type>
   </pub-venue>
   teve o idclass modificado para -8.
   
   <pub-venue>
      <id>2539</id>
      <idClass>202763</idClass>
      <acronym>HSNW</acronym>
      <title>High-Speed Networks Workshop</title>
      <pub-type>W</pub-type>
   </pub-venue>
   teve o idclass modificado para -8.
   
   
   O pv
   <pub-venue>
      <id>400</id>
      <idClass>20565</idClass>
      <acronym>ISC(ISW)</acronym>
      <title>Information Security Conference/Information Security Workshop</title>
      <pub-type>W</pub-type>
   </pub-venue>
   foi dividido em dois:
   <pub-venue>
      <id>400</id>
      <idClass>20565</idClass>
      <acronym>ISW</acronym>
      <title>Information Security Workshop</title>
      <pub-type>W</pub-type>
   </pub-venue>
   <pub-venue>
      <id>400</id>
      <idClass>20565</idClass>
      <acronym>ISC</acronym>
      <title>Information Security Conference</title>
      <pub-type>W</pub-type>
   </pub-venue>
   
   
   


<pub-venue>
      <id>2364</id>
      <idClass>202306</idClass>
      <acronym>UKSIM</acronym>
      <title>International Conference on Computer Modeling and Simulation</title>
      <pub-type>C</pub-type>
   </pub-venue>
   idclass modificado para <idClass>202221</idClass>


<pub-venue>
      <id>3731</id>
      <idClass>1015</idClass>
      <acronym>ALIFE</acronym>
      <title>Artificial Life</title>
      <pub-type>J</pub-type>
   </pub-venue>
   idclass modificado para <idClass>-8</idClass>


<pub-venue>
      <id>1340</id>
      <idClass>20512</idClass>
      <acronym>ITW</acronym>
      <title>Information Theory Workshop, IEEE</title>
      <pub-type>W</pub-type>
   </pub-venue>
   idclass modificado para <idClass>-8</idClass>


o pv
<pub-venue>
      <id>498</id>
      <idClass>203310</idClass>
      <acronym>IWDOM/OODBS</acronym>
      <title>International Workshop on Distributed Object Management/Workshop on Object-Oriented Database Systems</title>
      <pub-type>W</pub-type>
   </pub-venue>
foi dividido em 
<pub-venue>
      <id>498</id>
      <idClass>203310</idClass>
      <acronym>OODBS</acronym>
      <title>Workshop on Object-Oriented Database Systems</title>
      <pub-type>W</pub-type>
   </pub-venue>
   <pub-venue>
      <id>498</id>
      <idClass>203310</idClass>
      <acronym>IWDOM</acronym>
      <title>International Workshop on Distributed Object Management</title>
      <pub-type>W</pub-type>
   </pub-venue>
   
   o pv
   <pub-venue>
      <id>2747</id>
      <idClass>202760</idClass>
      <acronym>WWV</acronym>
      <title>Automated Specification and Verification of Web Sites</title>
      <pub-type>C</pub-type>
   </pub-venue>
	idclass modificado para 203641.


<pub-venue>
      <id>1309</id>
      <idClass>20306</idClass>
      <acronym>SE</acronym>
      <title>Software Engineering</title>
      <pub-type>C</pub-type>
   </pub-venue>
   idclass modificado para -8.


 <pub-venue>
      <id>4358</id>
      <idClass>10229</idClass>
      <title>Iee Proceedings</title>
      <title>Information Security</title>
      <pub-type>J</pub-type>
   </pub-venue>
   modificado para 
    <pub-venue>
      <id>4358</id>
      <idClass>10229</idClass>
      <title>Information Security</title>
      <pub-type>J</pub-type>
   </pub-venue>
   
      <pub-venue>
      <id>161</id>
      <idClass>20315</idClass>
      <acronym>SCA</acronym>
      <title>Symposium on Computer Animation</title>
      <pub-type>C</pub-type>
   </pub-venue>
   modificado para
      <pub-venue>
      <id>161</id>
      <idClass>20224</idClass>
      <acronym>SCA</acronym>
      <title>Symposium on Computer Animation</title>
      <pub-type>C</pub-type>
   </pub-venue>


<pub-venue>
      <id>3434</id>
      <idClass>2089</idClass>
      <acronym>CAW</acronym>
      <title>Computer Architecture Workshop</title>
      <pub-type>W</pub-type>
   </pub-venue>
   idclass modificado para 201175.
   
   <pub-venue>
      <id>3772</id>
      <idClass>10471</idClass>
      <acronym>AES</acronym>
      <title>Advances in Engineering Software</title>
      <pub-type>J</pub-type>
   </pub-venue>
   idclass modificado para 10279

   <pub-venue>
      <id>228</id>
      <idClass>20549</idClass>
      <acronym>Middleware(ODP)</acronym>
      <title>International Conference on Distributed Systems Platforms and Open Distributed Processing/Open Distributed Processing</title>
      <pub-type>C</pub-type>
   </pub-venue>
   modificado para 
      <pub-venue>
      <id>228</id>
      <idClass>20549</idClass>
      <acronym>Middleware</acronym>
      <acronym>ODP</acronym>
      <title>International Conference on Distributed Systems Platforms and Open Distributed Processing</title>
      <title>Open Distributed Processing</title>
      <pub-type>C</pub-type>
   </pub-venue>
   

<pub-venue>
      <id>3088</id>
      <idClass>203596</idClass>
      <acronym>EBUSINESS</acronym>
      <title>E-Business</title>
      <pub-type>C</pub-type>
   </pub-venue>
   idclass modificado para -8
   
      <pub-venue>
      <id>664</id>
      <idClass>20146</idClass>
      <acronym>INDOCRYPT</acronym>
      <title>International Conference on Cryptology</title>
      <pub-type>C</pub-type>
   </pub-venue>
   idclass modificado para 20156
   
   
   
   
    <pub-venue>
      <id>120</id>
      <idClass>203324</idClass>
      <acronym>UbiComp(HUC)</acronym>
      <title>Ubiquitous Computing/Handheld and Ubiquitous Computing</title>
      <pub-type>C</pub-type>
   </pub-venue>
   modificado para 
      <pub-venue>
      <id>120</id>
      <idClass>20129</idClass>
      <acronym>UbiComp</acronym>
      <acronym>HUC</acronym>
      <title>Ubiquitous Computing</title>
      <title>Handheld and Ubiquitous Computing</title>
      <pub-type>C</pub-type>
   </pub-venue>
   

<pub-venue>
      <id>3856</id>
      <idClass>10109</idClass>
      <acronym>SOCO</acronym>
      <title>Soft Computing</title>
      <pub-type>J</pub-type>
   </pub-venue>
   modificado para 
   <pub-venue>
      <id>3856</id>
      <idClass>10109</idClass>
      <acronym>SC</acronym>
      <title>Soft Computing</title>
      <pub-type>J</pub-type>
   </pub-venue>
   
   
   <pub-venue>
      <id>1571</id>
      <idClass>201208</idClass>
      <acronym>ACM/CSC-ER</acronym>
      <title>ACM Annual Conference/Annual Meeting</title>
      <pub-type>C</pub-type>
   </pub-venue>
   idclass modificado para -8
   
   <pub-venue>
      <id>2455</id>
      <idClass>202468</idClass>
      <acronym>IOT</acronym>
      <title>The Internet of Things</title>
      <pub-type>C</pub-type>
   </pub-venue>
   idclass modificado para -8.
   
   
   
   <pub-venue>
      <id>287</id>
      <idClass>201292</idClass>
      <acronym>EURODAC</acronym>
      <title>European Design and Test Conference</title>
      <pub-type>C</pub-type>
   </pub-venue>
  sigla modificada para EDTC.
  
  
  <pub-venue>
      <id>559</id>
      <idClass>203201</idClass>
      <acronym>ICSP</acronym>
      <title>International Conference on the Software Process</title>
      <pub-type>C</pub-type>
   </pub-venue>
   e
   <pub-venue>
      <id>871</id>
      <idClass>203201</idClass>
      <acronym>ICSP</acronym>
      <title>International Software Process Workshop</title>
      <pub-type>W</pub-type>
   </pub-venue>
   tiveram o idclass modificado para 201456.
   
   
   <pub-venue>
      <id>2595</id>
      <idClass>20615</idClass>
      <acronym>ICCIT</acronym>
      <title>International Conference on Computer and Information Technology</title>
      <pub-type>C</pub-type>
   </pub-venue>
   idclass modificado para 205628
   
   

   
   <pub-venue>
      <id>3597</id>
      <idClass>101774</idClass>
      <title>IEEE SAP</title>
      <title>IEEE Transactions on Speech and Audio Processing</title>
      <pub-type>J</pub-type>
   </pub-venue>
   modificado para
      <pub-venue>
      <id>3597</id>
      <idClass>101774</idClass>
      <acronym>SAP</acronym>
      <title>IEEE Transactions on Speech and Audio Processing</title>
      <pub-type>J</pub-type>
   </pub-venue>
   
   
   
   
   <pub-venue>
      <id>189</id>
      <idClass>20999</idClass>
      <acronym>DISC(WDAG)</acronym>
      <title>Workshop on Distributed Algorithms/International Symposium on Distributed Computing</title>
      <pub-type>W</pub-type>
   </pub-venue>
   foi modificado para
   <pub-venue>
      <id>189</id>
      <idClass>2047</idClass>
      <acronym>DISC</acronym>
      <acronym>WDAG</acronym>
      <title>Workshop on Distributed Algorithms</title>
      <title>International Symposium on Distributed Computing</title>
      <pub-type>W</pub-type>
   </pub-venue>
   
   
   
   <pub-venue>
      <id>988</id>
      <idClass>20417</idClass>
      <acronym>VLSI</acronym>
      <title>IEEE Computer Society Workshop on</title>
      <pub-type>W</pub-type>
   </pub-venue>
   idclass modificado para -8.
   
   
   
      <pub-venue>
      <id>115</id>
      <idClass>20114</idClass>
      <title>Internet Measurement Workshop</title>
      <pub-type>W</pub-type>
   </pub-venue>
   idclass modificado para 201436
   
   
   
   
   
   



************************************************************************
************************************************************************
************************************************************************
************************************************************************
************************************************************************
************************************************************************
************************************************************************
************************************************************************
************************************************************************
************************************************************************
------------------------------------------------------------------------
Log Venues:
	O v.p 
	<pub-venue>
        <id>2</id>
        <idClass>202774</idClass>
        <acronym>IJCAI</acronym>
        <title>International Joint Conference on Artificial Intelligence</title>
        <title-abrev>IJCAI-97, Proceedings of the Fifteenth International Joint</title-abrev>
        <title-abrev>Proceedings of the 5th International Joint Conference on Artificial Intelligence</title-abrev>
        <title-abrev>Proceedings of the 15th International Joint Conference on Artificial Intelligence (IJCAI-97)</title-abrev>
        <title-abrev>of a panel session at the 1985 ijcai conference</title-abrev>
        <title-abrev>15th international joint conference on art ciaal intelligence (ijcai-97)</title-abrev>
        <title-abrev>International Joint Conference on Artificial Intelligence (IJCAI)</title-abrev>
        <title-abrev>Proc. Fourteenth International Joint Conference on Artificial Intelligence (IJCAI'95)</title-abrev>
        <title-abrev>Proceedings of the [First] International Joint Conference on Artificial Intelligence (IJCAI)</title-abrev>
        <title-abrev>Eighteenth International Joint Conference on AI</title-abrev>
        <title-abrev>Proceedings of the 8th International Joint Conference on Artificial Intelligence (IJCAI-83)</title-abrev>
        <title-abrev>Proceedings of the Fourteenth International Joint Conference on Artificial Intelligence (IJCAI-95)</title-abrev>
        <title-abrev>Invited Talk, IJCAI-97, Nayoga, Japan</title-abrev>
        <title-abrev>proceedings fifth international joint conference on artificial intelligenee</title-abrev>
        <title-abrev>Intl. Joint Conf. on Artificial Intelligence</title-abrev>
        <title-abrev>proceedings of ijcai-03, 18th international joint conference on artificial intelligence</title-abrev>
        <title-abrev>Proc. Thirteenth International Joint Conference on Artificial Intelligence (IJCAI'93)</title-abrev>
        <title-abrev>Proc. 13th Int. Joint Conf. Artificial Intell</title-abrev>
        <title-abrev>InProceedingsofthe Sixteenth International Joint Conference on Artificial Intelligence (IJCAI)</title-abrev>
        <title-abrev>Proceedings of the Sixteenth International Joint Conference on Artificial Intelligenct</title-abrev>
        <title-abrev>Proceedings of IJCAI</title-abrev>
        <title-abrev>Proc. of the 9th IJCAI</title-abrev>
        <title-abrev>Proc. of the International Joint Conference on Artificial Intelligence (IJCAI)</title-abrev>
        <title-abrev>Proceedings of IJCAI-89</title-abrev>
        <title-abrev>Proceedings of the Sixteenth International Joint Conference on Artificial Intelligence (IJCAI-99)</title-abrev>
        <title-abrev>Seventeenth International Joint Conference on Artificial Intelligence (IJCAI-01) workshop on Planning under Uncertainty and Incomplete Information</title-abrev>
        <title-abrev>Proceedings of the 19th International Joint Conference on Artificial Intelligence (IJCAI)</title-abrev>
        <title-abrev>proceedings of 7th international joint confr. on artificial intelligence (ijcai)</title-abrev>
        <title-abrev>International Joint Conference on Artificial Intelligence (IJCAI-03)</title-abrev>
        <title-abrev>Proceedings of IJCAI'95</title-abrev>
        <title-abrev>proceedings of ijcai 2005</title-abrev>
        <title-abrev>Proceedings of the Twentieth International Joint Conference on Artificial Intelligence (IJCAI-07)</title-abrev>
        <title-abrev>Proc IJCAI</title-abrev>
        <title-abrev>Proceedings of the International Joint Conference on Artificial Intelligence (IJCAI'01)</title-abrev>
        <title-abrev>IJCAI, Washington DC</title-abrev>
        <title-abrev>Proceedings of the 16th International Joint Conference on Artificial Intelligence (IJCAI-99)</title-abrev>
        <title-abrev>proceedings of 5th international joint conference on artificial intelligence (cambridge</title-abrev>
        <title-abrev>IJCAI03, Acapulco, Mexico, August</title-abrev>
        <title-abrev>proceedings of the thirteenth international joint conference on artificial intelligence (s. 13941399). san mateo</title-abrev>
        <title-abrev>Proceedings 19th international joint conference on artificial intelligence (IJCAI'05)</title-abrev>
        <title-abrev>Proceedings 10th International Joint Conference on Artificial Intelligence</title-abrev>
        <title-abrev>Proc. of the 2nd IJCAI</title-abrev>
        <title-abrev>Proceedings of the 17th International Joint Conference on Artificial Intelligence (IJCAI-01)</title-abrev>
        <title-abrev>proceedings of 8th ijcai</title-abrev>
        <title-abrev>proceedings of ijcai-93, the thirteenth international joint conference on artificial intelligence</title-abrev>
        <title-abrev>Proceedings of the Seventeenth International Joint Conference on Artificial Intelligence (IJCAI-2003)</title-abrev>
        <title-abrev>Proceedings of 13th International Joint Conference on Artificial Intelligence</title-abrev>
        <title-abrev>Proceedings of the Sixteenth International Joint Conference on Artificial Intelligence</title-abrev>
        <title-abrev>Proc. Fourteenth International Joint Conference on Artificial Intelligence</title-abrev>
        <title-abrev>Proc. 17th International Joint Conference on Artificial Intelligence (IJCAI-01)</title-abrev>
        <title-abrev>Proceedings of the Seventeenth International Joint Conference on Artificial Intelligence (IJCAI-01)</title-abrev>
        <title-abrev>Proc. of IJCAI'83</title-abrev>
        <title-abrev>proceedings of the 19th ijcai</title-abrev>
        <pub-type>W</pub-type>
    </pub-venue>
    teve o idclass modificado para 
    <id>2</id>
        <idClass>20179</idClass>
        <acronym>IJCAI</acronym>
        
        
        
        Título removido.
         <pub-venue>
        <id>17</id>
        <idClass>10150</idClass>
        <title>IEEE Transactions on Computers</title>
        <title-abrev>Transactions on Computers</title-abrev>
        <title-abrev>IEEE Transactions on Compurers</title-abrev>
        <title-abrev>IEEE Trans on Computer</title-abrev>
        <title-abrev>1eee transactions comput.</title-abrev>
        <title-abrev>IEEE Transaction on Computers</title-abrev>
        <title-abrev>Memory. IEEE Transactions on Computers</title-abrev>
        <title-abrev>IEEE Transactions on Computing</title-abrev>
        <title-abrev>implementation, and performance." ieee transaction on computers</title-abrev>
<!--
        <title-abrev>A. Webb, The Warp computer: Architecture. implementation and performance. IEEE Trans. Computers</title-abrev>
-->
        <title-abrev>IEEE Tran. on Computers</title-abrev>
        <title-abrev>IEEE Trans. Comput</title-abrev>
        <pub-type>J</pub-type>
    </pub-venue>
        


o pv 
<pub-venue>
        <id>41</id>
        <idClass>20198</idClass>
        <acronym>CVPR</acronym>
        <title>IEEE Computer Society International Conference on Computer Vision and Pattern Recognition</title>
        <title-abrev>Computer Vision and Pattern Recognition, 2006 IEEE Computer Society Conference on</title-abrev>
        <title-abrev>Proceedings of the 2006 IEEE Computer Society Conference on Computer Vision and Pattern Recognition-Volume 1</title-abrev>
        <title-abrev>Proceedings of the 2006 IEEE Computer Society Conference on Computer Vision and Pattern Recognition-Volume 2</title-abrev>
        <title-abrev>proceedings of the ieee conference on computer vision and pattern recognition (cvpr'98)</title-abrev>
        <title-abrev>Computer Vision and Pattern Recognition, 2007. CVPR'07. IEEE Conference on</title-abrev>
        <title-abrev>The IEEE Conf. on Computer Vision and Pattern Recognition (CVPR)</title-abrev>
        <title-abrev>PROC IEEE COMPUT SOC CONF COMPUT VISION PATTERN RECOGNIT</title-abrev>
        <title-abrev>Computer Vision and Pattern Recognition</title-abrev>
        <title-abrev>Proc. Computer Vision and Pattern Recognition</title-abrev>
        <title-abrev>Proceedings of the 1997 Conference on Computer Vision and Pattern Recognition (CVPR'97)</title-abrev>
        <title-abrev>Proceedings of IEEE Conference on Computer Vision and Pattern Recognition</title-abrev>
        <title-abrev>IEEE International Conference on Computer Vision and Pattern Recognition</title-abrev>
        <title-abrev>Proc. CVPR</title-abrev>
        <title-abrev>Proc. IEEE Conf. on Computer Vision and Pattern Recognition</title-abrev>
        <title-abrev>Computer Vision and Pattern Recognition (CVPR)</title-abrev>
        <title-abrev>IEEE Worskhop on Articulated and Nonrigid Motion at CVPR, June</title-abrev>
        <title-abrev>Proceedings of CVPR</title-abrev>
        <title-abrev>Energy Minimization Methods in Computer Vision and Pattern Recognition</title-abrev>
        <title-abrev>Conference on Computer Vision and Pattern Recognition (CVPR)</title-abrev>
        <title-abrev>Proceedings of the IEEE Computer Society Conference on Computer Vision and Pattern Recognition</title-abrev>
        <pub-type>C</pub-type>
    </pub-venue>
foi dividido nos pvs
 <pub-venue>
        <id>41</id>
        <idClass>202546</idClass>
        <title-abrev>IEEE Worskhop on Articulated and Nonrigid Motion at CVPR, June</title-abrev>
        <pub-type>C</pub-type>
    </pub-venue>
    <pub-venue>
        <id>41</id>
        <idClass>20198</idClass>
        <acronym>CVPR</acronym>
        <title>IEEE Computer Society International Conference on Computer Vision and Pattern Recognition</title>
        <title-abrev>Computer Vision and Pattern Recognition, 2006 IEEE Computer Society Conference on</title-abrev>
        <title-abrev>Proceedings of the 2006 IEEE Computer Society Conference on Computer Vision and Pattern Recognition-Volume 1</title-abrev>
        <title-abrev>Proceedings of the 2006 IEEE Computer Society Conference on Computer Vision and Pattern Recognition-Volume 2</title-abrev>
        <title-abrev>proceedings of the ieee conference on computer vision and pattern recognition (cvpr'98)</title-abrev>
        <title-abrev>Computer Vision and Pattern Recognition, 2007. CVPR'07. IEEE Conference on</title-abrev>
        <title-abrev>The IEEE Conf. on Computer Vision and Pattern Recognition (CVPR)</title-abrev>
        <title-abrev>PROC IEEE COMPUT SOC CONF COMPUT VISION PATTERN RECOGNIT</title-abrev>
        <title-abrev>Computer Vision and Pattern Recognition</title-abrev>
        <title-abrev>Proc. Computer Vision and Pattern Recognition</title-abrev>
        <title-abrev>Proceedings of the 1997 Conference on Computer Vision and Pattern Recognition (CVPR'97)</title-abrev>
        <title-abrev>Proceedings of IEEE Conference on Computer Vision and Pattern Recognition</title-abrev>
        <title-abrev>IEEE International Conference on Computer Vision and Pattern Recognition</title-abrev>
        <title-abrev>Proc. CVPR</title-abrev>
        <title-abrev>Proc. IEEE Conf. on Computer Vision and Pattern Recognition</title-abrev>
        <title-abrev>Computer Vision and Pattern Recognition (CVPR)</title-abrev>
        <title-abrev>Proceedings of CVPR</title-abrev>
        <title-abrev>Energy Minimization Methods in Computer Vision and Pattern Recognition</title-abrev>
        <title-abrev>Conference on Computer Vision and Pattern Recognition (CVPR)</title-abrev>
        <title-abrev>Proceedings of the IEEE Computer Society Conference on Computer Vision and Pattern Recognition</title-abrev>
        <pub-type>C</pub-type>
    </pub-venue>
    
    
    
    <pub-venue>
        <id>2</id>
        <idClass>20179</idClass>
        <acronym>IJCAI</acronym>
        <title>International Joint Conference on Artificial Intelligence</title>
        <title-abrev>IJCAI-97, Proceedings of the Fifteenth International Joint</title-abrev>
        <title-abrev>Proceedings of the 5th International Joint Conference on Artificial Intelligence</title-abrev>
        <title-abrev>Proceedings of the 15th International Joint Conference on Artificial Intelligence (IJCAI-97)</title-abrev>
        <title-abrev>of a panel session at the 1985 ijcai conference</title-abrev>
        <title-abrev>15th international joint conference on art ciaal intelligence (ijcai-97)</title-abrev>
        <title-abrev>International Joint Conference on Artificial Intelligence (IJCAI)</title-abrev>
        <title-abrev>Proc. Fourteenth International Joint Conference on Artificial Intelligence (IJCAI'95)</title-abrev>
        <title-abrev>Proceedings of the [First] International Joint Conference on Artificial Intelligence (IJCAI)</title-abrev>
        <title-abrev>Eighteenth International Joint Conference on AI</title-abrev>
        <title-abrev>Proceedings of the 8th International Joint Conference on Artificial Intelligence (IJCAI-83)</title-abrev>
        <title-abrev>Proceedings of the Fourteenth International Joint Conference on Artificial Intelligence (IJCAI-95)</title-abrev>
        <title-abrev>Invited Talk, IJCAI-97, Nayoga, Japan</title-abrev>
        <title-abrev>proceedings fifth international joint conference on artificial intelligenee</title-abrev>
        <title-abrev>Intl. Joint Conf. on Artificial Intelligence</title-abrev>
        <title-abrev>proceedings of ijcai-03, 18th international joint conference on artificial intelligence</title-abrev>
        <title-abrev>Proc. Thirteenth International Joint Conference on Artificial Intelligence (IJCAI'93)</title-abrev>
        <title-abrev>Proc. 13th Int. Joint Conf. Artificial Intell</title-abrev>
        <title-abrev>InProceedingsofthe Sixteenth International Joint Conference on Artificial Intelligence (IJCAI)</title-abrev>
        <title-abrev>Proceedings of the Sixteenth International Joint Conference on Artificial Intelligenct</title-abrev>
        <title-abrev>Proceedings of IJCAI</title-abrev>
        <title-abrev>Proc. of the 9th IJCAI</title-abrev>
        <title-abrev>Proc. of the International Joint Conference on Artificial Intelligence (IJCAI)</title-abrev>
        <title-abrev>Proceedings of IJCAI-89</title-abrev>
        <title-abrev>Proceedings of the Sixteenth International Joint Conference on Artificial Intelligence (IJCAI-99)</title-abrev>
        <title-abrev>Seventeenth International Joint Conference on Artificial Intelligence (IJCAI-01) workshop on Planning under Uncertainty and Incomplete Information</title-abrev>
        <title-abrev>Proceedings of the 19th International Joint Conference on Artificial Intelligence (IJCAI)</title-abrev>
        <title-abrev>proceedings of 7th international joint confr. on artificial intelligence (ijcai)</title-abrev>
        <title-abrev>International Joint Conference on Artificial Intelligence (IJCAI-03)</title-abrev>
        <title-abrev>Proceedings of IJCAI'95</title-abrev>
        <title-abrev>proceedings of ijcai 2005</title-abrev>
        <title-abrev>Proceedings of the Twentieth International Joint Conference on Artificial Intelligence (IJCAI-07)</title-abrev>
        <title-abrev>Proc IJCAI</title-abrev>
        <title-abrev>Proceedings of the International Joint Conference on Artificial Intelligence (IJCAI'01)</title-abrev>
        <title-abrev>IJCAI, Washington DC</title-abrev>
        <title-abrev>Proceedings of the 16th International Joint Conference on Artificial Intelligence (IJCAI-99)</title-abrev>
        <title-abrev>proceedings of 5th international joint conference on artificial intelligence (cambridge</title-abrev>
        <title-abrev>IJCAI03, Acapulco, Mexico, August</title-abrev>
        <title-abrev>proceedings of the thirteenth international joint conference on artificial intelligence (s. 13941399). san mateo</title-abrev>
        <title-abrev>Proceedings 19th international joint conference on artificial intelligence (IJCAI'05)</title-abrev>
        <title-abrev>Proceedings 10th International Joint Conference on Artificial Intelligence</title-abrev>
        <title-abrev>Proc. of the 2nd IJCAI</title-abrev>
        <title-abrev>Proceedings of the 17th International Joint Conference on Artificial Intelligence (IJCAI-01)</title-abrev>
        <title-abrev>proceedings of 8th ijcai</title-abrev>
        <title-abrev>proceedings of ijcai-93, the thirteenth international joint conference on artificial intelligence</title-abrev>
        <title-abrev>Proceedings of the Seventeenth International Joint Conference on Artificial Intelligence (IJCAI-2003)</title-abrev>
        <title-abrev>Proceedings of 13th International Joint Conference on Artificial Intelligence</title-abrev>
        <title-abrev>Proceedings of the Sixteenth International Joint Conference on Artificial Intelligence</title-abrev>
        <title-abrev>Proc. Fourteenth International Joint Conference on Artificial Intelligence</title-abrev>
        <title-abrev>Proc. 17th International Joint Conference on Artificial Intelligence (IJCAI-01)</title-abrev>
        <title-abrev>Proceedings of the Seventeenth International Joint Conference on Artificial Intelligence (IJCAI-01)</title-abrev>
        <title-abrev>Proc. of IJCAI'83</title-abrev>
        <title-abrev>proceedings of the 19th ijcai</title-abrev>
        <pub-type>W</pub-type>
    </pub-venue>
    modificado para
    <pub-venue>
        <id>2</id>
        <idClass>20179</idClass>
        <acronym>IJCAI</acronym>
        <title>International Joint Conference on Artificial Intelligence</title>
        <title-abrev>IJCAI-97, Proceedings of the Fifteenth International Joint</title-abrev>
        <title-abrev>Proceedings of the 5th International Joint Conference on Artificial Intelligence</title-abrev>
        <title-abrev>Proceedings of the 15th International Joint Conference on Artificial Intelligence (IJCAI-97)</title-abrev>
        <title-abrev>of a panel session at the 1985 ijcai conference</title-abrev>
        <title-abrev>15th international joint conference on art ciaal intelligence (ijcai-97)</title-abrev>
        <title-abrev>International Joint Conference on Artificial Intelligence (IJCAI)</title-abrev>
        <title-abrev>Proc. Fourteenth International Joint Conference on Artificial Intelligence (IJCAI'95)</title-abrev>
        <title-abrev>Proceedings of the [First] International Joint Conference on Artificial Intelligence (IJCAI)</title-abrev>
        <title-abrev>Eighteenth International Joint Conference on AI</title-abrev>
        <title-abrev>Proceedings of the 8th International Joint Conference on Artificial Intelligence (IJCAI-83)</title-abrev>
        <title-abrev>Proceedings of the Fourteenth International Joint Conference on Artificial Intelligence (IJCAI-95)</title-abrev>
        <title-abrev>Invited Talk, IJCAI-97, Nayoga, Japan</title-abrev>
        <title-abrev>proceedings fifth international joint conference on artificial intelligenee</title-abrev>
        <title-abrev>Intl. Joint Conf. on Artificial Intelligence</title-abrev>
        <title-abrev>proceedings of ijcai-03, 18th international joint conference on artificial intelligence</title-abrev>
        <title-abrev>Proc. Thirteenth International Joint Conference on Artificial Intelligence (IJCAI'93)</title-abrev>
        <title-abrev>Proc. 13th Int. Joint Conf. Artificial Intell</title-abrev>
        <title-abrev>InProceedingsofthe Sixteenth International Joint Conference on Artificial Intelligence (IJCAI)</title-abrev>
        <title-abrev>Proceedings of the Sixteenth International Joint Conference on Artificial Intelligenct</title-abrev>
        <title-abrev>Proceedings of IJCAI</title-abrev>
        <title-abrev>Proc. of the 9th IJCAI</title-abrev>
        <title-abrev>Proc. of the International Joint Conference on Artificial Intelligence (IJCAI)</title-abrev>
        <title-abrev>Proceedings of IJCAI-89</title-abrev>
        <title-abrev>Proceedings of the Sixteenth International Joint Conference on Artificial Intelligence (IJCAI-99)</title-abrev>
<!--
        <title-abrev>Seventeenth International Joint Conference on Artificial Intelligence (IJCAI-01) workshop on Planning under Uncertainty and Incomplete Information</title-abrev>
-->
        <title-abrev>Proceedings of the 19th International Joint Conference on Artificial Intelligence (IJCAI)</title-abrev>
        <title-abrev>proceedings of 7th international joint confr. on artificial intelligence (ijcai)</title-abrev>
        <title-abrev>International Joint Conference on Artificial Intelligence (IJCAI-03)</title-abrev>
        <title-abrev>Proceedings of IJCAI'95</title-abrev>
        <title-abrev>proceedings of ijcai 2005</title-abrev>
        <title-abrev>Proceedings of the Twentieth International Joint Conference on Artificial Intelligence (IJCAI-07)</title-abrev>
        <title-abrev>Proc IJCAI</title-abrev>
        <title-abrev>Proceedings of the International Joint Conference on Artificial Intelligence (IJCAI'01)</title-abrev>
        <title-abrev>IJCAI, Washington DC</title-abrev>
        <title-abrev>Proceedings of the 16th International Joint Conference on Artificial Intelligence (IJCAI-99)</title-abrev>
        <title-abrev>proceedings of 5th international joint conference on artificial intelligence (cambridge</title-abrev>
        <title-abrev>IJCAI03, Acapulco, Mexico, August</title-abrev>
        <title-abrev>proceedings of the thirteenth international joint conference on artificial intelligence (s. 13941399). san mateo</title-abrev>
        <title-abrev>Proceedings 19th international joint conference on artificial intelligence (IJCAI'05)</title-abrev>
        <title-abrev>Proceedings 10th International Joint Conference on Artificial Intelligence</title-abrev>
        <title-abrev>Proc. of the 2nd IJCAI</title-abrev>
        <title-abrev>Proceedings of the 17th International Joint Conference on Artificial Intelligence (IJCAI-01)</title-abrev>
        <title-abrev>proceedings of 8th ijcai</title-abrev>
        <title-abrev>proceedings of ijcai-93, the thirteenth international joint conference on artificial intelligence</title-abrev>
        <title-abrev>Proceedings of the Seventeenth International Joint Conference on Artificial Intelligence (IJCAI-2003)</title-abrev>
        <title-abrev>Proceedings of 13th International Joint Conference on Artificial Intelligence</title-abrev>
        <title-abrev>Proceedings of the Sixteenth International Joint Conference on Artificial Intelligence</title-abrev>
        <title-abrev>Proc. Fourteenth International Joint Conference on Artificial Intelligence</title-abrev>
        <title-abrev>Proc. 17th International Joint Conference on Artificial Intelligence (IJCAI-01)</title-abrev>
        <title-abrev>Proceedings of the Seventeenth International Joint Conference on Artificial Intelligence (IJCAI-01)</title-abrev>
        <title-abrev>Proc. of IJCAI'83</title-abrev>
        <title-abrev>proceedings of the 19th ijcai</title-abrev>
        <pub-type>W</pub-type>
    </pub-venue>




************************************************************************
************************************************************************
************************************************************************
************************************************************************
************************************************************************
************************************************************************
************************************************************************
************************************************************************
************************************************************************
************************************************************************
----------------------------------------------------------------------------------------------------------------------------
Log collection:


   <pub-venue>
      <id>1268</id>
      <idClass>101270</idClass>
      <issn>0278-3649</issn>
      <title>The International Journal of Robotics Research</title>
      <pub-type>J</pub-type>
      <qualis-estrato>A1</qualis-estrato>
   </pub-venue>
   e
   <pub-venue>
      <id>1586</id>
      <idClass>101590</idClass>
      <acronym>IJRR</acronym>
      <title>International Journal of Robotic Research</title>
      <pub-type>J</pub-type>
      <site>http://www.ijrr.org/</site>
   </pub-venue>
   foram juntados e geraram:
   <pub-venue>
      <id>1268</id>
      <idClass>101270</idClass>
      <issn>0278-3649</issn>
      <title>The International Journal of Robotics Research</title>
      <qualis-estrato>A1</qualis-estrato>
      <acronym>IJRR</acronym>
      <title>International Journal of Robotic Research</title>
      <pub-type>J</pub-type>
      <site>http://www.ijrr.org/</site>
   </pub-venue>
   
   
   <pub-venue>
      <id>276</id>
      <idClass>10277</idClass>
      <entity>SPRINGER</entity>
      <issn>1386-145X</issn>
      <title>WORLD WIDE WEB-INTERNET AND WEB INFORMATION SYSTEMS</title>
      <title>World Wide Web</title>
      <publisher>SPRINGER</publisher>
      <pub-type>J</pub-type>
      <language>ENGLISH</language>
      <subject>COMPUTER SCIENCE, SOFTWARE ENGINEERING</subject>
      <subject>COMPUTER SCIENCE, INFORMATION SYSTEMS</subject>
      <impact-factor-2010>1.000</impact-factor-2010>
      <impact-factor-5-years>1.367</impact-factor-5-years>
      <qualis-estrato>B1</qualis-estrato>
   </pub-venue>
   foi modificado para:
   <pub-venue>
      <id>276</id>
      <idClass>10277</idClass>
      <entity>SPRINGER</entity>
      <issn>1386-145X</issn>
      <title>WORLD WIDE WEB-INTERNET AND WEB INFORMATION SYSTEMS</title>
      <title>World Wide Web</title>
      <title>World Wide Web Journal</title>
      <publisher>SPRINGER</publisher>
      <pub-type>J</pub-type>
      <language>ENGLISH</language>
      <subject>COMPUTER SCIENCE, SOFTWARE ENGINEERING</subject>
      <subject>COMPUTER SCIENCE, INFORMATION SYSTEMS</subject>
      <impact-factor-2010>1.000</impact-factor-2010>
      <impact-factor-5-years>1.367</impact-factor-5-years>
      <qualis-estrato>B1</qualis-estrato>
   </pub-venue>
   
   o v.p.
   <pub-venue>
      <id>1443</id>
      <idClass>101446</idClass>
      <title>World Wide Web Journal</title>
      <pub-type>J</pub-type>
   </pub-venue> 
   foi removido.
   

   <pub-venue>
      <id>2910</id>
      <idClass>20949</idClass>
      <acronym>ADBIS</acronym>
      <title>Symposium on Advances in Database and Information Systems</title>
      <pub-type>C</pub-type>
      <qualis-estrato>B2</qualis-estrato>
   </pub-venue>
   <pub-venue>
      <id>4723</id>
      <idClass>202801</idClass>
      <title>Conference on Advances in Databases and Information Systems</title>
      <pub-type>C</pub-type>
   </pub-venue>
   foram modificados para 
   <pub-venue>
      <id>2910</id>
      <idClass>20949</idClass>
      <acronym>ADBIS</acronym>
      <title>Symposium on Advances in Database and Information Systems</title>
      <title>Conference on Advances in Databases and Information Systems</title>
      <pub-type>C</pub-type>
   </pub-venue>

o pv 
<pub-venue>
      <id>2525</id>
      <idClass>20565</idClass>
      <acronym>ISW</acronym>
      <title>Information Security Workshop</title>
      <pub-type>W</pub-type>
      <qualis-estrato>B2</qualis-estrato>
   </pub-venue>
   foi removido.


Os dois pvs 
<pub-venue>
      <id>4031</id>
      <idClass>202084</idClass>
      <entity>IEEE</entity>
      <entity>ACM</entity>
      <acronym>BMAS</acronym>
      <title>IEEE/ACM International Workshop on Behavioral Modeling and Simulation</title>
      <pub-type>W</pub-type>
   </pub-venue>
   <pub-venue>
      <id>4801</id>
      <idClass>202880</idClass>
      <title>International Behavioral Modeling and Simulation Conference</title>
      <pub-type>C</pub-type>
   </pub-venue>
   foram juntados e geraram
   <pub-venue>
      <id>4031</id>
      <idClass>202084</idClass>
      <entity>IEEE</entity>
      <entity>ACM</entity>
      <acronym>BMAS</acronym>
      <title-formerly>IEEE/ACM International Workshop on Behavioral Modeling and Simulation</title-formerly>
      <title>International Behavioral Modeling and Simulation Conference</title>
      <pub-type>C</pub-type>
   </pub-venue>


<pub-venue>
      <id>4912</id>
      <idClass>202997</idClass>
      <title>International Workshop on the Design of Reliable Communication Networks</title>
      <pub-type>W</pub-type>
   </pub-venue>
   removido.

os pvs
   <pub-venue>
      <id>4155</id>
      <idClass>202213</idClass>
      <entity>NASA</entity>
      <acronym>EH</acronym>
      <title>NASA/DoD Conference on Evolvable Hardware</title>
      <pub-type>C</pub-type>
   </pub-venue>
   <pub-venue>
      <id>4933</id>
      <idClass>203022</idClass>
      <title>Conference on Evolvable Hardware</title>
      <pub-type>C</pub-type>
   </pub-venue>
   foram juntados e geraram
      <pub-venue>
      <id>4155</id>
      <entity>NASA</entity>
      <acronym>EH</acronym>
      <title>NASA/DoD Conference on Evolvable Hardware</title>
      <idClass>203022</idClass>
      <title>Conference on Evolvable Hardware</title>
      <pub-type>C</pub-type>
   </pub-venue> 
  

<pub-venue>
      <id>4176</id>
      <idClass>202234</idClass>
      <acronym>EURODAC</acronym>
      <title>European Design Automation Conference with EURO-VHDL</title>
      <pub-type>C</pub-type>
   </pub-venue>
   modificado para 
   <pub-venue>
      <id>4176</id>
      <idClass>202234</idClass>
      <acronym>EURODAC</acronym>
      <title>European Design Automation Conference</title>
      <pub-type>C</pub-type>
   </pub-venue>


<pub-venue>
      <id>5101</id>
      <idClass>203201</idClass>
      <acronym>ICSP</acronym>
      <title>International Conference on the Software Process</title>
      <pub-type>C</pub-type>
   </pub-venue>
   foi removido
   e o pv 
      <pub-venue>
      <id>3415</id>
      <idClass>201456</idClass>
      <entity>ACM</entity>
      <acronym>ICSSP</acronym>
      <title>International Conference on Software and Systems Process</title>
      <title>International Conference on Software and System Process</title>
      <title-formerly>international software process workshop on Experience with software process models</title-formerly>
      <title-formerly>international software process workshop on Representing and enacting the software process</title-formerly>
      <title-formerly>International Software Process Workshop</title-formerly>
      <title-formerly>International Conference on Software Process</title-formerly>
      <acronym-formerly>ICSP</acronym-formerly>
      <acronym-formerly>ISPW</acronym-formerly>
      <pub-type>W</pub-type>
   </pub-venue> 
   foi modificado para
      <pub-venue>
      <id>3415</id>
      <idClass>201456</idClass>
      <entity>ACM</entity>
      <acronym>ICSSP</acronym>
      <title>International Conference on Software and Systems Process</title>
      <title>International Conference on Software and System Process</title>
      <title-formerly>international software process workshop on Experience with software process models</title-formerly>
      <title-formerly>international software process workshop on Representing and enacting the software process</title-formerly>
      <title-formerly>International Software Process Workshop</title-formerly>
      <title-formerly>International Conference on Software Process</title-formerly>
      <title-formerly>International Conference on the Software Process</title-formerly>
      <acronym-formerly>ICSP</acronym-formerly>
      <acronym-formerly>ISPW</acronym-formerly>
      <pub-type>W</pub-type>
   </pub-venue>
   
   
   
   Novo pv adicionado a base
      <pub-venue>
      <id>5558</id>
      <idClass>205628</idClass>
      <acronym>ICCIT</acronym>
      <title>International Conference on Computer and Information Technology</title>
      <pub-type>C</pub-type>
   </pub-venue>
   
   
   
   <pub-venue>
      <id>5269</id>
      <idClass>203372</idClass>
      <title>International Conference on Mathematics and Engineering Techniques in Medicine and Biological Scienes</title>
      <pub-type>C</pub-type>
   </pub-venue>
   e
      <pub-venue>
      <id>2668</id>
      <idClass>20705</idClass>
      <acronym>METMBS</acronym>
      <title>International Conference on Mathematics and Engineering Techniques in Medicine and Biological Sciences</title>
      <pub-type>C</pub-type>
      <qualis-estrato>B3</qualis-estrato>
   </pub-venue>
   foram juntados e geraram
      <pub-venue>
      <id>2668</id>
      <idClass>20705</idClass>
      <acronym>METMBS</acronym>
      <title>International Conference on Mathematics and Engineering Techniques in Medicine and Biological Sciences</title>
      <qualis-estrato>B3</qualis-estrato>
      <title>International Conference on Mathematics and Engineering Techniques in Medicine and Biological Scienes</title>
      <pub-type>C</pub-type>
   </pub-venue>





<pub-venue>
   <id>4859</id>
   <idClass>202940</idClass>
   <title>International Conference on Collaborative Computing</title>
   <pub-type>C</pub-type>
</pub-venue>
<pub-venue>
   <id>4083</id>
   <idClass>202138</idClass>
   <acronym>COLCOM</acronym>
   <title>International Conference on Collaborative Computing: Networking, Applications and Worksharing</title>
   <pub-type>C</pub-type>
</pub-venue> 
foram juntados e geraram
   <pub-venue>
      <id>4083</id>
      <idClass>202138</idClass>
      <acronym>COLCOM</acronym>
      <title>International Conference on Collaborative Computing: Networking, Applications and Worksharing</title>
      <title>International Conference on Collaborative Computing</title>
      <pub-type>C</pub-type>
   </pub-venue>
   
   

<pub-venue>
   <id>2959</id>
   <idClass>20999</idClass>
   <acronym>WDAG</acronym>
   <title>Workshop on Distributed Algorithms</title>
   <pub-type>W</pub-type>
   <qualis-estrato>B5</qualis-estrato>
</pub-venue>
<pub-venue>
   <id>2001</id>
   <idClass>2047</idClass>
   <acronym>DISC</acronym>
   <title>International Symposium on Distributed Computing</title>
   <title-formerly>Workshop on Distributed Algorithms on Graphs</title-formerly>
   <title-formerly>Workshop on Distributed Algorithms</title-formerly>
   <acronym-formerly>WDAG</acronym-formerly>
   <pub-type>W</pub-type>
   <qualis-estrato>A2</qualis-estrato>
</pub-venue>
foram juntados e geraram
   <pub-venue>
      <id>2001</id>
      <idClass>2047</idClass>
      <acronym>DISC</acronym>
      <title>International Symposium on Distributed Computing</title>
      <title-formerly>Workshop on Distributed Algorithms on Graphs</title-formerly>
      <title-formerly>Workshop on Distributed Algorithms</title-formerly>
      <acronym-formerly>WDAG</acronym-formerly>
      <qualis-estrato>A2</qualis-estrato>
      <pub-type>W</pub-type>
   </pub-venue>



<pub-venue>
   <id>5280</id>
   <idClass>203383</idClass>
   <title>International Conference on MOBILe Wireless MiddleWARE</title>
   <pub-type>C</pub-type>
</pub-venue>
<pub-venue>
   <id>3520</id>
   <idClass>201563</idClass>
   <entity>ACM</entity>
   <acronym>MOBILWARE</acronym>
   <title>international conference on MOBILe Wireless MiddleWARE, Operating Systems, and Applications</title>
   <pub-type>C</pub-type>
</pub-venue>
foram juntados e geraram
   <pub-venue>
      <id>5280</id>
      <idClass>203383</idClass>
      <title>International Conference on MOBILe Wireless MiddleWARE</title>
      <entity>ACM</entity>
      <acronym>MOBILWARE</acronym>
      <title>international conference on MOBILe Wireless MiddleWARE, Operating Systems, and Applications</title>
      <pub-type>C</pub-type>
   </pub-venue>
   
   
   





